[0.010s] Invoking command in '/home/noa/Documents/SLAM/ros2_ws/src/cpp_pubsub/build/cpp_pubsub': CMAKE_PREFIX_PATH=${CMAKE_PREFIX_PATH}:/opt/ros/foxy PS1=\u@\h \[\033[32m\]\w\[\033[33m\]$(parse_git_branch)\[\033[00m\] $ /usr/bin/cmake /home/noa/Documents/SLAM/ros2_ws/src/cpp_pubsub -DCMAKE_INSTALL_PREFIX=/home/noa/Documents/SLAM/ros2_ws/src/cpp_pubsub/install/cpp_pubsub
[0.021s] -- Found ament_cmake: 0.9.9 (/opt/ros/foxy/share/ament_cmake/cmake)
[0.037s] -- Using PYTHON_EXECUTABLE: /usr/bin/python3
[0.182s] -- Found rclcpp: 2.4.1 (/opt/ros/foxy/share/rclcpp/cmake)
[0.207s] -- Using all available rosidl_typesupport_c: rosidl_typesupport_fastrtps_c;rosidl_typesupport_introspection_c
[0.209s] -- Found rosidl_adapter: 1.2.1 (/opt/ros/foxy/share/rosidl_adapter/cmake)
[0.302s] -- Using all available rosidl_typesupport_cpp: rosidl_typesupport_fastrtps_cpp;rosidl_typesupport_introspection_cpp
[0.344s] -- Found rmw_implementation_cmake: 1.0.3 (/opt/ros/foxy/share/rmw_implementation_cmake/cmake)
[0.345s] -- Using RMW implementation 'rmw_fastrtps_cpp' as default
[0.456s] -- Found ament_lint_auto: 0.9.6 (/opt/ros/foxy/share/ament_lint_auto/cmake)
[0.514s] -- Added test 'copyright' to check source files copyright and LICENSE
[0.519s] -- Added test 'cppcheck' to perform static code analysis on C / C++ code
[0.519s] -- Configured cppcheck include dirs: 
[0.519s] -- Configured cppcheck exclude dirs and/or files: 
[0.524s] -- Added test 'cpplint' to check C / C++ code against the Google style
[0.524s] -- Configured cpplint exclude dirs and/or files: 
[0.524s] -- Added test 'flake8' to check Python code syntax and style conventions
[0.526s] -- Added test 'lint_cmake' to check CMake code style
[0.527s] -- Added test 'pep257' to check Python code against some of the style conventions in PEP 257
[0.531s] -- Added test 'uncrustify' to check C / C++ code style
[0.532s] -- Configured uncrustify additional arguments: 
[0.532s] -- Added test 'xmllint' to check XML markup files
[0.534s] -- Configuring done
[0.543s] -- Generating done
[0.544s] -- Build files have been written to: /home/noa/Documents/SLAM/ros2_ws/src/cpp_pubsub/build/cpp_pubsub
[0.550s] Invoked command in '/home/noa/Documents/SLAM/ros2_ws/src/cpp_pubsub/build/cpp_pubsub' returned '0': CMAKE_PREFIX_PATH=${CMAKE_PREFIX_PATH}:/opt/ros/foxy PS1=\u@\h \[\033[32m\]\w\[\033[33m\]$(parse_git_branch)\[\033[00m\] $ /usr/bin/cmake /home/noa/Documents/SLAM/ros2_ws/src/cpp_pubsub -DCMAKE_INSTALL_PREFIX=/home/noa/Documents/SLAM/ros2_ws/src/cpp_pubsub/install/cpp_pubsub
[0.551s] Invoking command in '/home/noa/Documents/SLAM/ros2_ws/src/cpp_pubsub/build/cpp_pubsub': CMAKE_PREFIX_PATH=${CMAKE_PREFIX_PATH}:/opt/ros/foxy PS1=\u@\h \[\033[32m\]\w\[\033[33m\]$(parse_git_branch)\[\033[00m\] $ /usr/bin/cmake --build /home/noa/Documents/SLAM/ros2_ws/src/cpp_pubsub/build/cpp_pubsub -- -j8 -l8
[0.579s] [35m[1mScanning dependencies of target listener[0m
[0.579s] [35m[1mScanning dependencies of target talker[0m
[0.606s] [ 25%] [32mBuilding CXX object CMakeFiles/listener.dir/src/subscriber_member_function.cpp.o[0m
[0.606s] [ 50%] [32mBuilding CXX object CMakeFiles/talker.dir/src/publisher_member_function.cpp.o[0m
[2.827s] [ 75%] [32m[1mLinking CXX executable talker[0m
[2.957s] [ 75%] Built target talker
[4.079s] [100%] [32m[1mLinking CXX executable listener[0m
[4.260s] [100%] Built target listener
[4.267s] Invoked command in '/home/noa/Documents/SLAM/ros2_ws/src/cpp_pubsub/build/cpp_pubsub' returned '0': CMAKE_PREFIX_PATH=${CMAKE_PREFIX_PATH}:/opt/ros/foxy PS1=\u@\h \[\033[32m\]\w\[\033[33m\]$(parse_git_branch)\[\033[00m\] $ /usr/bin/cmake --build /home/noa/Documents/SLAM/ros2_ws/src/cpp_pubsub/build/cpp_pubsub -- -j8 -l8
[4.293s] Invoking command in '/home/noa/Documents/SLAM/ros2_ws/src/cpp_pubsub/build/cpp_pubsub': CMAKE_PREFIX_PATH=${CMAKE_PREFIX_PATH}:/opt/ros/foxy PS1=\u@\h \[\033[32m\]\w\[\033[33m\]$(parse_git_branch)\[\033[00m\] $ /usr/bin/cmake --install /home/noa/Documents/SLAM/ros2_ws/src/cpp_pubsub/build/cpp_pubsub
[4.301s] -- Install configuration: ""
[4.301s] -- Installing: /home/noa/Documents/SLAM/ros2_ws/src/cpp_pubsub/install/cpp_pubsub/lib/cpp_pubsub/talker
[4.302s] -- Set runtime path of "/home/noa/Documents/SLAM/ros2_ws/src/cpp_pubsub/install/cpp_pubsub/lib/cpp_pubsub/talker" to ""
[4.302s] -- Installing: /home/noa/Documents/SLAM/ros2_ws/src/cpp_pubsub/install/cpp_pubsub/lib/cpp_pubsub/listener
[4.303s] -- Set runtime path of "/home/noa/Documents/SLAM/ros2_ws/src/cpp_pubsub/install/cpp_pubsub/lib/cpp_pubsub/listener" to ""
[4.303s] -- Installing: /home/noa/Documents/SLAM/ros2_ws/src/cpp_pubsub/install/cpp_pubsub/share/ament_index/resource_index/package_run_dependencies/cpp_pubsub
[4.304s] -- Installing: /home/noa/Documents/SLAM/ros2_ws/src/cpp_pubsub/install/cpp_pubsub/share/ament_index/resource_index/parent_prefix_path/cpp_pubsub
[4.304s] -- Installing: /home/noa/Documents/SLAM/ros2_ws/src/cpp_pubsub/install/cpp_pubsub/share/cpp_pubsub/environment/ament_prefix_path.sh
[4.304s] -- Installing: /home/noa/Documents/SLAM/ros2_ws/src/cpp_pubsub/install/cpp_pubsub/share/cpp_pubsub/environment/ament_prefix_path.dsv
[4.304s] -- Installing: /home/noa/Documents/SLAM/ros2_ws/src/cpp_pubsub/install/cpp_pubsub/share/cpp_pubsub/environment/path.sh
[4.305s] -- Installing: /home/noa/Documents/SLAM/ros2_ws/src/cpp_pubsub/install/cpp_pubsub/share/cpp_pubsub/environment/path.dsv
[4.305s] -- Installing: /home/noa/Documents/SLAM/ros2_ws/src/cpp_pubsub/install/cpp_pubsub/share/cpp_pubsub/local_setup.bash
[4.305s] -- Installing: /home/noa/Documents/SLAM/ros2_ws/src/cpp_pubsub/install/cpp_pubsub/share/cpp_pubsub/local_setup.sh
[4.305s] -- Installing: /home/noa/Documents/SLAM/ros2_ws/src/cpp_pubsub/install/cpp_pubsub/share/cpp_pubsub/local_setup.zsh
[4.305s] -- Installing: /home/noa/Documents/SLAM/ros2_ws/src/cpp_pubsub/install/cpp_pubsub/share/cpp_pubsub/local_setup.dsv
[4.305s] -- Installing: /home/noa/Documents/SLAM/ros2_ws/src/cpp_pubsub/install/cpp_pubsub/share/cpp_pubsub/package.dsv
[4.306s] -- Installing: /home/noa/Documents/SLAM/ros2_ws/src/cpp_pubsub/install/cpp_pubsub/share/ament_index/resource_index/packages/cpp_pubsub
[4.306s] -- Installing: /home/noa/Documents/SLAM/ros2_ws/src/cpp_pubsub/install/cpp_pubsub/share/cpp_pubsub/cmake/cpp_pubsubConfig.cmake
[4.306s] -- Installing: /home/noa/Documents/SLAM/ros2_ws/src/cpp_pubsub/install/cpp_pubsub/share/cpp_pubsub/cmake/cpp_pubsubConfig-version.cmake
[4.306s] -- Installing: /home/noa/Documents/SLAM/ros2_ws/src/cpp_pubsub/install/cpp_pubsub/share/cpp_pubsub/package.xml
[4.308s] Invoked command in '/home/noa/Documents/SLAM/ros2_ws/src/cpp_pubsub/build/cpp_pubsub' returned '0': CMAKE_PREFIX_PATH=${CMAKE_PREFIX_PATH}:/opt/ros/foxy PS1=\u@\h \[\033[32m\]\w\[\033[33m\]$(parse_git_branch)\[\033[00m\] $ /usr/bin/cmake --install /home/noa/Documents/SLAM/ros2_ws/src/cpp_pubsub/build/cpp_pubsub
