[0.018s] Invoking command in '/home/noa/Documents/SLAM/ros2_ws/build/sllidar_ros2': CMAKE_PREFIX_PATH=${CMAKE_PREFIX_PATH}:/opt/ros/foxy PS1=\u@\h \[\033[32m\]\w\[\033[33m\]$(parse_git_branch)\[\033[00m\] $ /usr/bin/cmake /home/noa/Documents/SLAM/ros2_ws/src/sllidar_ros2 -DAMENT_CMAKE_SYMLINK_INSTALL=1 -DCMAKE_INSTALL_PREFIX=/home/noa/Documents/SLAM/ros2_ws/install/sllidar_ros2
[0.032s] -- Found ament_cmake: 0.9.9 (/opt/ros/foxy/share/ament_cmake/cmake)
[0.049s] -- Using PYTHON_EXECUTABLE: /usr/bin/python3
[0.196s] -- Override CMake install command with custom implementation using symlinks instead of copying resources
[0.204s] -- Found rclcpp: 2.4.1 (/opt/ros/foxy/share/rclcpp/cmake)
[0.230s] -- Using all available rosidl_typesupport_c: rosidl_typesupport_fastrtps_c;rosidl_typesupport_introspection_c
[0.233s] -- Found rosidl_adapter: 1.2.1 (/opt/ros/foxy/share/rosidl_adapter/cmake)
[0.339s] -- Using all available rosidl_typesupport_cpp: rosidl_typesupport_fastrtps_cpp;rosidl_typesupport_introspection_cpp
[0.405s] -- Found rmw_implementation_cmake: 1.0.3 (/opt/ros/foxy/share/rmw_implementation_cmake/cmake)
[0.407s] -- Using RMW implementation 'rmw_fastrtps_cpp' as default
[0.563s] -- Found sensor_msgs: 2.0.5 (/opt/ros/foxy/share/sensor_msgs/cmake)
[0.720s] -- Found std_srvs: 2.0.5 (/opt/ros/foxy/share/std_srvs/cmake)
[0.850s] -- Configuring done
[0.869s] -- Generating done
[0.872s] -- Build files have been written to: /home/noa/Documents/SLAM/ros2_ws/build/sllidar_ros2
[0.894s] Invoked command in '/home/noa/Documents/SLAM/ros2_ws/build/sllidar_ros2' returned '0': CMAKE_PREFIX_PATH=${CMAKE_PREFIX_PATH}:/opt/ros/foxy PS1=\u@\h \[\033[32m\]\w\[\033[33m\]$(parse_git_branch)\[\033[00m\] $ /usr/bin/cmake /home/noa/Documents/SLAM/ros2_ws/src/sllidar_ros2 -DAMENT_CMAKE_SYMLINK_INSTALL=1 -DCMAKE_INSTALL_PREFIX=/home/noa/Documents/SLAM/ros2_ws/install/sllidar_ros2
[0.897s] Invoking command in '/home/noa/Documents/SLAM/ros2_ws/build/sllidar_ros2': CMAKE_PREFIX_PATH=${CMAKE_PREFIX_PATH}:/opt/ros/foxy PS1=\u@\h \[\033[32m\]\w\[\033[33m\]$(parse_git_branch)\[\033[00m\] $ /usr/bin/cmake --build /home/noa/Documents/SLAM/ros2_ws/build/sllidar_ros2 -- -j8 -l8
[0.961s] [  7%] [32m[1mLinking CXX executable sllidar_client[0m
[0.970s] [ 14%] [32m[1mLinking CXX executable sllidar_node[0m
[1.185s] [ 92%] Built target sllidar_node
[1.232s] [100%] Built target sllidar_client
[1.246s] Invoked command in '/home/noa/Documents/SLAM/ros2_ws/build/sllidar_ros2' returned '0': CMAKE_PREFIX_PATH=${CMAKE_PREFIX_PATH}:/opt/ros/foxy PS1=\u@\h \[\033[32m\]\w\[\033[33m\]$(parse_git_branch)\[\033[00m\] $ /usr/bin/cmake --build /home/noa/Documents/SLAM/ros2_ws/build/sllidar_ros2 -- -j8 -l8
[1.277s] Invoking command in '/home/noa/Documents/SLAM/ros2_ws/build/sllidar_ros2': CMAKE_PREFIX_PATH=${CMAKE_PREFIX_PATH}:/opt/ros/foxy PS1=\u@\h \[\033[32m\]\w\[\033[33m\]$(parse_git_branch)\[\033[00m\] $ /usr/bin/cmake --install /home/noa/Documents/SLAM/ros2_ws/build/sllidar_ros2
[1.284s] -- Install configuration: ""
[1.284s] -- Execute custom install script
[1.285s] -- Symlinking: /home/noa/Documents/SLAM/ros2_ws/install/sllidar_ros2/share/sllidar_ros2/launch/sllidar_a3_launch.py
[1.292s] -- Symlinking: /home/noa/Documents/SLAM/ros2_ws/install/sllidar_ros2/share/sllidar_ros2/launch/sllidar_launch.py
[1.299s] -- Symlinking: /home/noa/Documents/SLAM/ros2_ws/install/sllidar_ros2/share/sllidar_ros2/launch/sllidar_s1_launch.py
[1.307s] -- Symlinking: /home/noa/Documents/SLAM/ros2_ws/install/sllidar_ros2/share/sllidar_ros2/launch/sllidar_s1_tcp_launch.py
[1.314s] -- Symlinking: /home/noa/Documents/SLAM/ros2_ws/install/sllidar_ros2/share/sllidar_ros2/launch/sllidar_s2_launch.py
[1.322s] -- Symlinking: /home/noa/Documents/SLAM/ros2_ws/install/sllidar_ros2/share/sllidar_ros2/launch/sllidar_s2e_launch.py
[1.329s] -- Symlinking: /home/noa/Documents/SLAM/ros2_ws/install/sllidar_ros2/share/sllidar_ros2/launch/sllidar_t1_launch.py
[1.336s] -- Symlinking: /home/noa/Documents/SLAM/ros2_ws/install/sllidar_ros2/share/sllidar_ros2/launch/view_sllidar_a3_launch.py
[1.342s] -- Symlinking: /home/noa/Documents/SLAM/ros2_ws/install/sllidar_ros2/share/sllidar_ros2/launch/view_sllidar_launch.py
[1.349s] -- Symlinking: /home/noa/Documents/SLAM/ros2_ws/install/sllidar_ros2/share/sllidar_ros2/launch/view_sllidar_s1_launch.py
[1.356s] -- Symlinking: /home/noa/Documents/SLAM/ros2_ws/install/sllidar_ros2/share/sllidar_ros2/launch/view_sllidar_s1_tcp_launch.py
[1.363s] -- Symlinking: /home/noa/Documents/SLAM/ros2_ws/install/sllidar_ros2/share/sllidar_ros2/launch/view_sllidar_s2_launch.py
[1.369s] -- Symlinking: /home/noa/Documents/SLAM/ros2_ws/install/sllidar_ros2/share/sllidar_ros2/launch/view_sllidar_s2e_launch.py
[1.376s] -- Symlinking: /home/noa/Documents/SLAM/ros2_ws/install/sllidar_ros2/share/sllidar_ros2/launch/view_sllidar_t1_launch.py
[1.383s] -- Symlinking: /home/noa/Documents/SLAM/ros2_ws/install/sllidar_ros2/share/sllidar_ros2/rviz/sllidar_ros2.rviz
[1.389s] -- Up-to-date symlink: /home/noa/Documents/SLAM/ros2_ws/install/sllidar_ros2/lib/sllidar_ros2/sllidar_node
[1.389s] -- Up-to-date symlink: /home/noa/Documents/SLAM/ros2_ws/install/sllidar_ros2/lib/sllidar_ros2/sllidar_client
[1.390s] -- Up-to-date symlink: /home/noa/Documents/SLAM/ros2_ws/install/sllidar_ros2/share/ament_index/resource_index/package_run_dependencies/sllidar_ros2
[1.390s] -- Up-to-date symlink: /home/noa/Documents/SLAM/ros2_ws/install/sllidar_ros2/share/ament_index/resource_index/parent_prefix_path/sllidar_ros2
[1.390s] -- Up-to-date symlink: /home/noa/Documents/SLAM/ros2_ws/install/sllidar_ros2/share/sllidar_ros2/environment/ament_prefix_path.sh
[1.390s] -- Up-to-date symlink: /home/noa/Documents/SLAM/ros2_ws/install/sllidar_ros2/share/sllidar_ros2/environment/ament_prefix_path.dsv
[1.391s] -- Up-to-date symlink: /home/noa/Documents/SLAM/ros2_ws/install/sllidar_ros2/share/sllidar_ros2/environment/path.sh
[1.391s] -- Up-to-date symlink: /home/noa/Documents/SLAM/ros2_ws/install/sllidar_ros2/share/sllidar_ros2/environment/path.dsv
[1.391s] -- Up-to-date symlink: /home/noa/Documents/SLAM/ros2_ws/install/sllidar_ros2/share/sllidar_ros2/local_setup.bash
[1.391s] -- Up-to-date symlink: /home/noa/Documents/SLAM/ros2_ws/install/sllidar_ros2/share/sllidar_ros2/local_setup.sh
[1.391s] -- Up-to-date symlink: /home/noa/Documents/SLAM/ros2_ws/install/sllidar_ros2/share/sllidar_ros2/local_setup.zsh
[1.392s] -- Up-to-date symlink: /home/noa/Documents/SLAM/ros2_ws/install/sllidar_ros2/share/sllidar_ros2/local_setup.dsv
[1.392s] -- Symlinking: /home/noa/Documents/SLAM/ros2_ws/install/sllidar_ros2/share/sllidar_ros2/package.dsv
[1.399s] -- Up-to-date symlink: /home/noa/Documents/SLAM/ros2_ws/install/sllidar_ros2/share/ament_index/resource_index/packages/sllidar_ros2
[1.399s] -- Up-to-date symlink: /home/noa/Documents/SLAM/ros2_ws/install/sllidar_ros2/share/sllidar_ros2/cmake/ament_cmake_export_dependencies-extras.cmake
[1.399s] -- Up-to-date symlink: /home/noa/Documents/SLAM/ros2_ws/install/sllidar_ros2/share/sllidar_ros2/cmake/ament_cmake_export_include_directories-extras.cmake
[1.399s] -- Up-to-date symlink: /home/noa/Documents/SLAM/ros2_ws/install/sllidar_ros2/share/sllidar_ros2/cmake/sllidar_ros2Config.cmake
[1.400s] -- Up-to-date symlink: /home/noa/Documents/SLAM/ros2_ws/install/sllidar_ros2/share/sllidar_ros2/cmake/sllidar_ros2Config-version.cmake
[1.400s] -- Symlinking: /home/noa/Documents/SLAM/ros2_ws/install/sllidar_ros2/share/sllidar_ros2/package.xml
[1.409s] Invoked command in '/home/noa/Documents/SLAM/ros2_ws/build/sllidar_ros2' returned '0': CMAKE_PREFIX_PATH=${CMAKE_PREFIX_PATH}:/opt/ros/foxy PS1=\u@\h \[\033[32m\]\w\[\033[33m\]$(parse_git_branch)\[\033[00m\] $ /usr/bin/cmake --install /home/noa/Documents/SLAM/ros2_ws/build/sllidar_ros2
