[0.023s] Invoking command in '/home/noa/Documents/SLAM/ros2_ws/build/cpp_pubsub': CMAKE_PREFIX_PATH=${CMAKE_PREFIX_PATH}:/opt/ros/foxy PS1=\u@\h \[\033[32m\]\w\[\033[33m\]$(parse_git_branch)\[\033[00m\] $ /usr/bin/cmake /home/noa/Documents/SLAM/ros2_ws/src/cpp_pubsub -DCMAKE_INSTALL_PREFIX=/home/noa/Documents/SLAM/ros2_ws/install/cpp_pubsub
[0.072s] -- The C compiler identification is GNU 9.4.0
[0.117s] -- The CXX compiler identification is GNU 9.4.0
[0.121s] -- Check for working C compiler: /usr/bin/cc
[0.195s] -- Check for working C compiler: /usr/bin/cc -- works
[0.195s] -- Detecting C compiler ABI info
[0.263s] -- Detecting C compiler ABI info - done
[0.273s] -- Detecting C compile features
[0.273s] -- Detecting C compile features - done
[0.275s] -- Check for working CXX compiler: /usr/bin/c++
[0.343s] -- Check for working CXX compiler: /usr/bin/c++ -- works
[0.344s] -- Detecting CXX compiler ABI info
[0.423s] -- Detecting CXX compiler ABI info - done
[0.436s] -- Detecting CXX compile features
[0.436s] -- Detecting CXX compile features - done
[0.438s] -- Found ament_cmake: 0.9.9 (/opt/ros/foxy/share/ament_cmake/cmake)
[0.465s] -- Found PythonInterp: /usr/bin/python3 (found suitable version "3.8.10", minimum required is "3") 
[0.465s] -- Using PYTHON_EXECUTABLE: /usr/bin/python3
[0.654s] -- Found rclcpp: 2.4.1 (/opt/ros/foxy/share/rclcpp/cmake)
[0.694s] -- Using all available rosidl_typesupport_c: rosidl_typesupport_fastrtps_c;rosidl_typesupport_introspection_c
[0.702s] -- Found rosidl_adapter: 1.2.1 (/opt/ros/foxy/share/rosidl_adapter/cmake)
[0.775s] -- Found OpenSSL: /usr/lib/x86_64-linux-gnu/libcrypto.so (found version "1.1.1f")  
[0.796s] -- Found FastRTPS: /opt/ros/foxy/include  
[0.867s] -- Using all available rosidl_typesupport_cpp: rosidl_typesupport_fastrtps_cpp;rosidl_typesupport_introspection_cpp
[0.913s] -- Found rmw_implementation_cmake: 1.0.3 (/opt/ros/foxy/share/rmw_implementation_cmake/cmake)
[0.914s] -- Using RMW implementation 'rmw_fastrtps_cpp' as default
[0.915s] -- Looking for pthread.h
[0.969s] -- Looking for pthread.h - found
[0.969s] -- Performing Test CMAKE_HAVE_LIBC_PTHREAD
[1.036s] -- Performing Test CMAKE_HAVE_LIBC_PTHREAD - Failed
[1.036s] -- Looking for pthread_create in pthreads
[1.092s] -- Looking for pthread_create in pthreads - not found
[1.092s] -- Looking for pthread_create in pthread
[1.162s] -- Looking for pthread_create in pthread - found
[1.163s] -- Found Threads: TRUE  
[1.300s] -- Found ament_lint_auto: 0.9.6 (/opt/ros/foxy/share/ament_lint_auto/cmake)
[1.379s] -- Added test 'copyright' to check source files copyright and LICENSE
[1.392s] -- Added test 'cppcheck' to perform static code analysis on C / C++ code
[1.392s] -- Configured cppcheck include dirs: 
[1.392s] -- Configured cppcheck exclude dirs and/or files: 
[1.405s] -- Added test 'cpplint' to check C / C++ code against the Google style
[1.405s] -- Configured cpplint exclude dirs and/or files: 
[1.407s] -- Added test 'flake8' to check Python code syntax and style conventions
[1.411s] -- Added test 'lint_cmake' to check CMake code style
[1.413s] -- Added test 'pep257' to check Python code against some of the style conventions in PEP 257
[1.426s] -- Added test 'uncrustify' to check C / C++ code style
[1.426s] -- Configured uncrustify additional arguments: 
[1.428s] -- Added test 'xmllint' to check XML markup files
[1.432s] -- Configuring done
[1.444s] -- Generating done
[1.446s] -- Build files have been written to: /home/noa/Documents/SLAM/ros2_ws/build/cpp_pubsub
[1.454s] Invoked command in '/home/noa/Documents/SLAM/ros2_ws/build/cpp_pubsub' returned '0': CMAKE_PREFIX_PATH=${CMAKE_PREFIX_PATH}:/opt/ros/foxy PS1=\u@\h \[\033[32m\]\w\[\033[33m\]$(parse_git_branch)\[\033[00m\] $ /usr/bin/cmake /home/noa/Documents/SLAM/ros2_ws/src/cpp_pubsub -DCMAKE_INSTALL_PREFIX=/home/noa/Documents/SLAM/ros2_ws/install/cpp_pubsub
[1.456s] Invoking command in '/home/noa/Documents/SLAM/ros2_ws/build/cpp_pubsub': CMAKE_PREFIX_PATH=${CMAKE_PREFIX_PATH}:/opt/ros/foxy PS1=\u@\h \[\033[32m\]\w\[\033[33m\]$(parse_git_branch)\[\033[00m\] $ /usr/bin/cmake --build /home/noa/Documents/SLAM/ros2_ws/build/cpp_pubsub -- -j8 -l8
[1.488s] [35m[1mScanning dependencies of target listener[0m
[1.490s] [35m[1mScanning dependencies of target talker[0m
[1.520s] [ 25%] [32mBuilding CXX object CMakeFiles/listener.dir/src/subscriber_member_function.cpp.o[0m
[1.536s] [ 50%] [32mBuilding CXX object CMakeFiles/talker.dir/src/publisher_member_function.cpp.o[0m
[4.468s] [ 75%] [32m[1mLinking CXX executable talker[0m
[4.618s] [ 75%] Built target talker
[5.708s] [100%] [32m[1mLinking CXX executable listener[0m
[5.889s] [100%] Built target listener
