[0.009s] Invoking command in '/home/noa/Documents/SLAM/ros2_ws/src/build/tutorial_interfaces': CMAKE_PREFIX_PATH=${CMAKE_PREFIX_PATH}:/opt/ros/foxy PS1=\u@\h \[\033[32m\]\w\[\033[33m\]$(parse_git_branch)\[\033[00m\] $ /usr/bin/cmake /home/noa/Documents/SLAM/ros2_ws/src/tutorial_interfaces -DCMAKE_INSTALL_PREFIX=/home/noa/Documents/SLAM/ros2_ws/src/install/tutorial_interfaces
[0.050s] -- The C compiler identification is GNU 9.4.0
[0.088s] -- The CXX compiler identification is GNU 9.4.0
[0.092s] -- Check for working C compiler: /usr/bin/cc
[0.142s] -- Check for working C compiler: /usr/bin/cc -- works
[0.143s] -- Detecting C compiler ABI info
[0.191s] -- Detecting C compiler ABI info - done
[0.200s] -- Detecting C compile features
[0.200s] -- Detecting C compile features - done
[0.202s] -- Check for working CXX compiler: /usr/bin/c++
[0.260s] -- Check for working CXX compiler: /usr/bin/c++ -- works
[0.261s] -- Detecting CXX compiler ABI info
[0.321s] -- Detecting CXX compiler ABI info - done
[0.331s] -- Detecting CXX compile features
[0.331s] -- Detecting CXX compile features - done
[0.333s] -- Found ament_cmake: 0.9.9 (/opt/ros/foxy/share/ament_cmake/cmake)
[0.354s] -- Found PythonInterp: /usr/bin/python3 (found suitable version "3.8.10", minimum required is "3") 
[0.354s] -- Using PYTHON_EXECUTABLE: /usr/bin/python3
[0.515s] -- Found ament_lint_auto: 0.9.6 (/opt/ros/foxy/share/ament_lint_auto/cmake)
[0.578s] -- Added test 'copyright' to check source files copyright and LICENSE
[0.579s] -- Added test 'lint_cmake' to check CMake code style
[0.580s] -- Added test 'xmllint' to check XML markup files
[0.581s] -- Configuring done
[0.583s] -- Generating done
[0.583s] -- Build files have been written to: /home/noa/Documents/SLAM/ros2_ws/src/build/tutorial_interfaces
[0.587s] Invoked command in '/home/noa/Documents/SLAM/ros2_ws/src/build/tutorial_interfaces' returned '0': CMAKE_PREFIX_PATH=${CMAKE_PREFIX_PATH}:/opt/ros/foxy PS1=\u@\h \[\033[32m\]\w\[\033[33m\]$(parse_git_branch)\[\033[00m\] $ /usr/bin/cmake /home/noa/Documents/SLAM/ros2_ws/src/tutorial_interfaces -DCMAKE_INSTALL_PREFIX=/home/noa/Documents/SLAM/ros2_ws/src/install/tutorial_interfaces
[0.588s] Invoking command in '/home/noa/Documents/SLAM/ros2_ws/src/build/tutorial_interfaces': CMAKE_PREFIX_PATH=${CMAKE_PREFIX_PATH}:/opt/ros/foxy PS1=\u@\h \[\033[32m\]\w\[\033[33m\]$(parse_git_branch)\[\033[00m\] $ /usr/bin/cmake --build /home/noa/Documents/SLAM/ros2_ws/src/build/tutorial_interfaces -- -j8 -l8
[0.616s] Invoked command in '/home/noa/Documents/SLAM/ros2_ws/src/build/tutorial_interfaces' returned '0': CMAKE_PREFIX_PATH=${CMAKE_PREFIX_PATH}:/opt/ros/foxy PS1=\u@\h \[\033[32m\]\w\[\033[33m\]$(parse_git_branch)\[\033[00m\] $ /usr/bin/cmake --build /home/noa/Documents/SLAM/ros2_ws/src/build/tutorial_interfaces -- -j8 -l8
[0.639s] Invoking command in '/home/noa/Documents/SLAM/ros2_ws/src/build/tutorial_interfaces': CMAKE_PREFIX_PATH=${CMAKE_PREFIX_PATH}:/opt/ros/foxy PS1=\u@\h \[\033[32m\]\w\[\033[33m\]$(parse_git_branch)\[\033[00m\] $ /usr/bin/cmake --install /home/noa/Documents/SLAM/ros2_ws/src/build/tutorial_interfaces
[0.648s] -- Install configuration: ""
[0.648s] -- Installing: /home/noa/Documents/SLAM/ros2_ws/src/install/tutorial_interfaces/share/ament_index/resource_index/package_run_dependencies/tutorial_interfaces
[0.649s] -- Installing: /home/noa/Documents/SLAM/ros2_ws/src/install/tutorial_interfaces/share/ament_index/resource_index/parent_prefix_path/tutorial_interfaces
[0.649s] -- Installing: /home/noa/Documents/SLAM/ros2_ws/src/install/tutorial_interfaces/share/tutorial_interfaces/environment/ament_prefix_path.sh
[0.649s] -- Installing: /home/noa/Documents/SLAM/ros2_ws/src/install/tutorial_interfaces/share/tutorial_interfaces/environment/ament_prefix_path.dsv
[0.649s] -- Installing: /home/noa/Documents/SLAM/ros2_ws/src/install/tutorial_interfaces/share/tutorial_interfaces/environment/path.sh
[0.649s] -- Installing: /home/noa/Documents/SLAM/ros2_ws/src/install/tutorial_interfaces/share/tutorial_interfaces/environment/path.dsv
[0.649s] -- Installing: /home/noa/Documents/SLAM/ros2_ws/src/install/tutorial_interfaces/share/tutorial_interfaces/local_setup.bash
[0.649s] -- Installing: /home/noa/Documents/SLAM/ros2_ws/src/install/tutorial_interfaces/share/tutorial_interfaces/local_setup.sh
[0.649s] -- Installing: /home/noa/Documents/SLAM/ros2_ws/src/install/tutorial_interfaces/share/tutorial_interfaces/local_setup.zsh
[0.650s] -- Installing: /home/noa/Documents/SLAM/ros2_ws/src/install/tutorial_interfaces/share/tutorial_interfaces/local_setup.dsv
[0.650s] -- Installing: /home/noa/Documents/SLAM/ros2_ws/src/install/tutorial_interfaces/share/tutorial_interfaces/package.dsv
[0.650s] -- Installing: /home/noa/Documents/SLAM/ros2_ws/src/install/tutorial_interfaces/share/ament_index/resource_index/packages/tutorial_interfaces
[0.650s] -- Installing: /home/noa/Documents/SLAM/ros2_ws/src/install/tutorial_interfaces/share/tutorial_interfaces/cmake/tutorial_interfacesConfig.cmake
[0.650s] -- Installing: /home/noa/Documents/SLAM/ros2_ws/src/install/tutorial_interfaces/share/tutorial_interfaces/cmake/tutorial_interfacesConfig-version.cmake
[0.650s] -- Installing: /home/noa/Documents/SLAM/ros2_ws/src/install/tutorial_interfaces/share/tutorial_interfaces/package.xml
[0.652s] Invoked command in '/home/noa/Documents/SLAM/ros2_ws/src/build/tutorial_interfaces' returned '0': CMAKE_PREFIX_PATH=${CMAKE_PREFIX_PATH}:/opt/ros/foxy PS1=\u@\h \[\033[32m\]\w\[\033[33m\]$(parse_git_branch)\[\033[00m\] $ /usr/bin/cmake --install /home/noa/Documents/SLAM/ros2_ws/src/build/tutorial_interfaces
