[0.017s] Invoking command in '/home/noa/Documents/SLAM/ros2_ws/build/sllidar_ros2': CMAKE_PREFIX_PATH=${CMAKE_PREFIX_PATH}:/opt/ros/foxy PS1=\u@\h \[\033[32m\]\w\[\033[33m\]$(parse_git_branch)\[\033[00m\] $ /usr/bin/cmake --build /home/noa/Documents/SLAM/ros2_ws/build/sllidar_ros2 -- -j8 -l8
[0.077s] [ 14%] Built target sllidar_client
[0.081s] [100%] Built target sllidar_node
[0.090s] Invoked command in '/home/noa/Documents/SLAM/ros2_ws/build/sllidar_ros2' returned '0': CMAKE_PREFIX_PATH=${CMAKE_PREFIX_PATH}:/opt/ros/foxy PS1=\u@\h \[\033[32m\]\w\[\033[33m\]$(parse_git_branch)\[\033[00m\] $ /usr/bin/cmake --build /home/noa/Documents/SLAM/ros2_ws/build/sllidar_ros2 -- -j8 -l8
[0.130s] Invoking command in '/home/noa/Documents/SLAM/ros2_ws/build/sllidar_ros2': CMAKE_PREFIX_PATH=${CMAKE_PREFIX_PATH}:/opt/ros/foxy PS1=\u@\h \[\033[32m\]\w\[\033[33m\]$(parse_git_branch)\[\033[00m\] $ /usr/bin/cmake --install /home/noa/Documents/SLAM/ros2_ws/build/sllidar_ros2
[0.136s] -- Install configuration: ""
[0.137s] -- Up-to-date: /home/noa/Documents/SLAM/ros2_ws/install/sllidar_ros2/share/sllidar_ros2/launch
[0.137s] -- Up-to-date: /home/noa/Documents/SLAM/ros2_ws/install/sllidar_ros2/share/sllidar_ros2/launch/view_sllidar_launch.py
[0.137s] -- Up-to-date: /home/noa/Documents/SLAM/ros2_ws/install/sllidar_ros2/share/sllidar_ros2/launch/sllidar_t1_launch.py
[0.137s] -- Up-to-date: /home/noa/Documents/SLAM/ros2_ws/install/sllidar_ros2/share/sllidar_ros2/launch/view_sllidar_a3_launch.py
[0.137s] -- Up-to-date: /home/noa/Documents/SLAM/ros2_ws/install/sllidar_ros2/share/sllidar_ros2/launch/view_sllidar_s1_launch.py
[0.137s] -- Up-to-date: /home/noa/Documents/SLAM/ros2_ws/install/sllidar_ros2/share/sllidar_ros2/launch/view_sllidar_s2_launch.py
[0.137s] -- Up-to-date: /home/noa/Documents/SLAM/ros2_ws/install/sllidar_ros2/share/sllidar_ros2/launch/view_sllidar_s1_tcp_launch.py
[0.137s] -- Up-to-date: /home/noa/Documents/SLAM/ros2_ws/install/sllidar_ros2/share/sllidar_ros2/launch/sllidar_a3_launch.py
[0.137s] -- Up-to-date: /home/noa/Documents/SLAM/ros2_ws/install/sllidar_ros2/share/sllidar_ros2/launch/sllidar_s2e_launch.py
[0.138s] -- Up-to-date: /home/noa/Documents/SLAM/ros2_ws/install/sllidar_ros2/share/sllidar_ros2/launch/sllidar_s2_launch.py
[0.138s] -- Up-to-date: /home/noa/Documents/SLAM/ros2_ws/install/sllidar_ros2/share/sllidar_ros2/launch/view_sllidar_s2e_launch.py
[0.138s] -- Up-to-date: /home/noa/Documents/SLAM/ros2_ws/install/sllidar_ros2/share/sllidar_ros2/launch/sllidar_launch.py
[0.138s] -- Up-to-date: /home/noa/Documents/SLAM/ros2_ws/install/sllidar_ros2/share/sllidar_ros2/launch/sllidar_s1_launch.py
[0.138s] -- Up-to-date: /home/noa/Documents/SLAM/ros2_ws/install/sllidar_ros2/share/sllidar_ros2/launch/sllidar_s1_tcp_launch.py
[0.138s] -- Up-to-date: /home/noa/Documents/SLAM/ros2_ws/install/sllidar_ros2/share/sllidar_ros2/launch/view_sllidar_t1_launch.py
[0.138s] -- Up-to-date: /home/noa/Documents/SLAM/ros2_ws/install/sllidar_ros2/share/sllidar_ros2/rviz
[0.138s] -- Up-to-date: /home/noa/Documents/SLAM/ros2_ws/install/sllidar_ros2/share/sllidar_ros2/rviz/sllidar_ros2.rviz
[0.138s] -- Installing: /home/noa/Documents/SLAM/ros2_ws/install/sllidar_ros2/share/sllidar_ros2/package.dsv
[0.138s] -- Up-to-date: /home/noa/Documents/SLAM/ros2_ws/install/sllidar_ros2/share/sllidar_ros2/package.xml
[0.140s] Invoked command in '/home/noa/Documents/SLAM/ros2_ws/build/sllidar_ros2' returned '0': CMAKE_PREFIX_PATH=${CMAKE_PREFIX_PATH}:/opt/ros/foxy PS1=\u@\h \[\033[32m\]\w\[\033[33m\]$(parse_git_branch)\[\033[00m\] $ /usr/bin/cmake --install /home/noa/Documents/SLAM/ros2_ws/build/sllidar_ros2
