[0.018s] Invoking command in '/home/noa/Documents/SLAM/ros2_ws/build/cpp_pubsub': CMAKE_PREFIX_PATH=${CMAKE_PREFIX_PATH}:/opt/ros/foxy PS1=\u@\h \[\033[32m\]\w\[\033[33m\]$(parse_git_branch)\[\033[00m\] $ /usr/bin/cmake /home/noa/Documents/SLAM/ros2_ws/src/cpp_pubsub -DAMENT_CMAKE_SYMLINK_INSTALL=1 -DCMAKE_INSTALL_PREFIX=/home/noa/Documents/SLAM/ros2_ws/install/cpp_pubsub
[0.030s] -- Found ament_cmake: 0.9.9 (/opt/ros/foxy/share/ament_cmake/cmake)
[0.050s] -- Using PYTHON_EXECUTABLE: /usr/bin/python3
[0.194s] -- Override CMake install command with custom implementation using symlinks instead of copying resources
[0.201s] -- Found rclcpp: 2.4.1 (/opt/ros/foxy/share/rclcpp/cmake)
[0.227s] -- Using all available rosidl_typesupport_c: rosidl_typesupport_fastrtps_c;rosidl_typesupport_introspection_c
[0.229s] -- Found rosidl_adapter: 1.2.1 (/opt/ros/foxy/share/rosidl_adapter/cmake)
[0.320s] -- Using all available rosidl_typesupport_cpp: rosidl_typesupport_fastrtps_cpp;rosidl_typesupport_introspection_cpp
[0.359s] -- Found rmw_implementation_cmake: 1.0.3 (/opt/ros/foxy/share/rmw_implementation_cmake/cmake)
[0.360s] -- Using RMW implementation 'rmw_fastrtps_cpp' as default
[0.506s] -- Found ament_lint_auto: 0.9.6 (/opt/ros/foxy/share/ament_lint_auto/cmake)
[0.576s] -- Added test 'copyright' to check source files copyright and LICENSE
[0.584s] -- Added test 'cppcheck' to perform static code analysis on C / C++ code
[0.584s] -- Configured cppcheck include dirs: 
[0.584s] -- Configured cppcheck exclude dirs and/or files: 
[0.592s] -- Added test 'cpplint' to check C / C++ code against the Google style
[0.592s] -- Configured cpplint exclude dirs and/or files: 
[0.593s] -- Added test 'flake8' to check Python code syntax and style conventions
[0.596s] -- Added test 'lint_cmake' to check CMake code style
[0.597s] -- Added test 'pep257' to check Python code against some of the style conventions in PEP 257
[0.605s] -- Added test 'uncrustify' to check C / C++ code style
[0.605s] -- Configured uncrustify additional arguments: 
[0.606s] -- Added test 'xmllint' to check XML markup files
[0.608s] -- Configuring done
[0.617s] -- Generating done
[0.618s] -- Build files have been written to: /home/noa/Documents/SLAM/ros2_ws/build/cpp_pubsub
[0.624s] Invoked command in '/home/noa/Documents/SLAM/ros2_ws/build/cpp_pubsub' returned '0': CMAKE_PREFIX_PATH=${CMAKE_PREFIX_PATH}:/opt/ros/foxy PS1=\u@\h \[\033[32m\]\w\[\033[33m\]$(parse_git_branch)\[\033[00m\] $ /usr/bin/cmake /home/noa/Documents/SLAM/ros2_ws/src/cpp_pubsub -DAMENT_CMAKE_SYMLINK_INSTALL=1 -DCMAKE_INSTALL_PREFIX=/home/noa/Documents/SLAM/ros2_ws/install/cpp_pubsub
[0.626s] Invoking command in '/home/noa/Documents/SLAM/ros2_ws/build/cpp_pubsub': CMAKE_PREFIX_PATH=${CMAKE_PREFIX_PATH}:/opt/ros/foxy PS1=\u@\h \[\033[32m\]\w\[\033[33m\]$(parse_git_branch)\[\033[00m\] $ /usr/bin/cmake --build /home/noa/Documents/SLAM/ros2_ws/build/cpp_pubsub -- -j8 -l8
[0.688s] [ 25%] [32m[1mLinking CXX executable talker[0m
[0.688s] [ 50%] [32m[1mLinking CXX executable listener[0m
[0.910s] [ 75%] Built target talker
[1.012s] [100%] Built target listener
[1.027s] Invoked command in '/home/noa/Documents/SLAM/ros2_ws/build/cpp_pubsub' returned '0': CMAKE_PREFIX_PATH=${CMAKE_PREFIX_PATH}:/opt/ros/foxy PS1=\u@\h \[\033[32m\]\w\[\033[33m\]$(parse_git_branch)\[\033[00m\] $ /usr/bin/cmake --build /home/noa/Documents/SLAM/ros2_ws/build/cpp_pubsub -- -j8 -l8
[1.062s] Invoking command in '/home/noa/Documents/SLAM/ros2_ws/build/cpp_pubsub': CMAKE_PREFIX_PATH=${CMAKE_PREFIX_PATH}:/opt/ros/foxy PS1=\u@\h \[\033[32m\]\w\[\033[33m\]$(parse_git_branch)\[\033[00m\] $ /usr/bin/cmake --install /home/noa/Documents/SLAM/ros2_ws/build/cpp_pubsub
[1.070s] -- Install configuration: ""
[1.070s] -- Execute custom install script
[1.071s] -- Symlinking: /home/noa/Documents/SLAM/ros2_ws/install/cpp_pubsub/lib/cpp_pubsub/talker
[1.080s] -- Symlinking: /home/noa/Documents/SLAM/ros2_ws/install/cpp_pubsub/lib/cpp_pubsub/listener
[1.089s] -- Symlinking: /home/noa/Documents/SLAM/ros2_ws/install/cpp_pubsub/share/ament_index/resource_index/package_run_dependencies/cpp_pubsub
[1.098s] -- Symlinking: /home/noa/Documents/SLAM/ros2_ws/install/cpp_pubsub/share/ament_index/resource_index/parent_prefix_path/cpp_pubsub
[1.106s] -- Symlinking: /home/noa/Documents/SLAM/ros2_ws/install/cpp_pubsub/share/cpp_pubsub/environment/ament_prefix_path.sh
[1.115s] -- Symlinking: /home/noa/Documents/SLAM/ros2_ws/install/cpp_pubsub/share/cpp_pubsub/environment/ament_prefix_path.dsv
[1.123s] -- Symlinking: /home/noa/Documents/SLAM/ros2_ws/install/cpp_pubsub/share/cpp_pubsub/environment/path.sh
[1.131s] -- Symlinking: /home/noa/Documents/SLAM/ros2_ws/install/cpp_pubsub/share/cpp_pubsub/environment/path.dsv
[1.140s] -- Symlinking: /home/noa/Documents/SLAM/ros2_ws/install/cpp_pubsub/share/cpp_pubsub/local_setup.bash
[1.149s] -- Symlinking: /home/noa/Documents/SLAM/ros2_ws/install/cpp_pubsub/share/cpp_pubsub/local_setup.sh
[1.158s] -- Symlinking: /home/noa/Documents/SLAM/ros2_ws/install/cpp_pubsub/share/cpp_pubsub/local_setup.zsh
[1.167s] -- Symlinking: /home/noa/Documents/SLAM/ros2_ws/install/cpp_pubsub/share/cpp_pubsub/local_setup.dsv
[1.174s] -- Symlinking: /home/noa/Documents/SLAM/ros2_ws/install/cpp_pubsub/share/cpp_pubsub/package.dsv
[1.182s] -- Symlinking: /home/noa/Documents/SLAM/ros2_ws/install/cpp_pubsub/share/ament_index/resource_index/packages/cpp_pubsub
[1.189s] -- Symlinking: /home/noa/Documents/SLAM/ros2_ws/install/cpp_pubsub/share/cpp_pubsub/cmake/cpp_pubsubConfig.cmake
[1.197s] -- Symlinking: /home/noa/Documents/SLAM/ros2_ws/install/cpp_pubsub/share/cpp_pubsub/cmake/cpp_pubsubConfig-version.cmake
[1.204s] -- Symlinking: /home/noa/Documents/SLAM/ros2_ws/install/cpp_pubsub/share/cpp_pubsub/package.xml
[1.212s] Invoked command in '/home/noa/Documents/SLAM/ros2_ws/build/cpp_pubsub' returned '0': CMAKE_PREFIX_PATH=${CMAKE_PREFIX_PATH}:/opt/ros/foxy PS1=\u@\h \[\033[32m\]\w\[\033[33m\]$(parse_git_branch)\[\033[00m\] $ /usr/bin/cmake --install /home/noa/Documents/SLAM/ros2_ws/build/cpp_pubsub
