[0.026s] Invoking command in '/home/noa/Documents/SLAM/ros2_ws/build/cpp_pubsub': CMAKE_PREFIX_PATH=${CMAKE_PREFIX_PATH}:/opt/ros/foxy PS1=\u@\h \[\033[32m\]\w\[\033[33m\]$(parse_git_branch)\[\033[00m\] $ /usr/bin/cmake /home/noa/Documents/SLAM/ros2_ws/src/cpp_pubsub -DCMAKE_INSTALL_PREFIX=/home/noa/Documents/SLAM/ros2_ws/install/cpp_pubsub
[0.038s] -- Found ament_cmake: 0.9.9 (/opt/ros/foxy/share/ament_cmake/cmake)
[0.056s] -- Using PYTHON_EXECUTABLE: /usr/bin/python3
[0.216s] -- Override CMake install command with custom implementation using symlinks instead of copying resources
[0.222s] -- Found rclcpp: 2.4.1 (/opt/ros/foxy/share/rclcpp/cmake)
[0.249s] -- Using all available rosidl_typesupport_c: rosidl_typesupport_fastrtps_c;rosidl_typesupport_introspection_c
[0.252s] -- Found rosidl_adapter: 1.2.1 (/opt/ros/foxy/share/rosidl_adapter/cmake)
[0.384s] -- Using all available rosidl_typesupport_cpp: rosidl_typesupport_fastrtps_cpp;rosidl_typesupport_introspection_cpp
[0.450s] -- Found rmw_implementation_cmake: 1.0.3 (/opt/ros/foxy/share/rmw_implementation_cmake/cmake)
[0.452s] -- Using RMW implementation 'rmw_fastrtps_cpp' as default
[0.640s] -- Found ament_lint_auto: 0.9.6 (/opt/ros/foxy/share/ament_lint_auto/cmake)
[0.706s] -- Added test 'copyright' to check source files copyright and LICENSE
[0.715s] -- Added test 'cppcheck' to perform static code analysis on C / C++ code
[0.715s] -- Configured cppcheck include dirs: 
[0.715s] -- Configured cppcheck exclude dirs and/or files: 
[0.723s] -- Added test 'cpplint' to check C / C++ code against the Google style
[0.723s] -- Configured cpplint exclude dirs and/or files: 
[0.724s] -- Added test 'flake8' to check Python code syntax and style conventions
[0.726s] -- Added test 'lint_cmake' to check CMake code style
[0.727s] -- Added test 'pep257' to check Python code against some of the style conventions in PEP 257
[0.735s] -- Added test 'uncrustify' to check C / C++ code style
[0.735s] -- Configured uncrustify additional arguments: 
[0.736s] -- Added test 'xmllint' to check XML markup files
[0.739s] -- Configuring done
[0.746s] -- Generating done
[0.748s] -- Build files have been written to: /home/noa/Documents/SLAM/ros2_ws/build/cpp_pubsub
