[0.095s] DEBUG:colcon:Command line arguments: ['/usr/bin/colcon', 'build', '--packages-select', 'cpp_pubsub']
[0.095s] DEBUG:colcon:Parsed command line arguments: Namespace(allow_overriding=[], ament_cmake_args=None, base_paths=['.'], build_base='build', catkin_cmake_args=None, catkin_skip_building_tests=False, cmake_args=None, cmake_clean_cache=False, cmake_clean_first=False, cmake_force_configure=False, cmake_target=None, cmake_target_skip_unavailable=False, continue_on_error=False, event_handlers=None, executor='parallel', ignore_user_meta=False, install_base='install', log_base=None, log_level=None, main=<bound method BuildVerb.main of <colcon_core.verb.build.BuildVerb object at 0x7f7c1550d8e0>>, merge_install=False, metas=['./colcon.meta'], packages_above=None, packages_above_and_dependencies=None, packages_above_depth=None, packages_end=None, packages_ignore=None, packages_ignore_regex=None, packages_select=['cpp_pubsub'], packages_select_build_failed=False, packages_select_by_dep=None, packages_select_regex=None, packages_select_test_failures=False, packages_skip=None, packages_skip_build_finished=False, packages_skip_by_dep=None, packages_skip_regex=None, packages_skip_test_passed=False, packages_skip_up_to=None, packages_start=None, packages_up_to=None, packages_up_to_regex=None, parallel_workers=8, paths=None, symlink_install=False, test_result_base=None, verb_extension=<colcon_core.verb.build.BuildVerb object at 0x7f7c1550d8e0>, verb_name='build', verb_parser=<colcon_defaults.argument_parser.defaults.DefaultArgumentsDecorator object at 0x7f7c1550de50>)
[0.112s] Level 1:colcon.colcon_core.package_discovery:discover_packages(colcon_meta) check parameters
[0.112s] Level 1:colcon.colcon_core.package_discovery:discover_packages(recursive) check parameters
[0.112s] Level 1:colcon.colcon_core.package_discovery:discover_packages(ignore) check parameters
[0.112s] Level 1:colcon.colcon_core.package_discovery:discover_packages(path) check parameters
[0.112s] Level 1:colcon.colcon_core.package_discovery:discover_packages(colcon_meta) discover
[0.112s] Level 1:colcon.colcon_core.package_discovery:discover_packages(recursive) discover
[0.112s] INFO:colcon.colcon_core.package_discovery:Crawling recursively for packages in '/home/noa/Documents/SLAM/ros2_ws/src/cpp_pubsub'
[0.113s] Level 1:colcon.colcon_core.package_identification:_identify(.) by extensions ['ignore', 'ignore_ament_install']
[0.113s] Level 1:colcon.colcon_core.package_identification:_identify(.) by extension 'ignore'
[0.113s] Level 1:colcon.colcon_core.package_identification:_identify(.) by extension 'ignore_ament_install'
[0.113s] Level 1:colcon.colcon_core.package_identification:_identify(.) by extensions ['colcon_pkg']
[0.113s] Level 1:colcon.colcon_core.package_identification:_identify(.) by extension 'colcon_pkg'
[0.113s] Level 1:colcon.colcon_core.package_identification:_identify(.) by extensions ['colcon_meta']
[0.113s] Level 1:colcon.colcon_core.package_identification:_identify(.) by extension 'colcon_meta'
[0.113s] Level 1:colcon.colcon_core.package_identification:_identify(.) by extensions ['ros']
[0.113s] Level 1:colcon.colcon_core.package_identification:_identify(.) by extension 'ros'
[0.129s] DEBUG:colcon.colcon_core.package_identification:Package '.' with type 'ros.ament_cmake' and name 'cpp_pubsub'
[0.129s] Level 1:colcon.colcon_core.package_discovery:discover_packages(recursive) using defaults
[0.129s] Level 1:colcon.colcon_core.package_discovery:discover_packages(ignore) discover
[0.129s] Level 1:colcon.colcon_core.package_discovery:discover_packages(ignore) using defaults
[0.129s] Level 1:colcon.colcon_core.package_discovery:discover_packages(path) discover
[0.129s] Level 1:colcon.colcon_core.package_discovery:discover_packages(path) using defaults
[0.149s] Level 1:colcon.colcon_core.package_discovery:discover_packages(prefix_path) check parameters
[0.150s] Level 1:colcon.colcon_core.package_discovery:discover_packages(prefix_path) discover
[0.151s] DEBUG:colcon.colcon_installed_package_information.package_discovery:Found 2 installed packages in /home/noa/Documents/SLAM/ros2_ws/install
[0.152s] DEBUG:colcon.colcon_installed_package_information.package_discovery:Found 256 installed packages in /opt/ros/foxy
[0.153s] Level 1:colcon.colcon_core.package_discovery:discover_packages(prefix_path) using defaults
[0.202s] Level 5:colcon.colcon_core.verb:set package 'cpp_pubsub' build argument 'cmake_args' from command line to 'None'
[0.202s] Level 5:colcon.colcon_core.verb:set package 'cpp_pubsub' build argument 'cmake_target' from command line to 'None'
[0.203s] Level 5:colcon.colcon_core.verb:set package 'cpp_pubsub' build argument 'cmake_target_skip_unavailable' from command line to 'False'
[0.203s] Level 5:colcon.colcon_core.verb:set package 'cpp_pubsub' build argument 'cmake_clean_cache' from command line to 'False'
[0.203s] Level 5:colcon.colcon_core.verb:set package 'cpp_pubsub' build argument 'cmake_clean_first' from command line to 'False'
[0.203s] Level 5:colcon.colcon_core.verb:set package 'cpp_pubsub' build argument 'cmake_force_configure' from command line to 'False'
[0.203s] Level 5:colcon.colcon_core.verb:set package 'cpp_pubsub' build argument 'ament_cmake_args' from command line to 'None'
[0.203s] Level 5:colcon.colcon_core.verb:set package 'cpp_pubsub' build argument 'catkin_cmake_args' from command line to 'None'
[0.203s] Level 5:colcon.colcon_core.verb:set package 'cpp_pubsub' build argument 'catkin_skip_building_tests' from command line to 'False'
[0.203s] DEBUG:colcon.colcon_core.verb:Building package 'cpp_pubsub' with the following arguments: {'ament_cmake_args': None, 'build_base': '/home/noa/Documents/SLAM/ros2_ws/src/cpp_pubsub/build/cpp_pubsub', 'catkin_cmake_args': None, 'catkin_skip_building_tests': False, 'cmake_args': None, 'cmake_clean_cache': False, 'cmake_clean_first': False, 'cmake_force_configure': False, 'cmake_target': None, 'cmake_target_skip_unavailable': False, 'install_base': '/home/noa/Documents/SLAM/ros2_ws/src/cpp_pubsub/install/cpp_pubsub', 'merge_install': False, 'path': '/home/noa/Documents/SLAM/ros2_ws/src/cpp_pubsub', 'symlink_install': False, 'test_result_base': None}
[0.203s] INFO:colcon.colcon_core.executor:Executing jobs using 'parallel' executor
[0.204s] DEBUG:colcon.colcon_parallel_executor.executor.parallel:run_until_complete
[0.204s] INFO:colcon.colcon_ros.task.ament_cmake.build:Building ROS package in '/home/noa/Documents/SLAM/ros2_ws/src/cpp_pubsub' with build type 'ament_cmake'
[0.204s] INFO:colcon.colcon_cmake.task.cmake.build:Building CMake package in '/home/noa/Documents/SLAM/ros2_ws/src/cpp_pubsub'
[0.207s] INFO:colcon.colcon_core.plugin_system:Skipping extension 'colcon_core.shell.bat': Not used on non-Windows systems
[0.207s] INFO:colcon.colcon_core.shell:Skip shell extension 'powershell' for command environment: Not usable outside of PowerShell
[0.207s] DEBUG:colcon.colcon_core.shell:Skip shell extension 'dsv' for command environment
[0.215s] DEBUG:colcon.colcon_core.event_handler.log_command:Invoking command in '/home/noa/Documents/SLAM/ros2_ws/src/cpp_pubsub/build/cpp_pubsub': CMAKE_PREFIX_PATH=${CMAKE_PREFIX_PATH}:/opt/ros/foxy PS1=\u@\h \[\033[32m\]\w\[\033[33m\]$(parse_git_branch)\[\033[00m\] $ /usr/bin/cmake /home/noa/Documents/SLAM/ros2_ws/src/cpp_pubsub -DCMAKE_INSTALL_PREFIX=/home/noa/Documents/SLAM/ros2_ws/src/cpp_pubsub/install/cpp_pubsub
[0.755s] DEBUG:colcon.colcon_core.event_handler.log_command:Invoked command in '/home/noa/Documents/SLAM/ros2_ws/src/cpp_pubsub/build/cpp_pubsub' returned '0': CMAKE_PREFIX_PATH=${CMAKE_PREFIX_PATH}:/opt/ros/foxy PS1=\u@\h \[\033[32m\]\w\[\033[33m\]$(parse_git_branch)\[\033[00m\] $ /usr/bin/cmake /home/noa/Documents/SLAM/ros2_ws/src/cpp_pubsub -DCMAKE_INSTALL_PREFIX=/home/noa/Documents/SLAM/ros2_ws/src/cpp_pubsub/install/cpp_pubsub
[0.755s] DEBUG:colcon.colcon_core.event_handler.log_command:Invoking command in '/home/noa/Documents/SLAM/ros2_ws/src/cpp_pubsub/build/cpp_pubsub': CMAKE_PREFIX_PATH=${CMAKE_PREFIX_PATH}:/opt/ros/foxy PS1=\u@\h \[\033[32m\]\w\[\033[33m\]$(parse_git_branch)\[\033[00m\] $ /usr/bin/cmake --build /home/noa/Documents/SLAM/ros2_ws/src/cpp_pubsub/build/cpp_pubsub -- -j8 -l8
[4.472s] DEBUG:colcon.colcon_core.event_handler.log_command:Invoked command in '/home/noa/Documents/SLAM/ros2_ws/src/cpp_pubsub/build/cpp_pubsub' returned '0': CMAKE_PREFIX_PATH=${CMAKE_PREFIX_PATH}:/opt/ros/foxy PS1=\u@\h \[\033[32m\]\w\[\033[33m\]$(parse_git_branch)\[\033[00m\] $ /usr/bin/cmake --build /home/noa/Documents/SLAM/ros2_ws/src/cpp_pubsub/build/cpp_pubsub -- -j8 -l8
[4.498s] DEBUG:colcon.colcon_core.event_handler.log_command:Invoking command in '/home/noa/Documents/SLAM/ros2_ws/src/cpp_pubsub/build/cpp_pubsub': CMAKE_PREFIX_PATH=${CMAKE_PREFIX_PATH}:/opt/ros/foxy PS1=\u@\h \[\033[32m\]\w\[\033[33m\]$(parse_git_branch)\[\033[00m\] $ /usr/bin/cmake --install /home/noa/Documents/SLAM/ros2_ws/src/cpp_pubsub/build/cpp_pubsub
[4.512s] Level 1:colcon.colcon_core.environment:create_environment_scripts_only(cpp_pubsub)
[4.513s] DEBUG:colcon.colcon_core.event_handler.log_command:Invoked command in '/home/noa/Documents/SLAM/ros2_ws/src/cpp_pubsub/build/cpp_pubsub' returned '0': CMAKE_PREFIX_PATH=${CMAKE_PREFIX_PATH}:/opt/ros/foxy PS1=\u@\h \[\033[32m\]\w\[\033[33m\]$(parse_git_branch)\[\033[00m\] $ /usr/bin/cmake --install /home/noa/Documents/SLAM/ros2_ws/src/cpp_pubsub/build/cpp_pubsub
[4.515s] Level 1:colcon.colcon_core.environment:checking '/home/noa/Documents/SLAM/ros2_ws/src/cpp_pubsub/install/cpp_pubsub' for CMake module files
[4.516s] Level 1:colcon.colcon_core.environment:checking '/home/noa/Documents/SLAM/ros2_ws/src/cpp_pubsub/install/cpp_pubsub' for CMake config files
[4.516s] Level 1:colcon.colcon_core.shell:create_environment_hook('cpp_pubsub', 'cmake_prefix_path')
[4.516s] INFO:colcon.colcon_core.shell:Creating environment hook '/home/noa/Documents/SLAM/ros2_ws/src/cpp_pubsub/install/cpp_pubsub/share/cpp_pubsub/hook/cmake_prefix_path.ps1'
[4.517s] INFO:colcon.colcon_core.shell:Creating environment descriptor '/home/noa/Documents/SLAM/ros2_ws/src/cpp_pubsub/install/cpp_pubsub/share/cpp_pubsub/hook/cmake_prefix_path.dsv'
[4.517s] INFO:colcon.colcon_core.shell:Creating environment hook '/home/noa/Documents/SLAM/ros2_ws/src/cpp_pubsub/install/cpp_pubsub/share/cpp_pubsub/hook/cmake_prefix_path.sh'
[4.518s] Level 1:colcon.colcon_core.environment:checking '/home/noa/Documents/SLAM/ros2_ws/src/cpp_pubsub/install/cpp_pubsub/lib'
[4.518s] Level 1:colcon.colcon_core.environment:checking '/home/noa/Documents/SLAM/ros2_ws/src/cpp_pubsub/install/cpp_pubsub/bin'
[4.518s] Level 1:colcon.colcon_core.environment:checking '/home/noa/Documents/SLAM/ros2_ws/src/cpp_pubsub/install/cpp_pubsub/lib/pkgconfig/cpp_pubsub.pc'
[4.518s] Level 1:colcon.colcon_core.environment:checking '/home/noa/Documents/SLAM/ros2_ws/src/cpp_pubsub/install/cpp_pubsub/lib/python3.8/site-packages'
[4.518s] Level 1:colcon.colcon_core.environment:checking '/home/noa/Documents/SLAM/ros2_ws/src/cpp_pubsub/install/cpp_pubsub/bin'
[4.519s] INFO:colcon.colcon_core.shell:Creating package script '/home/noa/Documents/SLAM/ros2_ws/src/cpp_pubsub/install/cpp_pubsub/share/cpp_pubsub/package.ps1'
[4.519s] INFO:colcon.colcon_core.shell:Creating package descriptor '/home/noa/Documents/SLAM/ros2_ws/src/cpp_pubsub/install/cpp_pubsub/share/cpp_pubsub/package.dsv'
[4.520s] INFO:colcon.colcon_core.shell:Creating package script '/home/noa/Documents/SLAM/ros2_ws/src/cpp_pubsub/install/cpp_pubsub/share/cpp_pubsub/package.sh'
[4.520s] INFO:colcon.colcon_core.shell:Creating package script '/home/noa/Documents/SLAM/ros2_ws/src/cpp_pubsub/install/cpp_pubsub/share/cpp_pubsub/package.bash'
[4.521s] INFO:colcon.colcon_core.shell:Creating package script '/home/noa/Documents/SLAM/ros2_ws/src/cpp_pubsub/install/cpp_pubsub/share/cpp_pubsub/package.zsh'
[4.521s] Level 1:colcon.colcon_core.environment:create_file_with_runtime_dependencies(/home/noa/Documents/SLAM/ros2_ws/src/cpp_pubsub/install/cpp_pubsub/share/colcon-core/packages/cpp_pubsub)
[4.539s] Level 1:colcon.colcon_core.environment:create_environment_scripts_only(cpp_pubsub)
[4.540s] Level 1:colcon.colcon_core.environment:checking '/home/noa/Documents/SLAM/ros2_ws/src/cpp_pubsub/install/cpp_pubsub' for CMake module files
[4.540s] Level 1:colcon.colcon_core.environment:checking '/home/noa/Documents/SLAM/ros2_ws/src/cpp_pubsub/install/cpp_pubsub' for CMake config files
[4.540s] Level 1:colcon.colcon_core.shell:create_environment_hook('cpp_pubsub', 'cmake_prefix_path')
[4.541s] INFO:colcon.colcon_core.shell:Creating environment hook '/home/noa/Documents/SLAM/ros2_ws/src/cpp_pubsub/install/cpp_pubsub/share/cpp_pubsub/hook/cmake_prefix_path.ps1'
[4.541s] INFO:colcon.colcon_core.shell:Creating environment descriptor '/home/noa/Documents/SLAM/ros2_ws/src/cpp_pubsub/install/cpp_pubsub/share/cpp_pubsub/hook/cmake_prefix_path.dsv'
[4.541s] INFO:colcon.colcon_core.shell:Creating environment hook '/home/noa/Documents/SLAM/ros2_ws/src/cpp_pubsub/install/cpp_pubsub/share/cpp_pubsub/hook/cmake_prefix_path.sh'
[4.542s] Level 1:colcon.colcon_core.environment:checking '/home/noa/Documents/SLAM/ros2_ws/src/cpp_pubsub/install/cpp_pubsub/lib'
[4.542s] Level 1:colcon.colcon_core.environment:checking '/home/noa/Documents/SLAM/ros2_ws/src/cpp_pubsub/install/cpp_pubsub/bin'
[4.542s] Level 1:colcon.colcon_core.environment:checking '/home/noa/Documents/SLAM/ros2_ws/src/cpp_pubsub/install/cpp_pubsub/lib/pkgconfig/cpp_pubsub.pc'
[4.542s] Level 1:colcon.colcon_core.environment:checking '/home/noa/Documents/SLAM/ros2_ws/src/cpp_pubsub/install/cpp_pubsub/lib/python3.8/site-packages'
[4.542s] Level 1:colcon.colcon_core.environment:checking '/home/noa/Documents/SLAM/ros2_ws/src/cpp_pubsub/install/cpp_pubsub/bin'
[4.543s] INFO:colcon.colcon_core.shell:Creating package script '/home/noa/Documents/SLAM/ros2_ws/src/cpp_pubsub/install/cpp_pubsub/share/cpp_pubsub/package.ps1'
[4.543s] INFO:colcon.colcon_core.shell:Creating package descriptor '/home/noa/Documents/SLAM/ros2_ws/src/cpp_pubsub/install/cpp_pubsub/share/cpp_pubsub/package.dsv'
[4.543s] INFO:colcon.colcon_core.shell:Creating package script '/home/noa/Documents/SLAM/ros2_ws/src/cpp_pubsub/install/cpp_pubsub/share/cpp_pubsub/package.sh'
[4.544s] INFO:colcon.colcon_core.shell:Creating package script '/home/noa/Documents/SLAM/ros2_ws/src/cpp_pubsub/install/cpp_pubsub/share/cpp_pubsub/package.bash'
[4.544s] INFO:colcon.colcon_core.shell:Creating package script '/home/noa/Documents/SLAM/ros2_ws/src/cpp_pubsub/install/cpp_pubsub/share/cpp_pubsub/package.zsh'
[4.544s] Level 1:colcon.colcon_core.environment:create_file_with_runtime_dependencies(/home/noa/Documents/SLAM/ros2_ws/src/cpp_pubsub/install/cpp_pubsub/share/colcon-core/packages/cpp_pubsub)
[4.544s] DEBUG:colcon.colcon_parallel_executor.executor.parallel:closing loop
[4.545s] DEBUG:colcon.colcon_parallel_executor.executor.parallel:loop closed
[4.545s] DEBUG:colcon.colcon_parallel_executor.executor.parallel:run_until_complete finished with '0'
[4.545s] DEBUG:colcon.colcon_core.event_reactor:joining thread
[4.550s] INFO:colcon.colcon_core.plugin_system:Skipping extension 'colcon_notification.desktop_notification.terminal_notifier': Not used on non-Darwin systems
[4.550s] INFO:colcon.colcon_core.plugin_system:Skipping extension 'colcon_notification.desktop_notification.win32': Not used on non-Windows systems
[4.550s] INFO:colcon.colcon_notification.desktop_notification:Sending desktop notification using 'notify2'
[4.560s] DEBUG:colcon.colcon_core.event_reactor:joined thread
[4.560s] INFO:colcon.colcon_core.shell:Creating prefix script '/home/noa/Documents/SLAM/ros2_ws/src/cpp_pubsub/install/local_setup.ps1'
[4.561s] INFO:colcon.colcon_core.shell:Creating prefix util module '/home/noa/Documents/SLAM/ros2_ws/src/cpp_pubsub/install/_local_setup_util_ps1.py'
[4.562s] INFO:colcon.colcon_core.shell:Creating prefix chain script '/home/noa/Documents/SLAM/ros2_ws/src/cpp_pubsub/install/setup.ps1'
[4.563s] INFO:colcon.colcon_core.shell:Creating prefix script '/home/noa/Documents/SLAM/ros2_ws/src/cpp_pubsub/install/local_setup.sh'
[4.563s] INFO:colcon.colcon_core.shell:Creating prefix util module '/home/noa/Documents/SLAM/ros2_ws/src/cpp_pubsub/install/_local_setup_util_sh.py'
[4.563s] INFO:colcon.colcon_core.shell:Creating prefix chain script '/home/noa/Documents/SLAM/ros2_ws/src/cpp_pubsub/install/setup.sh'
[4.564s] INFO:colcon.colcon_core.shell:Creating prefix script '/home/noa/Documents/SLAM/ros2_ws/src/cpp_pubsub/install/local_setup.bash'
[4.565s] INFO:colcon.colcon_core.shell:Creating prefix chain script '/home/noa/Documents/SLAM/ros2_ws/src/cpp_pubsub/install/setup.bash'
[4.565s] INFO:colcon.colcon_core.shell:Creating prefix script '/home/noa/Documents/SLAM/ros2_ws/src/cpp_pubsub/install/local_setup.zsh'
[4.566s] INFO:colcon.colcon_core.shell:Creating prefix chain script '/home/noa/Documents/SLAM/ros2_ws/src/cpp_pubsub/install/setup.zsh'
