[0.097s] DEBUG:colcon:Command line arguments: ['/usr/bin/colcon', 'build']
[0.097s] DEBUG:colcon:Parsed command line arguments: Namespace(allow_overriding=[], ament_cmake_args=None, base_paths=['.'], build_base='build', catkin_cmake_args=None, catkin_skip_building_tests=False, cmake_args=None, cmake_clean_cache=False, cmake_clean_first=False, cmake_force_configure=False, cmake_target=None, cmake_target_skip_unavailable=False, continue_on_error=False, event_handlers=None, executor='parallel', ignore_user_meta=False, install_base='install', log_base=None, log_level=None, main=<bound method BuildVerb.main of <colcon_core.verb.build.BuildVerb object at 0x7f1080d59b80>>, merge_install=False, metas=['./colcon.meta'], packages_above=None, packages_above_and_dependencies=None, packages_above_depth=None, packages_end=None, packages_ignore=None, packages_ignore_regex=None, packages_select=None, packages_select_build_failed=False, packages_select_by_dep=None, packages_select_regex=None, packages_select_test_failures=False, packages_skip=None, packages_skip_build_finished=False, packages_skip_by_dep=None, packages_skip_regex=None, packages_skip_test_passed=False, packages_skip_up_to=None, packages_start=None, packages_up_to=None, packages_up_to_regex=None, parallel_workers=8, paths=None, symlink_install=False, test_result_base=None, verb_extension=<colcon_core.verb.build.BuildVerb object at 0x7f1080d59b80>, verb_name='build', verb_parser=<colcon_defaults.argument_parser.defaults.DefaultArgumentsDecorator object at 0x7f1080ce6130>)
[0.115s] Level 1:colcon.colcon_core.package_discovery:discover_packages(colcon_meta) check parameters
[0.115s] Level 1:colcon.colcon_core.package_discovery:discover_packages(recursive) check parameters
[0.115s] Level 1:colcon.colcon_core.package_discovery:discover_packages(ignore) check parameters
[0.115s] Level 1:colcon.colcon_core.package_discovery:discover_packages(path) check parameters
[0.115s] Level 1:colcon.colcon_core.package_discovery:discover_packages(colcon_meta) discover
[0.115s] Level 1:colcon.colcon_core.package_discovery:discover_packages(recursive) discover
[0.115s] INFO:colcon.colcon_core.package_discovery:Crawling recursively for packages in '/home/noa/Documents/SLAM/ros2_ws'
[0.115s] Level 1:colcon.colcon_core.package_identification:_identify(.) by extensions ['ignore', 'ignore_ament_install']
[0.115s] Level 1:colcon.colcon_core.package_identification:_identify(.) by extension 'ignore'
[0.115s] Level 1:colcon.colcon_core.package_identification:_identify(.) by extension 'ignore_ament_install'
[0.116s] Level 1:colcon.colcon_core.package_identification:_identify(.) by extensions ['colcon_pkg']
[0.116s] Level 1:colcon.colcon_core.package_identification:_identify(.) by extension 'colcon_pkg'
[0.116s] Level 1:colcon.colcon_core.package_identification:_identify(.) by extensions ['colcon_meta']
[0.116s] Level 1:colcon.colcon_core.package_identification:_identify(.) by extension 'colcon_meta'
[0.116s] Level 1:colcon.colcon_core.package_identification:_identify(.) by extensions ['ros']
[0.116s] Level 1:colcon.colcon_core.package_identification:_identify(.) by extension 'ros'
[0.131s] Level 1:colcon.colcon_core.package_identification:_identify(.) by extensions ['cmake', 'python']
[0.131s] Level 1:colcon.colcon_core.package_identification:_identify(.) by extension 'cmake'
[0.131s] Level 1:colcon.colcon_core.package_identification:_identify(.) by extension 'python'
[0.131s] Level 1:colcon.colcon_core.package_identification:_identify(.) by extensions ['python_setup_py']
[0.131s] Level 1:colcon.colcon_core.package_identification:_identify(.) by extension 'python_setup_py'
[0.131s] Level 1:colcon.colcon_core.package_identification:_identify(build) by extensions ['ignore', 'ignore_ament_install']
[0.131s] Level 1:colcon.colcon_core.package_identification:_identify(build) by extension 'ignore'
[0.131s] Level 1:colcon.colcon_core.package_identification:_identify(build) ignored
[0.131s] Level 1:colcon.colcon_core.package_identification:_identify(install) by extensions ['ignore', 'ignore_ament_install']
[0.131s] Level 1:colcon.colcon_core.package_identification:_identify(install) by extension 'ignore'
[0.131s] Level 1:colcon.colcon_core.package_identification:_identify(install) ignored
[0.131s] Level 1:colcon.colcon_core.package_identification:_identify(log) by extensions ['ignore', 'ignore_ament_install']
[0.131s] Level 1:colcon.colcon_core.package_identification:_identify(log) by extension 'ignore'
[0.131s] Level 1:colcon.colcon_core.package_identification:_identify(log) ignored
[0.132s] Level 1:colcon.colcon_core.package_identification:_identify(src) by extensions ['ignore', 'ignore_ament_install']
[0.132s] Level 1:colcon.colcon_core.package_identification:_identify(src) by extension 'ignore'
[0.132s] Level 1:colcon.colcon_core.package_identification:_identify(src) by extension 'ignore_ament_install'
[0.132s] Level 1:colcon.colcon_core.package_identification:_identify(src) by extensions ['colcon_pkg']
[0.132s] Level 1:colcon.colcon_core.package_identification:_identify(src) by extension 'colcon_pkg'
[0.132s] Level 1:colcon.colcon_core.package_identification:_identify(src) by extensions ['colcon_meta']
[0.132s] Level 1:colcon.colcon_core.package_identification:_identify(src) by extension 'colcon_meta'
[0.132s] Level 1:colcon.colcon_core.package_identification:_identify(src) by extensions ['ros']
[0.132s] Level 1:colcon.colcon_core.package_identification:_identify(src) by extension 'ros'
[0.132s] Level 1:colcon.colcon_core.package_identification:_identify(src) by extensions ['cmake', 'python']
[0.132s] Level 1:colcon.colcon_core.package_identification:_identify(src) by extension 'cmake'
[0.132s] Level 1:colcon.colcon_core.package_identification:_identify(src) by extension 'python'
[0.132s] Level 1:colcon.colcon_core.package_identification:_identify(src) by extensions ['python_setup_py']
[0.132s] Level 1:colcon.colcon_core.package_identification:_identify(src) by extension 'python_setup_py'
[0.132s] Level 1:colcon.colcon_core.package_identification:_identify(src/build) by extensions ['ignore', 'ignore_ament_install']
[0.132s] Level 1:colcon.colcon_core.package_identification:_identify(src/build) by extension 'ignore'
[0.132s] Level 1:colcon.colcon_core.package_identification:_identify(src/build) ignored
[0.132s] Level 1:colcon.colcon_core.package_identification:_identify(src/cpp_pubsub) by extensions ['ignore', 'ignore_ament_install']
[0.132s] Level 1:colcon.colcon_core.package_identification:_identify(src/cpp_pubsub) by extension 'ignore'
[0.132s] Level 1:colcon.colcon_core.package_identification:_identify(src/cpp_pubsub) by extension 'ignore_ament_install'
[0.132s] Level 1:colcon.colcon_core.package_identification:_identify(src/cpp_pubsub) by extensions ['colcon_pkg']
[0.132s] Level 1:colcon.colcon_core.package_identification:_identify(src/cpp_pubsub) by extension 'colcon_pkg'
[0.133s] Level 1:colcon.colcon_core.package_identification:_identify(src/cpp_pubsub) by extensions ['colcon_meta']
[0.133s] Level 1:colcon.colcon_core.package_identification:_identify(src/cpp_pubsub) by extension 'colcon_meta'
[0.133s] Level 1:colcon.colcon_core.package_identification:_identify(src/cpp_pubsub) by extensions ['ros']
[0.133s] Level 1:colcon.colcon_core.package_identification:_identify(src/cpp_pubsub) by extension 'ros'
[0.134s] DEBUG:colcon.colcon_core.package_identification:Package 'src/cpp_pubsub' with type 'ros.ament_cmake' and name 'cpp_pubsub'
[0.135s] Level 1:colcon.colcon_core.package_identification:_identify(src/cpp_pubsub_tutorial_interfaces) by extensions ['ignore', 'ignore_ament_install']
[0.135s] Level 1:colcon.colcon_core.package_identification:_identify(src/cpp_pubsub_tutorial_interfaces) by extension 'ignore'
[0.135s] Level 1:colcon.colcon_core.package_identification:_identify(src/cpp_pubsub_tutorial_interfaces) by extension 'ignore_ament_install'
[0.135s] Level 1:colcon.colcon_core.package_identification:_identify(src/cpp_pubsub_tutorial_interfaces) by extensions ['colcon_pkg']
[0.135s] Level 1:colcon.colcon_core.package_identification:_identify(src/cpp_pubsub_tutorial_interfaces) by extension 'colcon_pkg'
[0.135s] Level 1:colcon.colcon_core.package_identification:_identify(src/cpp_pubsub_tutorial_interfaces) by extensions ['colcon_meta']
[0.135s] Level 1:colcon.colcon_core.package_identification:_identify(src/cpp_pubsub_tutorial_interfaces) by extension 'colcon_meta'
[0.135s] Level 1:colcon.colcon_core.package_identification:_identify(src/cpp_pubsub_tutorial_interfaces) by extensions ['ros']
[0.135s] Level 1:colcon.colcon_core.package_identification:_identify(src/cpp_pubsub_tutorial_interfaces) by extension 'ros'
[0.135s] DEBUG:colcon.colcon_core.package_identification:Package 'src/cpp_pubsub_tutorial_interfaces' with type 'ros.ament_cmake' and name 'cpp_pubsub_tutorial_interfaces'
[0.135s] Level 1:colcon.colcon_core.package_identification:_identify(src/install) by extensions ['ignore', 'ignore_ament_install']
[0.136s] Level 1:colcon.colcon_core.package_identification:_identify(src/install) by extension 'ignore'
[0.136s] Level 1:colcon.colcon_core.package_identification:_identify(src/install) ignored
[0.136s] Level 1:colcon.colcon_core.package_identification:_identify(src/log) by extensions ['ignore', 'ignore_ament_install']
[0.136s] Level 1:colcon.colcon_core.package_identification:_identify(src/log) by extension 'ignore'
[0.136s] Level 1:colcon.colcon_core.package_identification:_identify(src/log) ignored
[0.136s] Level 1:colcon.colcon_core.package_identification:_identify(src/sllidar_ros2) by extensions ['ignore', 'ignore_ament_install']
[0.136s] Level 1:colcon.colcon_core.package_identification:_identify(src/sllidar_ros2) by extension 'ignore'
[0.136s] Level 1:colcon.colcon_core.package_identification:_identify(src/sllidar_ros2) by extension 'ignore_ament_install'
[0.136s] Level 1:colcon.colcon_core.package_identification:_identify(src/sllidar_ros2) by extensions ['colcon_pkg']
[0.136s] Level 1:colcon.colcon_core.package_identification:_identify(src/sllidar_ros2) by extension 'colcon_pkg'
[0.136s] Level 1:colcon.colcon_core.package_identification:_identify(src/sllidar_ros2) by extensions ['colcon_meta']
[0.136s] Level 1:colcon.colcon_core.package_identification:_identify(src/sllidar_ros2) by extension 'colcon_meta'
[0.136s] Level 1:colcon.colcon_core.package_identification:_identify(src/sllidar_ros2) by extensions ['ros']
[0.136s] Level 1:colcon.colcon_core.package_identification:_identify(src/sllidar_ros2) by extension 'ros'
[0.137s] DEBUG:colcon.colcon_core.package_identification:Package 'src/sllidar_ros2' with type 'ros.ament_cmake' and name 'sllidar_ros2'
[0.137s] Level 1:colcon.colcon_core.package_identification:_identify(src/tutorial_interfaces) by extensions ['ignore', 'ignore_ament_install']
[0.137s] Level 1:colcon.colcon_core.package_identification:_identify(src/tutorial_interfaces) by extension 'ignore'
[0.137s] Level 1:colcon.colcon_core.package_identification:_identify(src/tutorial_interfaces) by extension 'ignore_ament_install'
[0.137s] Level 1:colcon.colcon_core.package_identification:_identify(src/tutorial_interfaces) by extensions ['colcon_pkg']
[0.137s] Level 1:colcon.colcon_core.package_identification:_identify(src/tutorial_interfaces) by extension 'colcon_pkg'
[0.137s] Level 1:colcon.colcon_core.package_identification:_identify(src/tutorial_interfaces) by extensions ['colcon_meta']
[0.137s] Level 1:colcon.colcon_core.package_identification:_identify(src/tutorial_interfaces) by extension 'colcon_meta'
[0.137s] Level 1:colcon.colcon_core.package_identification:_identify(src/tutorial_interfaces) by extensions ['ros']
[0.137s] Level 1:colcon.colcon_core.package_identification:_identify(src/tutorial_interfaces) by extension 'ros'
[0.137s] DEBUG:colcon.colcon_core.package_identification:Package 'src/tutorial_interfaces' with type 'ros.ament_cmake' and name 'tutorial_interfaces'
[0.137s] Level 1:colcon.colcon_core.package_discovery:discover_packages(recursive) using defaults
[0.138s] Level 1:colcon.colcon_core.package_discovery:discover_packages(ignore) discover
[0.138s] Level 1:colcon.colcon_core.package_discovery:discover_packages(ignore) using defaults
[0.138s] Level 1:colcon.colcon_core.package_discovery:discover_packages(path) discover
[0.138s] Level 1:colcon.colcon_core.package_discovery:discover_packages(path) using defaults
[0.158s] Level 1:colcon.colcon_core.package_discovery:discover_packages(prefix_path) check parameters
[0.159s] Level 1:colcon.colcon_core.package_discovery:discover_packages(prefix_path) discover
[0.160s] DEBUG:colcon.colcon_installed_package_information.package_discovery:Found 4 installed packages in /home/noa/Documents/SLAM/ros2_ws/install
[0.161s] DEBUG:colcon.colcon_installed_package_information.package_discovery:Found 256 installed packages in /opt/ros/foxy
[0.162s] Level 1:colcon.colcon_core.package_discovery:discover_packages(prefix_path) using defaults
[0.213s] Level 5:colcon.colcon_core.verb:set package 'cpp_pubsub' build argument 'cmake_args' from command line to 'None'
[0.213s] Level 5:colcon.colcon_core.verb:set package 'cpp_pubsub' build argument 'cmake_target' from command line to 'None'
[0.213s] Level 5:colcon.colcon_core.verb:set package 'cpp_pubsub' build argument 'cmake_target_skip_unavailable' from command line to 'False'
[0.213s] Level 5:colcon.colcon_core.verb:set package 'cpp_pubsub' build argument 'cmake_clean_cache' from command line to 'False'
[0.213s] Level 5:colcon.colcon_core.verb:set package 'cpp_pubsub' build argument 'cmake_clean_first' from command line to 'False'
[0.213s] Level 5:colcon.colcon_core.verb:set package 'cpp_pubsub' build argument 'cmake_force_configure' from command line to 'False'
[0.213s] Level 5:colcon.colcon_core.verb:set package 'cpp_pubsub' build argument 'ament_cmake_args' from command line to 'None'
[0.213s] Level 5:colcon.colcon_core.verb:set package 'cpp_pubsub' build argument 'catkin_cmake_args' from command line to 'None'
[0.213s] Level 5:colcon.colcon_core.verb:set package 'cpp_pubsub' build argument 'catkin_skip_building_tests' from command line to 'False'
[0.213s] DEBUG:colcon.colcon_core.verb:Building package 'cpp_pubsub' with the following arguments: {'ament_cmake_args': None, 'build_base': '/home/noa/Documents/SLAM/ros2_ws/build/cpp_pubsub', 'catkin_cmake_args': None, 'catkin_skip_building_tests': False, 'cmake_args': None, 'cmake_clean_cache': False, 'cmake_clean_first': False, 'cmake_force_configure': False, 'cmake_target': None, 'cmake_target_skip_unavailable': False, 'install_base': '/home/noa/Documents/SLAM/ros2_ws/install/cpp_pubsub', 'merge_install': False, 'path': '/home/noa/Documents/SLAM/ros2_ws/src/cpp_pubsub', 'symlink_install': False, 'test_result_base': None}
[0.214s] Level 5:colcon.colcon_core.verb:set package 'sllidar_ros2' build argument 'cmake_args' from command line to 'None'
[0.214s] Level 5:colcon.colcon_core.verb:set package 'sllidar_ros2' build argument 'cmake_target' from command line to 'None'
[0.214s] Level 5:colcon.colcon_core.verb:set package 'sllidar_ros2' build argument 'cmake_target_skip_unavailable' from command line to 'False'
[0.214s] Level 5:colcon.colcon_core.verb:set package 'sllidar_ros2' build argument 'cmake_clean_cache' from command line to 'False'
[0.214s] Level 5:colcon.colcon_core.verb:set package 'sllidar_ros2' build argument 'cmake_clean_first' from command line to 'False'
[0.214s] Level 5:colcon.colcon_core.verb:set package 'sllidar_ros2' build argument 'cmake_force_configure' from command line to 'False'
[0.214s] Level 5:colcon.colcon_core.verb:set package 'sllidar_ros2' build argument 'ament_cmake_args' from command line to 'None'
[0.214s] Level 5:colcon.colcon_core.verb:set package 'sllidar_ros2' build argument 'catkin_cmake_args' from command line to 'None'
[0.214s] Level 5:colcon.colcon_core.verb:set package 'sllidar_ros2' build argument 'catkin_skip_building_tests' from command line to 'False'
[0.214s] DEBUG:colcon.colcon_core.verb:Building package 'sllidar_ros2' with the following arguments: {'ament_cmake_args': None, 'build_base': '/home/noa/Documents/SLAM/ros2_ws/build/sllidar_ros2', 'catkin_cmake_args': None, 'catkin_skip_building_tests': False, 'cmake_args': None, 'cmake_clean_cache': False, 'cmake_clean_first': False, 'cmake_force_configure': False, 'cmake_target': None, 'cmake_target_skip_unavailable': False, 'install_base': '/home/noa/Documents/SLAM/ros2_ws/install/sllidar_ros2', 'merge_install': False, 'path': '/home/noa/Documents/SLAM/ros2_ws/src/sllidar_ros2', 'symlink_install': False, 'test_result_base': None}
[0.214s] Level 5:colcon.colcon_core.verb:set package 'tutorial_interfaces' build argument 'cmake_args' from command line to 'None'
[0.214s] Level 5:colcon.colcon_core.verb:set package 'tutorial_interfaces' build argument 'cmake_target' from command line to 'None'
[0.215s] Level 5:colcon.colcon_core.verb:set package 'tutorial_interfaces' build argument 'cmake_target_skip_unavailable' from command line to 'False'
[0.215s] Level 5:colcon.colcon_core.verb:set package 'tutorial_interfaces' build argument 'cmake_clean_cache' from command line to 'False'
[0.215s] Level 5:colcon.colcon_core.verb:set package 'tutorial_interfaces' build argument 'cmake_clean_first' from command line to 'False'
[0.215s] Level 5:colcon.colcon_core.verb:set package 'tutorial_interfaces' build argument 'cmake_force_configure' from command line to 'False'
[0.215s] Level 5:colcon.colcon_core.verb:set package 'tutorial_interfaces' build argument 'ament_cmake_args' from command line to 'None'
[0.215s] Level 5:colcon.colcon_core.verb:set package 'tutorial_interfaces' build argument 'catkin_cmake_args' from command line to 'None'
[0.215s] Level 5:colcon.colcon_core.verb:set package 'tutorial_interfaces' build argument 'catkin_skip_building_tests' from command line to 'False'
[0.215s] DEBUG:colcon.colcon_core.verb:Building package 'tutorial_interfaces' with the following arguments: {'ament_cmake_args': None, 'build_base': '/home/noa/Documents/SLAM/ros2_ws/build/tutorial_interfaces', 'catkin_cmake_args': None, 'catkin_skip_building_tests': False, 'cmake_args': None, 'cmake_clean_cache': False, 'cmake_clean_first': False, 'cmake_force_configure': False, 'cmake_target': None, 'cmake_target_skip_unavailable': False, 'install_base': '/home/noa/Documents/SLAM/ros2_ws/install/tutorial_interfaces', 'merge_install': False, 'path': '/home/noa/Documents/SLAM/ros2_ws/src/tutorial_interfaces', 'symlink_install': False, 'test_result_base': None}
[0.215s] Level 5:colcon.colcon_core.verb:set package 'cpp_pubsub_tutorial_interfaces' build argument 'cmake_args' from command line to 'None'
[0.215s] Level 5:colcon.colcon_core.verb:set package 'cpp_pubsub_tutorial_interfaces' build argument 'cmake_target' from command line to 'None'
[0.215s] Level 5:colcon.colcon_core.verb:set package 'cpp_pubsub_tutorial_interfaces' build argument 'cmake_target_skip_unavailable' from command line to 'False'
[0.215s] Level 5:colcon.colcon_core.verb:set package 'cpp_pubsub_tutorial_interfaces' build argument 'cmake_clean_cache' from command line to 'False'
[0.215s] Level 5:colcon.colcon_core.verb:set package 'cpp_pubsub_tutorial_interfaces' build argument 'cmake_clean_first' from command line to 'False'
[0.215s] Level 5:colcon.colcon_core.verb:set package 'cpp_pubsub_tutorial_interfaces' build argument 'cmake_force_configure' from command line to 'False'
[0.215s] Level 5:colcon.colcon_core.verb:set package 'cpp_pubsub_tutorial_interfaces' build argument 'ament_cmake_args' from command line to 'None'
[0.215s] Level 5:colcon.colcon_core.verb:set package 'cpp_pubsub_tutorial_interfaces' build argument 'catkin_cmake_args' from command line to 'None'
[0.215s] Level 5:colcon.colcon_core.verb:set package 'cpp_pubsub_tutorial_interfaces' build argument 'catkin_skip_building_tests' from command line to 'False'
[0.215s] DEBUG:colcon.colcon_core.verb:Building package 'cpp_pubsub_tutorial_interfaces' with the following arguments: {'ament_cmake_args': None, 'build_base': '/home/noa/Documents/SLAM/ros2_ws/build/cpp_pubsub_tutorial_interfaces', 'catkin_cmake_args': None, 'catkin_skip_building_tests': False, 'cmake_args': None, 'cmake_clean_cache': False, 'cmake_clean_first': False, 'cmake_force_configure': False, 'cmake_target': None, 'cmake_target_skip_unavailable': False, 'install_base': '/home/noa/Documents/SLAM/ros2_ws/install/cpp_pubsub_tutorial_interfaces', 'merge_install': False, 'path': '/home/noa/Documents/SLAM/ros2_ws/src/cpp_pubsub_tutorial_interfaces', 'symlink_install': False, 'test_result_base': None}
[0.216s] INFO:colcon.colcon_core.executor:Executing jobs using 'parallel' executor
[0.217s] DEBUG:colcon.colcon_parallel_executor.executor.parallel:run_until_complete
[0.217s] INFO:colcon.colcon_ros.task.ament_cmake.build:Building ROS package in '/home/noa/Documents/SLAM/ros2_ws/src/tutorial_interfaces' with build type 'ament_cmake'
[0.217s] INFO:colcon.colcon_cmake.task.cmake.build:Building CMake package in '/home/noa/Documents/SLAM/ros2_ws/src/tutorial_interfaces'
[0.220s] INFO:colcon.colcon_core.plugin_system:Skipping extension 'colcon_core.shell.bat': Not used on non-Windows systems
[0.220s] INFO:colcon.colcon_core.shell:Skip shell extension 'powershell' for command environment: Not usable outside of PowerShell
[0.220s] DEBUG:colcon.colcon_core.shell:Skip shell extension 'dsv' for command environment
[0.224s] INFO:colcon.colcon_ros.task.ament_cmake.build:Building ROS package in '/home/noa/Documents/SLAM/ros2_ws/src/cpp_pubsub' with build type 'ament_cmake'
[0.224s] INFO:colcon.colcon_cmake.task.cmake.build:Building CMake package in '/home/noa/Documents/SLAM/ros2_ws/src/cpp_pubsub'
[0.225s] INFO:colcon.colcon_core.shell:Skip shell extension 'powershell' for command environment: Not usable outside of PowerShell
[0.225s] DEBUG:colcon.colcon_core.shell:Skip shell extension 'dsv' for command environment
[0.228s] INFO:colcon.colcon_ros.task.ament_cmake.build:Building ROS package in '/home/noa/Documents/SLAM/ros2_ws/src/sllidar_ros2' with build type 'ament_cmake'
[0.229s] INFO:colcon.colcon_cmake.task.cmake.build:Building CMake package in '/home/noa/Documents/SLAM/ros2_ws/src/sllidar_ros2'
[0.229s] INFO:colcon.colcon_core.shell:Skip shell extension 'powershell' for command environment: Not usable outside of PowerShell
[0.229s] DEBUG:colcon.colcon_core.shell:Skip shell extension 'dsv' for command environment
[0.237s] DEBUG:colcon.colcon_core.event_handler.log_command:Invoking command in '/home/noa/Documents/SLAM/ros2_ws/build/tutorial_interfaces': CMAKE_PREFIX_PATH=${CMAKE_PREFIX_PATH}:/opt/ros/foxy PS1=\u@\h \[\033[32m\]\w\[\033[33m\]$(parse_git_branch)\[\033[00m\] $ /usr/bin/cmake /home/noa/Documents/SLAM/ros2_ws/src/tutorial_interfaces -DCMAKE_INSTALL_PREFIX=/home/noa/Documents/SLAM/ros2_ws/install/tutorial_interfaces
[0.242s] DEBUG:colcon.colcon_core.event_handler.log_command:Invoking command in '/home/noa/Documents/SLAM/ros2_ws/build/cpp_pubsub': CMAKE_PREFIX_PATH=${CMAKE_PREFIX_PATH}:/opt/ros/foxy PS1=\u@\h \[\033[32m\]\w\[\033[33m\]$(parse_git_branch)\[\033[00m\] $ /usr/bin/cmake /home/noa/Documents/SLAM/ros2_ws/src/cpp_pubsub -DCMAKE_INSTALL_PREFIX=/home/noa/Documents/SLAM/ros2_ws/install/cpp_pubsub
[0.248s] DEBUG:colcon.colcon_core.event_handler.log_command:Invoking command in '/home/noa/Documents/SLAM/ros2_ws/build/sllidar_ros2': CMAKE_PREFIX_PATH=${CMAKE_PREFIX_PATH}:/opt/ros/foxy PS1=\u@\h \[\033[32m\]\w\[\033[33m\]$(parse_git_branch)\[\033[00m\] $ /usr/bin/cmake /home/noa/Documents/SLAM/ros2_ws/src/sllidar_ros2 -DCMAKE_INSTALL_PREFIX=/home/noa/Documents/SLAM/ros2_ws/install/sllidar_ros2
[0.911s] DEBUG:colcon.colcon_core.event_handler.log_command:Invoked command in '/home/noa/Documents/SLAM/ros2_ws/build/cpp_pubsub' returned '0': CMAKE_PREFIX_PATH=${CMAKE_PREFIX_PATH}:/opt/ros/foxy PS1=\u@\h \[\033[32m\]\w\[\033[33m\]$(parse_git_branch)\[\033[00m\] $ /usr/bin/cmake /home/noa/Documents/SLAM/ros2_ws/src/cpp_pubsub -DCMAKE_INSTALL_PREFIX=/home/noa/Documents/SLAM/ros2_ws/install/cpp_pubsub
[0.914s] DEBUG:colcon.colcon_core.event_handler.log_command:Invoking command in '/home/noa/Documents/SLAM/ros2_ws/build/cpp_pubsub': CMAKE_PREFIX_PATH=${CMAKE_PREFIX_PATH}:/opt/ros/foxy PS1=\u@\h \[\033[32m\]\w\[\033[33m\]$(parse_git_branch)\[\033[00m\] $ /usr/bin/cmake --build /home/noa/Documents/SLAM/ros2_ws/build/cpp_pubsub -- -j8 -l8
[0.961s] DEBUG:colcon.colcon_core.event_handler.log_command:Invoked command in '/home/noa/Documents/SLAM/ros2_ws/build/sllidar_ros2' returned '0': CMAKE_PREFIX_PATH=${CMAKE_PREFIX_PATH}:/opt/ros/foxy PS1=\u@\h \[\033[32m\]\w\[\033[33m\]$(parse_git_branch)\[\033[00m\] $ /usr/bin/cmake /home/noa/Documents/SLAM/ros2_ws/src/sllidar_ros2 -DCMAKE_INSTALL_PREFIX=/home/noa/Documents/SLAM/ros2_ws/install/sllidar_ros2
[0.963s] DEBUG:colcon.colcon_core.event_handler.log_command:Invoking command in '/home/noa/Documents/SLAM/ros2_ws/build/sllidar_ros2': CMAKE_PREFIX_PATH=${CMAKE_PREFIX_PATH}:/opt/ros/foxy PS1=\u@\h \[\033[32m\]\w\[\033[33m\]$(parse_git_branch)\[\033[00m\] $ /usr/bin/cmake --build /home/noa/Documents/SLAM/ros2_ws/build/sllidar_ros2 -- -j8 -l8
[0.970s] DEBUG:colcon.colcon_core.event_handler.log_command:Invoked command in '/home/noa/Documents/SLAM/ros2_ws/build/cpp_pubsub' returned '0': CMAKE_PREFIX_PATH=${CMAKE_PREFIX_PATH}:/opt/ros/foxy PS1=\u@\h \[\033[32m\]\w\[\033[33m\]$(parse_git_branch)\[\033[00m\] $ /usr/bin/cmake --build /home/noa/Documents/SLAM/ros2_ws/build/cpp_pubsub -- -j8 -l8
[0.998s] DEBUG:colcon.colcon_core.event_handler.log_command:Invoking command in '/home/noa/Documents/SLAM/ros2_ws/build/cpp_pubsub': CMAKE_PREFIX_PATH=${CMAKE_PREFIX_PATH}:/opt/ros/foxy PS1=\u@\h \[\033[32m\]\w\[\033[33m\]$(parse_git_branch)\[\033[00m\] $ /usr/bin/cmake --install /home/noa/Documents/SLAM/ros2_ws/build/cpp_pubsub
[1.006s] DEBUG:colcon.colcon_core.event_handler.log_command:Invoked command in '/home/noa/Documents/SLAM/ros2_ws/build/tutorial_interfaces' returned '0': CMAKE_PREFIX_PATH=${CMAKE_PREFIX_PATH}:/opt/ros/foxy PS1=\u@\h \[\033[32m\]\w\[\033[33m\]$(parse_git_branch)\[\033[00m\] $ /usr/bin/cmake /home/noa/Documents/SLAM/ros2_ws/src/tutorial_interfaces -DCMAKE_INSTALL_PREFIX=/home/noa/Documents/SLAM/ros2_ws/install/tutorial_interfaces
[1.010s] DEBUG:colcon.colcon_core.event_handler.log_command:Invoking command in '/home/noa/Documents/SLAM/ros2_ws/build/tutorial_interfaces': CMAKE_PREFIX_PATH=${CMAKE_PREFIX_PATH}:/opt/ros/foxy PS1=\u@\h \[\033[32m\]\w\[\033[33m\]$(parse_git_branch)\[\033[00m\] $ /usr/bin/cmake --build /home/noa/Documents/SLAM/ros2_ws/build/tutorial_interfaces -- -j8 -l8
[1.020s] Level 1:colcon.colcon_core.environment:create_environment_scripts_only(cpp_pubsub)
[1.021s] DEBUG:colcon.colcon_core.event_handler.log_command:Invoked command in '/home/noa/Documents/SLAM/ros2_ws/build/cpp_pubsub' returned '0': CMAKE_PREFIX_PATH=${CMAKE_PREFIX_PATH}:/opt/ros/foxy PS1=\u@\h \[\033[32m\]\w\[\033[33m\]$(parse_git_branch)\[\033[00m\] $ /usr/bin/cmake --install /home/noa/Documents/SLAM/ros2_ws/build/cpp_pubsub
[1.026s] Level 1:colcon.colcon_core.environment:checking '/home/noa/Documents/SLAM/ros2_ws/install/cpp_pubsub' for CMake module files
[1.026s] Level 1:colcon.colcon_core.environment:checking '/home/noa/Documents/SLAM/ros2_ws/install/cpp_pubsub' for CMake config files
[1.027s] Level 1:colcon.colcon_core.shell:create_environment_hook('cpp_pubsub', 'cmake_prefix_path')
[1.027s] INFO:colcon.colcon_core.shell:Creating environment hook '/home/noa/Documents/SLAM/ros2_ws/install/cpp_pubsub/share/cpp_pubsub/hook/cmake_prefix_path.ps1'
[1.028s] INFO:colcon.colcon_core.shell:Creating environment descriptor '/home/noa/Documents/SLAM/ros2_ws/install/cpp_pubsub/share/cpp_pubsub/hook/cmake_prefix_path.dsv'
[1.029s] INFO:colcon.colcon_core.shell:Creating environment hook '/home/noa/Documents/SLAM/ros2_ws/install/cpp_pubsub/share/cpp_pubsub/hook/cmake_prefix_path.sh'
[1.030s] Level 1:colcon.colcon_core.environment:checking '/home/noa/Documents/SLAM/ros2_ws/install/cpp_pubsub/lib'
[1.030s] Level 1:colcon.colcon_core.environment:checking '/home/noa/Documents/SLAM/ros2_ws/install/cpp_pubsub/bin'
[1.030s] Level 1:colcon.colcon_core.environment:checking '/home/noa/Documents/SLAM/ros2_ws/install/cpp_pubsub/lib/pkgconfig/cpp_pubsub.pc'
[1.031s] Level 1:colcon.colcon_core.environment:checking '/home/noa/Documents/SLAM/ros2_ws/install/cpp_pubsub/lib/python3.8/site-packages'
[1.031s] Level 1:colcon.colcon_core.environment:checking '/home/noa/Documents/SLAM/ros2_ws/install/cpp_pubsub/bin'
[1.032s] INFO:colcon.colcon_core.shell:Creating package script '/home/noa/Documents/SLAM/ros2_ws/install/cpp_pubsub/share/cpp_pubsub/package.ps1'
[1.033s] INFO:colcon.colcon_core.shell:Creating package descriptor '/home/noa/Documents/SLAM/ros2_ws/install/cpp_pubsub/share/cpp_pubsub/package.dsv'
[1.034s] INFO:colcon.colcon_core.shell:Creating package script '/home/noa/Documents/SLAM/ros2_ws/install/cpp_pubsub/share/cpp_pubsub/package.sh'
[1.035s] INFO:colcon.colcon_core.shell:Creating package script '/home/noa/Documents/SLAM/ros2_ws/install/cpp_pubsub/share/cpp_pubsub/package.bash'
[1.036s] INFO:colcon.colcon_core.shell:Creating package script '/home/noa/Documents/SLAM/ros2_ws/install/cpp_pubsub/share/cpp_pubsub/package.zsh'
[1.036s] Level 1:colcon.colcon_core.environment:create_file_with_runtime_dependencies(/home/noa/Documents/SLAM/ros2_ws/install/cpp_pubsub/share/colcon-core/packages/cpp_pubsub)
[1.427s] Level 1:colcon.colcon_core.environment:create_environment_scripts_only(cpp_pubsub)
[1.428s] Level 1:colcon.colcon_core.environment:checking '/home/noa/Documents/SLAM/ros2_ws/install/cpp_pubsub' for CMake module files
[1.429s] Level 1:colcon.colcon_core.environment:checking '/home/noa/Documents/SLAM/ros2_ws/install/cpp_pubsub' for CMake config files
[1.430s] Level 1:colcon.colcon_core.shell:create_environment_hook('cpp_pubsub', 'cmake_prefix_path')
[1.430s] INFO:colcon.colcon_core.shell:Creating environment hook '/home/noa/Documents/SLAM/ros2_ws/install/cpp_pubsub/share/cpp_pubsub/hook/cmake_prefix_path.ps1'
[1.431s] INFO:colcon.colcon_core.shell:Creating environment descriptor '/home/noa/Documents/SLAM/ros2_ws/install/cpp_pubsub/share/cpp_pubsub/hook/cmake_prefix_path.dsv'
[1.432s] INFO:colcon.colcon_core.shell:Creating environment hook '/home/noa/Documents/SLAM/ros2_ws/install/cpp_pubsub/share/cpp_pubsub/hook/cmake_prefix_path.sh'
[1.432s] Level 1:colcon.colcon_core.environment:checking '/home/noa/Documents/SLAM/ros2_ws/install/cpp_pubsub/lib'
[1.433s] Level 1:colcon.colcon_core.environment:checking '/home/noa/Documents/SLAM/ros2_ws/install/cpp_pubsub/bin'
[1.433s] Level 1:colcon.colcon_core.environment:checking '/home/noa/Documents/SLAM/ros2_ws/install/cpp_pubsub/lib/pkgconfig/cpp_pubsub.pc'
[1.433s] Level 1:colcon.colcon_core.environment:checking '/home/noa/Documents/SLAM/ros2_ws/install/cpp_pubsub/lib/python3.8/site-packages'
[1.433s] Level 1:colcon.colcon_core.environment:checking '/home/noa/Documents/SLAM/ros2_ws/install/cpp_pubsub/bin'
[1.434s] INFO:colcon.colcon_core.shell:Creating package script '/home/noa/Documents/SLAM/ros2_ws/install/cpp_pubsub/share/cpp_pubsub/package.ps1'
[1.435s] INFO:colcon.colcon_core.shell:Creating package descriptor '/home/noa/Documents/SLAM/ros2_ws/install/cpp_pubsub/share/cpp_pubsub/package.dsv'
[1.436s] INFO:colcon.colcon_core.shell:Creating package script '/home/noa/Documents/SLAM/ros2_ws/install/cpp_pubsub/share/cpp_pubsub/package.sh'
[1.437s] INFO:colcon.colcon_core.shell:Creating package script '/home/noa/Documents/SLAM/ros2_ws/install/cpp_pubsub/share/cpp_pubsub/package.bash'
[1.437s] INFO:colcon.colcon_core.shell:Creating package script '/home/noa/Documents/SLAM/ros2_ws/install/cpp_pubsub/share/cpp_pubsub/package.zsh'
[1.438s] Level 1:colcon.colcon_core.environment:create_file_with_runtime_dependencies(/home/noa/Documents/SLAM/ros2_ws/install/cpp_pubsub/share/colcon-core/packages/cpp_pubsub)
[1.815s] DEBUG:colcon.colcon_core.event_handler.log_command:Invoked command in '/home/noa/Documents/SLAM/ros2_ws/build/tutorial_interfaces' returned '0': CMAKE_PREFIX_PATH=${CMAKE_PREFIX_PATH}:/opt/ros/foxy PS1=\u@\h \[\033[32m\]\w\[\033[33m\]$(parse_git_branch)\[\033[00m\] $ /usr/bin/cmake --build /home/noa/Documents/SLAM/ros2_ws/build/tutorial_interfaces -- -j8 -l8
[1.888s] DEBUG:colcon.colcon_core.event_handler.log_command:Invoking command in '/home/noa/Documents/SLAM/ros2_ws/build/tutorial_interfaces': CMAKE_PREFIX_PATH=${CMAKE_PREFIX_PATH}:/opt/ros/foxy PS1=\u@\h \[\033[32m\]\w\[\033[33m\]$(parse_git_branch)\[\033[00m\] $ /usr/bin/cmake --install /home/noa/Documents/SLAM/ros2_ws/build/tutorial_interfaces
[1.974s] Level 1:colcon.colcon_core.environment:create_environment_scripts_only(tutorial_interfaces)
[1.975s] Level 1:colcon.colcon_core.environment:checking '/home/noa/Documents/SLAM/ros2_ws/install/tutorial_interfaces' for CMake module files
[1.976s] DEBUG:colcon.colcon_core.event_handler.log_command:Invoked command in '/home/noa/Documents/SLAM/ros2_ws/build/tutorial_interfaces' returned '0': CMAKE_PREFIX_PATH=${CMAKE_PREFIX_PATH}:/opt/ros/foxy PS1=\u@\h \[\033[32m\]\w\[\033[33m\]$(parse_git_branch)\[\033[00m\] $ /usr/bin/cmake --install /home/noa/Documents/SLAM/ros2_ws/build/tutorial_interfaces
[1.976s] Level 1:colcon.colcon_core.environment:checking '/home/noa/Documents/SLAM/ros2_ws/install/tutorial_interfaces' for CMake config files
[1.977s] Level 1:colcon.colcon_core.shell:create_environment_hook('tutorial_interfaces', 'cmake_prefix_path')
[1.978s] INFO:colcon.colcon_core.shell:Creating environment hook '/home/noa/Documents/SLAM/ros2_ws/install/tutorial_interfaces/share/tutorial_interfaces/hook/cmake_prefix_path.ps1'
[1.979s] INFO:colcon.colcon_core.shell:Creating environment descriptor '/home/noa/Documents/SLAM/ros2_ws/install/tutorial_interfaces/share/tutorial_interfaces/hook/cmake_prefix_path.dsv'
[1.979s] INFO:colcon.colcon_core.shell:Creating environment hook '/home/noa/Documents/SLAM/ros2_ws/install/tutorial_interfaces/share/tutorial_interfaces/hook/cmake_prefix_path.sh'
[1.980s] Level 1:colcon.colcon_core.environment:checking '/home/noa/Documents/SLAM/ros2_ws/install/tutorial_interfaces/lib'
[1.980s] Level 1:colcon.colcon_core.shell:create_environment_hook('tutorial_interfaces', 'ld_library_path_lib')
[1.980s] INFO:colcon.colcon_core.shell:Creating environment hook '/home/noa/Documents/SLAM/ros2_ws/install/tutorial_interfaces/share/tutorial_interfaces/hook/ld_library_path_lib.ps1'
[1.981s] INFO:colcon.colcon_core.shell:Creating environment descriptor '/home/noa/Documents/SLAM/ros2_ws/install/tutorial_interfaces/share/tutorial_interfaces/hook/ld_library_path_lib.dsv'
[1.981s] INFO:colcon.colcon_core.shell:Creating environment hook '/home/noa/Documents/SLAM/ros2_ws/install/tutorial_interfaces/share/tutorial_interfaces/hook/ld_library_path_lib.sh'
[1.982s] Level 1:colcon.colcon_core.environment:checking '/home/noa/Documents/SLAM/ros2_ws/install/tutorial_interfaces/bin'
[1.982s] Level 1:colcon.colcon_core.environment:checking '/home/noa/Documents/SLAM/ros2_ws/install/tutorial_interfaces/lib/pkgconfig/tutorial_interfaces.pc'
[1.982s] Level 1:colcon.colcon_core.environment:checking '/home/noa/Documents/SLAM/ros2_ws/install/tutorial_interfaces/lib/python3.8/site-packages'
[1.982s] Level 1:colcon.colcon_core.shell:create_environment_hook('tutorial_interfaces', 'pythonpath')
[1.983s] INFO:colcon.colcon_core.shell:Creating environment hook '/home/noa/Documents/SLAM/ros2_ws/install/tutorial_interfaces/share/tutorial_interfaces/hook/pythonpath.ps1'
[1.983s] INFO:colcon.colcon_core.shell:Creating environment descriptor '/home/noa/Documents/SLAM/ros2_ws/install/tutorial_interfaces/share/tutorial_interfaces/hook/pythonpath.dsv'
[1.984s] INFO:colcon.colcon_core.shell:Creating environment hook '/home/noa/Documents/SLAM/ros2_ws/install/tutorial_interfaces/share/tutorial_interfaces/hook/pythonpath.sh'
[1.984s] Level 1:colcon.colcon_core.environment:checking '/home/noa/Documents/SLAM/ros2_ws/install/tutorial_interfaces/bin'
[1.985s] INFO:colcon.colcon_core.shell:Creating package script '/home/noa/Documents/SLAM/ros2_ws/install/tutorial_interfaces/share/tutorial_interfaces/package.ps1'
[1.986s] INFO:colcon.colcon_core.shell:Creating package descriptor '/home/noa/Documents/SLAM/ros2_ws/install/tutorial_interfaces/share/tutorial_interfaces/package.dsv'
[1.986s] INFO:colcon.colcon_core.shell:Creating package script '/home/noa/Documents/SLAM/ros2_ws/install/tutorial_interfaces/share/tutorial_interfaces/package.sh'
[1.987s] INFO:colcon.colcon_core.shell:Creating package script '/home/noa/Documents/SLAM/ros2_ws/install/tutorial_interfaces/share/tutorial_interfaces/package.bash'
[1.987s] INFO:colcon.colcon_core.shell:Creating package script '/home/noa/Documents/SLAM/ros2_ws/install/tutorial_interfaces/share/tutorial_interfaces/package.zsh'
[1.988s] Level 1:colcon.colcon_core.environment:create_file_with_runtime_dependencies(/home/noa/Documents/SLAM/ros2_ws/install/tutorial_interfaces/share/colcon-core/packages/tutorial_interfaces)
[2.032s] Level 1:colcon.colcon_core.environment:create_environment_scripts_only(tutorial_interfaces)
[2.033s] Level 1:colcon.colcon_core.environment:checking '/home/noa/Documents/SLAM/ros2_ws/install/tutorial_interfaces' for CMake module files
[2.034s] Level 1:colcon.colcon_core.environment:checking '/home/noa/Documents/SLAM/ros2_ws/install/tutorial_interfaces' for CMake config files
[2.035s] Level 1:colcon.colcon_core.shell:create_environment_hook('tutorial_interfaces', 'cmake_prefix_path')
[2.036s] INFO:colcon.colcon_core.shell:Creating environment hook '/home/noa/Documents/SLAM/ros2_ws/install/tutorial_interfaces/share/tutorial_interfaces/hook/cmake_prefix_path.ps1'
[2.037s] INFO:colcon.colcon_core.shell:Creating environment descriptor '/home/noa/Documents/SLAM/ros2_ws/install/tutorial_interfaces/share/tutorial_interfaces/hook/cmake_prefix_path.dsv'
[2.037s] INFO:colcon.colcon_core.shell:Creating environment hook '/home/noa/Documents/SLAM/ros2_ws/install/tutorial_interfaces/share/tutorial_interfaces/hook/cmake_prefix_path.sh'
[2.038s] Level 1:colcon.colcon_core.environment:checking '/home/noa/Documents/SLAM/ros2_ws/install/tutorial_interfaces/lib'
[2.038s] Level 1:colcon.colcon_core.shell:create_environment_hook('tutorial_interfaces', 'ld_library_path_lib')
[2.038s] INFO:colcon.colcon_core.shell:Creating environment hook '/home/noa/Documents/SLAM/ros2_ws/install/tutorial_interfaces/share/tutorial_interfaces/hook/ld_library_path_lib.ps1'
[2.039s] INFO:colcon.colcon_core.shell:Creating environment descriptor '/home/noa/Documents/SLAM/ros2_ws/install/tutorial_interfaces/share/tutorial_interfaces/hook/ld_library_path_lib.dsv'
[2.039s] INFO:colcon.colcon_core.shell:Creating environment hook '/home/noa/Documents/SLAM/ros2_ws/install/tutorial_interfaces/share/tutorial_interfaces/hook/ld_library_path_lib.sh'
[2.040s] Level 1:colcon.colcon_core.environment:checking '/home/noa/Documents/SLAM/ros2_ws/install/tutorial_interfaces/bin'
[2.040s] Level 1:colcon.colcon_core.environment:checking '/home/noa/Documents/SLAM/ros2_ws/install/tutorial_interfaces/lib/pkgconfig/tutorial_interfaces.pc'
[2.040s] Level 1:colcon.colcon_core.environment:checking '/home/noa/Documents/SLAM/ros2_ws/install/tutorial_interfaces/lib/python3.8/site-packages'
[2.040s] Level 1:colcon.colcon_core.shell:create_environment_hook('tutorial_interfaces', 'pythonpath')
[2.041s] INFO:colcon.colcon_core.shell:Creating environment hook '/home/noa/Documents/SLAM/ros2_ws/install/tutorial_interfaces/share/tutorial_interfaces/hook/pythonpath.ps1'
[2.041s] INFO:colcon.colcon_core.shell:Creating environment descriptor '/home/noa/Documents/SLAM/ros2_ws/install/tutorial_interfaces/share/tutorial_interfaces/hook/pythonpath.dsv'
[2.042s] INFO:colcon.colcon_core.shell:Creating environment hook '/home/noa/Documents/SLAM/ros2_ws/install/tutorial_interfaces/share/tutorial_interfaces/hook/pythonpath.sh'
[2.042s] Level 1:colcon.colcon_core.environment:checking '/home/noa/Documents/SLAM/ros2_ws/install/tutorial_interfaces/bin'
[2.043s] INFO:colcon.colcon_core.shell:Creating package script '/home/noa/Documents/SLAM/ros2_ws/install/tutorial_interfaces/share/tutorial_interfaces/package.ps1'
[2.044s] INFO:colcon.colcon_core.shell:Creating package descriptor '/home/noa/Documents/SLAM/ros2_ws/install/tutorial_interfaces/share/tutorial_interfaces/package.dsv'
[2.044s] INFO:colcon.colcon_core.shell:Creating package script '/home/noa/Documents/SLAM/ros2_ws/install/tutorial_interfaces/share/tutorial_interfaces/package.sh'
[2.045s] INFO:colcon.colcon_core.shell:Creating package script '/home/noa/Documents/SLAM/ros2_ws/install/tutorial_interfaces/share/tutorial_interfaces/package.bash'
[2.045s] INFO:colcon.colcon_core.shell:Creating package script '/home/noa/Documents/SLAM/ros2_ws/install/tutorial_interfaces/share/tutorial_interfaces/package.zsh'
[2.046s] Level 1:colcon.colcon_core.environment:create_file_with_runtime_dependencies(/home/noa/Documents/SLAM/ros2_ws/install/tutorial_interfaces/share/colcon-core/packages/tutorial_interfaces)
[2.046s] INFO:colcon.colcon_ros.task.ament_cmake.build:Building ROS package in '/home/noa/Documents/SLAM/ros2_ws/src/cpp_pubsub_tutorial_interfaces' with build type 'ament_cmake'
[2.046s] INFO:colcon.colcon_cmake.task.cmake.build:Building CMake package in '/home/noa/Documents/SLAM/ros2_ws/src/cpp_pubsub_tutorial_interfaces'
[2.047s] INFO:colcon.colcon_core.shell:Skip shell extension 'powershell' for command environment: Not usable outside of PowerShell
[2.047s] DEBUG:colcon.colcon_core.shell:Skip shell extension 'dsv' for command environment
[2.062s] DEBUG:colcon.colcon_core.event_handler.log_command:Invoking command in '/home/noa/Documents/SLAM/ros2_ws/build/cpp_pubsub_tutorial_interfaces': CMAKE_PREFIX_PATH=/home/noa/Documents/SLAM/ros2_ws/install/tutorial_interfaces:/home/noa/Documents/SLAM/ros2_ws/install/cpp_pubsub_tutorial_interfaces:/home/noa/Documents/SLAM/ros2_ws/install/sllidar_ros2:/home/noa/Documents/SLAM/ros2_ws/install/cpp_pubsub:/opt/ros/foxy PS1=\u@\h \[\033[32m\]\w\[\033[33m\]$(parse_git_branch)\[\033[00m\] $ /usr/bin/cmake /home/noa/Documents/SLAM/ros2_ws/src/cpp_pubsub_tutorial_interfaces -DCMAKE_INSTALL_PREFIX=/home/noa/Documents/SLAM/ros2_ws/install/cpp_pubsub_tutorial_interfaces
[2.670s] DEBUG:colcon.colcon_core.event_handler.log_command:Invoked command in '/home/noa/Documents/SLAM/ros2_ws/build/cpp_pubsub_tutorial_interfaces' returned '0': CMAKE_PREFIX_PATH=/home/noa/Documents/SLAM/ros2_ws/install/tutorial_interfaces:/home/noa/Documents/SLAM/ros2_ws/install/cpp_pubsub_tutorial_interfaces:/home/noa/Documents/SLAM/ros2_ws/install/sllidar_ros2:/home/noa/Documents/SLAM/ros2_ws/install/cpp_pubsub:/opt/ros/foxy PS1=\u@\h \[\033[32m\]\w\[\033[33m\]$(parse_git_branch)\[\033[00m\] $ /usr/bin/cmake /home/noa/Documents/SLAM/ros2_ws/src/cpp_pubsub_tutorial_interfaces -DCMAKE_INSTALL_PREFIX=/home/noa/Documents/SLAM/ros2_ws/install/cpp_pubsub_tutorial_interfaces
[2.673s] DEBUG:colcon.colcon_core.event_handler.log_command:Invoking command in '/home/noa/Documents/SLAM/ros2_ws/build/cpp_pubsub_tutorial_interfaces': CMAKE_PREFIX_PATH=/home/noa/Documents/SLAM/ros2_ws/install/tutorial_interfaces:/home/noa/Documents/SLAM/ros2_ws/install/cpp_pubsub_tutorial_interfaces:/home/noa/Documents/SLAM/ros2_ws/install/sllidar_ros2:/home/noa/Documents/SLAM/ros2_ws/install/cpp_pubsub:/opt/ros/foxy PS1=\u@\h \[\033[32m\]\w\[\033[33m\]$(parse_git_branch)\[\033[00m\] $ /usr/bin/cmake --build /home/noa/Documents/SLAM/ros2_ws/build/cpp_pubsub_tutorial_interfaces -- -j8 -l8
[2.738s] DEBUG:colcon.colcon_core.event_handler.log_command:Invoked command in '/home/noa/Documents/SLAM/ros2_ws/build/cpp_pubsub_tutorial_interfaces' returned '0': CMAKE_PREFIX_PATH=/home/noa/Documents/SLAM/ros2_ws/install/tutorial_interfaces:/home/noa/Documents/SLAM/ros2_ws/install/cpp_pubsub_tutorial_interfaces:/home/noa/Documents/SLAM/ros2_ws/install/sllidar_ros2:/home/noa/Documents/SLAM/ros2_ws/install/cpp_pubsub:/opt/ros/foxy PS1=\u@\h \[\033[32m\]\w\[\033[33m\]$(parse_git_branch)\[\033[00m\] $ /usr/bin/cmake --build /home/noa/Documents/SLAM/ros2_ws/build/cpp_pubsub_tutorial_interfaces -- -j8 -l8
[2.764s] DEBUG:colcon.colcon_core.event_handler.log_command:Invoking command in '/home/noa/Documents/SLAM/ros2_ws/build/cpp_pubsub_tutorial_interfaces': CMAKE_PREFIX_PATH=/home/noa/Documents/SLAM/ros2_ws/install/tutorial_interfaces:/home/noa/Documents/SLAM/ros2_ws/install/cpp_pubsub_tutorial_interfaces:/home/noa/Documents/SLAM/ros2_ws/install/sllidar_ros2:/home/noa/Documents/SLAM/ros2_ws/install/cpp_pubsub:/opt/ros/foxy PS1=\u@\h \[\033[32m\]\w\[\033[33m\]$(parse_git_branch)\[\033[00m\] $ /usr/bin/cmake --install /home/noa/Documents/SLAM/ros2_ws/build/cpp_pubsub_tutorial_interfaces
[2.785s] Level 1:colcon.colcon_core.environment:create_environment_scripts_only(cpp_pubsub_tutorial_interfaces)
[2.785s] DEBUG:colcon.colcon_core.event_handler.log_command:Invoked command in '/home/noa/Documents/SLAM/ros2_ws/build/cpp_pubsub_tutorial_interfaces' returned '0': CMAKE_PREFIX_PATH=/home/noa/Documents/SLAM/ros2_ws/install/tutorial_interfaces:/home/noa/Documents/SLAM/ros2_ws/install/cpp_pubsub_tutorial_interfaces:/home/noa/Documents/SLAM/ros2_ws/install/sllidar_ros2:/home/noa/Documents/SLAM/ros2_ws/install/cpp_pubsub:/opt/ros/foxy PS1=\u@\h \[\033[32m\]\w\[\033[33m\]$(parse_git_branch)\[\033[00m\] $ /usr/bin/cmake --install /home/noa/Documents/SLAM/ros2_ws/build/cpp_pubsub_tutorial_interfaces
[2.786s] Level 1:colcon.colcon_core.environment:checking '/home/noa/Documents/SLAM/ros2_ws/install/cpp_pubsub_tutorial_interfaces' for CMake module files
[2.787s] Level 1:colcon.colcon_core.environment:checking '/home/noa/Documents/SLAM/ros2_ws/install/cpp_pubsub_tutorial_interfaces' for CMake config files
[2.787s] Level 1:colcon.colcon_core.shell:create_environment_hook('cpp_pubsub_tutorial_interfaces', 'cmake_prefix_path')
[2.787s] INFO:colcon.colcon_core.shell:Creating environment hook '/home/noa/Documents/SLAM/ros2_ws/install/cpp_pubsub_tutorial_interfaces/share/cpp_pubsub_tutorial_interfaces/hook/cmake_prefix_path.ps1'
[2.788s] INFO:colcon.colcon_core.shell:Creating environment descriptor '/home/noa/Documents/SLAM/ros2_ws/install/cpp_pubsub_tutorial_interfaces/share/cpp_pubsub_tutorial_interfaces/hook/cmake_prefix_path.dsv'
[2.788s] INFO:colcon.colcon_core.shell:Creating environment hook '/home/noa/Documents/SLAM/ros2_ws/install/cpp_pubsub_tutorial_interfaces/share/cpp_pubsub_tutorial_interfaces/hook/cmake_prefix_path.sh'
[2.789s] Level 1:colcon.colcon_core.environment:checking '/home/noa/Documents/SLAM/ros2_ws/install/cpp_pubsub_tutorial_interfaces/lib'
[2.789s] Level 1:colcon.colcon_core.environment:checking '/home/noa/Documents/SLAM/ros2_ws/install/cpp_pubsub_tutorial_interfaces/bin'
[2.789s] Level 1:colcon.colcon_core.environment:checking '/home/noa/Documents/SLAM/ros2_ws/install/cpp_pubsub_tutorial_interfaces/lib/pkgconfig/cpp_pubsub_tutorial_interfaces.pc'
[2.789s] Level 1:colcon.colcon_core.environment:checking '/home/noa/Documents/SLAM/ros2_ws/install/cpp_pubsub_tutorial_interfaces/lib/python3.8/site-packages'
[2.789s] Level 1:colcon.colcon_core.environment:checking '/home/noa/Documents/SLAM/ros2_ws/install/cpp_pubsub_tutorial_interfaces/bin'
[2.790s] INFO:colcon.colcon_core.shell:Creating package script '/home/noa/Documents/SLAM/ros2_ws/install/cpp_pubsub_tutorial_interfaces/share/cpp_pubsub_tutorial_interfaces/package.ps1'
[2.790s] INFO:colcon.colcon_core.shell:Creating package descriptor '/home/noa/Documents/SLAM/ros2_ws/install/cpp_pubsub_tutorial_interfaces/share/cpp_pubsub_tutorial_interfaces/package.dsv'
[2.790s] INFO:colcon.colcon_core.shell:Creating package script '/home/noa/Documents/SLAM/ros2_ws/install/cpp_pubsub_tutorial_interfaces/share/cpp_pubsub_tutorial_interfaces/package.sh'
[2.791s] INFO:colcon.colcon_core.shell:Creating package script '/home/noa/Documents/SLAM/ros2_ws/install/cpp_pubsub_tutorial_interfaces/share/cpp_pubsub_tutorial_interfaces/package.bash'
[2.791s] INFO:colcon.colcon_core.shell:Creating package script '/home/noa/Documents/SLAM/ros2_ws/install/cpp_pubsub_tutorial_interfaces/share/cpp_pubsub_tutorial_interfaces/package.zsh'
[2.791s] Level 1:colcon.colcon_core.environment:create_file_with_runtime_dependencies(/home/noa/Documents/SLAM/ros2_ws/install/cpp_pubsub_tutorial_interfaces/share/colcon-core/packages/cpp_pubsub_tutorial_interfaces)
[2.811s] Level 1:colcon.colcon_core.environment:create_environment_scripts_only(cpp_pubsub_tutorial_interfaces)
[2.812s] Level 1:colcon.colcon_core.environment:checking '/home/noa/Documents/SLAM/ros2_ws/install/cpp_pubsub_tutorial_interfaces' for CMake module files
[2.812s] Level 1:colcon.colcon_core.environment:checking '/home/noa/Documents/SLAM/ros2_ws/install/cpp_pubsub_tutorial_interfaces' for CMake config files
[2.812s] Level 1:colcon.colcon_core.shell:create_environment_hook('cpp_pubsub_tutorial_interfaces', 'cmake_prefix_path')
[2.813s] INFO:colcon.colcon_core.shell:Creating environment hook '/home/noa/Documents/SLAM/ros2_ws/install/cpp_pubsub_tutorial_interfaces/share/cpp_pubsub_tutorial_interfaces/hook/cmake_prefix_path.ps1'
[2.813s] INFO:colcon.colcon_core.shell:Creating environment descriptor '/home/noa/Documents/SLAM/ros2_ws/install/cpp_pubsub_tutorial_interfaces/share/cpp_pubsub_tutorial_interfaces/hook/cmake_prefix_path.dsv'
[2.813s] INFO:colcon.colcon_core.shell:Creating environment hook '/home/noa/Documents/SLAM/ros2_ws/install/cpp_pubsub_tutorial_interfaces/share/cpp_pubsub_tutorial_interfaces/hook/cmake_prefix_path.sh'
[2.814s] Level 1:colcon.colcon_core.environment:checking '/home/noa/Documents/SLAM/ros2_ws/install/cpp_pubsub_tutorial_interfaces/lib'
[2.814s] Level 1:colcon.colcon_core.environment:checking '/home/noa/Documents/SLAM/ros2_ws/install/cpp_pubsub_tutorial_interfaces/bin'
[2.814s] Level 1:colcon.colcon_core.environment:checking '/home/noa/Documents/SLAM/ros2_ws/install/cpp_pubsub_tutorial_interfaces/lib/pkgconfig/cpp_pubsub_tutorial_interfaces.pc'
[2.814s] Level 1:colcon.colcon_core.environment:checking '/home/noa/Documents/SLAM/ros2_ws/install/cpp_pubsub_tutorial_interfaces/lib/python3.8/site-packages'
[2.814s] Level 1:colcon.colcon_core.environment:checking '/home/noa/Documents/SLAM/ros2_ws/install/cpp_pubsub_tutorial_interfaces/bin'
[2.815s] INFO:colcon.colcon_core.shell:Creating package script '/home/noa/Documents/SLAM/ros2_ws/install/cpp_pubsub_tutorial_interfaces/share/cpp_pubsub_tutorial_interfaces/package.ps1'
[2.815s] INFO:colcon.colcon_core.shell:Creating package descriptor '/home/noa/Documents/SLAM/ros2_ws/install/cpp_pubsub_tutorial_interfaces/share/cpp_pubsub_tutorial_interfaces/package.dsv'
[2.816s] INFO:colcon.colcon_core.shell:Creating package script '/home/noa/Documents/SLAM/ros2_ws/install/cpp_pubsub_tutorial_interfaces/share/cpp_pubsub_tutorial_interfaces/package.sh'
[2.816s] INFO:colcon.colcon_core.shell:Creating package script '/home/noa/Documents/SLAM/ros2_ws/install/cpp_pubsub_tutorial_interfaces/share/cpp_pubsub_tutorial_interfaces/package.bash'
[2.816s] INFO:colcon.colcon_core.shell:Creating package script '/home/noa/Documents/SLAM/ros2_ws/install/cpp_pubsub_tutorial_interfaces/share/cpp_pubsub_tutorial_interfaces/package.zsh'
[2.817s] Level 1:colcon.colcon_core.environment:create_file_with_runtime_dependencies(/home/noa/Documents/SLAM/ros2_ws/install/cpp_pubsub_tutorial_interfaces/share/colcon-core/packages/cpp_pubsub_tutorial_interfaces)
[5.272s] DEBUG:colcon.colcon_core.event_handler.log_command:Invoked command in '/home/noa/Documents/SLAM/ros2_ws/build/sllidar_ros2' returned '0': CMAKE_PREFIX_PATH=${CMAKE_PREFIX_PATH}:/opt/ros/foxy PS1=\u@\h \[\033[32m\]\w\[\033[33m\]$(parse_git_branch)\[\033[00m\] $ /usr/bin/cmake --build /home/noa/Documents/SLAM/ros2_ws/build/sllidar_ros2 -- -j8 -l8
[5.303s] DEBUG:colcon.colcon_core.event_handler.log_command:Invoking command in '/home/noa/Documents/SLAM/ros2_ws/build/sllidar_ros2': CMAKE_PREFIX_PATH=${CMAKE_PREFIX_PATH}:/opt/ros/foxy PS1=\u@\h \[\033[32m\]\w\[\033[33m\]$(parse_git_branch)\[\033[00m\] $ /usr/bin/cmake --install /home/noa/Documents/SLAM/ros2_ws/build/sllidar_ros2
[5.323s] Level 1:colcon.colcon_core.environment:create_environment_scripts_only(sllidar_ros2)
[5.324s] Level 1:colcon.colcon_core.environment:checking '/home/noa/Documents/SLAM/ros2_ws/install/sllidar_ros2' for CMake module files
[5.324s] DEBUG:colcon.colcon_core.event_handler.log_command:Invoked command in '/home/noa/Documents/SLAM/ros2_ws/build/sllidar_ros2' returned '0': CMAKE_PREFIX_PATH=${CMAKE_PREFIX_PATH}:/opt/ros/foxy PS1=\u@\h \[\033[32m\]\w\[\033[33m\]$(parse_git_branch)\[\033[00m\] $ /usr/bin/cmake --install /home/noa/Documents/SLAM/ros2_ws/build/sllidar_ros2
[5.325s] Level 1:colcon.colcon_core.environment:checking '/home/noa/Documents/SLAM/ros2_ws/install/sllidar_ros2' for CMake config files
[5.325s] Level 1:colcon.colcon_core.shell:create_environment_hook('sllidar_ros2', 'cmake_prefix_path')
[5.325s] INFO:colcon.colcon_core.shell:Creating environment hook '/home/noa/Documents/SLAM/ros2_ws/install/sllidar_ros2/share/sllidar_ros2/hook/cmake_prefix_path.ps1'
[5.326s] INFO:colcon.colcon_core.shell:Creating environment descriptor '/home/noa/Documents/SLAM/ros2_ws/install/sllidar_ros2/share/sllidar_ros2/hook/cmake_prefix_path.dsv'
[5.326s] INFO:colcon.colcon_core.shell:Creating environment hook '/home/noa/Documents/SLAM/ros2_ws/install/sllidar_ros2/share/sllidar_ros2/hook/cmake_prefix_path.sh'
[5.326s] Level 1:colcon.colcon_core.environment:checking '/home/noa/Documents/SLAM/ros2_ws/install/sllidar_ros2/lib'
[5.326s] Level 1:colcon.colcon_core.environment:checking '/home/noa/Documents/SLAM/ros2_ws/install/sllidar_ros2/bin'
[5.326s] Level 1:colcon.colcon_core.environment:checking '/home/noa/Documents/SLAM/ros2_ws/install/sllidar_ros2/lib/pkgconfig/sllidar_ros2.pc'
[5.327s] Level 1:colcon.colcon_core.environment:checking '/home/noa/Documents/SLAM/ros2_ws/install/sllidar_ros2/lib/python3.8/site-packages'
[5.327s] Level 1:colcon.colcon_core.environment:checking '/home/noa/Documents/SLAM/ros2_ws/install/sllidar_ros2/bin'
[5.327s] INFO:colcon.colcon_core.shell:Creating package script '/home/noa/Documents/SLAM/ros2_ws/install/sllidar_ros2/share/sllidar_ros2/package.ps1'
[5.327s] INFO:colcon.colcon_core.shell:Creating package descriptor '/home/noa/Documents/SLAM/ros2_ws/install/sllidar_ros2/share/sllidar_ros2/package.dsv'
[5.328s] INFO:colcon.colcon_core.shell:Creating package script '/home/noa/Documents/SLAM/ros2_ws/install/sllidar_ros2/share/sllidar_ros2/package.sh'
[5.328s] INFO:colcon.colcon_core.shell:Creating package script '/home/noa/Documents/SLAM/ros2_ws/install/sllidar_ros2/share/sllidar_ros2/package.bash'
[5.328s] INFO:colcon.colcon_core.shell:Creating package script '/home/noa/Documents/SLAM/ros2_ws/install/sllidar_ros2/share/sllidar_ros2/package.zsh'
[5.328s] Level 1:colcon.colcon_core.environment:create_file_with_runtime_dependencies(/home/noa/Documents/SLAM/ros2_ws/install/sllidar_ros2/share/colcon-core/packages/sllidar_ros2)
[5.358s] Level 1:colcon.colcon_core.environment:create_environment_scripts_only(sllidar_ros2)
[5.358s] Level 1:colcon.colcon_core.environment:checking '/home/noa/Documents/SLAM/ros2_ws/install/sllidar_ros2' for CMake module files
[5.359s] Level 1:colcon.colcon_core.environment:checking '/home/noa/Documents/SLAM/ros2_ws/install/sllidar_ros2' for CMake config files
[5.359s] Level 1:colcon.colcon_core.shell:create_environment_hook('sllidar_ros2', 'cmake_prefix_path')
[5.359s] INFO:colcon.colcon_core.shell:Creating environment hook '/home/noa/Documents/SLAM/ros2_ws/install/sllidar_ros2/share/sllidar_ros2/hook/cmake_prefix_path.ps1'
[5.360s] INFO:colcon.colcon_core.shell:Creating environment descriptor '/home/noa/Documents/SLAM/ros2_ws/install/sllidar_ros2/share/sllidar_ros2/hook/cmake_prefix_path.dsv'
[5.360s] INFO:colcon.colcon_core.shell:Creating environment hook '/home/noa/Documents/SLAM/ros2_ws/install/sllidar_ros2/share/sllidar_ros2/hook/cmake_prefix_path.sh'
[5.360s] Level 1:colcon.colcon_core.environment:checking '/home/noa/Documents/SLAM/ros2_ws/install/sllidar_ros2/lib'
[5.360s] Level 1:colcon.colcon_core.environment:checking '/home/noa/Documents/SLAM/ros2_ws/install/sllidar_ros2/bin'
[5.360s] Level 1:colcon.colcon_core.environment:checking '/home/noa/Documents/SLAM/ros2_ws/install/sllidar_ros2/lib/pkgconfig/sllidar_ros2.pc'
[5.361s] Level 1:colcon.colcon_core.environment:checking '/home/noa/Documents/SLAM/ros2_ws/install/sllidar_ros2/lib/python3.8/site-packages'
[5.361s] Level 1:colcon.colcon_core.environment:checking '/home/noa/Documents/SLAM/ros2_ws/install/sllidar_ros2/bin'
[5.361s] INFO:colcon.colcon_core.shell:Creating package script '/home/noa/Documents/SLAM/ros2_ws/install/sllidar_ros2/share/sllidar_ros2/package.ps1'
[5.362s] INFO:colcon.colcon_core.shell:Creating package descriptor '/home/noa/Documents/SLAM/ros2_ws/install/sllidar_ros2/share/sllidar_ros2/package.dsv'
[5.362s] INFO:colcon.colcon_core.shell:Creating package script '/home/noa/Documents/SLAM/ros2_ws/install/sllidar_ros2/share/sllidar_ros2/package.sh'
[5.362s] INFO:colcon.colcon_core.shell:Creating package script '/home/noa/Documents/SLAM/ros2_ws/install/sllidar_ros2/share/sllidar_ros2/package.bash'
[5.363s] INFO:colcon.colcon_core.shell:Creating package script '/home/noa/Documents/SLAM/ros2_ws/install/sllidar_ros2/share/sllidar_ros2/package.zsh'
[5.363s] Level 1:colcon.colcon_core.environment:create_file_with_runtime_dependencies(/home/noa/Documents/SLAM/ros2_ws/install/sllidar_ros2/share/colcon-core/packages/sllidar_ros2)
[5.363s] DEBUG:colcon.colcon_parallel_executor.executor.parallel:closing loop
[5.364s] DEBUG:colcon.colcon_parallel_executor.executor.parallel:loop closed
[5.364s] DEBUG:colcon.colcon_parallel_executor.executor.parallel:run_until_complete finished with '0'
[5.364s] DEBUG:colcon.colcon_core.event_reactor:joining thread
[5.390s] INFO:colcon.colcon_core.plugin_system:Skipping extension 'colcon_notification.desktop_notification.terminal_notifier': Not used on non-Darwin systems
[5.390s] INFO:colcon.colcon_core.plugin_system:Skipping extension 'colcon_notification.desktop_notification.win32': Not used on non-Windows systems
[5.391s] INFO:colcon.colcon_notification.desktop_notification:Sending desktop notification using 'notify2'
[5.401s] DEBUG:colcon.colcon_core.event_reactor:joined thread
[5.401s] INFO:colcon.colcon_core.shell:Creating prefix script '/home/noa/Documents/SLAM/ros2_ws/install/local_setup.ps1'
[5.403s] INFO:colcon.colcon_core.shell:Creating prefix util module '/home/noa/Documents/SLAM/ros2_ws/install/_local_setup_util_ps1.py'
[5.404s] INFO:colcon.colcon_core.shell:Creating prefix chain script '/home/noa/Documents/SLAM/ros2_ws/install/setup.ps1'
[5.405s] INFO:colcon.colcon_core.shell:Creating prefix script '/home/noa/Documents/SLAM/ros2_ws/install/local_setup.sh'
[5.406s] INFO:colcon.colcon_core.shell:Creating prefix util module '/home/noa/Documents/SLAM/ros2_ws/install/_local_setup_util_sh.py'
[5.406s] INFO:colcon.colcon_core.shell:Creating prefix chain script '/home/noa/Documents/SLAM/ros2_ws/install/setup.sh'
[5.407s] INFO:colcon.colcon_core.shell:Creating prefix script '/home/noa/Documents/SLAM/ros2_ws/install/local_setup.bash'
[5.407s] INFO:colcon.colcon_core.shell:Creating prefix chain script '/home/noa/Documents/SLAM/ros2_ws/install/setup.bash'
[5.408s] INFO:colcon.colcon_core.shell:Creating prefix script '/home/noa/Documents/SLAM/ros2_ws/install/local_setup.zsh'
[5.408s] INFO:colcon.colcon_core.shell:Creating prefix chain script '/home/noa/Documents/SLAM/ros2_ws/install/setup.zsh'
