[0.024s] Invoking command in '/home/noa/Documents/SLAM/ros2_ws/build/sllidar_ros2': CMAKE_PREFIX_PATH=${CMAKE_PREFIX_PATH}:/opt/ros/foxy PS1=\u@\h \[\033[32m\]\w\[\033[33m\]$(parse_git_branch)\[\033[00m\] $ /usr/bin/cmake /home/noa/Documents/SLAM/ros2_ws/src/sllidar_ros2 -DAMENT_CMAKE_SYMLINK_INSTALL=1 -DCMAKE_INSTALL_PREFIX=/home/noa/Documents/SLAM/ros2_ws/install/sllidar_ros2
[0.032s] -- Found ament_cmake: 0.9.9 (/opt/ros/foxy/share/ament_cmake/cmake)
[0.050s] -- Using PYTHON_EXECUTABLE: /usr/bin/python3
[0.193s] -- Override CMake install command with custom implementation using symlinks instead of copying resources
[0.199s] -- Found rclcpp: 2.4.1 (/opt/ros/foxy/share/rclcpp/cmake)
[0.225s] -- Using all available rosidl_typesupport_c: rosidl_typesupport_fastrtps_c;rosidl_typesupport_introspection_c
[0.228s] -- Found rosidl_adapter: 1.2.1 (/opt/ros/foxy/share/rosidl_adapter/cmake)
[0.343s] -- Using all available rosidl_typesupport_cpp: rosidl_typesupport_fastrtps_cpp;rosidl_typesupport_introspection_cpp
[0.382s] -- Found rmw_implementation_cmake: 1.0.3 (/opt/ros/foxy/share/rmw_implementation_cmake/cmake)
[0.383s] -- Using RMW implementation 'rmw_fastrtps_cpp' as default
[0.516s] -- Found sensor_msgs: 2.0.5 (/opt/ros/foxy/share/sensor_msgs/cmake)
[0.616s] -- Found std_srvs: 2.0.5 (/opt/ros/foxy/share/std_srvs/cmake)
[0.700s] -- Configuring done
[0.723s] -- Generating done
[0.724s] -- Build files have been written to: /home/noa/Documents/SLAM/ros2_ws/build/sllidar_ros2
[0.738s] Invoked command in '/home/noa/Documents/SLAM/ros2_ws/build/sllidar_ros2' returned '0': CMAKE_PREFIX_PATH=${CMAKE_PREFIX_PATH}:/opt/ros/foxy PS1=\u@\h \[\033[32m\]\w\[\033[33m\]$(parse_git_branch)\[\033[00m\] $ /usr/bin/cmake /home/noa/Documents/SLAM/ros2_ws/src/sllidar_ros2 -DAMENT_CMAKE_SYMLINK_INSTALL=1 -DCMAKE_INSTALL_PREFIX=/home/noa/Documents/SLAM/ros2_ws/install/sllidar_ros2
[0.740s] Invoking command in '/home/noa/Documents/SLAM/ros2_ws/build/sllidar_ros2': CMAKE_PREFIX_PATH=${CMAKE_PREFIX_PATH}:/opt/ros/foxy PS1=\u@\h \[\033[32m\]\w\[\033[33m\]$(parse_git_branch)\[\033[00m\] $ /usr/bin/cmake --build /home/noa/Documents/SLAM/ros2_ws/build/sllidar_ros2 -- -j8 -l8
[0.809s] [ 14%] Built target sllidar_client
[0.819s] [100%] Built target sllidar_node
[0.830s] Invoked command in '/home/noa/Documents/SLAM/ros2_ws/build/sllidar_ros2' returned '0': CMAKE_PREFIX_PATH=${CMAKE_PREFIX_PATH}:/opt/ros/foxy PS1=\u@\h \[\033[32m\]\w\[\033[33m\]$(parse_git_branch)\[\033[00m\] $ /usr/bin/cmake --build /home/noa/Documents/SLAM/ros2_ws/build/sllidar_ros2 -- -j8 -l8
[0.879s] Invoking command in '/home/noa/Documents/SLAM/ros2_ws/build/sllidar_ros2': CMAKE_PREFIX_PATH=${CMAKE_PREFIX_PATH}:/opt/ros/foxy PS1=\u@\h \[\033[32m\]\w\[\033[33m\]$(parse_git_branch)\[\033[00m\] $ /usr/bin/cmake --install /home/noa/Documents/SLAM/ros2_ws/build/sllidar_ros2
[0.886s] -- Install configuration: ""
[0.887s] -- Execute custom install script
[0.887s] -- Up-to-date symlink: /home/noa/Documents/SLAM/ros2_ws/install/sllidar_ros2/share/sllidar_ros2/launch/sllidar_a3_launch.py
[0.888s] -- Up-to-date symlink: /home/noa/Documents/SLAM/ros2_ws/install/sllidar_ros2/share/sllidar_ros2/launch/sllidar_launch.py
[0.888s] -- Up-to-date symlink: /home/noa/Documents/SLAM/ros2_ws/install/sllidar_ros2/share/sllidar_ros2/launch/sllidar_s1_launch.py
[0.888s] -- Up-to-date symlink: /home/noa/Documents/SLAM/ros2_ws/install/sllidar_ros2/share/sllidar_ros2/launch/sllidar_s1_tcp_launch.py
[0.888s] -- Up-to-date symlink: /home/noa/Documents/SLAM/ros2_ws/install/sllidar_ros2/share/sllidar_ros2/launch/sllidar_s2_launch.py
[0.889s] -- Up-to-date symlink: /home/noa/Documents/SLAM/ros2_ws/install/sllidar_ros2/share/sllidar_ros2/launch/sllidar_t1_launch.py
[0.889s] -- Up-to-date symlink: /home/noa/Documents/SLAM/ros2_ws/install/sllidar_ros2/share/sllidar_ros2/launch/view_sllidar_a3_launch.py
[0.889s] -- Up-to-date symlink: /home/noa/Documents/SLAM/ros2_ws/install/sllidar_ros2/share/sllidar_ros2/launch/view_sllidar_launch.py
[0.889s] -- Up-to-date symlink: /home/noa/Documents/SLAM/ros2_ws/install/sllidar_ros2/share/sllidar_ros2/launch/view_sllidar_s1_launch.py
[0.889s] -- Up-to-date symlink: /home/noa/Documents/SLAM/ros2_ws/install/sllidar_ros2/share/sllidar_ros2/launch/view_sllidar_s1_tcp_launch.py
[0.890s] -- Up-to-date symlink: /home/noa/Documents/SLAM/ros2_ws/install/sllidar_ros2/share/sllidar_ros2/launch/view_sllidar_s2_launch.py
[0.890s] -- Up-to-date symlink: /home/noa/Documents/SLAM/ros2_ws/install/sllidar_ros2/share/sllidar_ros2/launch/view_sllidar_t1_launch.py
[0.890s] -- Up-to-date symlink: /home/noa/Documents/SLAM/ros2_ws/install/sllidar_ros2/share/sllidar_ros2/rviz/sllidar_ros2.rviz
[0.891s] -- Up-to-date symlink: /home/noa/Documents/SLAM/ros2_ws/install/sllidar_ros2/lib/sllidar_ros2/sllidar_node
[0.891s] -- Up-to-date symlink: /home/noa/Documents/SLAM/ros2_ws/install/sllidar_ros2/lib/sllidar_ros2/sllidar_client
[0.891s] -- Up-to-date symlink: /home/noa/Documents/SLAM/ros2_ws/install/sllidar_ros2/share/ament_index/resource_index/package_run_dependencies/sllidar_ros2
[0.892s] -- Up-to-date symlink: /home/noa/Documents/SLAM/ros2_ws/install/sllidar_ros2/share/ament_index/resource_index/parent_prefix_path/sllidar_ros2
[0.892s] -- Up-to-date symlink: /home/noa/Documents/SLAM/ros2_ws/install/sllidar_ros2/share/sllidar_ros2/environment/ament_prefix_path.sh
[0.892s] -- Up-to-date symlink: /home/noa/Documents/SLAM/ros2_ws/install/sllidar_ros2/share/sllidar_ros2/environment/ament_prefix_path.dsv
[0.893s] -- Up-to-date symlink: /home/noa/Documents/SLAM/ros2_ws/install/sllidar_ros2/share/sllidar_ros2/environment/path.sh
[0.893s] -- Up-to-date symlink: /home/noa/Documents/SLAM/ros2_ws/install/sllidar_ros2/share/sllidar_ros2/environment/path.dsv
[0.893s] -- Up-to-date symlink: /home/noa/Documents/SLAM/ros2_ws/install/sllidar_ros2/share/sllidar_ros2/local_setup.bash
[0.894s] -- Up-to-date symlink: /home/noa/Documents/SLAM/ros2_ws/install/sllidar_ros2/share/sllidar_ros2/local_setup.sh
[0.894s] -- Up-to-date symlink: /home/noa/Documents/SLAM/ros2_ws/install/sllidar_ros2/share/sllidar_ros2/local_setup.zsh
[0.894s] -- Up-to-date symlink: /home/noa/Documents/SLAM/ros2_ws/install/sllidar_ros2/share/sllidar_ros2/local_setup.dsv
[0.894s] -- Symlinking: /home/noa/Documents/SLAM/ros2_ws/install/sllidar_ros2/share/sllidar_ros2/package.dsv
[0.905s] -- Up-to-date symlink: /home/noa/Documents/SLAM/ros2_ws/install/sllidar_ros2/share/ament_index/resource_index/packages/sllidar_ros2
[0.905s] -- Up-to-date symlink: /home/noa/Documents/SLAM/ros2_ws/install/sllidar_ros2/share/sllidar_ros2/cmake/ament_cmake_export_dependencies-extras.cmake
[0.905s] -- Up-to-date symlink: /home/noa/Documents/SLAM/ros2_ws/install/sllidar_ros2/share/sllidar_ros2/cmake/ament_cmake_export_include_directories-extras.cmake
[0.905s] -- Up-to-date symlink: /home/noa/Documents/SLAM/ros2_ws/install/sllidar_ros2/share/sllidar_ros2/cmake/sllidar_ros2Config.cmake
[0.906s] -- Up-to-date symlink: /home/noa/Documents/SLAM/ros2_ws/install/sllidar_ros2/share/sllidar_ros2/cmake/sllidar_ros2Config-version.cmake
[0.906s] -- Up-to-date symlink: /home/noa/Documents/SLAM/ros2_ws/install/sllidar_ros2/share/sllidar_ros2/package.xml
[0.909s] Invoked command in '/home/noa/Documents/SLAM/ros2_ws/build/sllidar_ros2' returned '0': CMAKE_PREFIX_PATH=${CMAKE_PREFIX_PATH}:/opt/ros/foxy PS1=\u@\h \[\033[32m\]\w\[\033[33m\]$(parse_git_branch)\[\033[00m\] $ /usr/bin/cmake --install /home/noa/Documents/SLAM/ros2_ws/build/sllidar_ros2
