[0.008s] Invoking command in '/home/noa/Documents/SLAM/ros2_ws/build/cpp_pubsub_tutorial_interfaces': CMAKE_PREFIX_PATH=${CMAKE_PREFIX_PATH}:/opt/ros/foxy PS1=\u@\h \[\033[32m\]\w\[\033[33m\]$(parse_git_branch)\[\033[00m\] $ /usr/bin/cmake /home/noa/Documents/SLAM/ros2_ws/src/cpp_pubsub_tutorial_interfaces -DCMAKE_INSTALL_PREFIX=/home/noa/Documents/SLAM/ros2_ws/install/cpp_pubsub_tutorial_interfaces
[0.046s] -- The C compiler identification is GNU 9.4.0
[0.086s] -- The CXX compiler identification is GNU 9.4.0
[0.090s] -- Check for working C compiler: /usr/bin/cc
[0.139s] -- Check for working C compiler: /usr/bin/cc -- works
[0.140s] -- Detecting C compiler ABI info
[0.189s] -- Detecting C compiler ABI info - done
[0.198s] -- Detecting C compile features
[0.198s] -- Detecting C compile features - done
[0.200s] -- Check for working CXX compiler: /usr/bin/c++
[0.256s] -- Check for working CXX compiler: /usr/bin/c++ -- works
[0.257s] -- Detecting CXX compiler ABI info
[0.314s] -- Detecting CXX compiler ABI info - done
[0.323s] -- Detecting CXX compile features
[0.324s] -- Detecting CXX compile features - done
[0.325s] -- Found ament_cmake: 0.9.9 (/opt/ros/foxy/share/ament_cmake/cmake)
[0.343s] -- Found PythonInterp: /usr/bin/python3 (found suitable version "3.8.10", minimum required is "3") 
[0.344s] -- Using PYTHON_EXECUTABLE: /usr/bin/python3
[0.506s] -- Found rclcpp: 2.4.1 (/opt/ros/foxy/share/rclcpp/cmake)
[0.539s] -- Using all available rosidl_typesupport_c: rosidl_typesupport_fastrtps_c;rosidl_typesupport_introspection_c
[0.544s] -- Found rosidl_adapter: 1.2.1 (/opt/ros/foxy/share/rosidl_adapter/cmake)
[0.596s] -- Found OpenSSL: /usr/lib/x86_64-linux-gnu/libcrypto.so (found version "1.1.1f")  
[0.617s] -- Found FastRTPS: /opt/ros/foxy/include  
[0.674s] -- Using all available rosidl_typesupport_cpp: rosidl_typesupport_fastrtps_cpp;rosidl_typesupport_introspection_cpp
[0.720s] -- Found rmw_implementation_cmake: 1.0.3 (/opt/ros/foxy/share/rmw_implementation_cmake/cmake)
[0.721s] -- Using RMW implementation 'rmw_fastrtps_cpp' as default
[0.721s] -- Looking for pthread.h
[0.775s] -- Looking for pthread.h - found
[0.775s] -- Performing Test CMAKE_HAVE_LIBC_PTHREAD
[0.831s] -- Performing Test CMAKE_HAVE_LIBC_PTHREAD - Failed
[0.831s] -- Looking for pthread_create in pthreads
[0.875s] -- Looking for pthread_create in pthreads - not found
[0.875s] -- Looking for pthread_create in pthread
[0.929s] -- Looking for pthread_create in pthread - found
[0.930s] -- Found Threads: TRUE  
[1.050s] -- Found tutorial_interfaces: 0.0.0 (/home/noa/Documents/SLAM/ros2_ws/install/tutorial_interfaces/share/tutorial_interfaces/cmake)
[1.057s] -- Found ament_lint_auto: 0.9.6 (/opt/ros/foxy/share/ament_lint_auto/cmake)
[1.124s] -- Added test 'copyright' to check source files copyright and LICENSE
[1.132s] -- Added test 'cppcheck' to perform static code analysis on C / C++ code
[1.132s] -- Configured cppcheck include dirs: 
[1.132s] -- Configured cppcheck exclude dirs and/or files: 
[1.139s] -- Added test 'cpplint' to check C / C++ code against the Google style
[1.139s] -- Configured cpplint exclude dirs and/or files: 
[1.141s] -- Added test 'flake8' to check Python code syntax and style conventions
[1.143s] -- Added test 'lint_cmake' to check CMake code style
[1.144s] -- Added test 'pep257' to check Python code against some of the style conventions in PEP 257
[1.151s] -- Added test 'uncrustify' to check C / C++ code style
[1.151s] -- Configured uncrustify additional arguments: 
[1.153s] -- Added test 'xmllint' to check XML markup files
[1.155s] -- Configuring done
[1.164s] -- Generating done
[1.165s] -- Build files have been written to: /home/noa/Documents/SLAM/ros2_ws/build/cpp_pubsub_tutorial_interfaces
[1.170s] Invoked command in '/home/noa/Documents/SLAM/ros2_ws/build/cpp_pubsub_tutorial_interfaces' returned '0': CMAKE_PREFIX_PATH=${CMAKE_PREFIX_PATH}:/opt/ros/foxy PS1=\u@\h \[\033[32m\]\w\[\033[33m\]$(parse_git_branch)\[\033[00m\] $ /usr/bin/cmake /home/noa/Documents/SLAM/ros2_ws/src/cpp_pubsub_tutorial_interfaces -DCMAKE_INSTALL_PREFIX=/home/noa/Documents/SLAM/ros2_ws/install/cpp_pubsub_tutorial_interfaces
[1.171s] Invoking command in '/home/noa/Documents/SLAM/ros2_ws/build/cpp_pubsub_tutorial_interfaces': CMAKE_PREFIX_PATH=${CMAKE_PREFIX_PATH}:/opt/ros/foxy PS1=\u@\h \[\033[32m\]\w\[\033[33m\]$(parse_git_branch)\[\033[00m\] $ /usr/bin/cmake --build /home/noa/Documents/SLAM/ros2_ws/build/cpp_pubsub_tutorial_interfaces -- -j8 -l8
[1.201s] [35m[1mScanning dependencies of target listener[0m
[1.201s] [35m[1mScanning dependencies of target talker[0m
[1.228s] [ 25%] [32mBuilding CXX object CMakeFiles/listener.dir/src/subscriber_member_function.cpp.o[0m
[1.229s] [ 50%] [32mBuilding CXX object CMakeFiles/talker.dir/src/publisher_member_function.cpp.o[0m
[3.445s] [ 75%] [32m[1mLinking CXX executable talker[0m
[3.575s] [ 75%] Built target talker
[4.753s] [100%] [32m[1mLinking CXX executable listener[0m
[4.930s] [100%] Built target listener
[4.939s] Invoked command in '/home/noa/Documents/SLAM/ros2_ws/build/cpp_pubsub_tutorial_interfaces' returned '0': CMAKE_PREFIX_PATH=${CMAKE_PREFIX_PATH}:/opt/ros/foxy PS1=\u@\h \[\033[32m\]\w\[\033[33m\]$(parse_git_branch)\[\033[00m\] $ /usr/bin/cmake --build /home/noa/Documents/SLAM/ros2_ws/build/cpp_pubsub_tutorial_interfaces -- -j8 -l8
[4.956s] Invoking command in '/home/noa/Documents/SLAM/ros2_ws/build/cpp_pubsub_tutorial_interfaces': CMAKE_PREFIX_PATH=${CMAKE_PREFIX_PATH}:/opt/ros/foxy PS1=\u@\h \[\033[32m\]\w\[\033[33m\]$(parse_git_branch)\[\033[00m\] $ /usr/bin/cmake --install /home/noa/Documents/SLAM/ros2_ws/build/cpp_pubsub_tutorial_interfaces
[4.963s] -- Install configuration: ""
[4.963s] -- Installing: /home/noa/Documents/SLAM/ros2_ws/install/cpp_pubsub_tutorial_interfaces/lib/cpp_pubsub_tutorial_interfaces/talker
[4.963s] -- Set runtime path of "/home/noa/Documents/SLAM/ros2_ws/install/cpp_pubsub_tutorial_interfaces/lib/cpp_pubsub_tutorial_interfaces/talker" to ""
[4.963s] -- Installing: /home/noa/Documents/SLAM/ros2_ws/install/cpp_pubsub_tutorial_interfaces/lib/cpp_pubsub_tutorial_interfaces/listener
[4.965s] -- Set runtime path of "/home/noa/Documents/SLAM/ros2_ws/install/cpp_pubsub_tutorial_interfaces/lib/cpp_pubsub_tutorial_interfaces/listener" to ""
[4.965s] -- Installing: /home/noa/Documents/SLAM/ros2_ws/install/cpp_pubsub_tutorial_interfaces/share/ament_index/resource_index/package_run_dependencies/cpp_pubsub_tutorial_interfaces
[4.965s] -- Installing: /home/noa/Documents/SLAM/ros2_ws/install/cpp_pubsub_tutorial_interfaces/share/ament_index/resource_index/parent_prefix_path/cpp_pubsub_tutorial_interfaces
[4.965s] -- Installing: /home/noa/Documents/SLAM/ros2_ws/install/cpp_pubsub_tutorial_interfaces/share/cpp_pubsub_tutorial_interfaces/environment/ament_prefix_path.sh
[4.965s] -- Installing: /home/noa/Documents/SLAM/ros2_ws/install/cpp_pubsub_tutorial_interfaces/share/cpp_pubsub_tutorial_interfaces/environment/ament_prefix_path.dsv
[4.965s] -- Installing: /home/noa/Documents/SLAM/ros2_ws/install/cpp_pubsub_tutorial_interfaces/share/cpp_pubsub_tutorial_interfaces/environment/path.sh
[4.965s] -- Installing: /home/noa/Documents/SLAM/ros2_ws/install/cpp_pubsub_tutorial_interfaces/share/cpp_pubsub_tutorial_interfaces/environment/path.dsv
[4.966s] -- Installing: /home/noa/Documents/SLAM/ros2_ws/install/cpp_pubsub_tutorial_interfaces/share/cpp_pubsub_tutorial_interfaces/local_setup.bash
[4.966s] -- Installing: /home/noa/Documents/SLAM/ros2_ws/install/cpp_pubsub_tutorial_interfaces/share/cpp_pubsub_tutorial_interfaces/local_setup.sh
[4.966s] -- Installing: /home/noa/Documents/SLAM/ros2_ws/install/cpp_pubsub_tutorial_interfaces/share/cpp_pubsub_tutorial_interfaces/local_setup.zsh
[4.966s] -- Installing: /home/noa/Documents/SLAM/ros2_ws/install/cpp_pubsub_tutorial_interfaces/share/cpp_pubsub_tutorial_interfaces/local_setup.dsv
[4.966s] -- Installing: /home/noa/Documents/SLAM/ros2_ws/install/cpp_pubsub_tutorial_interfaces/share/cpp_pubsub_tutorial_interfaces/package.dsv
[4.966s] -- Installing: /home/noa/Documents/SLAM/ros2_ws/install/cpp_pubsub_tutorial_interfaces/share/ament_index/resource_index/packages/cpp_pubsub_tutorial_interfaces
[4.966s] -- Installing: /home/noa/Documents/SLAM/ros2_ws/install/cpp_pubsub_tutorial_interfaces/share/cpp_pubsub_tutorial_interfaces/cmake/cpp_pubsub_tutorial_interfacesConfig.cmake
[4.966s] -- Installing: /home/noa/Documents/SLAM/ros2_ws/install/cpp_pubsub_tutorial_interfaces/share/cpp_pubsub_tutorial_interfaces/cmake/cpp_pubsub_tutorial_interfacesConfig-version.cmake
[4.966s] -- Installing: /home/noa/Documents/SLAM/ros2_ws/install/cpp_pubsub_tutorial_interfaces/share/cpp_pubsub_tutorial_interfaces/package.xml
[4.969s] Invoked command in '/home/noa/Documents/SLAM/ros2_ws/build/cpp_pubsub_tutorial_interfaces' returned '0': CMAKE_PREFIX_PATH=${CMAKE_PREFIX_PATH}:/opt/ros/foxy PS1=\u@\h \[\033[32m\]\w\[\033[33m\]$(parse_git_branch)\[\033[00m\] $ /usr/bin/cmake --install /home/noa/Documents/SLAM/ros2_ws/build/cpp_pubsub_tutorial_interfaces
