[0.022s] Invoking command in '/home/noa/Documents/SLAM/ros2_ws/build/tutorial_interfaces': CMAKE_PREFIX_PATH=${CMAKE_PREFIX_PATH}:/opt/ros/foxy PS1=\u@\h \[\033[32m\]\w\[\033[33m\]$(parse_git_branch)\[\033[00m\] $ /usr/bin/cmake /home/noa/Documents/SLAM/ros2_ws/src/tutorial_interfaces -DAMENT_CMAKE_SYMLINK_INSTALL=1 -DCMAKE_INSTALL_PREFIX=/home/noa/Documents/SLAM/ros2_ws/install/tutorial_interfaces
[0.036s] -- Found ament_cmake: 0.9.9 (/opt/ros/foxy/share/ament_cmake/cmake)
[0.053s] -- Found PythonInterp: /usr/bin/python3 (found suitable version "3.8.10", minimum required is "3") 
[0.053s] -- Using PYTHON_EXECUTABLE: /usr/bin/python3
[0.197s] -- Override CMake install command with custom implementation using symlinks instead of copying resources
[0.203s] -- Found ament_lint_auto: 0.9.6 (/opt/ros/foxy/share/ament_lint_auto/cmake)
[0.263s] -- Found rosidl_default_generators: 1.0.1 (/opt/ros/foxy/share/rosidl_default_generators/cmake)
[0.266s] -- Using all available rosidl_typesupport_c: rosidl_typesupport_fastrtps_c;rosidl_typesupport_introspection_c
[0.270s] -- Found rosidl_adapter: 1.2.1 (/opt/ros/foxy/share/rosidl_adapter/cmake)
[0.387s] -- Using all available rosidl_typesupport_cpp: rosidl_typesupport_fastrtps_cpp;rosidl_typesupport_introspection_cpp
[0.422s] -- Found PythonInterp: /usr/bin/python3 (found version "3.8.10") 
[0.500s] -- Found ament_cmake_ros: 0.9.2 (/opt/ros/foxy/share/ament_cmake_ros/cmake)
[0.581s] -- Using all available rosidl_typesupport_c: rosidl_typesupport_fastrtps_c;rosidl_typesupport_introspection_c
[0.592s] -- Using all available rosidl_typesupport_cpp: rosidl_typesupport_fastrtps_cpp;rosidl_typesupport_introspection_cpp
[0.613s] -- Found PythonInterp: /usr/bin/python3 (found suitable version "3.8.10", minimum required is "3.5") 
[0.613s] -- Found python_cmake_module: 0.8.1 (/opt/ros/foxy/share/python_cmake_module/cmake)
[0.634s] -- Using PYTHON_EXECUTABLE: /usr/bin/python3
[0.634s] -- Using PYTHON_INCLUDE_DIRS: /usr/include/python3.8
[0.634s] -- Using PYTHON_LIBRARIES: /usr/lib/x86_64-linux-gnu/libpython3.8.so
[0.662s] -- Added test 'copyright' to check source files copyright and LICENSE
[0.664s] -- Added test 'lint_cmake' to check CMake code style
[0.665s] -- Added test 'xmllint' to check XML markup files
[0.674s] -- Configuring done
[0.715s] -- Generating done
[0.723s] -- Build files have been written to: /home/noa/Documents/SLAM/ros2_ws/build/tutorial_interfaces
[0.731s] Invoked command in '/home/noa/Documents/SLAM/ros2_ws/build/tutorial_interfaces' returned '0': CMAKE_PREFIX_PATH=${CMAKE_PREFIX_PATH}:/opt/ros/foxy PS1=\u@\h \[\033[32m\]\w\[\033[33m\]$(parse_git_branch)\[\033[00m\] $ /usr/bin/cmake /home/noa/Documents/SLAM/ros2_ws/src/tutorial_interfaces -DAMENT_CMAKE_SYMLINK_INSTALL=1 -DCMAKE_INSTALL_PREFIX=/home/noa/Documents/SLAM/ros2_ws/install/tutorial_interfaces
[0.732s] Invoking command in '/home/noa/Documents/SLAM/ros2_ws/build/tutorial_interfaces': CMAKE_PREFIX_PATH=${CMAKE_PREFIX_PATH}:/opt/ros/foxy PS1=\u@\h \[\033[32m\]\w\[\033[33m\]$(parse_git_branch)\[\033[00m\] $ /usr/bin/cmake --build /home/noa/Documents/SLAM/ros2_ws/build/tutorial_interfaces -- -j8 -l8
[0.786s] [  2%] Built target tutorial_interfaces__cpp
[0.795s] [ 12%] Built target tutorial_interfaces__rosidl_generator_c
[0.826s] [ 23%] Built target tutorial_interfaces__rosidl_typesupport_introspection_cpp
[0.827s] [ 33%] Built target tutorial_interfaces__rosidl_typesupport_cpp
[0.830s] [ 43%] Built target tutorial_interfaces__rosidl_typesupport_fastrtps_cpp
[0.860s] [ 53%] Built target tutorial_interfaces__rosidl_typesupport_c
[0.865s] [ 64%] Built target tutorial_interfaces__rosidl_typesupport_introspection_c
[0.865s] [ 74%] Built target tutorial_interfaces__rosidl_typesupport_fastrtps_c
[0.884s] [ 74%] Built target tutorial_interfaces
[0.906s] [ 76%] Built target tutorial_interfaces__py
[0.932s] [ 84%] Built target tutorial_interfaces__python
[0.958s] [ 89%] Built target tutorial_interfaces__rosidl_typesupport_c__pyext
[0.959s] [ 94%] Built target tutorial_interfaces__rosidl_typesupport_introspection_c__pyext
[0.969s] [100%] Built target tutorial_interfaces__rosidl_typesupport_fastrtps_c__pyext
[0.982s] Invoked command in '/home/noa/Documents/SLAM/ros2_ws/build/tutorial_interfaces' returned '0': CMAKE_PREFIX_PATH=${CMAKE_PREFIX_PATH}:/opt/ros/foxy PS1=\u@\h \[\033[32m\]\w\[\033[33m\]$(parse_git_branch)\[\033[00m\] $ /usr/bin/cmake --build /home/noa/Documents/SLAM/ros2_ws/build/tutorial_interfaces -- -j8 -l8
[1.027s] Invoking command in '/home/noa/Documents/SLAM/ros2_ws/build/tutorial_interfaces': CMAKE_PREFIX_PATH=${CMAKE_PREFIX_PATH}:/opt/ros/foxy PS1=\u@\h \[\033[32m\]\w\[\033[33m\]$(parse_git_branch)\[\033[00m\] $ /usr/bin/cmake --install /home/noa/Documents/SLAM/ros2_ws/build/tutorial_interfaces
[1.034s] -- Install configuration: ""
[1.034s] -- Execute custom install script
[1.035s] -- Up-to-date symlink: /home/noa/Documents/SLAM/ros2_ws/install/tutorial_interfaces/share/ament_index/resource_index/rosidl_interfaces/tutorial_interfaces
[1.035s] -- Up-to-date symlink: /home/noa/Documents/SLAM/ros2_ws/install/tutorial_interfaces/include/tutorial_interfaces/msg/detail/num__functions.h
[1.035s] -- Up-to-date symlink: /home/noa/Documents/SLAM/ros2_ws/install/tutorial_interfaces/include/tutorial_interfaces/msg/detail/num__struct.h
[1.035s] -- Up-to-date symlink: /home/noa/Documents/SLAM/ros2_ws/install/tutorial_interfaces/include/tutorial_interfaces/msg/detail/num__type_support.h
[1.036s] -- Up-to-date symlink: /home/noa/Documents/SLAM/ros2_ws/install/tutorial_interfaces/include/tutorial_interfaces/msg/num.h
[1.036s] -- Up-to-date symlink: /home/noa/Documents/SLAM/ros2_ws/install/tutorial_interfaces/include/tutorial_interfaces/msg/rosidl_generator_c__visibility_control.h
[1.036s] -- Up-to-date symlink: /home/noa/Documents/SLAM/ros2_ws/install/tutorial_interfaces/include/tutorial_interfaces/srv/add_three_ints.h
[1.036s] -- Up-to-date symlink: /home/noa/Documents/SLAM/ros2_ws/install/tutorial_interfaces/include/tutorial_interfaces/srv/detail/add_three_ints__functions.h
[1.036s] -- Up-to-date symlink: /home/noa/Documents/SLAM/ros2_ws/install/tutorial_interfaces/include/tutorial_interfaces/srv/detail/add_three_ints__struct.h
[1.036s] -- Up-to-date symlink: /home/noa/Documents/SLAM/ros2_ws/install/tutorial_interfaces/include/tutorial_interfaces/srv/detail/add_three_ints__type_support.h
[1.037s] -- Up-to-date symlink: /home/noa/Documents/SLAM/ros2_ws/install/tutorial_interfaces/share/tutorial_interfaces/environment/library_path.sh
[1.037s] -- Up-to-date symlink: /home/noa/Documents/SLAM/ros2_ws/install/tutorial_interfaces/share/tutorial_interfaces/environment/library_path.dsv
[1.037s] -- Up-to-date symlink: /home/noa/Documents/SLAM/ros2_ws/install/tutorial_interfaces/include/tutorial_interfaces/msg/detail/num__rosidl_typesupport_fastrtps_c.h
[1.038s] -- Up-to-date symlink: /home/noa/Documents/SLAM/ros2_ws/install/tutorial_interfaces/include/tutorial_interfaces/msg/rosidl_typesupport_fastrtps_c__visibility_control.h
[1.038s] -- Up-to-date symlink: /home/noa/Documents/SLAM/ros2_ws/install/tutorial_interfaces/include/tutorial_interfaces/srv/detail/add_three_ints__rosidl_typesupport_fastrtps_c.h
[1.038s] -- Up-to-date symlink: /home/noa/Documents/SLAM/ros2_ws/install/tutorial_interfaces/lib/libtutorial_interfaces__rosidl_typesupport_fastrtps_c.so
[1.039s] -- Up-to-date symlink: /home/noa/Documents/SLAM/ros2_ws/install/tutorial_interfaces/include/tutorial_interfaces/msg/detail/num__rosidl_typesupport_fastrtps_cpp.hpp
[1.039s] -- Up-to-date symlink: /home/noa/Documents/SLAM/ros2_ws/install/tutorial_interfaces/include/tutorial_interfaces/msg/rosidl_typesupport_fastrtps_cpp__visibility_control.h
[1.039s] -- Up-to-date symlink: /home/noa/Documents/SLAM/ros2_ws/install/tutorial_interfaces/include/tutorial_interfaces/srv/detail/add_three_ints__rosidl_typesupport_fastrtps_cpp.hpp
[1.039s] -- Up-to-date symlink: /home/noa/Documents/SLAM/ros2_ws/install/tutorial_interfaces/lib/libtutorial_interfaces__rosidl_typesupport_fastrtps_cpp.so
[1.040s] -- Up-to-date symlink: /home/noa/Documents/SLAM/ros2_ws/install/tutorial_interfaces/include/tutorial_interfaces/msg/detail/num__rosidl_typesupport_introspection_c.h
[1.040s] -- Up-to-date symlink: /home/noa/Documents/SLAM/ros2_ws/install/tutorial_interfaces/include/tutorial_interfaces/msg/rosidl_typesupport_introspection_c__visibility_control.h
[1.040s] -- Up-to-date symlink: /home/noa/Documents/SLAM/ros2_ws/install/tutorial_interfaces/include/tutorial_interfaces/srv/detail/add_three_ints__rosidl_typesupport_introspection_c.h
[1.041s] -- Up-to-date symlink: /home/noa/Documents/SLAM/ros2_ws/install/tutorial_interfaces/include/tutorial_interfaces/msg/detail/num__builder.hpp
[1.041s] -- Up-to-date symlink: /home/noa/Documents/SLAM/ros2_ws/install/tutorial_interfaces/include/tutorial_interfaces/msg/detail/num__struct.hpp
[1.041s] -- Up-to-date symlink: /home/noa/Documents/SLAM/ros2_ws/install/tutorial_interfaces/include/tutorial_interfaces/msg/detail/num__traits.hpp
[1.041s] -- Up-to-date symlink: /home/noa/Documents/SLAM/ros2_ws/install/tutorial_interfaces/include/tutorial_interfaces/msg/num.hpp
[1.041s] -- Up-to-date symlink: /home/noa/Documents/SLAM/ros2_ws/install/tutorial_interfaces/include/tutorial_interfaces/srv/add_three_ints.hpp
[1.041s] -- Up-to-date symlink: /home/noa/Documents/SLAM/ros2_ws/install/tutorial_interfaces/include/tutorial_interfaces/srv/detail/add_three_ints__builder.hpp
[1.042s] -- Up-to-date symlink: /home/noa/Documents/SLAM/ros2_ws/install/tutorial_interfaces/include/tutorial_interfaces/srv/detail/add_three_ints__struct.hpp
[1.042s] -- Up-to-date symlink: /home/noa/Documents/SLAM/ros2_ws/install/tutorial_interfaces/include/tutorial_interfaces/srv/detail/add_three_ints__traits.hpp
[1.042s] -- Up-to-date symlink: /home/noa/Documents/SLAM/ros2_ws/install/tutorial_interfaces/include/tutorial_interfaces/msg/detail/num__rosidl_typesupport_introspection_cpp.hpp
[1.042s] -- Up-to-date symlink: /home/noa/Documents/SLAM/ros2_ws/install/tutorial_interfaces/include/tutorial_interfaces/srv/detail/add_three_ints__rosidl_typesupport_introspection_cpp.hpp
[1.043s] -- Up-to-date symlink: /home/noa/Documents/SLAM/ros2_ws/install/tutorial_interfaces/share/tutorial_interfaces/environment/pythonpath.sh
[1.043s] -- Up-to-date symlink: /home/noa/Documents/SLAM/ros2_ws/install/tutorial_interfaces/share/tutorial_interfaces/environment/pythonpath.dsv
[1.043s] -- Up-to-date symlink: /home/noa/Documents/SLAM/ros2_ws/install/tutorial_interfaces/lib/python3.8/site-packages/tutorial_interfaces/__init__.py
[1.043s] -- Up-to-date symlink: /home/noa/Documents/SLAM/ros2_ws/install/tutorial_interfaces/lib/python3.8/site-packages/tutorial_interfaces/msg/__init__.py
[1.044s] -- Up-to-date symlink: /home/noa/Documents/SLAM/ros2_ws/install/tutorial_interfaces/lib/python3.8/site-packages/tutorial_interfaces/msg/_num.py
[1.044s] -- Up-to-date symlink: /home/noa/Documents/SLAM/ros2_ws/install/tutorial_interfaces/lib/python3.8/site-packages/tutorial_interfaces/srv/__init__.py
[1.044s] -- Up-to-date symlink: /home/noa/Documents/SLAM/ros2_ws/install/tutorial_interfaces/lib/python3.8/site-packages/tutorial_interfaces/srv/_add_three_ints.py
[1.044s] -- Up-to-date symlink: /home/noa/Documents/SLAM/ros2_ws/install/tutorial_interfaces/lib/python3.8/site-packages/tutorial_interfaces/tutorial_interfaces_s__rosidl_typesupport_fastrtps_c.cpython-38-x86_64-linux-gnu.so
[1.045s] -- Up-to-date symlink: /home/noa/Documents/SLAM/ros2_ws/install/tutorial_interfaces/lib/python3.8/site-packages/tutorial_interfaces/tutorial_interfaces_s__rosidl_typesupport_introspection_c.cpython-38-x86_64-linux-gnu.so
[1.045s] -- Up-to-date symlink: /home/noa/Documents/SLAM/ros2_ws/install/tutorial_interfaces/lib/python3.8/site-packages/tutorial_interfaces/tutorial_interfaces_s__rosidl_typesupport_c.cpython-38-x86_64-linux-gnu.so
[1.045s] -- Up-to-date symlink: /home/noa/Documents/SLAM/ros2_ws/install/tutorial_interfaces/lib/libtutorial_interfaces__python.so
[1.046s] -- Up-to-date symlink: /home/noa/Documents/SLAM/ros2_ws/install/tutorial_interfaces/share/tutorial_interfaces/msg/Num.idl
[1.046s] -- Up-to-date symlink: /home/noa/Documents/SLAM/ros2_ws/install/tutorial_interfaces/share/tutorial_interfaces/srv/AddThreeInts.idl
[1.046s] -- Up-to-date symlink: /home/noa/Documents/SLAM/ros2_ws/install/tutorial_interfaces/share/tutorial_interfaces/msg/Num.msg
[1.046s] -- Up-to-date symlink: /home/noa/Documents/SLAM/ros2_ws/install/tutorial_interfaces/share/tutorial_interfaces/srv/AddThreeInts.srv
[1.047s] -- Up-to-date symlink: /home/noa/Documents/SLAM/ros2_ws/install/tutorial_interfaces/share/tutorial_interfaces/srv/AddThreeInts_Request.msg
[1.047s] -- Up-to-date symlink: /home/noa/Documents/SLAM/ros2_ws/install/tutorial_interfaces/share/tutorial_interfaces/srv/AddThreeInts_Response.msg
[1.047s] -- Up-to-date symlink: /home/noa/Documents/SLAM/ros2_ws/install/tutorial_interfaces/share/ament_index/resource_index/package_run_dependencies/tutorial_interfaces
[1.047s] -- Up-to-date symlink: /home/noa/Documents/SLAM/ros2_ws/install/tutorial_interfaces/share/ament_index/resource_index/parent_prefix_path/tutorial_interfaces
[1.048s] -- Up-to-date symlink: /home/noa/Documents/SLAM/ros2_ws/install/tutorial_interfaces/share/tutorial_interfaces/environment/ament_prefix_path.sh
[1.048s] -- Up-to-date symlink: /home/noa/Documents/SLAM/ros2_ws/install/tutorial_interfaces/share/tutorial_interfaces/environment/ament_prefix_path.dsv
[1.048s] -- Up-to-date symlink: /home/noa/Documents/SLAM/ros2_ws/install/tutorial_interfaces/share/tutorial_interfaces/environment/path.sh
[1.048s] -- Up-to-date symlink: /home/noa/Documents/SLAM/ros2_ws/install/tutorial_interfaces/share/tutorial_interfaces/environment/path.dsv
[1.049s] -- Up-to-date symlink: /home/noa/Documents/SLAM/ros2_ws/install/tutorial_interfaces/share/tutorial_interfaces/local_setup.bash
[1.049s] -- Up-to-date symlink: /home/noa/Documents/SLAM/ros2_ws/install/tutorial_interfaces/share/tutorial_interfaces/local_setup.sh
[1.049s] -- Up-to-date symlink: /home/noa/Documents/SLAM/ros2_ws/install/tutorial_interfaces/share/tutorial_interfaces/local_setup.zsh
[1.049s] -- Up-to-date symlink: /home/noa/Documents/SLAM/ros2_ws/install/tutorial_interfaces/share/tutorial_interfaces/local_setup.dsv
[1.049s] -- Symlinking: /home/noa/Documents/SLAM/ros2_ws/install/tutorial_interfaces/share/tutorial_interfaces/package.dsv
[1.057s] -- Up-to-date symlink: /home/noa/Documents/SLAM/ros2_ws/install/tutorial_interfaces/share/ament_index/resource_index/packages/tutorial_interfaces
[1.057s] -- Up-to-date symlink: /home/noa/Documents/SLAM/ros2_ws/install/tutorial_interfaces/share/tutorial_interfaces/cmake/rosidl_cmake-extras.cmake
[1.057s] -- Up-to-date symlink: /home/noa/Documents/SLAM/ros2_ws/install/tutorial_interfaces/share/tutorial_interfaces/cmake/ament_cmake_export_dependencies-extras.cmake
[1.057s] -- Up-to-date symlink: /home/noa/Documents/SLAM/ros2_ws/install/tutorial_interfaces/share/tutorial_interfaces/cmake/ament_cmake_export_libraries-extras.cmake
[1.058s] -- Up-to-date symlink: /home/noa/Documents/SLAM/ros2_ws/install/tutorial_interfaces/share/tutorial_interfaces/cmake/ament_cmake_export_targets-extras.cmake
[1.058s] -- Up-to-date symlink: /home/noa/Documents/SLAM/ros2_ws/install/tutorial_interfaces/share/tutorial_interfaces/cmake/ament_cmake_export_include_directories-extras.cmake
[1.058s] -- Up-to-date symlink: /home/noa/Documents/SLAM/ros2_ws/install/tutorial_interfaces/share/tutorial_interfaces/cmake/rosidl_cmake_export_typesupport_libraries-extras.cmake
[1.058s] -- Up-to-date symlink: /home/noa/Documents/SLAM/ros2_ws/install/tutorial_interfaces/share/tutorial_interfaces/cmake/rosidl_cmake_export_typesupport_targets-extras.cmake
[1.059s] -- Up-to-date symlink: /home/noa/Documents/SLAM/ros2_ws/install/tutorial_interfaces/share/tutorial_interfaces/cmake/tutorial_interfacesConfig.cmake
[1.059s] -- Up-to-date symlink: /home/noa/Documents/SLAM/ros2_ws/install/tutorial_interfaces/share/tutorial_interfaces/cmake/tutorial_interfacesConfig-version.cmake
[1.059s] -- Up-to-date symlink: /home/noa/Documents/SLAM/ros2_ws/install/tutorial_interfaces/share/tutorial_interfaces/package.xml
[1.059s] -- Up-to-date: /home/noa/Documents/SLAM/ros2_ws/install/tutorial_interfaces/lib/libtutorial_interfaces__rosidl_generator_c.so
[1.060s] -- Up-to-date: /home/noa/Documents/SLAM/ros2_ws/install/tutorial_interfaces/lib/libtutorial_interfaces__rosidl_typesupport_introspection_c.so
[1.060s] -- Up-to-date: /home/noa/Documents/SLAM/ros2_ws/install/tutorial_interfaces/lib/libtutorial_interfaces__rosidl_typesupport_c.so
[1.060s] -- Up-to-date: /home/noa/Documents/SLAM/ros2_ws/install/tutorial_interfaces/lib/libtutorial_interfaces__rosidl_typesupport_introspection_cpp.so
[1.061s] -- Up-to-date: /home/noa/Documents/SLAM/ros2_ws/install/tutorial_interfaces/lib/libtutorial_interfaces__rosidl_typesupport_cpp.so
[1.083s] Compiling '/home/noa/Documents/SLAM/ros2_ws/install/tutorial_interfaces/lib/python3.8/site-packages/tutorial_interfaces/__init__.py'...
[1.087s] -- Up-to-date: /home/noa/Documents/SLAM/ros2_ws/install/tutorial_interfaces/share/tutorial_interfaces/cmake/tutorial_interfaces__rosidl_generator_cExport.cmake
[1.087s] -- Installing: /home/noa/Documents/SLAM/ros2_ws/install/tutorial_interfaces/share/tutorial_interfaces/cmake/tutorial_interfaces__rosidl_generator_cExport-noconfig.cmake
[1.087s] -- Up-to-date: /home/noa/Documents/SLAM/ros2_ws/install/tutorial_interfaces/share/tutorial_interfaces/cmake/tutorial_interfaces__rosidl_typesupport_introspection_cExport.cmake
[1.087s] -- Installing: /home/noa/Documents/SLAM/ros2_ws/install/tutorial_interfaces/share/tutorial_interfaces/cmake/tutorial_interfaces__rosidl_typesupport_introspection_cExport-noconfig.cmake
[1.087s] -- Up-to-date: /home/noa/Documents/SLAM/ros2_ws/install/tutorial_interfaces/share/tutorial_interfaces/cmake/tutorial_interfaces__rosidl_typesupport_cExport.cmake
[1.087s] -- Installing: /home/noa/Documents/SLAM/ros2_ws/install/tutorial_interfaces/share/tutorial_interfaces/cmake/tutorial_interfaces__rosidl_typesupport_cExport-noconfig.cmake
[1.087s] -- Up-to-date: /home/noa/Documents/SLAM/ros2_ws/install/tutorial_interfaces/share/tutorial_interfaces/cmake/tutorial_interfaces__rosidl_generator_cppExport.cmake
[1.088s] -- Up-to-date: /home/noa/Documents/SLAM/ros2_ws/install/tutorial_interfaces/share/tutorial_interfaces/cmake/tutorial_interfaces__rosidl_typesupport_introspection_cppExport.cmake
[1.088s] -- Installing: /home/noa/Documents/SLAM/ros2_ws/install/tutorial_interfaces/share/tutorial_interfaces/cmake/tutorial_interfaces__rosidl_typesupport_introspection_cppExport-noconfig.cmake
[1.088s] -- Up-to-date: /home/noa/Documents/SLAM/ros2_ws/install/tutorial_interfaces/share/tutorial_interfaces/cmake/tutorial_interfaces__rosidl_typesupport_cppExport.cmake
[1.088s] -- Installing: /home/noa/Documents/SLAM/ros2_ws/install/tutorial_interfaces/share/tutorial_interfaces/cmake/tutorial_interfaces__rosidl_typesupport_cppExport-noconfig.cmake
[1.091s] Invoked command in '/home/noa/Documents/SLAM/ros2_ws/build/tutorial_interfaces' returned '0': CMAKE_PREFIX_PATH=${CMAKE_PREFIX_PATH}:/opt/ros/foxy PS1=\u@\h \[\033[32m\]\w\[\033[33m\]$(parse_git_branch)\[\033[00m\] $ /usr/bin/cmake --install /home/noa/Documents/SLAM/ros2_ws/build/tutorial_interfaces
