[0.022s] Invoking command in '/home/noa/Documents/SLAM/ros2_ws/src/build/sllidar_ros2': CMAKE_PREFIX_PATH=${CMAKE_PREFIX_PATH}:/opt/ros/foxy PS1=\u@\h \[\033[32m\]\w\[\033[33m\]$(parse_git_branch)\[\033[00m\] $ /usr/bin/cmake /home/noa/Documents/SLAM/ros2_ws/src/sllidar_ros2 -DAMENT_CMAKE_SYMLINK_INSTALL=1 -DCMAKE_INSTALL_PREFIX=/home/noa/Documents/SLAM/ros2_ws/src/install/sllidar_ros2
[0.071s] -- The C compiler identification is GNU 9.4.0
[0.125s] -- The CXX compiler identification is GNU 9.4.0
[0.129s] -- Check for working C compiler: /usr/bin/cc
[0.185s] -- Check for working C compiler: /usr/bin/cc -- works
[0.185s] -- Detecting C compiler ABI info
[0.258s] -- Detecting C compiler ABI info - done
[0.270s] -- Detecting C compile features
[0.271s] -- Detecting C compile features - done
[0.273s] -- Check for working CXX compiler: /usr/bin/c++
[0.349s] -- Check for working CXX compiler: /usr/bin/c++ -- works
[0.350s] -- Detecting CXX compiler ABI info
[0.436s] -- Detecting CXX compiler ABI info - done
[0.449s] -- Detecting CXX compile features
[0.449s] -- Detecting CXX compile features - done
[0.455s] -- Found ament_cmake: 0.9.9 (/opt/ros/foxy/share/ament_cmake/cmake)
[0.482s] -- Found PythonInterp: /usr/bin/python3 (found suitable version "3.8.10", minimum required is "3") 
[0.482s] -- Using PYTHON_EXECUTABLE: /usr/bin/python3
[0.676s] -- Override CMake install command with custom implementation using symlinks instead of copying resources
[0.708s] -- Found rclcpp: 2.4.1 (/opt/ros/foxy/share/rclcpp/cmake)
[0.762s] -- Using all available rosidl_typesupport_c: rosidl_typesupport_fastrtps_c;rosidl_typesupport_introspection_c
[0.769s] -- Found rosidl_adapter: 1.2.1 (/opt/ros/foxy/share/rosidl_adapter/cmake)
[0.843s] -- Found OpenSSL: /usr/lib/x86_64-linux-gnu/libcrypto.so (found version "1.1.1f")  
[0.881s] -- Found FastRTPS: /opt/ros/foxy/include  
[0.989s] -- Using all available rosidl_typesupport_cpp: rosidl_typesupport_fastrtps_cpp;rosidl_typesupport_introspection_cpp
[1.071s] -- Found rmw_implementation_cmake: 1.0.3 (/opt/ros/foxy/share/rmw_implementation_cmake/cmake)
[1.073s] -- Using RMW implementation 'rmw_fastrtps_cpp' as default
[1.074s] -- Looking for pthread.h
[1.165s] -- Looking for pthread.h - found
[1.165s] -- Performing Test CMAKE_HAVE_LIBC_PTHREAD
[1.234s] -- Performing Test CMAKE_HAVE_LIBC_PTHREAD - Failed
[1.234s] -- Looking for pthread_create in pthreads
[1.308s] -- Looking for pthread_create in pthreads - not found
[1.308s] -- Looking for pthread_create in pthread
[1.431s] -- Looking for pthread_create in pthread - found
[1.431s] -- Found Threads: TRUE  
[1.690s] -- Found sensor_msgs: 2.0.5 (/opt/ros/foxy/share/sensor_msgs/cmake)
[2.024s] -- Found std_srvs: 2.0.5 (/opt/ros/foxy/share/std_srvs/cmake)
[2.250s] -- Configuring done
[2.285s] -- Generating done
[2.291s] -- Build files have been written to: /home/noa/Documents/SLAM/ros2_ws/src/build/sllidar_ros2
[2.337s] Invoked command in '/home/noa/Documents/SLAM/ros2_ws/src/build/sllidar_ros2' returned '0': CMAKE_PREFIX_PATH=${CMAKE_PREFIX_PATH}:/opt/ros/foxy PS1=\u@\h \[\033[32m\]\w\[\033[33m\]$(parse_git_branch)\[\033[00m\] $ /usr/bin/cmake /home/noa/Documents/SLAM/ros2_ws/src/sllidar_ros2 -DAMENT_CMAKE_SYMLINK_INSTALL=1 -DCMAKE_INSTALL_PREFIX=/home/noa/Documents/SLAM/ros2_ws/src/install/sllidar_ros2
[2.344s] Invoking command in '/home/noa/Documents/SLAM/ros2_ws/src/build/sllidar_ros2': CMAKE_PREFIX_PATH=${CMAKE_PREFIX_PATH}:/opt/ros/foxy PS1=\u@\h \[\033[32m\]\w\[\033[33m\]$(parse_git_branch)\[\033[00m\] $ /usr/bin/cmake --build /home/noa/Documents/SLAM/ros2_ws/src/build/sllidar_ros2 -- -j8 -l8
[2.442s] [35m[1mScanning dependencies of target sllidar_node[0m
[2.462s] [35m[1mScanning dependencies of target sllidar_client[0m
[2.527s] [  7%] [32mBuilding CXX object CMakeFiles/sllidar_node.dir/sdk/src/arch/linux/net_serial.cpp.o[0m
[2.537s] [ 14%] [32mBuilding CXX object CMakeFiles/sllidar_node.dir/sdk/src/arch/linux/timer.cpp.o[0m
[2.539s] [ 21%] [32mBuilding CXX object CMakeFiles/sllidar_node.dir/src/sllidar_node.cpp.o[0m
[2.554s] [ 28%] [32mBuilding CXX object CMakeFiles/sllidar_node.dir/sdk/src/hal/thread.cpp.o[0m
[2.559s] [ 35%] [32mBuilding CXX object CMakeFiles/sllidar_node.dir/sdk/src/arch/linux/net_socket.cpp.o[0m
[2.577s] [ 42%] [32mBuilding CXX object CMakeFiles/sllidar_node.dir/sdk/src/rplidar_driver.cpp.o[0m
[2.599s] [ 50%] [32mBuilding CXX object CMakeFiles/sllidar_client.dir/src/sllidar_client.cpp.o[0m
[2.635s] [ 57%] [32mBuilding CXX object CMakeFiles/sllidar_node.dir/sdk/src/sl_crc.cpp.o[0m
[2.647s] In file included from [01m[K/home/noa/Documents/SLAM/ros2_ws/src/sllidar_ros2/./sdk/src/sdkcommon.h:47[m[K,
[2.648s]                  from [01m[K/home/noa/Documents/SLAM/ros2_ws/src/sllidar_ros2/sdk/src/hal/thread.cpp:35[m[K:
[2.648s] [01m[K/home/noa/Documents/SLAM/ros2_ws/src/sllidar_ros2/./sdk/src/hal/assert.h:1:1:[m[K [01;35m[Kwarning: [m[Knull character(s) ignored
[2.648s]     1 | [01;35m[K [m[K                                                                                                                                                                                                                                                                                                                        
[2.648s]       | [01;35m[K^[m[K
[2.691s] In file included from [01m[K/home/noa/Documents/SLAM/ros2_ws/src/sllidar_ros2/./sdk/include/sl_lidar_cmd.h:36[m[K,
[2.691s]                  from [01m[K/home/noa/Documents/SLAM/ros2_ws/src/sllidar_ros2/./sdk/include/sl_crc.h:36[m[K,
[2.692s]                  from [01m[K/home/noa/Documents/SLAM/ros2_ws/src/sllidar_ros2/sdk/src/sl_crc.cpp:33[m[K:
[2.692s] [01m[K/home/noa/Documents/SLAM/ros2_ws/src/sllidar_ros2/./sdk/include/sl_lidar_protocol.h:58:16:[m[K [01;35m[Kwarning: [m[KISO C++ forbids zero-size array ‘[01m[Kdata[m[K’ [[01;35m[K-Wpedantic[m[K]
[2.692s]    58 |     sl_u8 data[[01;35m[K0[m[K];
[2.692s]       |                [01;35m[K^[m[K
[2.692s] In file included from [01m[K/home/noa/Documents/SLAM/ros2_ws/src/sllidar_ros2/./sdk/include/sl_crc.h:36[m[K,
[2.692s]                  from [01m[K/home/noa/Documents/SLAM/ros2_ws/src/sllidar_ros2/sdk/src/sl_crc.cpp:33[m[K:
[2.692s] [01m[K/home/noa/Documents/SLAM/ros2_ws/src/sllidar_ros2/./sdk/include/sl_lidar_cmd.h:295:20:[m[K [01;35m[Kwarning: [m[KISO C++ forbids zero-size array ‘[01m[Kpayload[m[K’ [[01;35m[K-Wpedantic[m[K]
[2.693s]   295 |     sl_u8  payload[[01;35m[K0[m[K];
[2.693s]       |                    [01;35m[K^[m[K
[2.693s] [01m[K/home/noa/Documents/SLAM/ros2_ws/src/sllidar_ros2/sdk/src/sl_crc.cpp:[m[K In function ‘[01m[Ksl_u32 sl::crc32::cal(sl_u32, void*, sl_u16)[m[K’:
[2.693s] [01m[K/home/noa/Documents/SLAM/ros2_ws/src/sllidar_ros2/sdk/src/sl_crc.cpp:77:29:[m[K [01;35m[Kwarning: [m[Ksuggest parentheses around ‘[01m[K-[m[K’ in operand of ‘[01m[K&[m[K’ [[01;35m[K-Wparentheses[m[K]
[2.693s]    77 |         sl_u8 leftBytes = [01;35m[K4 - len[m[K & 0x3;
[2.693s]       |                           [01;35m[K~~^~~~~[m[K
[2.734s] In file included from [01m[K/home/noa/Documents/SLAM/ros2_ws/src/sllidar_ros2/sdk/src/sdkcommon.h:47[m[K,
[2.734s]                  from [01m[K/home/noa/Documents/SLAM/ros2_ws/src/sllidar_ros2/sdk/src/rplidar_driver.cpp:33[m[K:
[2.734s] [01m[K/home/noa/Documents/SLAM/ros2_ws/src/sllidar_ros2/sdk/src/hal/assert.h:1:1:[m[K [01;35m[Kwarning: [m[Knull character(s) ignored
[2.735s]     1 | [01;35m[K [m[K                                                                                                                                                                                                                                                                                                                        
[2.735s]       | [01;35m[K^[m[K
[2.752s] In file included from [01m[K/home/noa/Documents/SLAM/ros2_ws/src/sllidar_ros2/./sdk/src/sdkcommon.h:47[m[K,
[2.752s]                  from [01m[K/home/noa/Documents/SLAM/ros2_ws/src/sllidar_ros2/sdk/src/arch/linux/net_socket.cpp:10[m[K:
[2.752s] [01m[K/home/noa/Documents/SLAM/ros2_ws/src/sllidar_ros2/./sdk/src/hal/assert.h:1:1:[m[K [01;35m[Kwarning: [m[Knull character(s) ignored
[2.752s]     1 | [01;35m[K [m[K                                                                                                                                                                                                                                                                                                                        
[2.753s]       | [01;35m[K^[m[K
[2.753s] In file included from [01m[K/home/noa/Documents/SLAM/ros2_ws/src/sllidar_ros2/sdk/src/rplidar_driver.cpp:37[m[K:
[2.753s] [01m[K/home/noa/Documents/SLAM/ros2_ws/src/sllidar_ros2/sdk/src/hal/assert.h:1:1:[m[K [01;35m[Kwarning: [m[Knull character(s) ignored
[2.753s]     1 | [01;35m[K [m[K                                                                                                                                                                                                                                                                                                                        
[2.754s]       | [01;35m[K^[m[K
[2.793s] [ 64%] [32mBuilding CXX object CMakeFiles/sllidar_node.dir/sdk/src/sl_lidar_driver.cpp.o[0m
[2.932s] In file included from [01m[K/home/noa/Documents/SLAM/ros2_ws/src/sllidar_ros2/sdk/src/sdkcommon.h:47[m[K,
[2.932s]                  from [01m[K/home/noa/Documents/SLAM/ros2_ws/src/sllidar_ros2/sdk/src/sl_lidar_driver.cpp:33[m[K:
[2.932s] [01m[K/home/noa/Documents/SLAM/ros2_ws/src/sllidar_ros2/sdk/src/hal/assert.h:1:1:[m[K [01;35m[Kwarning: [m[Knull character(s) ignored
[2.932s]     1 | [01;35m[K [m[K                                                                                                                                                                                                                                                                                                                        
[2.932s]       | [01;35m[K^[m[K
[2.947s] In file included from [01m[K/home/noa/Documents/SLAM/ros2_ws/src/sllidar_ros2/sdk/src/sl_lidar_driver.cpp:37[m[K:
[2.947s] [01m[K/home/noa/Documents/SLAM/ros2_ws/src/sllidar_ros2/sdk/src/hal/assert.h:1:1:[m[K [01;35m[Kwarning: [m[Knull character(s) ignored
[2.948s]     1 | [01;35m[K [m[K                                                                                                                                                                                                                                                                                                                        
[2.948s]       | [01;35m[K^[m[K
[3.140s] In file included from [01m[K/home/noa/Documents/SLAM/ros2_ws/src/sllidar_ros2/./sdk/include/rplidar_protocol.h:36[m[K,
[3.140s]                  from [01m[K/home/noa/Documents/SLAM/ros2_ws/src/sllidar_ros2/./sdk/include/rplidar.h:39[m[K,
[3.140s]                  from [01m[K/home/noa/Documents/SLAM/ros2_ws/src/sllidar_ros2/./sdk/src/sdkcommon.h:49[m[K,
[3.140s]                  from [01m[K/home/noa/Documents/SLAM/ros2_ws/src/sllidar_ros2/sdk/src/hal/thread.cpp:35[m[K:
[3.140s] [01m[K/home/noa/Documents/SLAM/ros2_ws/src/sllidar_ros2/./sdk/include/sl_lidar_protocol.h:58:16:[m[K [01;35m[Kwarning: [m[KISO C++ forbids zero-size array ‘[01m[Kdata[m[K’ [[01;35m[K-Wpedantic[m[K]
[3.140s]    58 |     sl_u8 data[[01;35m[K0[m[K];
[3.140s]       |                [01;35m[K^[m[K
[3.140s] In file included from [01m[K/home/noa/Documents/SLAM/ros2_ws/src/sllidar_ros2/./sdk/include/rplidar_cmd.h:36[m[K,
[3.140s]                  from [01m[K/home/noa/Documents/SLAM/ros2_ws/src/sllidar_ros2/./sdk/include/rplidar.h:40[m[K,
[3.141s]                  from [01m[K/home/noa/Documents/SLAM/ros2_ws/src/sllidar_ros2/./sdk/src/sdkcommon.h:49[m[K,
[3.141s]                  from [01m[K/home/noa/Documents/SLAM/ros2_ws/src/sllidar_ros2/sdk/src/hal/thread.cpp:35[m[K:
[3.141s] [01m[K/home/noa/Documents/SLAM/ros2_ws/src/sllidar_ros2/./sdk/include/sl_lidar_cmd.h:295:20:[m[K [01;35m[Kwarning: [m[KISO C++ forbids zero-size array ‘[01m[Kpayload[m[K’ [[01;35m[K-Wpedantic[m[K]
[3.141s]   295 |     sl_u8  payload[[01;35m[K0[m[K];
[3.141s]       |                    [01;35m[K^[m[K
[3.265s] [ 71%] [32mBuilding CXX object CMakeFiles/sllidar_node.dir/sdk/src/sl_serial_channel.cpp.o[0m
[3.265s] In file included from [01m[K/home/noa/Documents/SLAM/ros2_ws/src/sllidar_ros2/sdk/src/hal/thread.cpp:43[m[K:
[3.265s] [01m[K/home/noa/Documents/SLAM/ros2_ws/src/sllidar_ros2/./sdk/src/arch/linux/thread.hpp:[m[K In static member function ‘[01m[Kstatic rp::hal::Thread rp::hal::Thread::create(thread_proc_t, void*)[m[K’:
[3.278s] [01m[K/home/noa/Documents/SLAM/ros2_ws/src/sllidar_ros2/./sdk/src/arch/linux/thread.hpp:48:77:[m[K [01;35m[Kwarning: [m[Kcast between incompatible function types from ‘[01m[Kthread_proc_t[m[K’ {aka ‘[01m[Klong unsigned int (*)(void*)[m[K’} to ‘[01m[Kvoid* (*)(void*)[m[K’ [[01;35m[K-Wcast-function-type[m[K]
[3.278s]    48 |     pthread_create((pthread_t *)&newborn._handle, NULL, (void * (*)(void *))[01;35m[Kproc[m[K, data);
[3.278s]       |                                                                             [01;35m[K^~~~[m[K
[3.279s] In file included from [01m[K/home/noa/Documents/SLAM/ros2_ws/src/sllidar_ros2/./sdk/include/rplidar_protocol.h:36[m[K,
[3.279s]                  from [01m[K/home/noa/Documents/SLAM/ros2_ws/src/sllidar_ros2/./sdk/include/rplidar.h:39[m[K,
[3.279s]                  from [01m[K/home/noa/Documents/SLAM/ros2_ws/src/sllidar_ros2/./sdk/src/sdkcommon.h:49[m[K,
[3.279s]                  from [01m[K/home/noa/Documents/SLAM/ros2_ws/src/sllidar_ros2/sdk/src/arch/linux/net_socket.cpp:10[m[K:
[3.279s] [01m[K/home/noa/Documents/SLAM/ros2_ws/src/sllidar_ros2/./sdk/include/sl_lidar_protocol.h:58:16:[m[K [01;35m[Kwarning: [m[KISO C++ forbids zero-size array ‘[01m[Kdata[m[K’ [[01;35m[K-Wpedantic[m[K]
[3.280s]    58 |     sl_u8 data[[01;35m[K0[m[K];
[3.280s]       |                [01;35m[K^[m[K
[3.280s] In file included from [01m[K/home/noa/Documents/SLAM/ros2_ws/src/sllidar_ros2/./sdk/include/rplidar_cmd.h:36[m[K,
[3.280s]                  from [01m[K/home/noa/Documents/SLAM/ros2_ws/src/sllidar_ros2/./sdk/include/rplidar.h:40[m[K,
[3.280s]                  from [01m[K/home/noa/Documents/SLAM/ros2_ws/src/sllidar_ros2/./sdk/src/sdkcommon.h:49[m[K,
[3.280s]                  from [01m[K/home/noa/Documents/SLAM/ros2_ws/src/sllidar_ros2/sdk/src/arch/linux/net_socket.cpp:10[m[K:
[3.281s] [01m[K/home/noa/Documents/SLAM/ros2_ws/src/sllidar_ros2/./sdk/include/sl_lidar_cmd.h:295:20:[m[K [01;35m[Kwarning: [m[KISO C++ forbids zero-size array ‘[01m[Kpayload[m[K’ [[01;35m[K-Wpedantic[m[K]
[3.281s]   295 |     sl_u8  payload[[01;35m[K0[m[K];
[3.285s]       |                    [01;35m[K^[m[K
[3.285s] In file included from [01m[K/home/noa/Documents/SLAM/ros2_ws/src/sllidar_ros2/./sdk/include/rplidar_protocol.h:36[m[K,
[3.285s]                  from [01m[K/home/noa/Documents/SLAM/ros2_ws/src/sllidar_ros2/./sdk/include/rplidar.h:39[m[K,
[3.285s]                  from [01m[K/home/noa/Documents/SLAM/ros2_ws/src/sllidar_ros2/sdk/src/sdkcommon.h:49[m[K,
[3.285s]                  from [01m[K/home/noa/Documents/SLAM/ros2_ws/src/sllidar_ros2/sdk/src/rplidar_driver.cpp:33[m[K:
[3.286s] [01m[K/home/noa/Documents/SLAM/ros2_ws/src/sllidar_ros2/./sdk/include/sl_lidar_protocol.h:58:16:[m[K [01;35m[Kwarning: [m[KISO C++ forbids zero-size array ‘[01m[Kdata[m[K’ [[01;35m[K-Wpedantic[m[K]
[3.286s]    58 |     sl_u8 data[[01;35m[K0[m[K];
[3.286s]       |                [01;35m[K^[m[K
[3.286s] In file included from [01m[K/home/noa/Documents/SLAM/ros2_ws/src/sllidar_ros2/./sdk/include/rplidar_cmd.h:36[m[K,
[3.286s]                  from [01m[K/home/noa/Documents/SLAM/ros2_ws/src/sllidar_ros2/./sdk/include/rplidar.h:40[m[K,
[3.287s]                  from [01m[K/home/noa/Documents/SLAM/ros2_ws/src/sllidar_ros2/sdk/src/sdkcommon.h:49[m[K,
[3.287s]                  from [01m[K/home/noa/Documents/SLAM/ros2_ws/src/sllidar_ros2/sdk/src/rplidar_driver.cpp:33[m[K:
[3.287s] [01m[K/home/noa/Documents/SLAM/ros2_ws/src/sllidar_ros2/./sdk/include/sl_lidar_cmd.h:295:20:[m[K [01;35m[Kwarning: [m[KISO C++ forbids zero-size array ‘[01m[Kpayload[m[K’ [[01;35m[K-Wpedantic[m[K]
[3.287s]   295 |     sl_u8  payload[[01;35m[K0[m[K];
[3.287s]       |                    [01;35m[K^[m[K
[3.293s] [01m[K/home/noa/Documents/SLAM/ros2_ws/src/sllidar_ros2/sdk/src/sl_serial_channel.cpp:33:9:[m[K [01;35m[Kwarning: [m[K#pragma once in main file
[3.293s]    33 | #pragma [01;35m[Konce[m[K
[3.293s]       |         [01;35m[K^~~~[m[K
[3.305s] [01m[K/home/noa/Documents/SLAM/ros2_ws/src/sllidar_ros2/./sdk/src/arch/linux/thread.hpp:[m[K In member function ‘[01m[Ku_result rp::hal::Thread::join(long unsigned int)[m[K’:
[3.306s] [01m[K/home/noa/Documents/SLAM/ros2_ws/src/sllidar_ros2/./sdk/src/arch/linux/thread.hpp:129:37:[m[K [01;35m[Kwarning: [m[Kunused parameter ‘[01m[Ktimeout[m[K’ [[01;35m[K-Wunused-parameter[m[K]
[3.306s]   129 | u_result Thread::join([01;35m[Kunsigned long timeout[m[K)
[3.306s]       |                       [01;35m[K~~~~~~~~~~~~~~^~~~~~~[m[K
[3.316s] In file included from [01m[K/home/noa/Documents/SLAM/ros2_ws/src/sllidar_ros2/./sdk/include/rplidar_protocol.h:36[m[K,
[3.317s]                  from [01m[K/home/noa/Documents/SLAM/ros2_ws/src/sllidar_ros2/./sdk/include/rplidar.h:39[m[K,
[3.317s]                  from [01m[K/home/noa/Documents/SLAM/ros2_ws/src/sllidar_ros2/sdk/src/sdkcommon.h:49[m[K,
[3.317s]                  from [01m[K/home/noa/Documents/SLAM/ros2_ws/src/sllidar_ros2/sdk/src/sl_lidar_driver.cpp:33[m[K:
[3.317s] [01m[K/home/noa/Documents/SLAM/ros2_ws/src/sllidar_ros2/./sdk/include/sl_lidar_protocol.h:58:16:[m[K [01;35m[Kwarning: [m[KISO C++ forbids zero-size array ‘[01m[Kdata[m[K’ [[01;35m[K-Wpedantic[m[K]
[3.317s]    58 |     sl_u8 data[[01;35m[K0[m[K];
[3.318s]       |                [01;35m[K^[m[K
[3.325s] In file included from [01m[K/home/noa/Documents/SLAM/ros2_ws/src/sllidar_ros2/./sdk/include/rplidar_cmd.h:36[m[K,
[3.325s]                  from [01m[K/home/noa/Documents/SLAM/ros2_ws/src/sllidar_ros2/./sdk/include/rplidar.h:40[m[K,
[3.325s]                  from [01m[K/home/noa/Documents/SLAM/ros2_ws/src/sllidar_ros2/sdk/src/sdkcommon.h:49[m[K,
[3.325s]                  from [01m[K/home/noa/Documents/SLAM/ros2_ws/src/sllidar_ros2/sdk/src/sl_lidar_driver.cpp:33[m[K:
[3.326s] [01m[K/home/noa/Documents/SLAM/ros2_ws/src/sllidar_ros2/./sdk/include/sl_lidar_cmd.h:295:20:[m[K [01;35m[Kwarning: [m[KISO C++ forbids zero-size array ‘[01m[Kpayload[m[K’ [[01;35m[K-Wpedantic[m[K]
[3.326s]   295 |     sl_u8  payload[[01;35m[K0[m[K];
[3.327s]       |                    [01;35m[K^[m[K
[3.381s] [01m[K/home/noa/Documents/SLAM/ros2_ws/src/sllidar_ros2/sdk/src/rplidar_driver.cpp:[m[K In member function ‘[01m[Ku_result rp::standalone::rplidar::RPlidarDriver::connect(const char*, _u32, _u32)[m[K’:
[3.389s] [01m[K/home/noa/Documents/SLAM/ros2_ws/src/sllidar_ros2/sdk/src/rplidar_driver.cpp:67:77:[m[K [01;35m[Kwarning: [m[Kunused parameter ‘[01m[Kflag[m[K’ [[01;35m[K-Wunused-parameter[m[K]
[3.389s]    67 |     u_result RPlidarDriver::connect(const char *path, _u32 portOrBaud, [01;35m[K_u32 flag[m[K)
[3.390s]       |                                                                        [01;35m[K~~~~~^~~~[m[K
[3.390s] [01m[K/home/noa/Documents/SLAM/ros2_ws/src/sllidar_ros2/sdk/src/rplidar_driver.cpp:[m[K In member function ‘[01m[Ku_result rp::standalone::rplidar::RPlidarDriver::reset(_u32)[m[K’:
[3.390s] [01m[K/home/noa/Documents/SLAM/ros2_ws/src/sllidar_ros2/sdk/src/rplidar_driver.cpp:101:40:[m[K [01;35m[Kwarning: [m[Kunused parameter ‘[01m[Ktimeout[m[K’ [[01;35m[K-Wunused-parameter[m[K]
[3.390s]   101 |     u_result RPlidarDriver::reset([01;35m[K_u32 timeout[m[K)
[3.390s]       |                                   [01;35m[K~~~~~^~~~~~~[m[K
[3.390s] [01m[K/home/noa/Documents/SLAM/ros2_ws/src/sllidar_ros2/sdk/src/rplidar_driver.cpp:[m[K In member function ‘[01m[Ku_result rp::standalone::rplidar::RPlidarDriver::getScanDataWithInterval(rplidar_response_measurement_node_t*, size_t&)[m[K’:
[3.390s] [01m[K/home/noa/Documents/SLAM/ros2_ws/src/sllidar_ros2/sdk/src/rplidar_driver.cpp:175:91:[m[K [01;35m[Kwarning: [m[Kunused parameter ‘[01m[Knodebuffer[m[K’ [[01;35m[K-Wunused-parameter[m[K]
[3.390s]   175 |     u_result RPlidarDriver::getScanDataWithInterval([01;35m[Krplidar_response_measurement_node_t * nodebuffer[m[K, size_t & count)
[3.390s]       |                                                     [01;35m[K~~~~~~~~~~~~~~~~~~~~~~~~~~~~~~~~~~~~~~^~~~~~~~~~[m[K
[3.390s] [01m[K/home/noa/Documents/SLAM/ros2_ws/src/sllidar_ros2/sdk/src/rplidar_driver.cpp:175:112:[m[K [01;35m[Kwarning: [m[Kunused parameter ‘[01m[Kcount[m[K’ [[01;35m[K-Wunused-parameter[m[K]
[3.390s]   175 |     u_result RPlidarDriver::getScanDataWithInterval(rplidar_response_measurement_node_t * nodebuffer, [01;35m[Ksize_t & count[m[K)
[3.390s]       |                                                                                                       [01;35m[K~~~~~~~~~^~~~~[m[K
[3.421s] [01m[K/home/noa/Documents/SLAM/ros2_ws/src/sllidar_ros2/sdk/src/arch/linux/net_socket.cpp:[m[K In member function ‘[01m[Kvirtual u_result rp::net::SocketAddress::getAddressAsString(char*, size_t) const[m[K’:
[3.422s] [01m[K/home/noa/Documents/SLAM/ros2_ws/src/sllidar_ros2/sdk/src/arch/linux/net_socket.cpp:170:17:[m[K [01;35m[Kwarning: [m[Kordered comparison of pointer with integer zero [[01;35m[K-Wextra[m[K]
[3.422s]   170 |     return ans<=[01;35m[K0[m[K?RESULT_OPERATION_FAIL:RESULT_OK;
[3.422s]       |                 [01;35m[K^[m[K
[3.448s] [01m[K/home/noa/Documents/SLAM/ros2_ws/src/sllidar_ros2/sdk/src/arch/linux/net_socket.cpp:[m[K In member function ‘[01m[Kvirtual u_result rp::arch::net::StreamSocketImpl::send(const void*, size_t)[m[K’:
[3.448s] [01m[K/home/noa/Documents/SLAM/ros2_ws/src/sllidar_ros2/sdk/src/arch/linux/net_socket.cpp:438:17:[m[K [01;35m[Kwarning: [m[Kcomparison of integer expressions of different signedness: ‘[01m[Ksize_t[m[K’ {aka ‘[01m[Klong unsigned int[m[K’} and ‘[01m[Kint[m[K’ [[01;35m[K-Wsign-compare[m[K]
[3.448s]   438 |         if ([01;35m[Kans == (int)len[m[K) {
[3.448s]       |             [01;35m[K~~~~^~~~~~~~~~~[m[K
[3.449s] [01m[K/home/noa/Documents/SLAM/ros2_ws/src/sllidar_ros2/sdk/src/arch/linux/net_serial.cpp:[m[K In member function ‘[01m[Kbool rp::arch::net::raw_serial::open(const char*, uint32_t, uint32_t)[m[K’:
[3.449s] [01m[K/home/noa/Documents/SLAM/ros2_ws/src/sllidar_ros2/sdk/src/arch/linux/net_serial.cpp:97:74:[m[K [01;35m[Kwarning: [m[Kunused parameter ‘[01m[Kflags[m[K’ [[01;35m[K-Wunused-parameter[m[K]
[3.449s]    97 | bool raw_serial::open(const char * portname, uint32_t baudrate, [01;35m[Kuint32_t flags[m[K)
[3.449s]       |                                                                 [01;35m[K~~~~~~~~~^~~~~[m[K
[3.449s] [01m[K/home/noa/Documents/SLAM/ros2_ws/src/sllidar_ros2/sdk/src/arch/linux/net_serial.cpp:[m[K In member function ‘[01m[Kvirtual void rp::arch::net::raw_serial::flush(_u32)[m[K’:
[3.449s] [01m[K/home/noa/Documents/SLAM/ros2_ws/src/sllidar_ros2/sdk/src/arch/linux/net_serial.cpp:281:30:[m[K [01;35m[Kwarning: [m[Kunused parameter ‘[01m[Kflags[m[K’ [[01;35m[K-Wunused-parameter[m[K]
[3.449s]   281 | void raw_serial::flush( [01;35m[K_u32 flags[m[K)
[3.449s]       |                         [01;35m[K~~~~~^~~~~[m[K
[3.450s] [01m[K/home/noa/Documents/SLAM/ros2_ws/src/sllidar_ros2/sdk/src/arch/linux/net_serial.cpp:[m[K In member function ‘[01m[Kvirtual int rp::arch::net::raw_serial::waitforsent(_u32, size_t*)[m[K’:
[3.450s] [01m[K/home/noa/Documents/SLAM/ros2_ws/src/sllidar_ros2/sdk/src/arch/linux/net_serial.cpp:286:34:[m[K [01;35m[Kwarning: [m[Kunused parameter ‘[01m[Ktimeout[m[K’ [[01;35m[K-Wunused-parameter[m[K]
[3.450s]   286 | int raw_serial::waitforsent([01;35m[K_u32 timeout[m[K, size_t * returned_size)
[3.456s]       |                             [01;35m[K~~~~~^~~~~~~[m[K
[3.456s] In file included from [01m[K/home/noa/Documents/SLAM/ros2_ws/src/sllidar_ros2/./sdk/src/arch/linux/arch_linux.h:42[m[K,
[3.457s]                  from [01m[K/home/noa/Documents/SLAM/ros2_ws/src/sllidar_ros2/./sdk/src/sdkcommon.h:41[m[K,
[3.457s]                  from [01m[K/home/noa/Documents/SLAM/ros2_ws/src/sllidar_ros2/sdk/src/arch/linux/net_socket.cpp:10[m[K:
[3.457s] [01m[K/home/noa/Documents/SLAM/ros2_ws/src/sllidar_ros2/sdk/src/arch/linux/net_socket.cpp:[m[K In member function ‘[01m[Kvirtual u_result rp::arch::net::DGramSocketImpl::sendTo(const rp::net::SocketAddress&, const void*, size_t)[m[K’:
[3.457s] [01m[K/home/noa/Documents/SLAM/ros2_ws/src/sllidar_ros2/sdk/src/arch/linux/net_socket.cpp:726:24:[m[K [01;35m[Kwarning: [m[Kcomparison of integer expressions of different signedness: ‘[01m[Ksize_t[m[K’ {aka ‘[01m[Klong unsigned int[m[K’} and ‘[01m[Kint[m[K’ [[01;35m[K-Wsign-compare[m[K]
[3.457s]   726 |             assert([01;35m[Kans == (int)len[m[K);
[3.457s]       |                    [01;35m[K~~~~^~~~~~~~~~~[m[K
[3.457s] [01m[K/home/noa/Documents/SLAM/ros2_ws/src/sllidar_ros2/sdk/src/arch/linux/net_serial.cpp:[m[K In member function ‘[01m[Kvirtual int rp::arch::net::raw_serial::waitforrecv(_u32, size_t*)[m[K’:
[3.457s] [01m[K/home/noa/Documents/SLAM/ros2_ws/src/sllidar_ros2/sdk/src/arch/linux/net_serial.cpp:292:34:[m[K [01;35m[Kwarning: [m[Kunused parameter ‘[01m[Ktimeout[m[K’ [[01;35m[K-Wunused-parameter[m[K]
[3.457s]   292 | int raw_serial::waitforrecv([01;35m[K_u32 timeout[m[K, size_t * returned_size)
[3.458s]       |                             [01;35m[K~~~~~^~~~~~~[m[K
[3.470s] [ 78%] [32mBuilding CXX object CMakeFiles/sllidar_node.dir/sdk/src/sl_tcp_channel.cpp.o[0m
[3.483s] [01m[K/home/noa/Documents/SLAM/ros2_ws/src/sllidar_ros2/sdk/src/sl_lidar_driver.cpp:[m[K In member function ‘[01m[Kvirtual sl_result sl::SlamtecLidarDriver::reset(sl_u32)[m[K’:
[3.483s] [01m[K/home/noa/Documents/SLAM/ros2_ws/src/sllidar_ros2/sdk/src/sl_lidar_driver.cpp:273:32:[m[K [01;35m[Kwarning: [m[Kunused parameter ‘[01m[KtimeoutInMs[m[K’ [[01;35m[K-Wunused-parameter[m[K]
[3.484s]   273 |         sl_result reset([01;35m[Ksl_u32 timeoutInMs = DEFAULT_TIMEOUT[m[K)
[3.484s]       |                         [01;35m[K~~~~~~~^~~~~~~~~~~~~~~~~~~~~~~~~~~~~[m[K
[3.487s] [01m[K/home/noa/Documents/SLAM/ros2_ws/src/sllidar_ros2/sdk/src/sl_lidar_driver.cpp:[m[K In member function ‘[01m[Kvirtual sl_result sl::SlamtecLidarDriver::getAllSupportedScanModes(std::vector<sl::LidarScanMode>&, sl_u32)[m[K’:
[3.487s] [01m[K/home/noa/Documents/SLAM/ros2_ws/src/sllidar_ros2/sdk/src/sl_lidar_driver.cpp:286:89:[m[K [01;35m[Kwarning: [m[Kunused parameter ‘[01m[KtimeoutInMs[m[K’ [[01;35m[K-Wunused-parameter[m[K]
[3.487s]   286 |         sl_result getAllSupportedScanModes(std::vector<LidarScanMode>& outModes, [01;35m[Ksl_u32 timeoutInMs = DEFAULT_TIMEOUT[m[K)
[3.487s]       |                                                                                  [01;35m[K~~~~~~~^~~~~~~~~~~~~~~~~~~~~~~~~~~~~[m[K
[3.489s] [01m[K/home/noa/Documents/SLAM/ros2_ws/src/sllidar_ros2/sdk/src/sl_lidar_driver.cpp:[m[K In member function ‘[01m[Kvirtual sl_result sl::SlamtecLidarDriver::startScan(bool, bool, sl_u32, sl::LidarScanMode*)[m[K’:
[3.489s] [01m[K/home/noa/Documents/SLAM/ros2_ws/src/sllidar_ros2/sdk/src/sl_lidar_driver.cpp:347:69:[m[K [01;35m[Kwarning: [m[Kunused parameter ‘[01m[Koptions[m[K’ [[01;35m[K-Wunused-parameter[m[K]
[3.489s]   347 |         sl_result startScan(bool force, bool useTypicalScan, [01;35m[Ksl_u32 options = 0[m[K, LidarScanMode* outUsedScanMode = nullptr)
[3.489s]       |                                                              [01;35m[K~~~~~~~^~~~~~~~~~~[m[K
[3.493s] [01m[K/home/noa/Documents/SLAM/ros2_ws/src/sllidar_ros2/sdk/src/sl_lidar_driver.cpp:[m[K In member function ‘[01m[Kvirtual sl_result sl::SlamtecLidarDriver::stop(sl_u32)[m[K’:
[3.493s] [01m[K/home/noa/Documents/SLAM/ros2_ws/src/sllidar_ros2/sdk/src/sl_lidar_driver.cpp:534:31:[m[K [01;35m[Kwarning: [m[Kunused parameter ‘[01m[Ktimeout[m[K’ [[01;35m[K-Wunused-parameter[m[K]
[3.493s]   534 |         sl_result stop([01;35m[Ksl_u32 timeout = DEFAULT_TIMEOUT[m[K)
[3.493s]       |                        [01;35m[K~~~~~~~^~~~~~~~~~~~~~~~~~~~~~~~~[m[K
[3.494s] [ 85%] [32mBuilding CXX object CMakeFiles/sllidar_node.dir/sdk/src/sl_udp_channel.cpp.o[0m
[3.494s] [01m[K/home/noa/Documents/SLAM/ros2_ws/src/sllidar_ros2/sdk/src/sl_lidar_driver.cpp:[m[K In member function ‘[01m[Kvirtual sl_result sl::SlamtecLidarDriver::getDeviceInfo(sl_lidar_response_device_info_t&, sl_u32)[m[K’:
[3.495s] [01m[K/home/noa/Documents/SLAM/ros2_ws/src/sllidar_ros2/sdk/src/sl_lidar_driver.cpp:579:79:[m[K [01;35m[Kwarning: [m[Kunused parameter ‘[01m[Ktimeout[m[K’ [[01;35m[K-Wunused-parameter[m[K]
[3.495s]   579 |         sl_result getDeviceInfo(sl_lidar_response_device_info_t& info, [01;35m[Ksl_u32 timeout = DEFAULT_TIMEOUT[m[K)
[3.495s]       |                                                                        [01;35m[K~~~~~~~^~~~~~~~~~~~~~~~~~~~~~~~~[m[K
[3.496s] [01m[K/home/noa/Documents/SLAM/ros2_ws/src/sllidar_ros2/sdk/src/sl_lidar_driver.cpp:[m[K In member function ‘[01m[Kvirtual sl_result sl::SlamtecLidarDriver::checkMotorCtrlSupport(sl::MotorCtrlSupport&, sl_u32)[m[K’:
[3.496s] [01m[K/home/noa/Documents/SLAM/ros2_ws/src/sllidar_ros2/sdk/src/sl_lidar_driver.cpp:592:76:[m[K [01;35m[Kwarning: [m[Kunused parameter ‘[01m[Ktimeout[m[K’ [[01;35m[K-Wunused-parameter[m[K]
[3.496s]   592 |         sl_result checkMotorCtrlSupport(MotorCtrlSupport & support, [01;35m[Ksl_u32 timeout = DEFAULT_TIMEOUT[m[K)
[3.496s]       |                                                                     [01;35m[K~~~~~~~^~~~~~~~~~~~~~~~~~~~~~~~~[m[K
[3.497s] [01m[K/home/noa/Documents/SLAM/ros2_ws/src/sllidar_ros2/sdk/src/sl_lidar_driver.cpp:[m[K In member function ‘[01m[Kvirtual sl_result sl::SlamtecLidarDriver::getFrequency(const sl::LidarScanMode&, const sl_lidar_response_measurement_node_hq_t*, size_t, float&)[m[K’:
[3.497s] [01m[K/home/noa/Documents/SLAM/ros2_ws/src/sllidar_ros2/sdk/src/sl_lidar_driver.cpp:627:110:[m[K [01;35m[Kwarning: [m[Kunused parameter ‘[01m[Knodes[m[K’ [[01;35m[K-Wunused-parameter[m[K]
[3.497s]   627 |         sl_result getFrequency(const LidarScanMode& scanMode, [01;35m[Kconst sl_lidar_response_measurement_node_hq_t* nodes[m[K, size_t count, float& frequency)
[3.497s]       |                                                               [01;35m[K~~~~~~~~~~~~~~~~~~~~~~~~~~~~~~~~~~~~~~~~~~~~~~~^~~~~[m[K
[3.498s] [01m[K/home/noa/Documents/SLAM/ros2_ws/src/sllidar_ros2/sdk/src/sl_lidar_driver.cpp:[m[K In member function ‘[01m[Kvirtual sl_result sl::SlamtecLidarDriver::getHealth(sl_lidar_response_device_health_t&, sl_u32)[m[K’:
[3.498s] [01m[K/home/noa/Documents/SLAM/ros2_ws/src/sllidar_ros2/sdk/src/sl_lidar_driver.cpp:640:79:[m[K [01;35m[Kwarning: [m[Kunused parameter ‘[01m[Ktimeout[m[K’ [[01;35m[K-Wunused-parameter[m[K]
[3.498s]   640 |         sl_result getHealth(sl_lidar_response_device_health_t& health, [01;35m[Ksl_u32 timeout = DEFAULT_TIMEOUT[m[K)
[3.498s]       |                                                                        [01;35m[K~~~~~~~^~~~~~~~~~~~~~~~~~~~~~~~~[m[K
[3.500s] [01m[K/home/noa/Documents/SLAM/ros2_ws/src/sllidar_ros2/sdk/src/sl_lidar_driver.cpp:[m[K In member function ‘[01m[Kvirtual sl_result sl::SlamtecLidarDriver::getMotorInfo(sl::LidarMotorInfo&, sl_u32)[m[K’:
[3.501s] [01m[K/home/noa/Documents/SLAM/ros2_ws/src/sllidar_ros2/sdk/src/sl_lidar_driver.cpp:730:66:[m[K [01;35m[Kwarning: [m[Kunused parameter ‘[01m[KtimeoutInMs[m[K’ [[01;35m[K-Wunused-parameter[m[K]
[3.501s]   730 |         sl_result getMotorInfo(LidarMotorInfo &motorInfo, [01;35m[Ksl_u32 timeoutInMs[m[K)
[3.501s]       |                                                           [01;35m[K~~~~~~~^~~~~~~~~~~[m[K
[3.507s] [01m[K/home/noa/Documents/SLAM/ros2_ws/src/sllidar_ros2/sdk/src/sl_lidar_driver.cpp:[m[K In member function ‘[01m[Ksl_result sl::SlamtecLidarDriver::_sendCommand(sl_u16, const void*, size_t)[m[K’:
[3.507s] [01m[K/home/noa/Documents/SLAM/ros2_ws/src/sllidar_ros2/sdk/src/sl_lidar_driver.cpp:1089:35:[m[K [01;35m[Kwarning: [m[Kcomparison of integer expressions of different signedness: ‘[01m[Kint[m[K’ and ‘[01m[Kstd::vector<unsigned char>::size_type[m[K’ {aka ‘[01m[Klong unsigned int[m[K’} [[01;35m[K-Wsign-compare[m[K]
[3.507s]  1089 |             for (int pos = 0; [01;35m[Kpos < cmd_packet.size()[m[K; pos++) {
[3.507s]       |                               [01;35m[K~~~~^~~~~~~~~~~~~~~~~~~[m[K
[3.508s] [01m[K/home/noa/Documents/SLAM/ros2_ws/src/sllidar_ros2/sdk/src/sl_lidar_driver.cpp:1058:19:[m[K [01;35m[Kwarning: [m[Kunused variable ‘[01m[Kpkt_header[m[K’ [[01;35m[K-Wunused-variable[m[K]
[3.508s]  1058 |             sl_u8 [01;35m[Kpkt_header[m[K[10];
[3.508s]       |                   [01;35m[K^~~~~~~~~~[m[K
[3.512s] [01m[K/home/noa/Documents/SLAM/ros2_ws/src/sllidar_ros2/sdk/src/sl_lidar_driver.cpp:[m[K In member function ‘[01m[Kvoid sl::SlamtecLidarDriver::_ultraCapsuleToNormal(const sl_lidar_response_ultra_capsule_measurement_nodes_t&, sl_lidar_response_measurement_node_hq_t*, size_t&)[m[K’:
[3.512s] [01m[K/home/noa/Documents/SLAM/ros2_ws/src/sllidar_ros2/sdk/src/sl_lidar_driver.cpp:1370:40:[m[K [01;35m[Kwarning: [m[Kcomparison of integer expressions of different signedness: ‘[01m[Kint[m[K’ and ‘[01m[Kunsigned int[m[K’ [[01;35m[K-Wsign-compare[m[K]
[3.512s]  1370 |                     if (([01;35m[Kdist_predict1 == 0xFFFFFE00[m[K) || (dist_predict1 == 0x1FF)) {
[3.512s]       |                          [01;35m[K~~~~~~~~~~~~~~^~~~~~~~~~~~~[m[K
[3.512s] [01m[K/home/noa/Documents/SLAM/ros2_ws/src/sllidar_ros2/sdk/src/sl_lidar_driver.cpp:1379:40:[m[K [01;35m[Kwarning: [m[Kcomparison of integer expressions of different signedness: ‘[01m[Kint[m[K’ and ‘[01m[Kunsigned int[m[K’ [[01;35m[K-Wsign-compare[m[K]
[3.520s]  1379 |                     if (([01;35m[Kdist_predict2 == 0xFFFFFE00[m[K) || (dist_predict2 == 0x1FF)) {
[3.521s]       |                          [01;35m[K~~~~~~~~~~~~~~^~~~~~~~~~~~~[m[K
[3.523s] [01m[K/home/noa/Documents/SLAM/ros2_ws/src/sllidar_ros2/sdk/src/sl_tcp_channel.cpp:33:9:[m[K [01;35m[Kwarning: [m[K#pragma once in main file
[3.524s]    33 | #pragma [01;35m[Konce[m[K
[3.524s]       |         [01;35m[K^~~~[m[K
[3.525s] [01m[K/home/noa/Documents/SLAM/ros2_ws/src/sllidar_ros2/sdk/src/sl_lidar_driver.cpp:[m[K In member function ‘[01m[Kvoid sl::SlamtecLidarDriver::_dense_capsuleToNormal(const sl_lidar_response_capsule_measurement_nodes_t&, sl_lidar_response_measurement_node_hq_t*, size_t&)[m[K’:
[3.525s] [01m[K/home/noa/Documents/SLAM/ros2_ws/src/sllidar_ros2/sdk/src/sl_lidar_driver.cpp:1577:116:[m[K [01;35m[Kwarning: [m[Ktype qualifiers ignored on cast result type [[01;35m[K-Wignored-qualifiers[m[K]
[3.525s]  1577 |                     const int dist = static_cast<const int>(_cached_previous_dense_capsuledata.cabins[pos].distance[01;35m[K)[m[K;
[3.525s]       |                                                                                                                    [01;35m[K^[m[K
[3.542s] [01m[K/home/noa/Documents/SLAM/ros2_ws/src/sllidar_ros2/sdk/src/sl_udp_channel.cpp:33:9:[m[K [01;35m[Kwarning: [m[K#pragma once in main file
[3.543s]    33 | #pragma [01;35m[Konce[m[K
[3.543s]       |         [01;35m[K^~~~[m[K
[3.594s] [01m[K/home/noa/Documents/SLAM/ros2_ws/src/sllidar_ros2/sdk/src/arch/linux/net_socket.cpp:722:47:[m[K [01;35m[Kwarning: [m[Knonnull argument ‘[01m[Ktarget[m[K’ compared to NULL [[01;35m[K-Wnonnull-compare[m[K]
[3.594s]   722 |         const struct sockaddr* addr = &target [01;35m[K?[m[K reinterpret_cast<const struct sockaddr*>(target.getPlatformData()) : NULL;
[3.594s]       |                                               [01;35m[K^[m[K
[3.632s] [01m[K/home/noa/Documents/SLAM/ros2_ws/src/sllidar_ros2/sdk/src/sl_lidar_driver.cpp:[m[K At global scope:
[3.634s] [01m[K/home/noa/Documents/SLAM/ros2_ws/src/sllidar_ros2/sdk/src/sl_lidar_driver.cpp:72:17:[m[K [01;35m[Kwarning: [m[K‘[01m[Kvoid sl::convert(const sl_lidar_response_measurement_node_hq_t&, sl_lidar_response_measurement_node_t&)[m[K’ defined but not used [[01;35m[K-Wunused-function[m[K]
[3.635s]    72 |     static void [01;35m[Kconvert[m[K(const sl_lidar_response_measurement_node_hq_t& from, sl_lidar_response_measurement_node_t& to)
[3.637s]       |                 [01;35m[K^~~~~~~[m[K
[3.639s] [01m[K/home/noa/Documents/SLAM/ros2_ws/src/sllidar_ros2/sdk/src/sl_lidar_driver.cpp:59:17:[m[K [01;35m[Kwarning: [m[K‘[01m[Kvoid sl::printDeprecationWarn(const char*, const char*)[m[K’ defined but not used [[01;35m[K-Wunused-function[m[K]
[3.640s]    59 |     static void [01;35m[KprintDeprecationWarn[m[K(const char* fn, const char* replacement)
[3.641s]       |                 [01;35m[K^~~~~~~~~~~~~~~~~~~~[m[K
[3.740s] In file included from [01m[K/home/noa/Documents/SLAM/ros2_ws/src/sllidar_ros2/./sdk/include/sl_lidar_cmd.h:36[m[K,
[3.740s]                  from [01m[K/home/noa/Documents/SLAM/ros2_ws/src/sllidar_ros2/./sdk/include/sl_lidar_driver.h:54[m[K,
[3.741s]                  from [01m[K/home/noa/Documents/SLAM/ros2_ws/src/sllidar_ros2/sdk/src/sl_serial_channel.cpp:34[m[K:
[3.741s] [01m[K/home/noa/Documents/SLAM/ros2_ws/src/sllidar_ros2/./sdk/include/sl_lidar_protocol.h:58:16:[m[K [01;35m[Kwarning: [m[KISO C++ forbids zero-size array ‘[01m[Kdata[m[K’ [[01;35m[K-Wpedantic[m[K]
[3.741s]    58 |     sl_u8 data[[01;35m[K0[m[K];
[3.741s]       |                [01;35m[K^[m[K
[3.742s] In file included from [01m[K/home/noa/Documents/SLAM/ros2_ws/src/sllidar_ros2/./sdk/include/sl_lidar_driver.h:54[m[K,
[3.743s]                  from [01m[K/home/noa/Documents/SLAM/ros2_ws/src/sllidar_ros2/sdk/src/sl_serial_channel.cpp:34[m[K:
[3.743s] [01m[K/home/noa/Documents/SLAM/ros2_ws/src/sllidar_ros2/./sdk/include/sl_lidar_cmd.h:295:20:[m[K [01;35m[Kwarning: [m[KISO C++ forbids zero-size array ‘[01m[Kpayload[m[K’ [[01;35m[K-Wpedantic[m[K]
[3.743s]   295 |     sl_u8  payload[[01;35m[K0[m[K];
[3.743s]       |                    [01;35m[K^[m[K
[3.827s] In file included from [01m[K/home/noa/Documents/SLAM/ros2_ws/src/sllidar_ros2/./sdk/include/sl_lidar_cmd.h:36[m[K,
[3.827s]                  from [01m[K/home/noa/Documents/SLAM/ros2_ws/src/sllidar_ros2/./sdk/include/sl_lidar_driver.h:54[m[K,
[3.828s]                  from [01m[K/home/noa/Documents/SLAM/ros2_ws/src/sllidar_ros2/sdk/src/sl_udp_channel.cpp:34[m[K:
[3.828s] [01m[K/home/noa/Documents/SLAM/ros2_ws/src/sllidar_ros2/./sdk/include/sl_lidar_protocol.h:58:16:[m[K [01;35m[Kwarning: [m[KISO C++ forbids zero-size array ‘[01m[Kdata[m[K’ [[01;35m[K-Wpedantic[m[K]
[3.828s]    58 |     sl_u8 data[[01;35m[K0[m[K];
[3.828s]       |                [01;35m[K^[m[K
[3.829s] In file included from [01m[K/home/noa/Documents/SLAM/ros2_ws/src/sllidar_ros2/./sdk/include/sl_lidar_driver.h:54[m[K,
[3.830s]                  from [01m[K/home/noa/Documents/SLAM/ros2_ws/src/sllidar_ros2/sdk/src/sl_udp_channel.cpp:34[m[K:
[3.830s] [01m[K/home/noa/Documents/SLAM/ros2_ws/src/sllidar_ros2/./sdk/include/sl_lidar_cmd.h:295:20:[m[K [01;35m[Kwarning: [m[KISO C++ forbids zero-size array ‘[01m[Kpayload[m[K’ [[01;35m[K-Wpedantic[m[K]
[3.830s]   295 |     sl_u8  payload[[01;35m[K0[m[K];
[3.830s]       |                    [01;35m[K^[m[K
[3.841s] [01m[K/home/noa/Documents/SLAM/ros2_ws/src/sllidar_ros2/sdk/src/sl_udp_channel.cpp:[m[K In member function ‘[01m[Kvoid sl::UdpChannel::setStatus(_u32)[m[K’:
[3.841s] [01m[K/home/noa/Documents/SLAM/ros2_ws/src/sllidar_ros2/sdk/src/sl_udp_channel.cpp:103:29:[m[K [01;35m[Kwarning: [m[Kunused parameter ‘[01m[Kflag[m[K’ [[01;35m[K-Wunused-parameter[m[K]
[3.841s]   103 |         void setStatus([01;35m[K_u32 flag[m[K){}
[3.842s]       |                        [01;35m[K~~~~~^~~~[m[K
[3.983s] In file included from [01m[K/home/noa/Documents/SLAM/ros2_ws/src/sllidar_ros2/./sdk/include/sl_lidar_cmd.h:36[m[K,
[3.983s]                  from [01m[K/home/noa/Documents/SLAM/ros2_ws/src/sllidar_ros2/./sdk/include/sl_lidar_driver.h:54[m[K,
[3.984s]                  from [01m[K/home/noa/Documents/SLAM/ros2_ws/src/sllidar_ros2/sdk/src/sl_tcp_channel.cpp:34[m[K:
[3.984s] [01m[K/home/noa/Documents/SLAM/ros2_ws/src/sllidar_ros2/./sdk/include/sl_lidar_protocol.h:58:16:[m[K [01;35m[Kwarning: [m[KISO C++ forbids zero-size array ‘[01m[Kdata[m[K’ [[01;35m[K-Wpedantic[m[K]
[3.984s]    58 |     sl_u8 data[[01;35m[K0[m[K];
[3.984s]       |                [01;35m[K^[m[K
[3.985s] In file included from [01m[K/home/noa/Documents/SLAM/ros2_ws/src/sllidar_ros2/./sdk/include/sl_lidar_driver.h:54[m[K,
[3.985s]                  from [01m[K/home/noa/Documents/SLAM/ros2_ws/src/sllidar_ros2/sdk/src/sl_tcp_channel.cpp:34[m[K:
[3.985s] [01m[K/home/noa/Documents/SLAM/ros2_ws/src/sllidar_ros2/./sdk/include/sl_lidar_cmd.h:295:20:[m[K [01;35m[Kwarning: [m[KISO C++ forbids zero-size array ‘[01m[Kpayload[m[K’ [[01;35m[K-Wpedantic[m[K]
[3.985s]   295 |     sl_u8  payload[[01;35m[K0[m[K];
[3.986s]       |                    [01;35m[K^[m[K
[3.990s] [01m[K/home/noa/Documents/SLAM/ros2_ws/src/sllidar_ros2/sdk/src/sl_tcp_channel.cpp:[m[K In member function ‘[01m[Kvoid sl::TcpChannel::setStatus(_u32)[m[K’:
[3.990s] [01m[K/home/noa/Documents/SLAM/ros2_ws/src/sllidar_ros2/sdk/src/sl_tcp_channel.cpp:95:29:[m[K [01;35m[Kwarning: [m[Kunused parameter ‘[01m[Kflag[m[K’ [[01;35m[K-Wunused-parameter[m[K]
[3.991s]    95 |         void setStatus([01;35m[K_u32 flag[m[K){}
[3.991s]       |                        [01;35m[K~~~~~^~~~[m[K
[4.928s] In file included from [01m[K/home/noa/Documents/SLAM/ros2_ws/src/sllidar_ros2/./sdk/include/sl_lidar_cmd.h:36[m[K,
[4.928s]                  from [01m[K/home/noa/Documents/SLAM/ros2_ws/src/sllidar_ros2/./sdk/include/sl_lidar_driver.h:54[m[K,
[4.928s]                  from [01m[K/home/noa/Documents/SLAM/ros2_ws/src/sllidar_ros2/./sdk/include/sl_lidar.h:36[m[K,
[4.928s]                  from [01m[K/home/noa/Documents/SLAM/ros2_ws/src/sllidar_ros2/src/sllidar_node.cpp:38[m[K:
[4.928s] [01m[K/home/noa/Documents/SLAM/ros2_ws/src/sllidar_ros2/./sdk/include/sl_lidar_protocol.h:58:16:[m[K [01;35m[Kwarning: [m[KISO C++ forbids zero-size array ‘[01m[Kdata[m[K’ [[01;35m[K-Wpedantic[m[K]
[4.929s]    58 |     sl_u8 data[[01;35m[K0[m[K];
[4.929s]       |                [01;35m[K^[m[K
[4.929s] In file included from [01m[K/home/noa/Documents/SLAM/ros2_ws/src/sllidar_ros2/./sdk/include/sl_lidar_driver.h:54[m[K,
[4.929s]                  from [01m[K/home/noa/Documents/SLAM/ros2_ws/src/sllidar_ros2/./sdk/include/sl_lidar.h:36[m[K,
[4.929s]                  from [01m[K/home/noa/Documents/SLAM/ros2_ws/src/sllidar_ros2/src/sllidar_node.cpp:38[m[K:
[4.929s] [01m[K/home/noa/Documents/SLAM/ros2_ws/src/sllidar_ros2/./sdk/include/sl_lidar_cmd.h:295:20:[m[K [01;35m[Kwarning: [m[KISO C++ forbids zero-size array ‘[01m[Kpayload[m[K’ [[01;35m[K-Wpedantic[m[K]
[4.929s]   295 |     sl_u8  payload[[01;35m[K0[m[K];
[4.929s]       |                    [01;35m[K^[m[K
[6.293s] [01m[K/home/noa/Documents/SLAM/ros2_ws/src/sllidar_ros2/src/sllidar_node.cpp:[m[K In member function ‘[01m[Kbool SLlidarNode::checkSLLIDARHealth(sl::ILidarDriver*)[m[K’:
[6.293s] [01m[K/home/noa/Documents/SLAM/ros2_ws/src/sllidar_ros2/src/sllidar_node.cpp:147:5:[m[K [01;35m[Kwarning: [m[Kcontrol reaches end of non-void function [[01;35m[K-Wreturn-type[m[K]
[6.293s]   147 |     [01;35m[K}[m[K
[6.294s]       |     [01;35m[K^[m[K
[7.729s] [ 92%] [32m[1mLinking CXX executable sllidar_node[0m
[8.015s] [ 92%] Built target sllidar_node
[8.946s] [100%] [32m[1mLinking CXX executable sllidar_client[0m
[9.176s] [100%] Built target sllidar_client
[9.189s] Invoked command in '/home/noa/Documents/SLAM/ros2_ws/src/build/sllidar_ros2' returned '0': CMAKE_PREFIX_PATH=${CMAKE_PREFIX_PATH}:/opt/ros/foxy PS1=\u@\h \[\033[32m\]\w\[\033[33m\]$(parse_git_branch)\[\033[00m\] $ /usr/bin/cmake --build /home/noa/Documents/SLAM/ros2_ws/src/build/sllidar_ros2 -- -j8 -l8
[9.227s] Invoking command in '/home/noa/Documents/SLAM/ros2_ws/src/build/sllidar_ros2': CMAKE_PREFIX_PATH=${CMAKE_PREFIX_PATH}:/opt/ros/foxy PS1=\u@\h \[\033[32m\]\w\[\033[33m\]$(parse_git_branch)\[\033[00m\] $ /usr/bin/cmake --install /home/noa/Documents/SLAM/ros2_ws/src/build/sllidar_ros2
[9.235s] -- Install configuration: ""
[9.235s] -- Execute custom install script
[9.236s] -- Symlinking: /home/noa/Documents/SLAM/ros2_ws/src/install/sllidar_ros2/share/sllidar_ros2/launch/sllidar_a3_launch.py
[9.243s] -- Symlinking: /home/noa/Documents/SLAM/ros2_ws/src/install/sllidar_ros2/share/sllidar_ros2/launch/sllidar_launch.py
[9.250s] -- Symlinking: /home/noa/Documents/SLAM/ros2_ws/src/install/sllidar_ros2/share/sllidar_ros2/launch/sllidar_s1_launch.py
[9.257s] -- Symlinking: /home/noa/Documents/SLAM/ros2_ws/src/install/sllidar_ros2/share/sllidar_ros2/launch/sllidar_s1_tcp_launch.py
[9.267s] -- Symlinking: /home/noa/Documents/SLAM/ros2_ws/src/install/sllidar_ros2/share/sllidar_ros2/launch/sllidar_s2_launch.py
[9.275s] -- Symlinking: /home/noa/Documents/SLAM/ros2_ws/src/install/sllidar_ros2/share/sllidar_ros2/launch/sllidar_s2e_launch.py
[9.282s] -- Symlinking: /home/noa/Documents/SLAM/ros2_ws/src/install/sllidar_ros2/share/sllidar_ros2/launch/sllidar_t1_launch.py
[9.291s] -- Symlinking: /home/noa/Documents/SLAM/ros2_ws/src/install/sllidar_ros2/share/sllidar_ros2/launch/view_sllidar_a3_launch.py
[9.300s] -- Symlinking: /home/noa/Documents/SLAM/ros2_ws/src/install/sllidar_ros2/share/sllidar_ros2/launch/view_sllidar_launch.py
[9.310s] -- Symlinking: /home/noa/Documents/SLAM/ros2_ws/src/install/sllidar_ros2/share/sllidar_ros2/launch/view_sllidar_s1_launch.py
[9.320s] -- Symlinking: /home/noa/Documents/SLAM/ros2_ws/src/install/sllidar_ros2/share/sllidar_ros2/launch/view_sllidar_s1_tcp_launch.py
[9.328s] -- Symlinking: /home/noa/Documents/SLAM/ros2_ws/src/install/sllidar_ros2/share/sllidar_ros2/launch/view_sllidar_s2_launch.py
[9.340s] -- Symlinking: /home/noa/Documents/SLAM/ros2_ws/src/install/sllidar_ros2/share/sllidar_ros2/launch/view_sllidar_s2e_launch.py
[9.348s] -- Symlinking: /home/noa/Documents/SLAM/ros2_ws/src/install/sllidar_ros2/share/sllidar_ros2/launch/view_sllidar_t1_launch.py
[9.358s] -- Symlinking: /home/noa/Documents/SLAM/ros2_ws/src/install/sllidar_ros2/share/sllidar_ros2/rviz/sllidar_ros2.rviz
[9.368s] -- Symlinking: /home/noa/Documents/SLAM/ros2_ws/src/install/sllidar_ros2/lib/sllidar_ros2/sllidar_node
[9.377s] -- Symlinking: /home/noa/Documents/SLAM/ros2_ws/src/install/sllidar_ros2/lib/sllidar_ros2/sllidar_client
[9.387s] -- Symlinking: /home/noa/Documents/SLAM/ros2_ws/src/install/sllidar_ros2/share/ament_index/resource_index/package_run_dependencies/sllidar_ros2
[9.397s] -- Symlinking: /home/noa/Documents/SLAM/ros2_ws/src/install/sllidar_ros2/share/ament_index/resource_index/parent_prefix_path/sllidar_ros2
[9.407s] -- Symlinking: /home/noa/Documents/SLAM/ros2_ws/src/install/sllidar_ros2/share/sllidar_ros2/environment/ament_prefix_path.sh
[9.416s] -- Symlinking: /home/noa/Documents/SLAM/ros2_ws/src/install/sllidar_ros2/share/sllidar_ros2/environment/ament_prefix_path.dsv
[9.423s] -- Symlinking: /home/noa/Documents/SLAM/ros2_ws/src/install/sllidar_ros2/share/sllidar_ros2/environment/path.sh
[9.431s] -- Symlinking: /home/noa/Documents/SLAM/ros2_ws/src/install/sllidar_ros2/share/sllidar_ros2/environment/path.dsv
[9.438s] -- Symlinking: /home/noa/Documents/SLAM/ros2_ws/src/install/sllidar_ros2/share/sllidar_ros2/local_setup.bash
[9.446s] -- Symlinking: /home/noa/Documents/SLAM/ros2_ws/src/install/sllidar_ros2/share/sllidar_ros2/local_setup.sh
[9.453s] -- Symlinking: /home/noa/Documents/SLAM/ros2_ws/src/install/sllidar_ros2/share/sllidar_ros2/local_setup.zsh
[9.462s] -- Symlinking: /home/noa/Documents/SLAM/ros2_ws/src/install/sllidar_ros2/share/sllidar_ros2/local_setup.dsv
[9.471s] -- Symlinking: /home/noa/Documents/SLAM/ros2_ws/src/install/sllidar_ros2/share/sllidar_ros2/package.dsv
[9.478s] -- Symlinking: /home/noa/Documents/SLAM/ros2_ws/src/install/sllidar_ros2/share/ament_index/resource_index/packages/sllidar_ros2
[9.486s] -- Symlinking: /home/noa/Documents/SLAM/ros2_ws/src/install/sllidar_ros2/share/sllidar_ros2/cmake/ament_cmake_export_dependencies-extras.cmake
[9.493s] -- Symlinking: /home/noa/Documents/SLAM/ros2_ws/src/install/sllidar_ros2/share/sllidar_ros2/cmake/ament_cmake_export_include_directories-extras.cmake
[9.501s] -- Symlinking: /home/noa/Documents/SLAM/ros2_ws/src/install/sllidar_ros2/share/sllidar_ros2/cmake/sllidar_ros2Config.cmake
[9.508s] -- Symlinking: /home/noa/Documents/SLAM/ros2_ws/src/install/sllidar_ros2/share/sllidar_ros2/cmake/sllidar_ros2Config-version.cmake
[9.515s] -- Symlinking: /home/noa/Documents/SLAM/ros2_ws/src/install/sllidar_ros2/share/sllidar_ros2/package.xml
[9.525s] Invoked command in '/home/noa/Documents/SLAM/ros2_ws/src/build/sllidar_ros2' returned '0': CMAKE_PREFIX_PATH=${CMAKE_PREFIX_PATH}:/opt/ros/foxy PS1=\u@\h \[\033[32m\]\w\[\033[33m\]$(parse_git_branch)\[\033[00m\] $ /usr/bin/cmake --install /home/noa/Documents/SLAM/ros2_ws/src/build/sllidar_ros2
