[35m[1mScanning dependencies of target listener[0m
[ 50%] [32mBuilding CXX object CMakeFiles/listener.dir/src/main.cpp.o[0m
[01m[K/home/noa/Documents/SLAM/ros2_ws/src/lidar_listener/src/main.cpp:[m[K In member function ‘[01m[Kvoid Listener::topic_callback(sensor_msgs::msg::LaserScan_<std::allocator<void> >::SharedPtr) const[m[K’:
[01m[K/home/noa/Documents/SLAM/ros2_ws/src/lidar_listener/src/main.cpp:14:21:[m[K [01;35m[Kwarning: [m[Kcomparison of integer expressions of different signedness: ‘[01m[Kint[m[K’ and ‘[01m[Klong unsigned int[m[K’ [[01;35m[K-Wsign-compare[m[K]
   14 |    for(int i = 0; [01;35m[Ki < sizeof(scan->ranges)/sizeof(scan->ranges[0])[m[K; i++){
      |                   [01;35m[K~~^~~~~~~~~~~~~~~~~~~~~~~~~~~~~~~~~~~~~~~~~~~~~~[m[K
[100%] [32m[1mLinking CXX executable listener[0m
[100%] Built target listener
-- Install configuration: ""
-- Installing: /home/noa/Documents/SLAM/ros2_ws/install/lidar_listener/lib/lidar_listener/listener
-- Set runtime path of "/home/noa/Documents/SLAM/ros2_ws/install/lidar_listener/lib/lidar_listener/listener" to ""
-- Up-to-date: /home/noa/Documents/SLAM/ros2_ws/install/lidar_listener/share/ament_index/resource_index/package_run_dependencies/lidar_listener
-- Up-to-date: /home/noa/Documents/SLAM/ros2_ws/install/lidar_listener/share/ament_index/resource_index/parent_prefix_path/lidar_listener
-- Up-to-date: /home/noa/Documents/SLAM/ros2_ws/install/lidar_listener/share/lidar_listener/environment/ament_prefix_path.sh
-- Up-to-date: /home/noa/Documents/SLAM/ros2_ws/install/lidar_listener/share/lidar_listener/environment/ament_prefix_path.dsv
-- Up-to-date: /home/noa/Documents/SLAM/ros2_ws/install/lidar_listener/share/lidar_listener/environment/path.sh
-- Up-to-date: /home/noa/Documents/SLAM/ros2_ws/install/lidar_listener/share/lidar_listener/environment/path.dsv
-- Up-to-date: /home/noa/Documents/SLAM/ros2_ws/install/lidar_listener/share/lidar_listener/local_setup.bash
-- Up-to-date: /home/noa/Documents/SLAM/ros2_ws/install/lidar_listener/share/lidar_listener/local_setup.sh
-- Up-to-date: /home/noa/Documents/SLAM/ros2_ws/install/lidar_listener/share/lidar_listener/local_setup.zsh
-- Up-to-date: /home/noa/Documents/SLAM/ros2_ws/install/lidar_listener/share/lidar_listener/local_setup.dsv
-- Installing: /home/noa/Documents/SLAM/ros2_ws/install/lidar_listener/share/lidar_listener/package.dsv
-- Up-to-date: /home/noa/Documents/SLAM/ros2_ws/install/lidar_listener/share/ament_index/resource_index/packages/lidar_listener
-- Up-to-date: /home/noa/Documents/SLAM/ros2_ws/install/lidar_listener/share/lidar_listener/cmake/lidar_listenerConfig.cmake
-- Up-to-date: /home/noa/Documents/SLAM/ros2_ws/install/lidar_listener/share/lidar_listener/cmake/lidar_listenerConfig-version.cmake
-- Up-to-date: /home/noa/Documents/SLAM/ros2_ws/install/lidar_listener/share/lidar_listener/package.xml
