-- Found ament_cmake: 0.9.9 (/opt/ros/foxy/share/ament_cmake/cmake)
-- Found PythonInterp: /usr/bin/python3 (found suitable version "3.8.10", minimum required is "3") 
-- Using PYTHON_EXECUTABLE: /usr/bin/python3
-- Override CMake install command with custom implementation using symlinks instead of copying resources
-- Found ament_lint_auto: 0.9.6 (/opt/ros/foxy/share/ament_lint_auto/cmake)
-- Found rosidl_default_generators: 1.0.1 (/opt/ros/foxy/share/rosidl_default_generators/cmake)
-- Using all available rosidl_typesupport_c: rosidl_typesupport_fastrtps_c;rosidl_typesupport_introspection_c
-- Found rosidl_adapter: 1.2.1 (/opt/ros/foxy/share/rosidl_adapter/cmake)
-- Using all available rosidl_typesupport_cpp: rosidl_typesupport_fastrtps_cpp;rosidl_typesupport_introspection_cpp
-- Found PythonInterp: /usr/bin/python3 (found version "3.8.10") 
-- Found ament_cmake_ros: 0.9.2 (/opt/ros/foxy/share/ament_cmake_ros/cmake)
-- Using all available rosidl_typesupport_c: rosidl_typesupport_fastrtps_c;rosidl_typesupport_introspection_c
-- Using all available rosidl_typesupport_cpp: rosidl_typesupport_fastrtps_cpp;rosidl_typesupport_introspection_cpp
-- Found PythonInterp: /usr/bin/python3 (found suitable version "3.8.10", minimum required is "3.5") 
-- Found python_cmake_module: 0.8.1 (/opt/ros/foxy/share/python_cmake_module/cmake)
-- Using PYTHON_EXECUTABLE: /usr/bin/python3
-- Using PYTHON_INCLUDE_DIRS: /usr/include/python3.8
-- Using PYTHON_LIBRARIES: /usr/lib/x86_64-linux-gnu/libpython3.8.so
-- Added test 'copyright' to check source files copyright and LICENSE
-- Added test 'lint_cmake' to check CMake code style
-- Added test 'xmllint' to check XML markup files
-- Configuring done
-- Generating done
-- Build files have been written to: /home/noa/Documents/SLAM/ros2_ws/build/tutorial_interfaces
[ 10%] Built target tutorial_interfaces__rosidl_generator_c
[ 12%] Built target tutorial_interfaces__cpp
[ 23%] Built target tutorial_interfaces__rosidl_typesupport_c
[ 33%] Built target tutorial_interfaces__rosidl_typesupport_introspection_c
[ 35%] [32m[1mLinking CXX shared library libtutorial_interfaces__rosidl_typesupport_fastrtps_cpp.so[0m
[ 46%] Built target tutorial_interfaces__rosidl_typesupport_cpp
[ 56%] Built target tutorial_interfaces__rosidl_typesupport_introspection_cpp
[ 64%] Built target tutorial_interfaces__rosidl_typesupport_fastrtps_cpp
[ 66%] [32m[1mLinking CXX shared library libtutorial_interfaces__rosidl_typesupport_fastrtps_c.so[0m
[ 74%] Built target tutorial_interfaces__rosidl_typesupport_fastrtps_c
[ 74%] Built target tutorial_interfaces
[ 76%] Built target tutorial_interfaces__py
[ 79%] [32m[1mLinking C shared library rosidl_generator_py/tutorial_interfaces/libtutorial_interfaces__python.so[0m
[ 84%] Built target tutorial_interfaces__python
[ 89%] [32m[1mLinking C shared library rosidl_generator_py/tutorial_interfaces/tutorial_interfaces_s__rosidl_typesupport_c.cpython-38-x86_64-linux-gnu.so[0m
[ 89%] [32m[1mLinking CXX shared library rosidl_generator_py/tutorial_interfaces/tutorial_interfaces_s__rosidl_typesupport_fastrtps_c.cpython-38-x86_64-linux-gnu.so[0m
[ 92%] [32m[1mLinking C shared library rosidl_generator_py/tutorial_interfaces/tutorial_interfaces_s__rosidl_typesupport_introspection_c.cpython-38-x86_64-linux-gnu.so[0m
[ 97%] Built target tutorial_interfaces__rosidl_typesupport_introspection_c__pyext
[ 97%] Built target tutorial_interfaces__rosidl_typesupport_c__pyext
[100%] Built target tutorial_interfaces__rosidl_typesupport_fastrtps_c__pyext
-- Install configuration: ""
-- Execute custom install script
-- Symlinking: /home/noa/Documents/SLAM/ros2_ws/install/tutorial_interfaces/share/ament_index/resource_index/rosidl_interfaces/tutorial_interfaces
-- Symlinking: /home/noa/Documents/SLAM/ros2_ws/install/tutorial_interfaces/include/tutorial_interfaces/msg/detail/num__functions.h
-- Symlinking: /home/noa/Documents/SLAM/ros2_ws/install/tutorial_interfaces/include/tutorial_interfaces/msg/detail/num__struct.h
-- Symlinking: /home/noa/Documents/SLAM/ros2_ws/install/tutorial_interfaces/include/tutorial_interfaces/msg/detail/num__type_support.h
-- Symlinking: /home/noa/Documents/SLAM/ros2_ws/install/tutorial_interfaces/include/tutorial_interfaces/msg/num.h
-- Symlinking: /home/noa/Documents/SLAM/ros2_ws/install/tutorial_interfaces/include/tutorial_interfaces/msg/rosidl_generator_c__visibility_control.h
-- Symlinking: /home/noa/Documents/SLAM/ros2_ws/install/tutorial_interfaces/include/tutorial_interfaces/srv/add_three_ints.h
-- Symlinking: /home/noa/Documents/SLAM/ros2_ws/install/tutorial_interfaces/include/tutorial_interfaces/srv/detail/add_three_ints__functions.h
-- Symlinking: /home/noa/Documents/SLAM/ros2_ws/install/tutorial_interfaces/include/tutorial_interfaces/srv/detail/add_three_ints__struct.h
-- Symlinking: /home/noa/Documents/SLAM/ros2_ws/install/tutorial_interfaces/include/tutorial_interfaces/srv/detail/add_three_ints__type_support.h
-- Symlinking: /home/noa/Documents/SLAM/ros2_ws/install/tutorial_interfaces/share/tutorial_interfaces/environment/library_path.sh
-- Symlinking: /home/noa/Documents/SLAM/ros2_ws/install/tutorial_interfaces/share/tutorial_interfaces/environment/library_path.dsv
-- Symlinking: /home/noa/Documents/SLAM/ros2_ws/install/tutorial_interfaces/include/tutorial_interfaces/msg/detail/num__rosidl_typesupport_fastrtps_c.h
-- Symlinking: /home/noa/Documents/SLAM/ros2_ws/install/tutorial_interfaces/include/tutorial_interfaces/msg/rosidl_typesupport_fastrtps_c__visibility_control.h
-- Symlinking: /home/noa/Documents/SLAM/ros2_ws/install/tutorial_interfaces/include/tutorial_interfaces/srv/detail/add_three_ints__rosidl_typesupport_fastrtps_c.h
-- Symlinking: /home/noa/Documents/SLAM/ros2_ws/install/tutorial_interfaces/lib/libtutorial_interfaces__rosidl_typesupport_fastrtps_c.so
-- Symlinking: /home/noa/Documents/SLAM/ros2_ws/install/tutorial_interfaces/include/tutorial_interfaces/msg/detail/num__rosidl_typesupport_fastrtps_cpp.hpp
-- Symlinking: /home/noa/Documents/SLAM/ros2_ws/install/tutorial_interfaces/include/tutorial_interfaces/msg/rosidl_typesupport_fastrtps_cpp__visibility_control.h
-- Symlinking: /home/noa/Documents/SLAM/ros2_ws/install/tutorial_interfaces/include/tutorial_interfaces/srv/detail/add_three_ints__rosidl_typesupport_fastrtps_cpp.hpp
-- Symlinking: /home/noa/Documents/SLAM/ros2_ws/install/tutorial_interfaces/lib/libtutorial_interfaces__rosidl_typesupport_fastrtps_cpp.so
-- Symlinking: /home/noa/Documents/SLAM/ros2_ws/install/tutorial_interfaces/include/tutorial_interfaces/msg/detail/num__rosidl_typesupport_introspection_c.h
-- Symlinking: /home/noa/Documents/SLAM/ros2_ws/install/tutorial_interfaces/include/tutorial_interfaces/msg/rosidl_typesupport_introspection_c__visibility_control.h
-- Symlinking: /home/noa/Documents/SLAM/ros2_ws/install/tutorial_interfaces/include/tutorial_interfaces/srv/detail/add_three_ints__rosidl_typesupport_introspection_c.h
-- Symlinking: /home/noa/Documents/SLAM/ros2_ws/install/tutorial_interfaces/include/tutorial_interfaces/msg/detail/num__builder.hpp
-- Symlinking: /home/noa/Documents/SLAM/ros2_ws/install/tutorial_interfaces/include/tutorial_interfaces/msg/detail/num__struct.hpp
-- Symlinking: /home/noa/Documents/SLAM/ros2_ws/install/tutorial_interfaces/include/tutorial_interfaces/msg/detail/num__traits.hpp
-- Symlinking: /home/noa/Documents/SLAM/ros2_ws/install/tutorial_interfaces/include/tutorial_interfaces/msg/num.hpp
-- Symlinking: /home/noa/Documents/SLAM/ros2_ws/install/tutorial_interfaces/include/tutorial_interfaces/srv/add_three_ints.hpp
-- Symlinking: /home/noa/Documents/SLAM/ros2_ws/install/tutorial_interfaces/include/tutorial_interfaces/srv/detail/add_three_ints__builder.hpp
-- Symlinking: /home/noa/Documents/SLAM/ros2_ws/install/tutorial_interfaces/include/tutorial_interfaces/srv/detail/add_three_ints__struct.hpp
-- Symlinking: /home/noa/Documents/SLAM/ros2_ws/install/tutorial_interfaces/include/tutorial_interfaces/srv/detail/add_three_ints__traits.hpp
-- Symlinking: /home/noa/Documents/SLAM/ros2_ws/install/tutorial_interfaces/include/tutorial_interfaces/msg/detail/num__rosidl_typesupport_introspection_cpp.hpp
-- Symlinking: /home/noa/Documents/SLAM/ros2_ws/install/tutorial_interfaces/include/tutorial_interfaces/srv/detail/add_three_ints__rosidl_typesupport_introspection_cpp.hpp
-- Symlinking: /home/noa/Documents/SLAM/ros2_ws/install/tutorial_interfaces/share/tutorial_interfaces/environment/pythonpath.sh
-- Symlinking: /home/noa/Documents/SLAM/ros2_ws/install/tutorial_interfaces/share/tutorial_interfaces/environment/pythonpath.dsv
-- Symlinking: /home/noa/Documents/SLAM/ros2_ws/install/tutorial_interfaces/lib/python3.8/site-packages/tutorial_interfaces/__init__.py
-- Symlinking: /home/noa/Documents/SLAM/ros2_ws/install/tutorial_interfaces/lib/python3.8/site-packages/tutorial_interfaces/msg/__init__.py
-- Symlinking: /home/noa/Documents/SLAM/ros2_ws/install/tutorial_interfaces/lib/python3.8/site-packages/tutorial_interfaces/msg/_num.py
-- Symlinking: /home/noa/Documents/SLAM/ros2_ws/install/tutorial_interfaces/lib/python3.8/site-packages/tutorial_interfaces/srv/__init__.py
-- Symlinking: /home/noa/Documents/SLAM/ros2_ws/install/tutorial_interfaces/lib/python3.8/site-packages/tutorial_interfaces/srv/_add_three_ints.py
-- Symlinking: /home/noa/Documents/SLAM/ros2_ws/install/tutorial_interfaces/lib/python3.8/site-packages/tutorial_interfaces/tutorial_interfaces_s__rosidl_typesupport_fastrtps_c.cpython-38-x86_64-linux-gnu.so
-- Symlinking: /home/noa/Documents/SLAM/ros2_ws/install/tutorial_interfaces/lib/python3.8/site-packages/tutorial_interfaces/tutorial_interfaces_s__rosidl_typesupport_introspection_c.cpython-38-x86_64-linux-gnu.so
-- Symlinking: /home/noa/Documents/SLAM/ros2_ws/install/tutorial_interfaces/lib/python3.8/site-packages/tutorial_interfaces/tutorial_interfaces_s__rosidl_typesupport_c.cpython-38-x86_64-linux-gnu.so
-- Symlinking: /home/noa/Documents/SLAM/ros2_ws/install/tutorial_interfaces/lib/libtutorial_interfaces__python.so
-- Symlinking: /home/noa/Documents/SLAM/ros2_ws/install/tutorial_interfaces/share/tutorial_interfaces/msg/Num.idl
-- Symlinking: /home/noa/Documents/SLAM/ros2_ws/install/tutorial_interfaces/share/tutorial_interfaces/srv/AddThreeInts.idl
-- Symlinking: /home/noa/Documents/SLAM/ros2_ws/install/tutorial_interfaces/share/tutorial_interfaces/msg/Num.msg
-- Symlinking: /home/noa/Documents/SLAM/ros2_ws/install/tutorial_interfaces/share/tutorial_interfaces/srv/AddThreeInts.srv
-- Symlinking: /home/noa/Documents/SLAM/ros2_ws/install/tutorial_interfaces/share/tutorial_interfaces/srv/AddThreeInts_Request.msg
-- Symlinking: /home/noa/Documents/SLAM/ros2_ws/install/tutorial_interfaces/share/tutorial_interfaces/srv/AddThreeInts_Response.msg
-- Symlinking: /home/noa/Documents/SLAM/ros2_ws/install/tutorial_interfaces/share/ament_index/resource_index/package_run_dependencies/tutorial_interfaces
-- Symlinking: /home/noa/Documents/SLAM/ros2_ws/install/tutorial_interfaces/share/ament_index/resource_index/parent_prefix_path/tutorial_interfaces
-- Symlinking: /home/noa/Documents/SLAM/ros2_ws/install/tutorial_interfaces/share/tutorial_interfaces/environment/ament_prefix_path.sh
-- Symlinking: /home/noa/Documents/SLAM/ros2_ws/install/tutorial_interfaces/share/tutorial_interfaces/environment/ament_prefix_path.dsv
-- Symlinking: /home/noa/Documents/SLAM/ros2_ws/install/tutorial_interfaces/share/tutorial_interfaces/environment/path.sh
-- Symlinking: /home/noa/Documents/SLAM/ros2_ws/install/tutorial_interfaces/share/tutorial_interfaces/environment/path.dsv
-- Symlinking: /home/noa/Documents/SLAM/ros2_ws/install/tutorial_interfaces/share/tutorial_interfaces/local_setup.bash
-- Symlinking: /home/noa/Documents/SLAM/ros2_ws/install/tutorial_interfaces/share/tutorial_interfaces/local_setup.sh
-- Symlinking: /home/noa/Documents/SLAM/ros2_ws/install/tutorial_interfaces/share/tutorial_interfaces/local_setup.zsh
-- Symlinking: /home/noa/Documents/SLAM/ros2_ws/install/tutorial_interfaces/share/tutorial_interfaces/local_setup.dsv
-- Symlinking: /home/noa/Documents/SLAM/ros2_ws/install/tutorial_interfaces/share/tutorial_interfaces/package.dsv
-- Symlinking: /home/noa/Documents/SLAM/ros2_ws/install/tutorial_interfaces/share/ament_index/resource_index/packages/tutorial_interfaces
-- Symlinking: /home/noa/Documents/SLAM/ros2_ws/install/tutorial_interfaces/share/tutorial_interfaces/cmake/rosidl_cmake-extras.cmake
-- Symlinking: /home/noa/Documents/SLAM/ros2_ws/install/tutorial_interfaces/share/tutorial_interfaces/cmake/ament_cmake_export_dependencies-extras.cmake
-- Symlinking: /home/noa/Documents/SLAM/ros2_ws/install/tutorial_interfaces/share/tutorial_interfaces/cmake/ament_cmake_export_libraries-extras.cmake
-- Symlinking: /home/noa/Documents/SLAM/ros2_ws/install/tutorial_interfaces/share/tutorial_interfaces/cmake/ament_cmake_export_targets-extras.cmake
-- Symlinking: /home/noa/Documents/SLAM/ros2_ws/install/tutorial_interfaces/share/tutorial_interfaces/cmake/ament_cmake_export_include_directories-extras.cmake
-- Symlinking: /home/noa/Documents/SLAM/ros2_ws/install/tutorial_interfaces/share/tutorial_interfaces/cmake/rosidl_cmake_export_typesupport_libraries-extras.cmake
-- Symlinking: /home/noa/Documents/SLAM/ros2_ws/install/tutorial_interfaces/share/tutorial_interfaces/cmake/rosidl_cmake_export_typesupport_targets-extras.cmake
-- Symlinking: /home/noa/Documents/SLAM/ros2_ws/install/tutorial_interfaces/share/tutorial_interfaces/cmake/tutorial_interfacesConfig.cmake
-- Symlinking: /home/noa/Documents/SLAM/ros2_ws/install/tutorial_interfaces/share/tutorial_interfaces/cmake/tutorial_interfacesConfig-version.cmake
-- Symlinking: /home/noa/Documents/SLAM/ros2_ws/install/tutorial_interfaces/share/tutorial_interfaces/package.xml
-- Up-to-date: /home/noa/Documents/SLAM/ros2_ws/install/tutorial_interfaces/lib/libtutorial_interfaces__rosidl_generator_c.so
-- Up-to-date: /home/noa/Documents/SLAM/ros2_ws/install/tutorial_interfaces/lib/libtutorial_interfaces__rosidl_typesupport_introspection_c.so
-- Up-to-date: /home/noa/Documents/SLAM/ros2_ws/install/tutorial_interfaces/lib/libtutorial_interfaces__rosidl_typesupport_c.so
-- Up-to-date: /home/noa/Documents/SLAM/ros2_ws/install/tutorial_interfaces/lib/libtutorial_interfaces__rosidl_typesupport_introspection_cpp.so
-- Up-to-date: /home/noa/Documents/SLAM/ros2_ws/install/tutorial_interfaces/lib/libtutorial_interfaces__rosidl_typesupport_cpp.so
Compiling '/home/noa/Documents/SLAM/ros2_ws/install/tutorial_interfaces/lib/python3.8/site-packages/tutorial_interfaces/__init__.py'...
-- Up-to-date: /home/noa/Documents/SLAM/ros2_ws/install/tutorial_interfaces/share/tutorial_interfaces/cmake/tutorial_interfaces__rosidl_generator_cExport.cmake
-- Installing: /home/noa/Documents/SLAM/ros2_ws/install/tutorial_interfaces/share/tutorial_interfaces/cmake/tutorial_interfaces__rosidl_generator_cExport-noconfig.cmake
-- Up-to-date: /home/noa/Documents/SLAM/ros2_ws/install/tutorial_interfaces/share/tutorial_interfaces/cmake/tutorial_interfaces__rosidl_typesupport_introspection_cExport.cmake
-- Installing: /home/noa/Documents/SLAM/ros2_ws/install/tutorial_interfaces/share/tutorial_interfaces/cmake/tutorial_interfaces__rosidl_typesupport_introspection_cExport-noconfig.cmake
-- Up-to-date: /home/noa/Documents/SLAM/ros2_ws/install/tutorial_interfaces/share/tutorial_interfaces/cmake/tutorial_interfaces__rosidl_typesupport_cExport.cmake
-- Installing: /home/noa/Documents/SLAM/ros2_ws/install/tutorial_interfaces/share/tutorial_interfaces/cmake/tutorial_interfaces__rosidl_typesupport_cExport-noconfig.cmake
-- Up-to-date: /home/noa/Documents/SLAM/ros2_ws/install/tutorial_interfaces/share/tutorial_interfaces/cmake/tutorial_interfaces__rosidl_generator_cppExport.cmake
-- Up-to-date: /home/noa/Documents/SLAM/ros2_ws/install/tutorial_interfaces/share/tutorial_interfaces/cmake/tutorial_interfaces__rosidl_typesupport_introspection_cppExport.cmake
-- Installing: /home/noa/Documents/SLAM/ros2_ws/install/tutorial_interfaces/share/tutorial_interfaces/cmake/tutorial_interfaces__rosidl_typesupport_introspection_cppExport-noconfig.cmake
-- Up-to-date: /home/noa/Documents/SLAM/ros2_ws/install/tutorial_interfaces/share/tutorial_interfaces/cmake/tutorial_interfaces__rosidl_typesupport_cppExport.cmake
-- Installing: /home/noa/Documents/SLAM/ros2_ws/install/tutorial_interfaces/share/tutorial_interfaces/cmake/tutorial_interfaces__rosidl_typesupport_cppExport-noconfig.cmake
