[0.097s] DEBUG:colcon:Command line arguments: ['/usr/bin/colcon', 'build']
[0.097s] DEBUG:colcon:Parsed command line arguments: Namespace(allow_overriding=[], ament_cmake_args=None, base_paths=['.'], build_base='build', catkin_cmake_args=None, catkin_skip_building_tests=False, cmake_args=None, cmake_clean_cache=False, cmake_clean_first=False, cmake_force_configure=False, cmake_target=None, cmake_target_skip_unavailable=False, continue_on_error=False, event_handlers=None, executor='parallel', ignore_user_meta=False, install_base='install', log_base=None, log_level=None, main=<bound method BuildVerb.main of <colcon_core.verb.build.BuildVerb object at 0x7f7b56152ca0>>, merge_install=False, metas=['./colcon.meta'], packages_above=None, packages_above_and_dependencies=None, packages_above_depth=None, packages_end=None, packages_ignore=None, packages_ignore_regex=None, packages_select=None, packages_select_build_failed=False, packages_select_by_dep=None, packages_select_regex=None, packages_select_test_failures=False, packages_skip=None, packages_skip_build_finished=False, packages_skip_by_dep=None, packages_skip_regex=None, packages_skip_test_passed=False, packages_skip_up_to=None, packages_start=None, packages_up_to=None, packages_up_to_regex=None, parallel_workers=8, paths=None, symlink_install=False, test_result_base=None, verb_extension=<colcon_core.verb.build.BuildVerb object at 0x7f7b56152ca0>, verb_name='build', verb_parser=<colcon_defaults.argument_parser.defaults.DefaultArgumentsDecorator object at 0x7f7b560df250>)
[0.114s] Level 1:colcon.colcon_core.package_discovery:discover_packages(colcon_meta) check parameters
[0.114s] Level 1:colcon.colcon_core.package_discovery:discover_packages(recursive) check parameters
[0.114s] Level 1:colcon.colcon_core.package_discovery:discover_packages(ignore) check parameters
[0.114s] Level 1:colcon.colcon_core.package_discovery:discover_packages(path) check parameters
[0.114s] Level 1:colcon.colcon_core.package_discovery:discover_packages(colcon_meta) discover
[0.114s] Level 1:colcon.colcon_core.package_discovery:discover_packages(recursive) discover
[0.114s] INFO:colcon.colcon_core.package_discovery:Crawling recursively for packages in '/home/noa/Documents/SLAM/ros2_ws'
[0.114s] Level 1:colcon.colcon_core.package_identification:_identify(.) by extensions ['ignore', 'ignore_ament_install']
[0.114s] Level 1:colcon.colcon_core.package_identification:_identify(.) by extension 'ignore'
[0.114s] Level 1:colcon.colcon_core.package_identification:_identify(.) by extension 'ignore_ament_install'
[0.114s] Level 1:colcon.colcon_core.package_identification:_identify(.) by extensions ['colcon_pkg']
[0.114s] Level 1:colcon.colcon_core.package_identification:_identify(.) by extension 'colcon_pkg'
[0.115s] Level 1:colcon.colcon_core.package_identification:_identify(.) by extensions ['colcon_meta']
[0.115s] Level 1:colcon.colcon_core.package_identification:_identify(.) by extension 'colcon_meta'
[0.115s] Level 1:colcon.colcon_core.package_identification:_identify(.) by extensions ['ros']
[0.115s] Level 1:colcon.colcon_core.package_identification:_identify(.) by extension 'ros'
[0.129s] Level 1:colcon.colcon_core.package_identification:_identify(.) by extensions ['cmake', 'python']
[0.129s] Level 1:colcon.colcon_core.package_identification:_identify(.) by extension 'cmake'
[0.129s] Level 1:colcon.colcon_core.package_identification:_identify(.) by extension 'python'
[0.130s] Level 1:colcon.colcon_core.package_identification:_identify(.) by extensions ['python_setup_py']
[0.130s] Level 1:colcon.colcon_core.package_identification:_identify(.) by extension 'python_setup_py'
[0.130s] Level 1:colcon.colcon_core.package_identification:_identify(build) by extensions ['ignore', 'ignore_ament_install']
[0.130s] Level 1:colcon.colcon_core.package_identification:_identify(build) by extension 'ignore'
[0.130s] Level 1:colcon.colcon_core.package_identification:_identify(build) ignored
[0.130s] Level 1:colcon.colcon_core.package_identification:_identify(install) by extensions ['ignore', 'ignore_ament_install']
[0.130s] Level 1:colcon.colcon_core.package_identification:_identify(install) by extension 'ignore'
[0.130s] Level 1:colcon.colcon_core.package_identification:_identify(install) ignored
[0.130s] Level 1:colcon.colcon_core.package_identification:_identify(log) by extensions ['ignore', 'ignore_ament_install']
[0.130s] Level 1:colcon.colcon_core.package_identification:_identify(log) by extension 'ignore'
[0.130s] Level 1:colcon.colcon_core.package_identification:_identify(log) ignored
[0.130s] Level 1:colcon.colcon_core.package_identification:_identify(src) by extensions ['ignore', 'ignore_ament_install']
[0.130s] Level 1:colcon.colcon_core.package_identification:_identify(src) by extension 'ignore'
[0.130s] Level 1:colcon.colcon_core.package_identification:_identify(src) by extension 'ignore_ament_install'
[0.130s] Level 1:colcon.colcon_core.package_identification:_identify(src) by extensions ['colcon_pkg']
[0.130s] Level 1:colcon.colcon_core.package_identification:_identify(src) by extension 'colcon_pkg'
[0.131s] Level 1:colcon.colcon_core.package_identification:_identify(src) by extensions ['colcon_meta']
[0.131s] Level 1:colcon.colcon_core.package_identification:_identify(src) by extension 'colcon_meta'
[0.131s] Level 1:colcon.colcon_core.package_identification:_identify(src) by extensions ['ros']
[0.131s] Level 1:colcon.colcon_core.package_identification:_identify(src) by extension 'ros'
[0.131s] Level 1:colcon.colcon_core.package_identification:_identify(src) by extensions ['cmake', 'python']
[0.131s] Level 1:colcon.colcon_core.package_identification:_identify(src) by extension 'cmake'
[0.131s] Level 1:colcon.colcon_core.package_identification:_identify(src) by extension 'python'
[0.131s] Level 1:colcon.colcon_core.package_identification:_identify(src) by extensions ['python_setup_py']
[0.131s] Level 1:colcon.colcon_core.package_identification:_identify(src) by extension 'python_setup_py'
[0.131s] Level 1:colcon.colcon_core.package_identification:_identify(src/build) by extensions ['ignore', 'ignore_ament_install']
[0.131s] Level 1:colcon.colcon_core.package_identification:_identify(src/build) by extension 'ignore'
[0.131s] Level 1:colcon.colcon_core.package_identification:_identify(src/build) ignored
[0.131s] Level 1:colcon.colcon_core.package_identification:_identify(src/cpp_pubsub) by extensions ['ignore', 'ignore_ament_install']
[0.131s] Level 1:colcon.colcon_core.package_identification:_identify(src/cpp_pubsub) by extension 'ignore'
[0.131s] Level 1:colcon.colcon_core.package_identification:_identify(src/cpp_pubsub) by extension 'ignore_ament_install'
[0.131s] Level 1:colcon.colcon_core.package_identification:_identify(src/cpp_pubsub) by extensions ['colcon_pkg']
[0.131s] Level 1:colcon.colcon_core.package_identification:_identify(src/cpp_pubsub) by extension 'colcon_pkg'
[0.131s] Level 1:colcon.colcon_core.package_identification:_identify(src/cpp_pubsub) by extensions ['colcon_meta']
[0.131s] Level 1:colcon.colcon_core.package_identification:_identify(src/cpp_pubsub) by extension 'colcon_meta'
[0.131s] Level 1:colcon.colcon_core.package_identification:_identify(src/cpp_pubsub) by extensions ['ros']
[0.131s] Level 1:colcon.colcon_core.package_identification:_identify(src/cpp_pubsub) by extension 'ros'
[0.133s] DEBUG:colcon.colcon_core.package_identification:Package 'src/cpp_pubsub' with type 'ros.ament_cmake' and name 'cpp_pubsub'
[0.133s] Level 1:colcon.colcon_core.package_identification:_identify(src/cpp_pubsub_tutorial_interfaces) by extensions ['ignore', 'ignore_ament_install']
[0.133s] Level 1:colcon.colcon_core.package_identification:_identify(src/cpp_pubsub_tutorial_interfaces) by extension 'ignore'
[0.133s] Level 1:colcon.colcon_core.package_identification:_identify(src/cpp_pubsub_tutorial_interfaces) by extension 'ignore_ament_install'
[0.133s] Level 1:colcon.colcon_core.package_identification:_identify(src/cpp_pubsub_tutorial_interfaces) by extensions ['colcon_pkg']
[0.133s] Level 1:colcon.colcon_core.package_identification:_identify(src/cpp_pubsub_tutorial_interfaces) by extension 'colcon_pkg'
[0.134s] Level 1:colcon.colcon_core.package_identification:_identify(src/cpp_pubsub_tutorial_interfaces) by extensions ['colcon_meta']
[0.134s] Level 1:colcon.colcon_core.package_identification:_identify(src/cpp_pubsub_tutorial_interfaces) by extension 'colcon_meta'
[0.134s] Level 1:colcon.colcon_core.package_identification:_identify(src/cpp_pubsub_tutorial_interfaces) by extensions ['ros']
[0.134s] Level 1:colcon.colcon_core.package_identification:_identify(src/cpp_pubsub_tutorial_interfaces) by extension 'ros'
[0.134s] DEBUG:colcon.colcon_core.package_identification:Package 'src/cpp_pubsub_tutorial_interfaces' with type 'ros.ament_cmake' and name 'cpp_pubsub_tutorial_interfaces'
[0.134s] Level 1:colcon.colcon_core.package_identification:_identify(src/install) by extensions ['ignore', 'ignore_ament_install']
[0.134s] Level 1:colcon.colcon_core.package_identification:_identify(src/install) by extension 'ignore'
[0.134s] Level 1:colcon.colcon_core.package_identification:_identify(src/install) ignored
[0.134s] Level 1:colcon.colcon_core.package_identification:_identify(src/lidar_listener) by extensions ['ignore', 'ignore_ament_install']
[0.134s] Level 1:colcon.colcon_core.package_identification:_identify(src/lidar_listener) by extension 'ignore'
[0.134s] Level 1:colcon.colcon_core.package_identification:_identify(src/lidar_listener) by extension 'ignore_ament_install'
[0.135s] Level 1:colcon.colcon_core.package_identification:_identify(src/lidar_listener) by extensions ['colcon_pkg']
[0.135s] Level 1:colcon.colcon_core.package_identification:_identify(src/lidar_listener) by extension 'colcon_pkg'
[0.135s] Level 1:colcon.colcon_core.package_identification:_identify(src/lidar_listener) by extensions ['colcon_meta']
[0.135s] Level 1:colcon.colcon_core.package_identification:_identify(src/lidar_listener) by extension 'colcon_meta'
[0.135s] Level 1:colcon.colcon_core.package_identification:_identify(src/lidar_listener) by extensions ['ros']
[0.135s] Level 1:colcon.colcon_core.package_identification:_identify(src/lidar_listener) by extension 'ros'
[0.135s] DEBUG:colcon.colcon_core.package_identification:Package 'src/lidar_listener' with type 'ros.ament_cmake' and name 'lidar_listener'
[0.135s] Level 1:colcon.colcon_core.package_identification:_identify(src/log) by extensions ['ignore', 'ignore_ament_install']
[0.135s] Level 1:colcon.colcon_core.package_identification:_identify(src/log) by extension 'ignore'
[0.135s] Level 1:colcon.colcon_core.package_identification:_identify(src/log) ignored
[0.135s] Level 1:colcon.colcon_core.package_identification:_identify(src/sllidar_ros2) by extensions ['ignore', 'ignore_ament_install']
[0.135s] Level 1:colcon.colcon_core.package_identification:_identify(src/sllidar_ros2) by extension 'ignore'
[0.136s] Level 1:colcon.colcon_core.package_identification:_identify(src/sllidar_ros2) by extension 'ignore_ament_install'
[0.136s] Level 1:colcon.colcon_core.package_identification:_identify(src/sllidar_ros2) by extensions ['colcon_pkg']
[0.136s] Level 1:colcon.colcon_core.package_identification:_identify(src/sllidar_ros2) by extension 'colcon_pkg'
[0.136s] Level 1:colcon.colcon_core.package_identification:_identify(src/sllidar_ros2) by extensions ['colcon_meta']
[0.136s] Level 1:colcon.colcon_core.package_identification:_identify(src/sllidar_ros2) by extension 'colcon_meta'
[0.136s] Level 1:colcon.colcon_core.package_identification:_identify(src/sllidar_ros2) by extensions ['ros']
[0.136s] Level 1:colcon.colcon_core.package_identification:_identify(src/sllidar_ros2) by extension 'ros'
[0.136s] DEBUG:colcon.colcon_core.package_identification:Package 'src/sllidar_ros2' with type 'ros.ament_cmake' and name 'sllidar_ros2'
[0.136s] Level 1:colcon.colcon_core.package_identification:_identify(src/tutorial_interfaces) by extensions ['ignore', 'ignore_ament_install']
[0.136s] Level 1:colcon.colcon_core.package_identification:_identify(src/tutorial_interfaces) by extension 'ignore'
[0.136s] Level 1:colcon.colcon_core.package_identification:_identify(src/tutorial_interfaces) by extension 'ignore_ament_install'
[0.136s] Level 1:colcon.colcon_core.package_identification:_identify(src/tutorial_interfaces) by extensions ['colcon_pkg']
[0.137s] Level 1:colcon.colcon_core.package_identification:_identify(src/tutorial_interfaces) by extension 'colcon_pkg'
[0.137s] Level 1:colcon.colcon_core.package_identification:_identify(src/tutorial_interfaces) by extensions ['colcon_meta']
[0.137s] Level 1:colcon.colcon_core.package_identification:_identify(src/tutorial_interfaces) by extension 'colcon_meta'
[0.137s] Level 1:colcon.colcon_core.package_identification:_identify(src/tutorial_interfaces) by extensions ['ros']
[0.137s] Level 1:colcon.colcon_core.package_identification:_identify(src/tutorial_interfaces) by extension 'ros'
[0.137s] DEBUG:colcon.colcon_core.package_identification:Package 'src/tutorial_interfaces' with type 'ros.ament_cmake' and name 'tutorial_interfaces'
[0.137s] Level 1:colcon.colcon_core.package_discovery:discover_packages(recursive) using defaults
[0.137s] Level 1:colcon.colcon_core.package_discovery:discover_packages(ignore) discover
[0.137s] Level 1:colcon.colcon_core.package_discovery:discover_packages(ignore) using defaults
[0.137s] Level 1:colcon.colcon_core.package_discovery:discover_packages(path) discover
[0.137s] Level 1:colcon.colcon_core.package_discovery:discover_packages(path) using defaults
[0.158s] Level 1:colcon.colcon_core.package_discovery:discover_packages(prefix_path) check parameters
[0.158s] Level 1:colcon.colcon_core.package_discovery:discover_packages(prefix_path) discover
[0.159s] DEBUG:colcon.colcon_installed_package_information.package_discovery:Found 5 installed packages in /home/noa/Documents/SLAM/ros2_ws/install
[0.160s] DEBUG:colcon.colcon_installed_package_information.package_discovery:Found 256 installed packages in /opt/ros/foxy
[0.161s] Level 1:colcon.colcon_core.package_discovery:discover_packages(prefix_path) using defaults
[0.212s] Level 5:colcon.colcon_core.verb:set package 'cpp_pubsub' build argument 'cmake_args' from command line to 'None'
[0.212s] Level 5:colcon.colcon_core.verb:set package 'cpp_pubsub' build argument 'cmake_target' from command line to 'None'
[0.212s] Level 5:colcon.colcon_core.verb:set package 'cpp_pubsub' build argument 'cmake_target_skip_unavailable' from command line to 'False'
[0.212s] Level 5:colcon.colcon_core.verb:set package 'cpp_pubsub' build argument 'cmake_clean_cache' from command line to 'False'
[0.212s] Level 5:colcon.colcon_core.verb:set package 'cpp_pubsub' build argument 'cmake_clean_first' from command line to 'False'
[0.212s] Level 5:colcon.colcon_core.verb:set package 'cpp_pubsub' build argument 'cmake_force_configure' from command line to 'False'
[0.212s] Level 5:colcon.colcon_core.verb:set package 'cpp_pubsub' build argument 'ament_cmake_args' from command line to 'None'
[0.212s] Level 5:colcon.colcon_core.verb:set package 'cpp_pubsub' build argument 'catkin_cmake_args' from command line to 'None'
[0.212s] Level 5:colcon.colcon_core.verb:set package 'cpp_pubsub' build argument 'catkin_skip_building_tests' from command line to 'False'
[0.212s] DEBUG:colcon.colcon_core.verb:Building package 'cpp_pubsub' with the following arguments: {'ament_cmake_args': None, 'build_base': '/home/noa/Documents/SLAM/ros2_ws/build/cpp_pubsub', 'catkin_cmake_args': None, 'catkin_skip_building_tests': False, 'cmake_args': None, 'cmake_clean_cache': False, 'cmake_clean_first': False, 'cmake_force_configure': False, 'cmake_target': None, 'cmake_target_skip_unavailable': False, 'install_base': '/home/noa/Documents/SLAM/ros2_ws/install/cpp_pubsub', 'merge_install': False, 'path': '/home/noa/Documents/SLAM/ros2_ws/src/cpp_pubsub', 'symlink_install': False, 'test_result_base': None}
[0.213s] Level 5:colcon.colcon_core.verb:set package 'lidar_listener' build argument 'cmake_args' from command line to 'None'
[0.213s] Level 5:colcon.colcon_core.verb:set package 'lidar_listener' build argument 'cmake_target' from command line to 'None'
[0.213s] Level 5:colcon.colcon_core.verb:set package 'lidar_listener' build argument 'cmake_target_skip_unavailable' from command line to 'False'
[0.213s] Level 5:colcon.colcon_core.verb:set package 'lidar_listener' build argument 'cmake_clean_cache' from command line to 'False'
[0.213s] Level 5:colcon.colcon_core.verb:set package 'lidar_listener' build argument 'cmake_clean_first' from command line to 'False'
[0.213s] Level 5:colcon.colcon_core.verb:set package 'lidar_listener' build argument 'cmake_force_configure' from command line to 'False'
[0.213s] Level 5:colcon.colcon_core.verb:set package 'lidar_listener' build argument 'ament_cmake_args' from command line to 'None'
[0.213s] Level 5:colcon.colcon_core.verb:set package 'lidar_listener' build argument 'catkin_cmake_args' from command line to 'None'
[0.213s] Level 5:colcon.colcon_core.verb:set package 'lidar_listener' build argument 'catkin_skip_building_tests' from command line to 'False'
[0.213s] DEBUG:colcon.colcon_core.verb:Building package 'lidar_listener' with the following arguments: {'ament_cmake_args': None, 'build_base': '/home/noa/Documents/SLAM/ros2_ws/build/lidar_listener', 'catkin_cmake_args': None, 'catkin_skip_building_tests': False, 'cmake_args': None, 'cmake_clean_cache': False, 'cmake_clean_first': False, 'cmake_force_configure': False, 'cmake_target': None, 'cmake_target_skip_unavailable': False, 'install_base': '/home/noa/Documents/SLAM/ros2_ws/install/lidar_listener', 'merge_install': False, 'path': '/home/noa/Documents/SLAM/ros2_ws/src/lidar_listener', 'symlink_install': False, 'test_result_base': None}
[0.213s] Level 5:colcon.colcon_core.verb:set package 'sllidar_ros2' build argument 'cmake_args' from command line to 'None'
[0.213s] Level 5:colcon.colcon_core.verb:set package 'sllidar_ros2' build argument 'cmake_target' from command line to 'None'
[0.213s] Level 5:colcon.colcon_core.verb:set package 'sllidar_ros2' build argument 'cmake_target_skip_unavailable' from command line to 'False'
[0.213s] Level 5:colcon.colcon_core.verb:set package 'sllidar_ros2' build argument 'cmake_clean_cache' from command line to 'False'
[0.213s] Level 5:colcon.colcon_core.verb:set package 'sllidar_ros2' build argument 'cmake_clean_first' from command line to 'False'
[0.213s] Level 5:colcon.colcon_core.verb:set package 'sllidar_ros2' build argument 'cmake_force_configure' from command line to 'False'
[0.213s] Level 5:colcon.colcon_core.verb:set package 'sllidar_ros2' build argument 'ament_cmake_args' from command line to 'None'
[0.213s] Level 5:colcon.colcon_core.verb:set package 'sllidar_ros2' build argument 'catkin_cmake_args' from command line to 'None'
[0.213s] Level 5:colcon.colcon_core.verb:set package 'sllidar_ros2' build argument 'catkin_skip_building_tests' from command line to 'False'
[0.214s] DEBUG:colcon.colcon_core.verb:Building package 'sllidar_ros2' with the following arguments: {'ament_cmake_args': None, 'build_base': '/home/noa/Documents/SLAM/ros2_ws/build/sllidar_ros2', 'catkin_cmake_args': None, 'catkin_skip_building_tests': False, 'cmake_args': None, 'cmake_clean_cache': False, 'cmake_clean_first': False, 'cmake_force_configure': False, 'cmake_target': None, 'cmake_target_skip_unavailable': False, 'install_base': '/home/noa/Documents/SLAM/ros2_ws/install/sllidar_ros2', 'merge_install': False, 'path': '/home/noa/Documents/SLAM/ros2_ws/src/sllidar_ros2', 'symlink_install': False, 'test_result_base': None}
[0.214s] Level 5:colcon.colcon_core.verb:set package 'tutorial_interfaces' build argument 'cmake_args' from command line to 'None'
[0.214s] Level 5:colcon.colcon_core.verb:set package 'tutorial_interfaces' build argument 'cmake_target' from command line to 'None'
[0.214s] Level 5:colcon.colcon_core.verb:set package 'tutorial_interfaces' build argument 'cmake_target_skip_unavailable' from command line to 'False'
[0.214s] Level 5:colcon.colcon_core.verb:set package 'tutorial_interfaces' build argument 'cmake_clean_cache' from command line to 'False'
[0.214s] Level 5:colcon.colcon_core.verb:set package 'tutorial_interfaces' build argument 'cmake_clean_first' from command line to 'False'
[0.214s] Level 5:colcon.colcon_core.verb:set package 'tutorial_interfaces' build argument 'cmake_force_configure' from command line to 'False'
[0.214s] Level 5:colcon.colcon_core.verb:set package 'tutorial_interfaces' build argument 'ament_cmake_args' from command line to 'None'
[0.214s] Level 5:colcon.colcon_core.verb:set package 'tutorial_interfaces' build argument 'catkin_cmake_args' from command line to 'None'
[0.214s] Level 5:colcon.colcon_core.verb:set package 'tutorial_interfaces' build argument 'catkin_skip_building_tests' from command line to 'False'
[0.214s] DEBUG:colcon.colcon_core.verb:Building package 'tutorial_interfaces' with the following arguments: {'ament_cmake_args': None, 'build_base': '/home/noa/Documents/SLAM/ros2_ws/build/tutorial_interfaces', 'catkin_cmake_args': None, 'catkin_skip_building_tests': False, 'cmake_args': None, 'cmake_clean_cache': False, 'cmake_clean_first': False, 'cmake_force_configure': False, 'cmake_target': None, 'cmake_target_skip_unavailable': False, 'install_base': '/home/noa/Documents/SLAM/ros2_ws/install/tutorial_interfaces', 'merge_install': False, 'path': '/home/noa/Documents/SLAM/ros2_ws/src/tutorial_interfaces', 'symlink_install': False, 'test_result_base': None}
[0.215s] Level 5:colcon.colcon_core.verb:set package 'cpp_pubsub_tutorial_interfaces' build argument 'cmake_args' from command line to 'None'
[0.215s] Level 5:colcon.colcon_core.verb:set package 'cpp_pubsub_tutorial_interfaces' build argument 'cmake_target' from command line to 'None'
[0.215s] Level 5:colcon.colcon_core.verb:set package 'cpp_pubsub_tutorial_interfaces' build argument 'cmake_target_skip_unavailable' from command line to 'False'
[0.215s] Level 5:colcon.colcon_core.verb:set package 'cpp_pubsub_tutorial_interfaces' build argument 'cmake_clean_cache' from command line to 'False'
[0.215s] Level 5:colcon.colcon_core.verb:set package 'cpp_pubsub_tutorial_interfaces' build argument 'cmake_clean_first' from command line to 'False'
[0.215s] Level 5:colcon.colcon_core.verb:set package 'cpp_pubsub_tutorial_interfaces' build argument 'cmake_force_configure' from command line to 'False'
[0.215s] Level 5:colcon.colcon_core.verb:set package 'cpp_pubsub_tutorial_interfaces' build argument 'ament_cmake_args' from command line to 'None'
[0.215s] Level 5:colcon.colcon_core.verb:set package 'cpp_pubsub_tutorial_interfaces' build argument 'catkin_cmake_args' from command line to 'None'
[0.215s] Level 5:colcon.colcon_core.verb:set package 'cpp_pubsub_tutorial_interfaces' build argument 'catkin_skip_building_tests' from command line to 'False'
[0.215s] DEBUG:colcon.colcon_core.verb:Building package 'cpp_pubsub_tutorial_interfaces' with the following arguments: {'ament_cmake_args': None, 'build_base': '/home/noa/Documents/SLAM/ros2_ws/build/cpp_pubsub_tutorial_interfaces', 'catkin_cmake_args': None, 'catkin_skip_building_tests': False, 'cmake_args': None, 'cmake_clean_cache': False, 'cmake_clean_first': False, 'cmake_force_configure': False, 'cmake_target': None, 'cmake_target_skip_unavailable': False, 'install_base': '/home/noa/Documents/SLAM/ros2_ws/install/cpp_pubsub_tutorial_interfaces', 'merge_install': False, 'path': '/home/noa/Documents/SLAM/ros2_ws/src/cpp_pubsub_tutorial_interfaces', 'symlink_install': False, 'test_result_base': None}
[0.215s] INFO:colcon.colcon_core.executor:Executing jobs using 'parallel' executor
[0.217s] DEBUG:colcon.colcon_parallel_executor.executor.parallel:run_until_complete
[0.217s] INFO:colcon.colcon_ros.task.ament_cmake.build:Building ROS package in '/home/noa/Documents/SLAM/ros2_ws/src/tutorial_interfaces' with build type 'ament_cmake'
[0.217s] INFO:colcon.colcon_cmake.task.cmake.build:Building CMake package in '/home/noa/Documents/SLAM/ros2_ws/src/tutorial_interfaces'
[0.220s] INFO:colcon.colcon_core.plugin_system:Skipping extension 'colcon_core.shell.bat': Not used on non-Windows systems
[0.220s] INFO:colcon.colcon_core.shell:Skip shell extension 'powershell' for command environment: Not usable outside of PowerShell
[0.220s] DEBUG:colcon.colcon_core.shell:Skip shell extension 'dsv' for command environment
[0.224s] INFO:colcon.colcon_ros.task.ament_cmake.build:Building ROS package in '/home/noa/Documents/SLAM/ros2_ws/src/cpp_pubsub' with build type 'ament_cmake'
[0.224s] INFO:colcon.colcon_cmake.task.cmake.build:Building CMake package in '/home/noa/Documents/SLAM/ros2_ws/src/cpp_pubsub'
[0.224s] INFO:colcon.colcon_core.shell:Skip shell extension 'powershell' for command environment: Not usable outside of PowerShell
[0.225s] DEBUG:colcon.colcon_core.shell:Skip shell extension 'dsv' for command environment
[0.229s] INFO:colcon.colcon_ros.task.ament_cmake.build:Building ROS package in '/home/noa/Documents/SLAM/ros2_ws/src/lidar_listener' with build type 'ament_cmake'
[0.229s] INFO:colcon.colcon_cmake.task.cmake.build:Building CMake package in '/home/noa/Documents/SLAM/ros2_ws/src/lidar_listener'
[0.230s] INFO:colcon.colcon_core.shell:Skip shell extension 'powershell' for command environment: Not usable outside of PowerShell
[0.230s] DEBUG:colcon.colcon_core.shell:Skip shell extension 'dsv' for command environment
[0.234s] INFO:colcon.colcon_ros.task.ament_cmake.build:Building ROS package in '/home/noa/Documents/SLAM/ros2_ws/src/sllidar_ros2' with build type 'ament_cmake'
[0.234s] INFO:colcon.colcon_cmake.task.cmake.build:Building CMake package in '/home/noa/Documents/SLAM/ros2_ws/src/sllidar_ros2'
[0.234s] INFO:colcon.colcon_core.shell:Skip shell extension 'powershell' for command environment: Not usable outside of PowerShell
[0.234s] DEBUG:colcon.colcon_core.shell:Skip shell extension 'dsv' for command environment
[0.244s] DEBUG:colcon.colcon_core.event_handler.log_command:Invoking command in '/home/noa/Documents/SLAM/ros2_ws/build/tutorial_interfaces': CMAKE_PREFIX_PATH=${CMAKE_PREFIX_PATH}:/opt/ros/foxy PS1=\u@\h \[\033[32m\]\w\[\033[33m\]$(parse_git_branch)\[\033[00m\] $ /usr/bin/cmake --build /home/noa/Documents/SLAM/ros2_ws/build/tutorial_interfaces -- -j8 -l8
[0.249s] DEBUG:colcon.colcon_core.event_handler.log_command:Invoking command in '/home/noa/Documents/SLAM/ros2_ws/build/cpp_pubsub': CMAKE_PREFIX_PATH=${CMAKE_PREFIX_PATH}:/opt/ros/foxy PS1=\u@\h \[\033[32m\]\w\[\033[33m\]$(parse_git_branch)\[\033[00m\] $ /usr/bin/cmake --build /home/noa/Documents/SLAM/ros2_ws/build/cpp_pubsub -- -j8 -l8
[0.253s] DEBUG:colcon.colcon_core.event_handler.log_command:Invoking command in '/home/noa/Documents/SLAM/ros2_ws/build/lidar_listener': CMAKE_PREFIX_PATH=${CMAKE_PREFIX_PATH}:/opt/ros/foxy PS1=\u@\h \[\033[32m\]\w\[\033[33m\]$(parse_git_branch)\[\033[00m\] $ /usr/bin/cmake --build /home/noa/Documents/SLAM/ros2_ws/build/lidar_listener -- -j8 -l8
[0.258s] DEBUG:colcon.colcon_core.event_handler.log_command:Invoking command in '/home/noa/Documents/SLAM/ros2_ws/build/sllidar_ros2': CMAKE_PREFIX_PATH=${CMAKE_PREFIX_PATH}:/opt/ros/foxy PS1=\u@\h \[\033[32m\]\w\[\033[33m\]$(parse_git_branch)\[\033[00m\] $ /usr/bin/cmake --build /home/noa/Documents/SLAM/ros2_ws/build/sllidar_ros2 -- -j8 -l8
[0.328s] DEBUG:colcon.colcon_core.event_handler.log_command:Invoked command in '/home/noa/Documents/SLAM/ros2_ws/build/cpp_pubsub' returned '0': CMAKE_PREFIX_PATH=${CMAKE_PREFIX_PATH}:/opt/ros/foxy PS1=\u@\h \[\033[32m\]\w\[\033[33m\]$(parse_git_branch)\[\033[00m\] $ /usr/bin/cmake --build /home/noa/Documents/SLAM/ros2_ws/build/cpp_pubsub -- -j8 -l8
[0.365s] DEBUG:colcon.colcon_core.event_handler.log_command:Invoking command in '/home/noa/Documents/SLAM/ros2_ws/build/cpp_pubsub': CMAKE_PREFIX_PATH=${CMAKE_PREFIX_PATH}:/opt/ros/foxy PS1=\u@\h \[\033[32m\]\w\[\033[33m\]$(parse_git_branch)\[\033[00m\] $ /usr/bin/cmake --install /home/noa/Documents/SLAM/ros2_ws/build/cpp_pubsub
[0.367s] DEBUG:colcon.colcon_core.event_handler.log_command:Invoked command in '/home/noa/Documents/SLAM/ros2_ws/build/sllidar_ros2' returned '0': CMAKE_PREFIX_PATH=${CMAKE_PREFIX_PATH}:/opt/ros/foxy PS1=\u@\h \[\033[32m\]\w\[\033[33m\]$(parse_git_branch)\[\033[00m\] $ /usr/bin/cmake --build /home/noa/Documents/SLAM/ros2_ws/build/sllidar_ros2 -- -j8 -l8
[0.376s] Level 1:colcon.colcon_core.environment:create_environment_scripts_only(cpp_pubsub)
[0.377s] DEBUG:colcon.colcon_core.event_handler.log_command:Invoked command in '/home/noa/Documents/SLAM/ros2_ws/build/cpp_pubsub' returned '0': CMAKE_PREFIX_PATH=${CMAKE_PREFIX_PATH}:/opt/ros/foxy PS1=\u@\h \[\033[32m\]\w\[\033[33m\]$(parse_git_branch)\[\033[00m\] $ /usr/bin/cmake --install /home/noa/Documents/SLAM/ros2_ws/build/cpp_pubsub
[0.381s] Level 1:colcon.colcon_core.environment:checking '/home/noa/Documents/SLAM/ros2_ws/install/cpp_pubsub' for CMake module files
[0.382s] Level 1:colcon.colcon_core.environment:checking '/home/noa/Documents/SLAM/ros2_ws/install/cpp_pubsub' for CMake config files
[0.383s] Level 1:colcon.colcon_core.shell:create_environment_hook('cpp_pubsub', 'cmake_prefix_path')
[0.383s] INFO:colcon.colcon_core.shell:Creating environment hook '/home/noa/Documents/SLAM/ros2_ws/install/cpp_pubsub/share/cpp_pubsub/hook/cmake_prefix_path.ps1'
[0.384s] INFO:colcon.colcon_core.shell:Creating environment descriptor '/home/noa/Documents/SLAM/ros2_ws/install/cpp_pubsub/share/cpp_pubsub/hook/cmake_prefix_path.dsv'
[0.385s] INFO:colcon.colcon_core.shell:Creating environment hook '/home/noa/Documents/SLAM/ros2_ws/install/cpp_pubsub/share/cpp_pubsub/hook/cmake_prefix_path.sh'
[0.386s] Level 1:colcon.colcon_core.environment:checking '/home/noa/Documents/SLAM/ros2_ws/install/cpp_pubsub/lib'
[0.386s] Level 1:colcon.colcon_core.environment:checking '/home/noa/Documents/SLAM/ros2_ws/install/cpp_pubsub/bin'
[0.386s] Level 1:colcon.colcon_core.environment:checking '/home/noa/Documents/SLAM/ros2_ws/install/cpp_pubsub/lib/pkgconfig/cpp_pubsub.pc'
[0.386s] Level 1:colcon.colcon_core.environment:checking '/home/noa/Documents/SLAM/ros2_ws/install/cpp_pubsub/lib/python3.8/site-packages'
[0.387s] Level 1:colcon.colcon_core.environment:checking '/home/noa/Documents/SLAM/ros2_ws/install/cpp_pubsub/bin'
[0.387s] INFO:colcon.colcon_core.shell:Creating package script '/home/noa/Documents/SLAM/ros2_ws/install/cpp_pubsub/share/cpp_pubsub/package.ps1'
[0.388s] INFO:colcon.colcon_core.shell:Creating package descriptor '/home/noa/Documents/SLAM/ros2_ws/install/cpp_pubsub/share/cpp_pubsub/package.dsv'
[0.389s] INFO:colcon.colcon_core.shell:Creating package script '/home/noa/Documents/SLAM/ros2_ws/install/cpp_pubsub/share/cpp_pubsub/package.sh'
[0.390s] INFO:colcon.colcon_core.shell:Creating package script '/home/noa/Documents/SLAM/ros2_ws/install/cpp_pubsub/share/cpp_pubsub/package.bash'
[0.391s] INFO:colcon.colcon_core.shell:Creating package script '/home/noa/Documents/SLAM/ros2_ws/install/cpp_pubsub/share/cpp_pubsub/package.zsh'
[0.392s] Level 1:colcon.colcon_core.environment:create_file_with_runtime_dependencies(/home/noa/Documents/SLAM/ros2_ws/install/cpp_pubsub/share/colcon-core/packages/cpp_pubsub)
[0.408s] DEBUG:colcon.colcon_core.event_handler.log_command:Invoking command in '/home/noa/Documents/SLAM/ros2_ws/build/sllidar_ros2': CMAKE_PREFIX_PATH=${CMAKE_PREFIX_PATH}:/opt/ros/foxy PS1=\u@\h \[\033[32m\]\w\[\033[33m\]$(parse_git_branch)\[\033[00m\] $ /usr/bin/cmake --install /home/noa/Documents/SLAM/ros2_ws/build/sllidar_ros2
[0.413s] Level 1:colcon.colcon_core.environment:create_environment_scripts_only(cpp_pubsub)
[0.414s] Level 1:colcon.colcon_core.environment:checking '/home/noa/Documents/SLAM/ros2_ws/install/cpp_pubsub' for CMake module files
[0.415s] Level 1:colcon.colcon_core.environment:checking '/home/noa/Documents/SLAM/ros2_ws/install/cpp_pubsub' for CMake config files
[0.416s] Level 1:colcon.colcon_core.shell:create_environment_hook('cpp_pubsub', 'cmake_prefix_path')
[0.416s] INFO:colcon.colcon_core.shell:Creating environment hook '/home/noa/Documents/SLAM/ros2_ws/install/cpp_pubsub/share/cpp_pubsub/hook/cmake_prefix_path.ps1'
[0.418s] INFO:colcon.colcon_core.shell:Creating environment descriptor '/home/noa/Documents/SLAM/ros2_ws/install/cpp_pubsub/share/cpp_pubsub/hook/cmake_prefix_path.dsv'
[0.419s] INFO:colcon.colcon_core.shell:Creating environment hook '/home/noa/Documents/SLAM/ros2_ws/install/cpp_pubsub/share/cpp_pubsub/hook/cmake_prefix_path.sh'
[0.420s] Level 1:colcon.colcon_core.environment:checking '/home/noa/Documents/SLAM/ros2_ws/install/cpp_pubsub/lib'
[0.420s] Level 1:colcon.colcon_core.environment:checking '/home/noa/Documents/SLAM/ros2_ws/install/cpp_pubsub/bin'
[0.420s] Level 1:colcon.colcon_core.environment:checking '/home/noa/Documents/SLAM/ros2_ws/install/cpp_pubsub/lib/pkgconfig/cpp_pubsub.pc'
[0.420s] Level 1:colcon.colcon_core.environment:checking '/home/noa/Documents/SLAM/ros2_ws/install/cpp_pubsub/lib/python3.8/site-packages'
[0.421s] Level 1:colcon.colcon_core.environment:checking '/home/noa/Documents/SLAM/ros2_ws/install/cpp_pubsub/bin'
[0.422s] INFO:colcon.colcon_core.shell:Creating package script '/home/noa/Documents/SLAM/ros2_ws/install/cpp_pubsub/share/cpp_pubsub/package.ps1'
[0.423s] INFO:colcon.colcon_core.shell:Creating package descriptor '/home/noa/Documents/SLAM/ros2_ws/install/cpp_pubsub/share/cpp_pubsub/package.dsv'
[0.423s] INFO:colcon.colcon_core.shell:Creating package script '/home/noa/Documents/SLAM/ros2_ws/install/cpp_pubsub/share/cpp_pubsub/package.sh'
[0.424s] INFO:colcon.colcon_core.shell:Creating package script '/home/noa/Documents/SLAM/ros2_ws/install/cpp_pubsub/share/cpp_pubsub/package.bash'
[0.424s] INFO:colcon.colcon_core.shell:Creating package script '/home/noa/Documents/SLAM/ros2_ws/install/cpp_pubsub/share/cpp_pubsub/package.zsh'
[0.425s] Level 1:colcon.colcon_core.environment:create_file_with_runtime_dependencies(/home/noa/Documents/SLAM/ros2_ws/install/cpp_pubsub/share/colcon-core/packages/cpp_pubsub)
[0.426s] Level 1:colcon.colcon_core.environment:create_environment_scripts_only(sllidar_ros2)
[0.427s] DEBUG:colcon.colcon_core.event_handler.log_command:Invoked command in '/home/noa/Documents/SLAM/ros2_ws/build/sllidar_ros2' returned '0': CMAKE_PREFIX_PATH=${CMAKE_PREFIX_PATH}:/opt/ros/foxy PS1=\u@\h \[\033[32m\]\w\[\033[33m\]$(parse_git_branch)\[\033[00m\] $ /usr/bin/cmake --install /home/noa/Documents/SLAM/ros2_ws/build/sllidar_ros2
[0.428s] Level 1:colcon.colcon_core.environment:checking '/home/noa/Documents/SLAM/ros2_ws/install/sllidar_ros2' for CMake module files
[0.429s] Level 1:colcon.colcon_core.environment:checking '/home/noa/Documents/SLAM/ros2_ws/install/sllidar_ros2' for CMake config files
[0.429s] Level 1:colcon.colcon_core.shell:create_environment_hook('sllidar_ros2', 'cmake_prefix_path')
[0.429s] INFO:colcon.colcon_core.shell:Creating environment hook '/home/noa/Documents/SLAM/ros2_ws/install/sllidar_ros2/share/sllidar_ros2/hook/cmake_prefix_path.ps1'
[0.430s] INFO:colcon.colcon_core.shell:Creating environment descriptor '/home/noa/Documents/SLAM/ros2_ws/install/sllidar_ros2/share/sllidar_ros2/hook/cmake_prefix_path.dsv'
[0.430s] INFO:colcon.colcon_core.shell:Creating environment hook '/home/noa/Documents/SLAM/ros2_ws/install/sllidar_ros2/share/sllidar_ros2/hook/cmake_prefix_path.sh'
[0.431s] Level 1:colcon.colcon_core.environment:checking '/home/noa/Documents/SLAM/ros2_ws/install/sllidar_ros2/lib'
[0.431s] Level 1:colcon.colcon_core.environment:checking '/home/noa/Documents/SLAM/ros2_ws/install/sllidar_ros2/bin'
[0.431s] Level 1:colcon.colcon_core.environment:checking '/home/noa/Documents/SLAM/ros2_ws/install/sllidar_ros2/lib/pkgconfig/sllidar_ros2.pc'
[0.431s] Level 1:colcon.colcon_core.environment:checking '/home/noa/Documents/SLAM/ros2_ws/install/sllidar_ros2/lib/python3.8/site-packages'
[0.431s] Level 1:colcon.colcon_core.environment:checking '/home/noa/Documents/SLAM/ros2_ws/install/sllidar_ros2/bin'
[0.432s] INFO:colcon.colcon_core.shell:Creating package script '/home/noa/Documents/SLAM/ros2_ws/install/sllidar_ros2/share/sllidar_ros2/package.ps1'
[0.432s] INFO:colcon.colcon_core.shell:Creating package descriptor '/home/noa/Documents/SLAM/ros2_ws/install/sllidar_ros2/share/sllidar_ros2/package.dsv'
[0.433s] INFO:colcon.colcon_core.shell:Creating package script '/home/noa/Documents/SLAM/ros2_ws/install/sllidar_ros2/share/sllidar_ros2/package.sh'
[0.433s] INFO:colcon.colcon_core.shell:Creating package script '/home/noa/Documents/SLAM/ros2_ws/install/sllidar_ros2/share/sllidar_ros2/package.bash'
[0.433s] INFO:colcon.colcon_core.shell:Creating package script '/home/noa/Documents/SLAM/ros2_ws/install/sllidar_ros2/share/sllidar_ros2/package.zsh'
[0.434s] Level 1:colcon.colcon_core.environment:create_file_with_runtime_dependencies(/home/noa/Documents/SLAM/ros2_ws/install/sllidar_ros2/share/colcon-core/packages/sllidar_ros2)
[0.456s] DEBUG:colcon.colcon_core.event_handler.log_command:Invoked command in '/home/noa/Documents/SLAM/ros2_ws/build/tutorial_interfaces' returned '0': CMAKE_PREFIX_PATH=${CMAKE_PREFIX_PATH}:/opt/ros/foxy PS1=\u@\h \[\033[32m\]\w\[\033[33m\]$(parse_git_branch)\[\033[00m\] $ /usr/bin/cmake --build /home/noa/Documents/SLAM/ros2_ws/build/tutorial_interfaces -- -j8 -l8
[0.466s] Level 1:colcon.colcon_core.environment:create_environment_scripts_only(sllidar_ros2)
[0.468s] Level 1:colcon.colcon_core.environment:checking '/home/noa/Documents/SLAM/ros2_ws/install/sllidar_ros2' for CMake module files
[0.468s] Level 1:colcon.colcon_core.environment:checking '/home/noa/Documents/SLAM/ros2_ws/install/sllidar_ros2' for CMake config files
[0.469s] Level 1:colcon.colcon_core.shell:create_environment_hook('sllidar_ros2', 'cmake_prefix_path')
[0.469s] INFO:colcon.colcon_core.shell:Creating environment hook '/home/noa/Documents/SLAM/ros2_ws/install/sllidar_ros2/share/sllidar_ros2/hook/cmake_prefix_path.ps1'
[0.470s] INFO:colcon.colcon_core.shell:Creating environment descriptor '/home/noa/Documents/SLAM/ros2_ws/install/sllidar_ros2/share/sllidar_ros2/hook/cmake_prefix_path.dsv'
[0.470s] INFO:colcon.colcon_core.shell:Creating environment hook '/home/noa/Documents/SLAM/ros2_ws/install/sllidar_ros2/share/sllidar_ros2/hook/cmake_prefix_path.sh'
[0.471s] Level 1:colcon.colcon_core.environment:checking '/home/noa/Documents/SLAM/ros2_ws/install/sllidar_ros2/lib'
[0.471s] Level 1:colcon.colcon_core.environment:checking '/home/noa/Documents/SLAM/ros2_ws/install/sllidar_ros2/bin'
[0.471s] Level 1:colcon.colcon_core.environment:checking '/home/noa/Documents/SLAM/ros2_ws/install/sllidar_ros2/lib/pkgconfig/sllidar_ros2.pc'
[0.471s] Level 1:colcon.colcon_core.environment:checking '/home/noa/Documents/SLAM/ros2_ws/install/sllidar_ros2/lib/python3.8/site-packages'
[0.471s] Level 1:colcon.colcon_core.environment:checking '/home/noa/Documents/SLAM/ros2_ws/install/sllidar_ros2/bin'
[0.472s] INFO:colcon.colcon_core.shell:Creating package script '/home/noa/Documents/SLAM/ros2_ws/install/sllidar_ros2/share/sllidar_ros2/package.ps1'
[0.473s] INFO:colcon.colcon_core.shell:Creating package descriptor '/home/noa/Documents/SLAM/ros2_ws/install/sllidar_ros2/share/sllidar_ros2/package.dsv'
[0.473s] INFO:colcon.colcon_core.shell:Creating package script '/home/noa/Documents/SLAM/ros2_ws/install/sllidar_ros2/share/sllidar_ros2/package.sh'
[0.474s] INFO:colcon.colcon_core.shell:Creating package script '/home/noa/Documents/SLAM/ros2_ws/install/sllidar_ros2/share/sllidar_ros2/package.bash'
[0.474s] INFO:colcon.colcon_core.shell:Creating package script '/home/noa/Documents/SLAM/ros2_ws/install/sllidar_ros2/share/sllidar_ros2/package.zsh'
[0.475s] Level 1:colcon.colcon_core.environment:create_file_with_runtime_dependencies(/home/noa/Documents/SLAM/ros2_ws/install/sllidar_ros2/share/colcon-core/packages/sllidar_ros2)
[0.502s] DEBUG:colcon.colcon_core.event_handler.log_command:Invoking command in '/home/noa/Documents/SLAM/ros2_ws/build/tutorial_interfaces': CMAKE_PREFIX_PATH=${CMAKE_PREFIX_PATH}:/opt/ros/foxy PS1=\u@\h \[\033[32m\]\w\[\033[33m\]$(parse_git_branch)\[\033[00m\] $ /usr/bin/cmake --install /home/noa/Documents/SLAM/ros2_ws/build/tutorial_interfaces
[0.561s] Level 1:colcon.colcon_core.environment:create_environment_scripts_only(tutorial_interfaces)
[0.563s] Level 1:colcon.colcon_core.environment:checking '/home/noa/Documents/SLAM/ros2_ws/install/tutorial_interfaces' for CMake module files
[0.564s] Level 1:colcon.colcon_core.environment:checking '/home/noa/Documents/SLAM/ros2_ws/install/tutorial_interfaces' for CMake config files
[0.565s] Level 1:colcon.colcon_core.shell:create_environment_hook('tutorial_interfaces', 'cmake_prefix_path')
[0.566s] INFO:colcon.colcon_core.shell:Creating environment hook '/home/noa/Documents/SLAM/ros2_ws/install/tutorial_interfaces/share/tutorial_interfaces/hook/cmake_prefix_path.ps1'
[0.567s] INFO:colcon.colcon_core.shell:Creating environment descriptor '/home/noa/Documents/SLAM/ros2_ws/install/tutorial_interfaces/share/tutorial_interfaces/hook/cmake_prefix_path.dsv'
[0.567s] INFO:colcon.colcon_core.shell:Creating environment hook '/home/noa/Documents/SLAM/ros2_ws/install/tutorial_interfaces/share/tutorial_interfaces/hook/cmake_prefix_path.sh'
[0.568s] Level 1:colcon.colcon_core.environment:checking '/home/noa/Documents/SLAM/ros2_ws/install/tutorial_interfaces/lib'
[0.568s] Level 1:colcon.colcon_core.shell:create_environment_hook('tutorial_interfaces', 'ld_library_path_lib')
[0.568s] INFO:colcon.colcon_core.shell:Creating environment hook '/home/noa/Documents/SLAM/ros2_ws/install/tutorial_interfaces/share/tutorial_interfaces/hook/ld_library_path_lib.ps1'
[0.569s] INFO:colcon.colcon_core.shell:Creating environment descriptor '/home/noa/Documents/SLAM/ros2_ws/install/tutorial_interfaces/share/tutorial_interfaces/hook/ld_library_path_lib.dsv'
[0.570s] DEBUG:colcon.colcon_core.event_handler.log_command:Invoked command in '/home/noa/Documents/SLAM/ros2_ws/build/tutorial_interfaces' returned '0': CMAKE_PREFIX_PATH=${CMAKE_PREFIX_PATH}:/opt/ros/foxy PS1=\u@\h \[\033[32m\]\w\[\033[33m\]$(parse_git_branch)\[\033[00m\] $ /usr/bin/cmake --install /home/noa/Documents/SLAM/ros2_ws/build/tutorial_interfaces
[0.570s] INFO:colcon.colcon_core.shell:Creating environment hook '/home/noa/Documents/SLAM/ros2_ws/install/tutorial_interfaces/share/tutorial_interfaces/hook/ld_library_path_lib.sh'
[0.571s] Level 1:colcon.colcon_core.environment:checking '/home/noa/Documents/SLAM/ros2_ws/install/tutorial_interfaces/bin'
[0.571s] Level 1:colcon.colcon_core.environment:checking '/home/noa/Documents/SLAM/ros2_ws/install/tutorial_interfaces/lib/pkgconfig/tutorial_interfaces.pc'
[0.571s] Level 1:colcon.colcon_core.environment:checking '/home/noa/Documents/SLAM/ros2_ws/install/tutorial_interfaces/lib/python3.8/site-packages'
[0.571s] Level 1:colcon.colcon_core.shell:create_environment_hook('tutorial_interfaces', 'pythonpath')
[0.572s] INFO:colcon.colcon_core.shell:Creating environment hook '/home/noa/Documents/SLAM/ros2_ws/install/tutorial_interfaces/share/tutorial_interfaces/hook/pythonpath.ps1'
[0.572s] INFO:colcon.colcon_core.shell:Creating environment descriptor '/home/noa/Documents/SLAM/ros2_ws/install/tutorial_interfaces/share/tutorial_interfaces/hook/pythonpath.dsv'
[0.573s] INFO:colcon.colcon_core.shell:Creating environment hook '/home/noa/Documents/SLAM/ros2_ws/install/tutorial_interfaces/share/tutorial_interfaces/hook/pythonpath.sh'
[0.573s] Level 1:colcon.colcon_core.environment:checking '/home/noa/Documents/SLAM/ros2_ws/install/tutorial_interfaces/bin'
[0.574s] INFO:colcon.colcon_core.shell:Creating package script '/home/noa/Documents/SLAM/ros2_ws/install/tutorial_interfaces/share/tutorial_interfaces/package.ps1'
[0.575s] INFO:colcon.colcon_core.shell:Creating package descriptor '/home/noa/Documents/SLAM/ros2_ws/install/tutorial_interfaces/share/tutorial_interfaces/package.dsv'
[0.576s] INFO:colcon.colcon_core.shell:Creating package script '/home/noa/Documents/SLAM/ros2_ws/install/tutorial_interfaces/share/tutorial_interfaces/package.sh'
[0.576s] INFO:colcon.colcon_core.shell:Creating package script '/home/noa/Documents/SLAM/ros2_ws/install/tutorial_interfaces/share/tutorial_interfaces/package.bash'
[0.577s] INFO:colcon.colcon_core.shell:Creating package script '/home/noa/Documents/SLAM/ros2_ws/install/tutorial_interfaces/share/tutorial_interfaces/package.zsh'
[0.577s] Level 1:colcon.colcon_core.environment:create_file_with_runtime_dependencies(/home/noa/Documents/SLAM/ros2_ws/install/tutorial_interfaces/share/colcon-core/packages/tutorial_interfaces)
[0.650s] Level 1:colcon.colcon_core.environment:create_environment_scripts_only(tutorial_interfaces)
[0.651s] Level 1:colcon.colcon_core.environment:checking '/home/noa/Documents/SLAM/ros2_ws/install/tutorial_interfaces' for CMake module files
[0.652s] Level 1:colcon.colcon_core.environment:checking '/home/noa/Documents/SLAM/ros2_ws/install/tutorial_interfaces' for CMake config files
[0.653s] Level 1:colcon.colcon_core.shell:create_environment_hook('tutorial_interfaces', 'cmake_prefix_path')
[0.653s] INFO:colcon.colcon_core.shell:Creating environment hook '/home/noa/Documents/SLAM/ros2_ws/install/tutorial_interfaces/share/tutorial_interfaces/hook/cmake_prefix_path.ps1'
[0.654s] INFO:colcon.colcon_core.shell:Creating environment descriptor '/home/noa/Documents/SLAM/ros2_ws/install/tutorial_interfaces/share/tutorial_interfaces/hook/cmake_prefix_path.dsv'
[0.654s] INFO:colcon.colcon_core.shell:Creating environment hook '/home/noa/Documents/SLAM/ros2_ws/install/tutorial_interfaces/share/tutorial_interfaces/hook/cmake_prefix_path.sh'
[0.654s] Level 1:colcon.colcon_core.environment:checking '/home/noa/Documents/SLAM/ros2_ws/install/tutorial_interfaces/lib'
[0.655s] Level 1:colcon.colcon_core.shell:create_environment_hook('tutorial_interfaces', 'ld_library_path_lib')
[0.655s] INFO:colcon.colcon_core.shell:Creating environment hook '/home/noa/Documents/SLAM/ros2_ws/install/tutorial_interfaces/share/tutorial_interfaces/hook/ld_library_path_lib.ps1'
[0.655s] INFO:colcon.colcon_core.shell:Creating environment descriptor '/home/noa/Documents/SLAM/ros2_ws/install/tutorial_interfaces/share/tutorial_interfaces/hook/ld_library_path_lib.dsv'
[0.655s] INFO:colcon.colcon_core.shell:Creating environment hook '/home/noa/Documents/SLAM/ros2_ws/install/tutorial_interfaces/share/tutorial_interfaces/hook/ld_library_path_lib.sh'
[0.656s] Level 1:colcon.colcon_core.environment:checking '/home/noa/Documents/SLAM/ros2_ws/install/tutorial_interfaces/bin'
[0.656s] Level 1:colcon.colcon_core.environment:checking '/home/noa/Documents/SLAM/ros2_ws/install/tutorial_interfaces/lib/pkgconfig/tutorial_interfaces.pc'
[0.656s] Level 1:colcon.colcon_core.environment:checking '/home/noa/Documents/SLAM/ros2_ws/install/tutorial_interfaces/lib/python3.8/site-packages'
[0.656s] Level 1:colcon.colcon_core.shell:create_environment_hook('tutorial_interfaces', 'pythonpath')
[0.656s] INFO:colcon.colcon_core.shell:Creating environment hook '/home/noa/Documents/SLAM/ros2_ws/install/tutorial_interfaces/share/tutorial_interfaces/hook/pythonpath.ps1'
[0.657s] INFO:colcon.colcon_core.shell:Creating environment descriptor '/home/noa/Documents/SLAM/ros2_ws/install/tutorial_interfaces/share/tutorial_interfaces/hook/pythonpath.dsv'
[0.657s] INFO:colcon.colcon_core.shell:Creating environment hook '/home/noa/Documents/SLAM/ros2_ws/install/tutorial_interfaces/share/tutorial_interfaces/hook/pythonpath.sh'
[0.657s] Level 1:colcon.colcon_core.environment:checking '/home/noa/Documents/SLAM/ros2_ws/install/tutorial_interfaces/bin'
[0.658s] INFO:colcon.colcon_core.shell:Creating package script '/home/noa/Documents/SLAM/ros2_ws/install/tutorial_interfaces/share/tutorial_interfaces/package.ps1'
[0.659s] INFO:colcon.colcon_core.shell:Creating package descriptor '/home/noa/Documents/SLAM/ros2_ws/install/tutorial_interfaces/share/tutorial_interfaces/package.dsv'
[0.660s] INFO:colcon.colcon_core.shell:Creating package script '/home/noa/Documents/SLAM/ros2_ws/install/tutorial_interfaces/share/tutorial_interfaces/package.sh'
[0.660s] INFO:colcon.colcon_core.shell:Creating package script '/home/noa/Documents/SLAM/ros2_ws/install/tutorial_interfaces/share/tutorial_interfaces/package.bash'
[0.660s] INFO:colcon.colcon_core.shell:Creating package script '/home/noa/Documents/SLAM/ros2_ws/install/tutorial_interfaces/share/tutorial_interfaces/package.zsh'
[0.661s] Level 1:colcon.colcon_core.environment:create_file_with_runtime_dependencies(/home/noa/Documents/SLAM/ros2_ws/install/tutorial_interfaces/share/colcon-core/packages/tutorial_interfaces)
[0.661s] INFO:colcon.colcon_ros.task.ament_cmake.build:Building ROS package in '/home/noa/Documents/SLAM/ros2_ws/src/cpp_pubsub_tutorial_interfaces' with build type 'ament_cmake'
[0.662s] INFO:colcon.colcon_cmake.task.cmake.build:Building CMake package in '/home/noa/Documents/SLAM/ros2_ws/src/cpp_pubsub_tutorial_interfaces'
[0.662s] INFO:colcon.colcon_core.shell:Skip shell extension 'powershell' for command environment: Not usable outside of PowerShell
[0.662s] DEBUG:colcon.colcon_core.shell:Skip shell extension 'dsv' for command environment
[0.677s] DEBUG:colcon.colcon_core.event_handler.log_command:Invoking command in '/home/noa/Documents/SLAM/ros2_ws/build/cpp_pubsub_tutorial_interfaces': CMAKE_PREFIX_PATH=/home/noa/Documents/SLAM/ros2_ws/install/tutorial_interfaces:/home/noa/Documents/SLAM/ros2_ws/install/cpp_pubsub_tutorial_interfaces:/home/noa/Documents/SLAM/ros2_ws/install/sllidar_ros2:/home/noa/Documents/SLAM/ros2_ws/install/cpp_pubsub:/opt/ros/foxy PS1=\u@\h \[\033[32m\]\w\[\033[33m\]$(parse_git_branch)\[\033[00m\] $ /usr/bin/cmake --build /home/noa/Documents/SLAM/ros2_ws/build/cpp_pubsub_tutorial_interfaces -- -j8 -l8
[0.751s] DEBUG:colcon.colcon_core.event_handler.log_command:Invoked command in '/home/noa/Documents/SLAM/ros2_ws/build/cpp_pubsub_tutorial_interfaces' returned '0': CMAKE_PREFIX_PATH=/home/noa/Documents/SLAM/ros2_ws/install/tutorial_interfaces:/home/noa/Documents/SLAM/ros2_ws/install/cpp_pubsub_tutorial_interfaces:/home/noa/Documents/SLAM/ros2_ws/install/sllidar_ros2:/home/noa/Documents/SLAM/ros2_ws/install/cpp_pubsub:/opt/ros/foxy PS1=\u@\h \[\033[32m\]\w\[\033[33m\]$(parse_git_branch)\[\033[00m\] $ /usr/bin/cmake --build /home/noa/Documents/SLAM/ros2_ws/build/cpp_pubsub_tutorial_interfaces -- -j8 -l8
[0.784s] DEBUG:colcon.colcon_core.event_handler.log_command:Invoking command in '/home/noa/Documents/SLAM/ros2_ws/build/cpp_pubsub_tutorial_interfaces': CMAKE_PREFIX_PATH=/home/noa/Documents/SLAM/ros2_ws/install/tutorial_interfaces:/home/noa/Documents/SLAM/ros2_ws/install/cpp_pubsub_tutorial_interfaces:/home/noa/Documents/SLAM/ros2_ws/install/sllidar_ros2:/home/noa/Documents/SLAM/ros2_ws/install/cpp_pubsub:/opt/ros/foxy PS1=\u@\h \[\033[32m\]\w\[\033[33m\]$(parse_git_branch)\[\033[00m\] $ /usr/bin/cmake --install /home/noa/Documents/SLAM/ros2_ws/build/cpp_pubsub_tutorial_interfaces
[0.793s] Level 1:colcon.colcon_core.environment:create_environment_scripts_only(cpp_pubsub_tutorial_interfaces)
[0.794s] Level 1:colcon.colcon_core.environment:checking '/home/noa/Documents/SLAM/ros2_ws/install/cpp_pubsub_tutorial_interfaces' for CMake module files
[0.795s] DEBUG:colcon.colcon_core.event_handler.log_command:Invoked command in '/home/noa/Documents/SLAM/ros2_ws/build/cpp_pubsub_tutorial_interfaces' returned '0': CMAKE_PREFIX_PATH=/home/noa/Documents/SLAM/ros2_ws/install/tutorial_interfaces:/home/noa/Documents/SLAM/ros2_ws/install/cpp_pubsub_tutorial_interfaces:/home/noa/Documents/SLAM/ros2_ws/install/sllidar_ros2:/home/noa/Documents/SLAM/ros2_ws/install/cpp_pubsub:/opt/ros/foxy PS1=\u@\h \[\033[32m\]\w\[\033[33m\]$(parse_git_branch)\[\033[00m\] $ /usr/bin/cmake --install /home/noa/Documents/SLAM/ros2_ws/build/cpp_pubsub_tutorial_interfaces
[0.795s] Level 1:colcon.colcon_core.environment:checking '/home/noa/Documents/SLAM/ros2_ws/install/cpp_pubsub_tutorial_interfaces' for CMake config files
[0.795s] Level 1:colcon.colcon_core.shell:create_environment_hook('cpp_pubsub_tutorial_interfaces', 'cmake_prefix_path')
[0.796s] INFO:colcon.colcon_core.shell:Creating environment hook '/home/noa/Documents/SLAM/ros2_ws/install/cpp_pubsub_tutorial_interfaces/share/cpp_pubsub_tutorial_interfaces/hook/cmake_prefix_path.ps1'
[0.796s] INFO:colcon.colcon_core.shell:Creating environment descriptor '/home/noa/Documents/SLAM/ros2_ws/install/cpp_pubsub_tutorial_interfaces/share/cpp_pubsub_tutorial_interfaces/hook/cmake_prefix_path.dsv'
[0.796s] INFO:colcon.colcon_core.shell:Creating environment hook '/home/noa/Documents/SLAM/ros2_ws/install/cpp_pubsub_tutorial_interfaces/share/cpp_pubsub_tutorial_interfaces/hook/cmake_prefix_path.sh'
[0.797s] Level 1:colcon.colcon_core.environment:checking '/home/noa/Documents/SLAM/ros2_ws/install/cpp_pubsub_tutorial_interfaces/lib'
[0.797s] Level 1:colcon.colcon_core.environment:checking '/home/noa/Documents/SLAM/ros2_ws/install/cpp_pubsub_tutorial_interfaces/bin'
[0.797s] Level 1:colcon.colcon_core.environment:checking '/home/noa/Documents/SLAM/ros2_ws/install/cpp_pubsub_tutorial_interfaces/lib/pkgconfig/cpp_pubsub_tutorial_interfaces.pc'
[0.797s] Level 1:colcon.colcon_core.environment:checking '/home/noa/Documents/SLAM/ros2_ws/install/cpp_pubsub_tutorial_interfaces/lib/python3.8/site-packages'
[0.797s] Level 1:colcon.colcon_core.environment:checking '/home/noa/Documents/SLAM/ros2_ws/install/cpp_pubsub_tutorial_interfaces/bin'
[0.798s] INFO:colcon.colcon_core.shell:Creating package script '/home/noa/Documents/SLAM/ros2_ws/install/cpp_pubsub_tutorial_interfaces/share/cpp_pubsub_tutorial_interfaces/package.ps1'
[0.798s] INFO:colcon.colcon_core.shell:Creating package descriptor '/home/noa/Documents/SLAM/ros2_ws/install/cpp_pubsub_tutorial_interfaces/share/cpp_pubsub_tutorial_interfaces/package.dsv'
[0.798s] INFO:colcon.colcon_core.shell:Creating package script '/home/noa/Documents/SLAM/ros2_ws/install/cpp_pubsub_tutorial_interfaces/share/cpp_pubsub_tutorial_interfaces/package.sh'
[0.799s] INFO:colcon.colcon_core.shell:Creating package script '/home/noa/Documents/SLAM/ros2_ws/install/cpp_pubsub_tutorial_interfaces/share/cpp_pubsub_tutorial_interfaces/package.bash'
[0.799s] INFO:colcon.colcon_core.shell:Creating package script '/home/noa/Documents/SLAM/ros2_ws/install/cpp_pubsub_tutorial_interfaces/share/cpp_pubsub_tutorial_interfaces/package.zsh'
[0.799s] Level 1:colcon.colcon_core.environment:create_file_with_runtime_dependencies(/home/noa/Documents/SLAM/ros2_ws/install/cpp_pubsub_tutorial_interfaces/share/colcon-core/packages/cpp_pubsub_tutorial_interfaces)
[0.819s] Level 1:colcon.colcon_core.environment:create_environment_scripts_only(cpp_pubsub_tutorial_interfaces)
[0.820s] Level 1:colcon.colcon_core.environment:checking '/home/noa/Documents/SLAM/ros2_ws/install/cpp_pubsub_tutorial_interfaces' for CMake module files
[0.820s] Level 1:colcon.colcon_core.environment:checking '/home/noa/Documents/SLAM/ros2_ws/install/cpp_pubsub_tutorial_interfaces' for CMake config files
[0.820s] Level 1:colcon.colcon_core.shell:create_environment_hook('cpp_pubsub_tutorial_interfaces', 'cmake_prefix_path')
[0.821s] INFO:colcon.colcon_core.shell:Creating environment hook '/home/noa/Documents/SLAM/ros2_ws/install/cpp_pubsub_tutorial_interfaces/share/cpp_pubsub_tutorial_interfaces/hook/cmake_prefix_path.ps1'
[0.821s] INFO:colcon.colcon_core.shell:Creating environment descriptor '/home/noa/Documents/SLAM/ros2_ws/install/cpp_pubsub_tutorial_interfaces/share/cpp_pubsub_tutorial_interfaces/hook/cmake_prefix_path.dsv'
[0.822s] INFO:colcon.colcon_core.shell:Creating environment hook '/home/noa/Documents/SLAM/ros2_ws/install/cpp_pubsub_tutorial_interfaces/share/cpp_pubsub_tutorial_interfaces/hook/cmake_prefix_path.sh'
[0.822s] Level 1:colcon.colcon_core.environment:checking '/home/noa/Documents/SLAM/ros2_ws/install/cpp_pubsub_tutorial_interfaces/lib'
[0.822s] Level 1:colcon.colcon_core.environment:checking '/home/noa/Documents/SLAM/ros2_ws/install/cpp_pubsub_tutorial_interfaces/bin'
[0.822s] Level 1:colcon.colcon_core.environment:checking '/home/noa/Documents/SLAM/ros2_ws/install/cpp_pubsub_tutorial_interfaces/lib/pkgconfig/cpp_pubsub_tutorial_interfaces.pc'
[0.822s] Level 1:colcon.colcon_core.environment:checking '/home/noa/Documents/SLAM/ros2_ws/install/cpp_pubsub_tutorial_interfaces/lib/python3.8/site-packages'
[0.822s] Level 1:colcon.colcon_core.environment:checking '/home/noa/Documents/SLAM/ros2_ws/install/cpp_pubsub_tutorial_interfaces/bin'
[0.823s] INFO:colcon.colcon_core.shell:Creating package script '/home/noa/Documents/SLAM/ros2_ws/install/cpp_pubsub_tutorial_interfaces/share/cpp_pubsub_tutorial_interfaces/package.ps1'
[0.823s] INFO:colcon.colcon_core.shell:Creating package descriptor '/home/noa/Documents/SLAM/ros2_ws/install/cpp_pubsub_tutorial_interfaces/share/cpp_pubsub_tutorial_interfaces/package.dsv'
[0.824s] INFO:colcon.colcon_core.shell:Creating package script '/home/noa/Documents/SLAM/ros2_ws/install/cpp_pubsub_tutorial_interfaces/share/cpp_pubsub_tutorial_interfaces/package.sh'
[0.824s] INFO:colcon.colcon_core.shell:Creating package script '/home/noa/Documents/SLAM/ros2_ws/install/cpp_pubsub_tutorial_interfaces/share/cpp_pubsub_tutorial_interfaces/package.bash'
[0.824s] INFO:colcon.colcon_core.shell:Creating package script '/home/noa/Documents/SLAM/ros2_ws/install/cpp_pubsub_tutorial_interfaces/share/cpp_pubsub_tutorial_interfaces/package.zsh'
[0.824s] Level 1:colcon.colcon_core.environment:create_file_with_runtime_dependencies(/home/noa/Documents/SLAM/ros2_ws/install/cpp_pubsub_tutorial_interfaces/share/colcon-core/packages/cpp_pubsub_tutorial_interfaces)
[2.400s] DEBUG:colcon.colcon_core.event_handler.log_command:Invoked command in '/home/noa/Documents/SLAM/ros2_ws/build/lidar_listener' returned '2': CMAKE_PREFIX_PATH=${CMAKE_PREFIX_PATH}:/opt/ros/foxy PS1=\u@\h \[\033[32m\]\w\[\033[33m\]$(parse_git_branch)\[\033[00m\] $ /usr/bin/cmake --build /home/noa/Documents/SLAM/ros2_ws/build/lidar_listener -- -j8 -l8
[2.417s] Level 1:colcon.colcon_core.environment:create_environment_scripts_only(lidar_listener)
[2.417s] Level 1:colcon.colcon_core.environment:checking '/home/noa/Documents/SLAM/ros2_ws/install/lidar_listener' for CMake module files
[2.418s] Level 1:colcon.colcon_core.environment:checking '/home/noa/Documents/SLAM/ros2_ws/install/lidar_listener' for CMake config files
[2.418s] Level 1:colcon.colcon_core.environment:checking '/home/noa/Documents/SLAM/ros2_ws/install/lidar_listener/bin'
[2.418s] Level 1:colcon.colcon_core.environment:checking '/home/noa/Documents/SLAM/ros2_ws/install/lidar_listener/lib/pkgconfig/lidar_listener.pc'
[2.418s] Level 1:colcon.colcon_core.environment:checking '/home/noa/Documents/SLAM/ros2_ws/install/lidar_listener/lib/python3.8/site-packages'
[2.418s] Level 1:colcon.colcon_core.environment:checking '/home/noa/Documents/SLAM/ros2_ws/install/lidar_listener/bin'
[2.419s] INFO:colcon.colcon_core.shell:Creating package script '/home/noa/Documents/SLAM/ros2_ws/install/lidar_listener/share/lidar_listener/package.ps1'
[2.419s] INFO:colcon.colcon_core.shell:Creating package descriptor '/home/noa/Documents/SLAM/ros2_ws/install/lidar_listener/share/lidar_listener/package.dsv'
[2.419s] INFO:colcon.colcon_core.shell:Creating package script '/home/noa/Documents/SLAM/ros2_ws/install/lidar_listener/share/lidar_listener/package.sh'
[2.420s] INFO:colcon.colcon_core.shell:Creating package script '/home/noa/Documents/SLAM/ros2_ws/install/lidar_listener/share/lidar_listener/package.bash'
[2.420s] INFO:colcon.colcon_core.shell:Creating package script '/home/noa/Documents/SLAM/ros2_ws/install/lidar_listener/share/lidar_listener/package.zsh'
[2.420s] Level 1:colcon.colcon_core.environment:create_file_with_runtime_dependencies(/home/noa/Documents/SLAM/ros2_ws/install/lidar_listener/share/colcon-core/packages/lidar_listener)
[2.431s] DEBUG:colcon.colcon_parallel_executor.executor.parallel:closing loop
[2.431s] DEBUG:colcon.colcon_parallel_executor.executor.parallel:loop closed
[2.431s] DEBUG:colcon.colcon_parallel_executor.executor.parallel:run_until_complete finished with '2'
[2.431s] DEBUG:colcon.colcon_core.event_reactor:joining thread
[2.436s] INFO:colcon.colcon_core.plugin_system:Skipping extension 'colcon_notification.desktop_notification.terminal_notifier': Not used on non-Darwin systems
[2.436s] INFO:colcon.colcon_core.plugin_system:Skipping extension 'colcon_notification.desktop_notification.win32': Not used on non-Windows systems
[2.436s] INFO:colcon.colcon_notification.desktop_notification:Sending desktop notification using 'notify2'
[2.448s] DEBUG:colcon.colcon_core.event_reactor:joined thread
[2.449s] INFO:colcon.colcon_core.shell:Creating prefix script '/home/noa/Documents/SLAM/ros2_ws/install/local_setup.ps1'
[2.449s] INFO:colcon.colcon_core.shell:Creating prefix util module '/home/noa/Documents/SLAM/ros2_ws/install/_local_setup_util_ps1.py'
[2.450s] INFO:colcon.colcon_core.shell:Creating prefix chain script '/home/noa/Documents/SLAM/ros2_ws/install/setup.ps1'
[2.451s] INFO:colcon.colcon_core.shell:Creating prefix script '/home/noa/Documents/SLAM/ros2_ws/install/local_setup.sh'
[2.452s] INFO:colcon.colcon_core.shell:Creating prefix util module '/home/noa/Documents/SLAM/ros2_ws/install/_local_setup_util_sh.py'
[2.452s] INFO:colcon.colcon_core.shell:Creating prefix chain script '/home/noa/Documents/SLAM/ros2_ws/install/setup.sh'
[2.453s] INFO:colcon.colcon_core.shell:Creating prefix script '/home/noa/Documents/SLAM/ros2_ws/install/local_setup.bash'
[2.453s] INFO:colcon.colcon_core.shell:Creating prefix chain script '/home/noa/Documents/SLAM/ros2_ws/install/setup.bash'
[2.454s] INFO:colcon.colcon_core.shell:Creating prefix script '/home/noa/Documents/SLAM/ros2_ws/install/local_setup.zsh'
[2.455s] INFO:colcon.colcon_core.shell:Creating prefix chain script '/home/noa/Documents/SLAM/ros2_ws/install/setup.zsh'
