[0.023s] Invoking command in '/home/noa/Documents/SLAM/ros2_ws/build/sllidar_ros2': CMAKE_PREFIX_PATH=${CMAKE_PREFIX_PATH}:/opt/ros/foxy PS1=\u@\h \[\033[32m\]\w\[\033[33m\]$(parse_git_branch)\[\033[00m\] $ /usr/bin/cmake --build /home/noa/Documents/SLAM/ros2_ws/build/sllidar_ros2 -- -j8 -l8
[0.062s] [35m[1mScanning dependencies of target sllidar_client[0m
[0.062s] [35m[1mScanning dependencies of target sllidar_node[0m
[0.099s] [  7%] [32mBuilding CXX object CMakeFiles/sllidar_client.dir/src/sllidar_client.cpp.o[0m
[0.106s] [ 14%] [32mBuilding CXX object CMakeFiles/sllidar_node.dir/src/sllidar_node.cpp.o[0m
[0.113s] [ 21%] [32mBuilding CXX object CMakeFiles/sllidar_node.dir/sdk/src/arch/linux/net_socket.cpp.o[0m
[0.114s] [ 28%] [32mBuilding CXX object CMakeFiles/sllidar_node.dir/sdk/src/arch/linux/net_serial.cpp.o[0m
[0.125s] [ 35%] [32mBuilding CXX object CMakeFiles/sllidar_node.dir/sdk/src/arch/linux/timer.cpp.o[0m
[0.135s] [ 42%] [32mBuilding CXX object CMakeFiles/sllidar_node.dir/sdk/src/hal/thread.cpp.o[0m
[0.151s] [ 50%] [32mBuilding CXX object CMakeFiles/sllidar_node.dir/sdk/src/rplidar_driver.cpp.o[0m
[0.171s] [ 57%] [32mBuilding CXX object CMakeFiles/sllidar_node.dir/sdk/src/sl_crc.cpp.o[0m
[0.189s] In file included from [01m[K/home/noa/Documents/SLAM/ros2_ws/src/sllidar_ros2/./sdk/src/sdkcommon.h:47[m[K,
[0.189s]                  from [01m[K/home/noa/Documents/SLAM/ros2_ws/src/sllidar_ros2/sdk/src/arch/linux/net_socket.cpp:10[m[K:
[0.190s] [01m[K/home/noa/Documents/SLAM/ros2_ws/src/sllidar_ros2/./sdk/src/hal/assert.h:1:1:[m[K [01;35m[Kwarning: [m[Knull character(s) ignored
[0.190s]     1 | [01;35m[K [m[K                                                                                                                                                                                                                                                                                                                        
[0.190s]       | [01;35m[K^[m[K
[0.211s] In file included from [01m[K/home/noa/Documents/SLAM/ros2_ws/src/sllidar_ros2/./sdk/include/sl_lidar_cmd.h:36[m[K,
[0.212s]                  from [01m[K/home/noa/Documents/SLAM/ros2_ws/src/sllidar_ros2/./sdk/include/sl_crc.h:36[m[K,
[0.212s]                  from [01m[K/home/noa/Documents/SLAM/ros2_ws/src/sllidar_ros2/sdk/src/sl_crc.cpp:33[m[K:
[0.212s] [01m[K/home/noa/Documents/SLAM/ros2_ws/src/sllidar_ros2/./sdk/include/sl_lidar_protocol.h:58:16:[m[K [01;35m[Kwarning: [m[KISO C++ forbids zero-size array ‘[01m[Kdata[m[K’ [[01;35m[K-Wpedantic[m[K]
[0.212s]    58 |     sl_u8 data[[01;35m[K0[m[K];
[0.212s]       |                [01;35m[K^[m[K
[0.213s] In file included from [01m[K/home/noa/Documents/SLAM/ros2_ws/src/sllidar_ros2/./sdk/include/sl_crc.h:36[m[K,
[0.213s]                  from [01m[K/home/noa/Documents/SLAM/ros2_ws/src/sllidar_ros2/sdk/src/sl_crc.cpp:33[m[K:
[0.213s] [01m[K/home/noa/Documents/SLAM/ros2_ws/src/sllidar_ros2/./sdk/include/sl_lidar_cmd.h:295:20:[m[K [01;35m[Kwarning: [m[KISO C++ forbids zero-size array ‘[01m[Kpayload[m[K’ [[01;35m[K-Wpedantic[m[K]
[0.213s]   295 |     sl_u8  payload[[01;35m[K0[m[K];
[0.213s]       |                    [01;35m[K^[m[K
[0.214s] [01m[K/home/noa/Documents/SLAM/ros2_ws/src/sllidar_ros2/sdk/src/sl_crc.cpp:[m[K In function ‘[01m[Ksl_u32 sl::crc32::cal(sl_u32, void*, sl_u16)[m[K’:
[0.215s] [01m[K/home/noa/Documents/SLAM/ros2_ws/src/sllidar_ros2/sdk/src/sl_crc.cpp:77:29:[m[K [01;35m[Kwarning: [m[Ksuggest parentheses around ‘[01m[K-[m[K’ in operand of ‘[01m[K&[m[K’ [[01;35m[K-Wparentheses[m[K]
[0.216s]    77 |         sl_u8 leftBytes = [01;35m[K4 - len[m[K & 0x3;
[0.216s]       |                           [01;35m[K~~^~~~~[m[K
[0.234s] In file included from [01m[K/home/noa/Documents/SLAM/ros2_ws/src/sllidar_ros2/./sdk/src/sdkcommon.h:47[m[K,
[0.234s]                  from [01m[K/home/noa/Documents/SLAM/ros2_ws/src/sllidar_ros2/sdk/src/hal/thread.cpp:35[m[K:
[0.234s] [01m[K/home/noa/Documents/SLAM/ros2_ws/src/sllidar_ros2/./sdk/src/hal/assert.h:1:1:[m[K [01;35m[Kwarning: [m[Knull character(s) ignored
[0.235s]     1 | [01;35m[K [m[K                                                                                                                                                                                                                                                                                                                        
[0.235s]       | [01;35m[K^[m[K
[0.287s] In file included from [01m[K/home/noa/Documents/SLAM/ros2_ws/src/sllidar_ros2/sdk/src/sdkcommon.h:47[m[K,
[0.289s]                  from [01m[K/home/noa/Documents/SLAM/ros2_ws/src/sllidar_ros2/sdk/src/rplidar_driver.cpp:33[m[K:
[0.292s] [01m[K/home/noa/Documents/SLAM/ros2_ws/src/sllidar_ros2/sdk/src/hal/assert.h:1:1:[m[K [01;35m[Kwarning: [m[Knull character(s) ignored
[0.292s]     1 | [01;35m[K [m[K                                                                                                                                                                                                                                                                                                                        
[0.292s]       | [01;35m[K^[m[K
[0.292s] In file included from [01m[K/home/noa/Documents/SLAM/ros2_ws/src/sllidar_ros2/sdk/src/rplidar_driver.cpp:37[m[K:
[0.292s] [01m[K/home/noa/Documents/SLAM/ros2_ws/src/sllidar_ros2/sdk/src/hal/assert.h:1:1:[m[K [01;35m[Kwarning: [m[Knull character(s) ignored
[0.292s]     1 | [01;35m[K [m[K                                                                                                                                                                                                                                                                                                                        
[0.293s]       | [01;35m[K^[m[K
[0.326s] [ 64%] [32mBuilding CXX object CMakeFiles/sllidar_node.dir/sdk/src/sl_lidar_driver.cpp.o[0m
[0.477s] [01m[K/home/noa/Documents/SLAM/ros2_ws/src/sllidar_ros2/sdk/src/arch/linux/net_serial.cpp:[m[K In member function ‘[01m[Kbool rp::arch::net::raw_serial::open(const char*, uint32_t, uint32_t)[m[K’:
[0.478s] [01m[K/home/noa/Documents/SLAM/ros2_ws/src/sllidar_ros2/sdk/src/arch/linux/net_serial.cpp:97:74:[m[K [01;35m[Kwarning: [m[Kunused parameter ‘[01m[Kflags[m[K’ [[01;35m[K-Wunused-parameter[m[K]
[0.478s]    97 | bool raw_serial::open(const char * portname, uint32_t baudrate, [01;35m[Kuint32_t flags[m[K)
[0.478s]       |                                                                 [01;35m[K~~~~~~~~~^~~~~[m[K
[0.478s] [01m[K/home/noa/Documents/SLAM/ros2_ws/src/sllidar_ros2/sdk/src/arch/linux/net_serial.cpp:[m[K In member function ‘[01m[Kvirtual void rp::arch::net::raw_serial::flush(_u32)[m[K’:
[0.478s] [01m[K/home/noa/Documents/SLAM/ros2_ws/src/sllidar_ros2/sdk/src/arch/linux/net_serial.cpp:281:30:[m[K [01;35m[Kwarning: [m[Kunused parameter ‘[01m[Kflags[m[K’ [[01;35m[K-Wunused-parameter[m[K]
[0.478s]   281 | void raw_serial::flush( [01;35m[K_u32 flags[m[K)
[0.478s]       |                         [01;35m[K~~~~~^~~~~[m[K
[0.478s] [01m[K/home/noa/Documents/SLAM/ros2_ws/src/sllidar_ros2/sdk/src/arch/linux/net_serial.cpp:[m[K In member function ‘[01m[Kvirtual int rp::arch::net::raw_serial::waitforsent(_u32, size_t*)[m[K’:
[0.479s] [01m[K/home/noa/Documents/SLAM/ros2_ws/src/sllidar_ros2/sdk/src/arch/linux/net_serial.cpp:286:34:[m[K [01;35m[Kwarning: [m[Kunused parameter ‘[01m[Ktimeout[m[K’ [[01;35m[K-Wunused-parameter[m[K]
[0.479s]   286 | int raw_serial::waitforsent([01;35m[K_u32 timeout[m[K, size_t * returned_size)
[0.479s]       |                             [01;35m[K~~~~~^~~~~~~[m[K
[0.479s] [01m[K/home/noa/Documents/SLAM/ros2_ws/src/sllidar_ros2/sdk/src/arch/linux/net_serial.cpp:[m[K In member function ‘[01m[Kvirtual int rp::arch::net::raw_serial::waitforrecv(_u32, size_t*)[m[K’:
[0.479s] [01m[K/home/noa/Documents/SLAM/ros2_ws/src/sllidar_ros2/sdk/src/arch/linux/net_serial.cpp:292:34:[m[K [01;35m[Kwarning: [m[Kunused parameter ‘[01m[Ktimeout[m[K’ [[01;35m[K-Wunused-parameter[m[K]
[0.479s]   292 | int raw_serial::waitforrecv([01;35m[K_u32 timeout[m[K, size_t * returned_size)
[0.479s]       |                             [01;35m[K~~~~~^~~~~~~[m[K
[0.481s] In file included from [01m[K/home/noa/Documents/SLAM/ros2_ws/src/sllidar_ros2/./sdk/include/rplidar_protocol.h:36[m[K,
[0.481s]                  from [01m[K/home/noa/Documents/SLAM/ros2_ws/src/sllidar_ros2/./sdk/include/rplidar.h:39[m[K,
[0.482s]                  from [01m[K/home/noa/Documents/SLAM/ros2_ws/src/sllidar_ros2/./sdk/src/sdkcommon.h:49[m[K,
[0.482s]                  from [01m[K/home/noa/Documents/SLAM/ros2_ws/src/sllidar_ros2/sdk/src/arch/linux/net_socket.cpp:10[m[K:
[0.482s] [01m[K/home/noa/Documents/SLAM/ros2_ws/src/sllidar_ros2/./sdk/include/sl_lidar_protocol.h:58:16:[m[K [01;35m[Kwarning: [m[KISO C++ forbids zero-size array ‘[01m[Kdata[m[K’ [[01;35m[K-Wpedantic[m[K]
[0.482s]    58 |     sl_u8 data[[01;35m[K0[m[K];
[0.482s]       |                [01;35m[K^[m[K
[0.482s] In file included from [01m[K/home/noa/Documents/SLAM/ros2_ws/src/sllidar_ros2/./sdk/include/rplidar_cmd.h:36[m[K,
[0.482s]                  from [01m[K/home/noa/Documents/SLAM/ros2_ws/src/sllidar_ros2/./sdk/include/rplidar.h:40[m[K,
[0.483s]                  from [01m[K/home/noa/Documents/SLAM/ros2_ws/src/sllidar_ros2/./sdk/src/sdkcommon.h:49[m[K,
[0.483s]                  from [01m[K/home/noa/Documents/SLAM/ros2_ws/src/sllidar_ros2/sdk/src/arch/linux/net_socket.cpp:10[m[K:
[0.483s] [01m[K/home/noa/Documents/SLAM/ros2_ws/src/sllidar_ros2/./sdk/include/sl_lidar_cmd.h:295:20:[m[K [01;35m[Kwarning: [m[KISO C++ forbids zero-size array ‘[01m[Kpayload[m[K’ [[01;35m[K-Wpedantic[m[K]
[0.483s]   295 |     sl_u8  payload[[01;35m[K0[m[K];
[0.483s]       |                    [01;35m[K^[m[K
[0.489s] In file included from [01m[K/home/noa/Documents/SLAM/ros2_ws/src/sllidar_ros2/sdk/src/sdkcommon.h:47[m[K,
[0.489s]                  from [01m[K/home/noa/Documents/SLAM/ros2_ws/src/sllidar_ros2/sdk/src/sl_lidar_driver.cpp:33[m[K:
[0.489s] [01m[K/home/noa/Documents/SLAM/ros2_ws/src/sllidar_ros2/sdk/src/hal/assert.h:1:1:[m[K [01;35m[Kwarning: [m[Knull character(s) ignored
[0.489s]     1 | [01;35m[K [m[K                                                                                                                                                                                                                                                                                                                        
[0.489s]       | [01;35m[K^[m[K
[0.502s] In file included from [01m[K/home/noa/Documents/SLAM/ros2_ws/src/sllidar_ros2/sdk/src/sl_lidar_driver.cpp:37[m[K:
[0.502s] [01m[K/home/noa/Documents/SLAM/ros2_ws/src/sllidar_ros2/sdk/src/hal/assert.h:1:1:[m[K [01;35m[Kwarning: [m[Knull character(s) ignored
[0.503s]     1 | [01;35m[K [m[K                                                                                                                                                                                                                                                                                                                        
[0.503s]       | [01;35m[K^[m[K
[0.540s] [01m[K/home/noa/Documents/SLAM/ros2_ws/src/sllidar_ros2/sdk/src/arch/linux/net_socket.cpp:[m[K In member function ‘[01m[Kvirtual u_result rp::net::SocketAddress::getAddressAsString(char*, size_t) const[m[K’:
[0.540s] [01m[K/home/noa/Documents/SLAM/ros2_ws/src/sllidar_ros2/sdk/src/arch/linux/net_socket.cpp:170:17:[m[K [01;35m[Kwarning: [m[Kordered comparison of pointer with integer zero [[01;35m[K-Wextra[m[K]
[0.540s]   170 |     return ans<=[01;35m[K0[m[K?RESULT_OPERATION_FAIL:RESULT_OK;
[0.540s]       |                 [01;35m[K^[m[K
[0.541s] In file included from [01m[K/home/noa/Documents/SLAM/ros2_ws/src/sllidar_ros2/./sdk/include/rplidar_protocol.h:36[m[K,
[0.542s]                  from [01m[K/home/noa/Documents/SLAM/ros2_ws/src/sllidar_ros2/./sdk/include/rplidar.h:39[m[K,
[0.542s]                  from [01m[K/home/noa/Documents/SLAM/ros2_ws/src/sllidar_ros2/./sdk/src/sdkcommon.h:49[m[K,
[0.542s]                  from [01m[K/home/noa/Documents/SLAM/ros2_ws/src/sllidar_ros2/sdk/src/hal/thread.cpp:35[m[K:
[0.542s] [01m[K/home/noa/Documents/SLAM/ros2_ws/src/sllidar_ros2/./sdk/include/sl_lidar_protocol.h:58:16:[m[K [01;35m[Kwarning: [m[KISO C++ forbids zero-size array ‘[01m[Kdata[m[K’ [[01;35m[K-Wpedantic[m[K]
[0.542s]    58 |     sl_u8 data[[01;35m[K0[m[K];
[0.542s]       |                [01;35m[K^[m[K
[0.542s] In file included from [01m[K/home/noa/Documents/SLAM/ros2_ws/src/sllidar_ros2/./sdk/include/rplidar_cmd.h:36[m[K,
[0.542s]                  from [01m[K/home/noa/Documents/SLAM/ros2_ws/src/sllidar_ros2/./sdk/include/rplidar.h:40[m[K,
[0.542s]                  from [01m[K/home/noa/Documents/SLAM/ros2_ws/src/sllidar_ros2/./sdk/src/sdkcommon.h:49[m[K,
[0.543s]                  from [01m[K/home/noa/Documents/SLAM/ros2_ws/src/sllidar_ros2/sdk/src/hal/thread.cpp:35[m[K:
[0.543s] [01m[K/home/noa/Documents/SLAM/ros2_ws/src/sllidar_ros2/./sdk/include/sl_lidar_cmd.h:295:20:[m[K [01;35m[Kwarning: [m[KISO C++ forbids zero-size array ‘[01m[Kpayload[m[K’ [[01;35m[K-Wpedantic[m[K]
[0.543s]   295 |     sl_u8  payload[[01;35m[K0[m[K];
[0.543s]       |                    [01;35m[K^[m[K
[0.547s] [01m[K/home/noa/Documents/SLAM/ros2_ws/src/sllidar_ros2/sdk/src/arch/linux/net_socket.cpp:[m[K In member function ‘[01m[Kvirtual u_result rp::arch::net::StreamSocketImpl::send(const void*, size_t)[m[K’:
[0.547s] [01m[K/home/noa/Documents/SLAM/ros2_ws/src/sllidar_ros2/sdk/src/arch/linux/net_socket.cpp:438:17:[m[K [01;35m[Kwarning: [m[Kcomparison of integer expressions of different signedness: ‘[01m[Ksize_t[m[K’ {aka ‘[01m[Klong unsigned int[m[K’} and ‘[01m[Kint[m[K’ [[01;35m[K-Wsign-compare[m[K]
[0.547s]   438 |         if ([01;35m[Kans == (int)len[m[K) {
[0.547s]       |             [01;35m[K~~~~^~~~~~~~~~~[m[K
[0.551s] In file included from [01m[K/home/noa/Documents/SLAM/ros2_ws/src/sllidar_ros2/./sdk/src/arch/linux/arch_linux.h:42[m[K,
[0.551s]                  from [01m[K/home/noa/Documents/SLAM/ros2_ws/src/sllidar_ros2/./sdk/src/sdkcommon.h:41[m[K,
[0.551s]                  from [01m[K/home/noa/Documents/SLAM/ros2_ws/src/sllidar_ros2/sdk/src/arch/linux/net_socket.cpp:10[m[K:
[0.551s] [01m[K/home/noa/Documents/SLAM/ros2_ws/src/sllidar_ros2/sdk/src/arch/linux/net_socket.cpp:[m[K In member function ‘[01m[Kvirtual u_result rp::arch::net::DGramSocketImpl::sendTo(const rp::net::SocketAddress&, const void*, size_t)[m[K’:
[0.551s] [01m[K/home/noa/Documents/SLAM/ros2_ws/src/sllidar_ros2/sdk/src/arch/linux/net_socket.cpp:726:24:[m[K [01;35m[Kwarning: [m[Kcomparison of integer expressions of different signedness: ‘[01m[Ksize_t[m[K’ {aka ‘[01m[Klong unsigned int[m[K’} and ‘[01m[Kint[m[K’ [[01;35m[K-Wsign-compare[m[K]
[0.551s]   726 |             assert([01;35m[Kans == (int)len[m[K);
[0.551s]       |                    [01;35m[K~~~~^~~~~~~~~~~[m[K
[0.579s] [ 71%] [32mBuilding CXX object CMakeFiles/sllidar_node.dir/sdk/src/sl_serial_channel.cpp.o[0m
[0.586s] [ 78%] [32mBuilding CXX object CMakeFiles/sllidar_node.dir/sdk/src/sl_tcp_channel.cpp.o[0m
[0.592s] In file included from [01m[K/home/noa/Documents/SLAM/ros2_ws/src/sllidar_ros2/sdk/src/hal/thread.cpp:43[m[K:
[0.592s] [01m[K/home/noa/Documents/SLAM/ros2_ws/src/sllidar_ros2/./sdk/src/arch/linux/thread.hpp:[m[K In static member function ‘[01m[Kstatic rp::hal::Thread rp::hal::Thread::create(thread_proc_t, void*)[m[K’:
[0.592s] [01m[K/home/noa/Documents/SLAM/ros2_ws/src/sllidar_ros2/./sdk/src/arch/linux/thread.hpp:48:77:[m[K [01;35m[Kwarning: [m[Kcast between incompatible function types from ‘[01m[Kthread_proc_t[m[K’ {aka ‘[01m[Klong unsigned int (*)(void*)[m[K’} to ‘[01m[Kvoid* (*)(void*)[m[K’ [[01;35m[K-Wcast-function-type[m[K]
[0.592s]    48 |     pthread_create((pthread_t *)&newborn._handle, NULL, (void * (*)(void *))[01;35m[Kproc[m[K, data);
[0.592s]       |                                                                             [01;35m[K^~~~[m[K
[0.592s] [01m[K/home/noa/Documents/SLAM/ros2_ws/src/sllidar_ros2/./sdk/src/arch/linux/thread.hpp:[m[K In member function ‘[01m[Ku_result rp::hal::Thread::join(long unsigned int)[m[K’:
[0.593s] [01m[K/home/noa/Documents/SLAM/ros2_ws/src/sllidar_ros2/./sdk/src/arch/linux/thread.hpp:129:37:[m[K [01;35m[Kwarning: [m[Kunused parameter ‘[01m[Ktimeout[m[K’ [[01;35m[K-Wunused-parameter[m[K]
[0.593s]   129 | u_result Thread::join([01;35m[Kunsigned long timeout[m[K)
[0.593s]       |                       [01;35m[K~~~~~~~~~~~~~~^~~~~~~[m[K
[0.596s] [01m[K/home/noa/Documents/SLAM/ros2_ws/src/sllidar_ros2/sdk/src/sl_tcp_channel.cpp:33:9:[m[K [01;35m[Kwarning: [m[K#pragma once in main file
[0.596s]    33 | #pragma [01;35m[Konce[m[K
[0.596s]       |         [01;35m[K^~~~[m[K
[0.596s] [01m[K/home/noa/Documents/SLAM/ros2_ws/src/sllidar_ros2/sdk/src/sl_serial_channel.cpp:33:9:[m[K [01;35m[Kwarning: [m[K#pragma once in main file
[0.596s]    33 | #pragma [01;35m[Konce[m[K
[0.596s]       |         [01;35m[K^~~~[m[K
[0.603s] [01m[K/home/noa/Documents/SLAM/ros2_ws/src/sllidar_ros2/sdk/src/arch/linux/net_socket.cpp:722:47:[m[K [01;35m[Kwarning: [m[Knonnull argument ‘[01m[Ktarget[m[K’ compared to NULL [[01;35m[K-Wnonnull-compare[m[K]
[0.603s]   722 |         const struct sockaddr* addr = &target [01;35m[K?[m[K reinterpret_cast<const struct sockaddr*>(target.getPlatformData()) : NULL;
[0.603s]       |                                               [01;35m[K^[m[K
[0.633s] In file included from [01m[K/home/noa/Documents/SLAM/ros2_ws/src/sllidar_ros2/./sdk/include/rplidar_protocol.h:36[m[K,
[0.633s]                  from [01m[K/home/noa/Documents/SLAM/ros2_ws/src/sllidar_ros2/./sdk/include/rplidar.h:39[m[K,
[0.633s]                  from [01m[K/home/noa/Documents/SLAM/ros2_ws/src/sllidar_ros2/sdk/src/sdkcommon.h:49[m[K,
[0.633s]                  from [01m[K/home/noa/Documents/SLAM/ros2_ws/src/sllidar_ros2/sdk/src/rplidar_driver.cpp:33[m[K:
[0.634s] [01m[K/home/noa/Documents/SLAM/ros2_ws/src/sllidar_ros2/./sdk/include/sl_lidar_protocol.h:58:16:[m[K [01;35m[Kwarning: [m[KISO C++ forbids zero-size array ‘[01m[Kdata[m[K’ [[01;35m[K-Wpedantic[m[K]
[0.634s]    58 |     sl_u8 data[[01;35m[K0[m[K];
[0.634s]       |                [01;35m[K^[m[K
[0.634s] In file included from [01m[K/home/noa/Documents/SLAM/ros2_ws/src/sllidar_ros2/./sdk/include/rplidar_cmd.h:36[m[K,
[0.634s]                  from [01m[K/home/noa/Documents/SLAM/ros2_ws/src/sllidar_ros2/./sdk/include/rplidar.h:40[m[K,
[0.634s]                  from [01m[K/home/noa/Documents/SLAM/ros2_ws/src/sllidar_ros2/sdk/src/sdkcommon.h:49[m[K,
[0.634s]                  from [01m[K/home/noa/Documents/SLAM/ros2_ws/src/sllidar_ros2/sdk/src/rplidar_driver.cpp:33[m[K:
[0.634s] [01m[K/home/noa/Documents/SLAM/ros2_ws/src/sllidar_ros2/./sdk/include/sl_lidar_cmd.h:295:20:[m[K [01;35m[Kwarning: [m[KISO C++ forbids zero-size array ‘[01m[Kpayload[m[K’ [[01;35m[K-Wpedantic[m[K]
[0.634s]   295 |     sl_u8  payload[[01;35m[K0[m[K];
[0.634s]       |                    [01;35m[K^[m[K
[0.673s] [ 85%] [32mBuilding CXX object CMakeFiles/sllidar_node.dir/sdk/src/sl_udp_channel.cpp.o[0m
[0.684s] [01m[K/home/noa/Documents/SLAM/ros2_ws/src/sllidar_ros2/sdk/src/sl_udp_channel.cpp:33:9:[m[K [01;35m[Kwarning: [m[K#pragma once in main file
[0.684s]    33 | #pragma [01;35m[Konce[m[K
[0.684s]       |         [01;35m[K^~~~[m[K
[0.720s] [01m[K/home/noa/Documents/SLAM/ros2_ws/src/sllidar_ros2/sdk/src/rplidar_driver.cpp:[m[K In member function ‘[01m[Ku_result rp::standalone::rplidar::RPlidarDriver::connect(const char*, _u32, _u32)[m[K’:
[0.720s] [01m[K/home/noa/Documents/SLAM/ros2_ws/src/sllidar_ros2/sdk/src/rplidar_driver.cpp:67:77:[m[K [01;35m[Kwarning: [m[Kunused parameter ‘[01m[Kflag[m[K’ [[01;35m[K-Wunused-parameter[m[K]
[0.721s]    67 |     u_result RPlidarDriver::connect(const char *path, _u32 portOrBaud, [01;35m[K_u32 flag[m[K)
[0.721s]       |                                                                        [01;35m[K~~~~~^~~~[m[K
[0.721s] [01m[K/home/noa/Documents/SLAM/ros2_ws/src/sllidar_ros2/sdk/src/rplidar_driver.cpp:[m[K In member function ‘[01m[Ku_result rp::standalone::rplidar::RPlidarDriver::reset(_u32)[m[K’:
[0.721s] [01m[K/home/noa/Documents/SLAM/ros2_ws/src/sllidar_ros2/sdk/src/rplidar_driver.cpp:101:40:[m[K [01;35m[Kwarning: [m[Kunused parameter ‘[01m[Ktimeout[m[K’ [[01;35m[K-Wunused-parameter[m[K]
[0.722s]   101 |     u_result RPlidarDriver::reset([01;35m[K_u32 timeout[m[K)
[0.722s]       |                                   [01;35m[K~~~~~^~~~~~~[m[K
[0.723s] [01m[K/home/noa/Documents/SLAM/ros2_ws/src/sllidar_ros2/sdk/src/rplidar_driver.cpp:[m[K In member function ‘[01m[Ku_result rp::standalone::rplidar::RPlidarDriver::getScanDataWithInterval(rplidar_response_measurement_node_t*, size_t&)[m[K’:
[0.723s] [01m[K/home/noa/Documents/SLAM/ros2_ws/src/sllidar_ros2/sdk/src/rplidar_driver.cpp:175:91:[m[K [01;35m[Kwarning: [m[Kunused parameter ‘[01m[Knodebuffer[m[K’ [[01;35m[K-Wunused-parameter[m[K]
[0.723s]   175 |     u_result RPlidarDriver::getScanDataWithInterval([01;35m[Krplidar_response_measurement_node_t * nodebuffer[m[K, size_t & count)
[0.724s]       |                                                     [01;35m[K~~~~~~~~~~~~~~~~~~~~~~~~~~~~~~~~~~~~~~^~~~~~~~~~[m[K
[0.724s] [01m[K/home/noa/Documents/SLAM/ros2_ws/src/sllidar_ros2/sdk/src/rplidar_driver.cpp:175:112:[m[K [01;35m[Kwarning: [m[Kunused parameter ‘[01m[Kcount[m[K’ [[01;35m[K-Wunused-parameter[m[K]
[0.724s]   175 |     u_result RPlidarDriver::getScanDataWithInterval(rplidar_response_measurement_node_t * nodebuffer, [01;35m[Ksize_t & count[m[K)
[0.724s]       |                                                                                                       [01;35m[K~~~~~~~~~^~~~~[m[K
[0.769s] In file included from [01m[K/home/noa/Documents/SLAM/ros2_ws/src/sllidar_ros2/./sdk/include/rplidar_protocol.h:36[m[K,
[0.769s]                  from [01m[K/home/noa/Documents/SLAM/ros2_ws/src/sllidar_ros2/./sdk/include/rplidar.h:39[m[K,
[0.769s]                  from [01m[K/home/noa/Documents/SLAM/ros2_ws/src/sllidar_ros2/sdk/src/sdkcommon.h:49[m[K,
[0.769s]                  from [01m[K/home/noa/Documents/SLAM/ros2_ws/src/sllidar_ros2/sdk/src/sl_lidar_driver.cpp:33[m[K:
[0.770s] [01m[K/home/noa/Documents/SLAM/ros2_ws/src/sllidar_ros2/./sdk/include/sl_lidar_protocol.h:58:16:[m[K [01;35m[Kwarning: [m[KISO C++ forbids zero-size array ‘[01m[Kdata[m[K’ [[01;35m[K-Wpedantic[m[K]
[0.770s]    58 |     sl_u8 data[[01;35m[K0[m[K];
[0.770s]       |                [01;35m[K^[m[K
[0.770s] In file included from [01m[K/home/noa/Documents/SLAM/ros2_ws/src/sllidar_ros2/./sdk/include/rplidar_cmd.h:36[m[K,
[0.770s]                  from [01m[K/home/noa/Documents/SLAM/ros2_ws/src/sllidar_ros2/./sdk/include/rplidar.h:40[m[K,
[0.770s]                  from [01m[K/home/noa/Documents/SLAM/ros2_ws/src/sllidar_ros2/sdk/src/sdkcommon.h:49[m[K,
[0.770s]                  from [01m[K/home/noa/Documents/SLAM/ros2_ws/src/sllidar_ros2/sdk/src/sl_lidar_driver.cpp:33[m[K:
[0.770s] [01m[K/home/noa/Documents/SLAM/ros2_ws/src/sllidar_ros2/./sdk/include/sl_lidar_cmd.h:295:20:[m[K [01;35m[Kwarning: [m[KISO C++ forbids zero-size array ‘[01m[Kpayload[m[K’ [[01;35m[K-Wpedantic[m[K]
[0.770s]   295 |     sl_u8  payload[[01;35m[K0[m[K];
[0.770s]       |                    [01;35m[K^[m[K
[0.823s] In file included from [01m[K/home/noa/Documents/SLAM/ros2_ws/src/sllidar_ros2/./sdk/include/sl_lidar_cmd.h:36[m[K,
[0.823s]                  from [01m[K/home/noa/Documents/SLAM/ros2_ws/src/sllidar_ros2/./sdk/include/sl_lidar_driver.h:54[m[K,
[0.823s]                  from [01m[K/home/noa/Documents/SLAM/ros2_ws/src/sllidar_ros2/sdk/src/sl_tcp_channel.cpp:34[m[K:
[0.823s] [01m[K/home/noa/Documents/SLAM/ros2_ws/src/sllidar_ros2/./sdk/include/sl_lidar_protocol.h:58:16:[m[K [01;35m[Kwarning: [m[KISO C++ forbids zero-size array ‘[01m[Kdata[m[K’ [[01;35m[K-Wpedantic[m[K]
[0.823s]    58 |     sl_u8 data[[01;35m[K0[m[K];
[0.824s]       |                [01;35m[K^[m[K
[0.824s] In file included from [01m[K/home/noa/Documents/SLAM/ros2_ws/src/sllidar_ros2/./sdk/include/sl_lidar_driver.h:54[m[K,
[0.824s]                  from [01m[K/home/noa/Documents/SLAM/ros2_ws/src/sllidar_ros2/sdk/src/sl_tcp_channel.cpp:34[m[K:
[0.824s] [01m[K/home/noa/Documents/SLAM/ros2_ws/src/sllidar_ros2/./sdk/include/sl_lidar_cmd.h:295:20:[m[K [01;35m[Kwarning: [m[KISO C++ forbids zero-size array ‘[01m[Kpayload[m[K’ [[01;35m[K-Wpedantic[m[K]
[0.824s]   295 |     sl_u8  payload[[01;35m[K0[m[K];
[0.824s]       |                    [01;35m[K^[m[K
[0.830s] [01m[K/home/noa/Documents/SLAM/ros2_ws/src/sllidar_ros2/sdk/src/sl_tcp_channel.cpp:[m[K In member function ‘[01m[Kvoid sl::TcpChannel::setStatus(_u32)[m[K’:
[0.830s] [01m[K/home/noa/Documents/SLAM/ros2_ws/src/sllidar_ros2/sdk/src/sl_tcp_channel.cpp:95:29:[m[K [01;35m[Kwarning: [m[Kunused parameter ‘[01m[Kflag[m[K’ [[01;35m[K-Wunused-parameter[m[K]
[0.831s]    95 |         void setStatus([01;35m[K_u32 flag[m[K){}
[0.831s]       |                        [01;35m[K~~~~~^~~~[m[K
[0.834s] In file included from [01m[K/home/noa/Documents/SLAM/ros2_ws/src/sllidar_ros2/./sdk/include/sl_lidar_cmd.h:36[m[K,
[0.834s]                  from [01m[K/home/noa/Documents/SLAM/ros2_ws/src/sllidar_ros2/./sdk/include/sl_lidar_driver.h:54[m[K,
[0.834s]                  from [01m[K/home/noa/Documents/SLAM/ros2_ws/src/sllidar_ros2/sdk/src/sl_serial_channel.cpp:34[m[K:
[0.834s] [01m[K/home/noa/Documents/SLAM/ros2_ws/src/sllidar_ros2/./sdk/include/sl_lidar_protocol.h:58:16:[m[K [01;35m[Kwarning: [m[KISO C++ forbids zero-size array ‘[01m[Kdata[m[K’ [[01;35m[K-Wpedantic[m[K]
[0.835s]    58 |     sl_u8 data[[01;35m[K0[m[K];
[0.835s]       |                [01;35m[K^[m[K
[0.835s] In file included from [01m[K/home/noa/Documents/SLAM/ros2_ws/src/sllidar_ros2/./sdk/include/sl_lidar_driver.h:54[m[K,
[0.835s]                  from [01m[K/home/noa/Documents/SLAM/ros2_ws/src/sllidar_ros2/sdk/src/sl_serial_channel.cpp:34[m[K:
[0.835s] [01m[K/home/noa/Documents/SLAM/ros2_ws/src/sllidar_ros2/./sdk/include/sl_lidar_cmd.h:295:20:[m[K [01;35m[Kwarning: [m[KISO C++ forbids zero-size array ‘[01m[Kpayload[m[K’ [[01;35m[K-Wpedantic[m[K]
[0.835s]   295 |     sl_u8  payload[[01;35m[K0[m[K];
[0.835s]       |                    [01;35m[K^[m[K
[0.862s] [01m[K/home/noa/Documents/SLAM/ros2_ws/src/sllidar_ros2/sdk/src/sl_lidar_driver.cpp:[m[K In member function ‘[01m[Kvirtual sl_result sl::SlamtecLidarDriver::reset(sl_u32)[m[K’:
[0.862s] [01m[K/home/noa/Documents/SLAM/ros2_ws/src/sllidar_ros2/sdk/src/sl_lidar_driver.cpp:273:32:[m[K [01;35m[Kwarning: [m[Kunused parameter ‘[01m[KtimeoutInMs[m[K’ [[01;35m[K-Wunused-parameter[m[K]
[0.862s]   273 |         sl_result reset([01;35m[Ksl_u32 timeoutInMs = DEFAULT_TIMEOUT[m[K)
[0.862s]       |                         [01;35m[K~~~~~~~^~~~~~~~~~~~~~~~~~~~~~~~~~~~~[m[K
[0.865s] [01m[K/home/noa/Documents/SLAM/ros2_ws/src/sllidar_ros2/sdk/src/sl_lidar_driver.cpp:[m[K In member function ‘[01m[Kvirtual sl_result sl::SlamtecLidarDriver::getAllSupportedScanModes(std::vector<sl::LidarScanMode>&, sl_u32)[m[K’:
[0.865s] [01m[K/home/noa/Documents/SLAM/ros2_ws/src/sllidar_ros2/sdk/src/sl_lidar_driver.cpp:286:89:[m[K [01;35m[Kwarning: [m[Kunused parameter ‘[01m[KtimeoutInMs[m[K’ [[01;35m[K-Wunused-parameter[m[K]
[0.865s]   286 |         sl_result getAllSupportedScanModes(std::vector<LidarScanMode>& outModes, [01;35m[Ksl_u32 timeoutInMs = DEFAULT_TIMEOUT[m[K)
[0.865s]       |                                                                                  [01;35m[K~~~~~~~^~~~~~~~~~~~~~~~~~~~~~~~~~~~~[m[K
[0.866s] [01m[K/home/noa/Documents/SLAM/ros2_ws/src/sllidar_ros2/sdk/src/sl_lidar_driver.cpp:[m[K In member function ‘[01m[Kvirtual sl_result sl::SlamtecLidarDriver::startScan(bool, bool, sl_u32, sl::LidarScanMode*)[m[K’:
[0.867s] [01m[K/home/noa/Documents/SLAM/ros2_ws/src/sllidar_ros2/sdk/src/sl_lidar_driver.cpp:347:69:[m[K [01;35m[Kwarning: [m[Kunused parameter ‘[01m[Koptions[m[K’ [[01;35m[K-Wunused-parameter[m[K]
[0.867s]   347 |         sl_result startScan(bool force, bool useTypicalScan, [01;35m[Ksl_u32 options = 0[m[K, LidarScanMode* outUsedScanMode = nullptr)
[0.867s]       |                                                              [01;35m[K~~~~~~~^~~~~~~~~~~[m[K
[0.870s] [01m[K/home/noa/Documents/SLAM/ros2_ws/src/sllidar_ros2/sdk/src/sl_lidar_driver.cpp:[m[K In member function ‘[01m[Kvirtual sl_result sl::SlamtecLidarDriver::stop(sl_u32)[m[K’:
[0.870s] [01m[K/home/noa/Documents/SLAM/ros2_ws/src/sllidar_ros2/sdk/src/sl_lidar_driver.cpp:534:31:[m[K [01;35m[Kwarning: [m[Kunused parameter ‘[01m[Ktimeout[m[K’ [[01;35m[K-Wunused-parameter[m[K]
[0.870s]   534 |         sl_result stop([01;35m[Ksl_u32 timeout = DEFAULT_TIMEOUT[m[K)
[0.870s]       |                        [01;35m[K~~~~~~~^~~~~~~~~~~~~~~~~~~~~~~~~[m[K
[0.871s] [01m[K/home/noa/Documents/SLAM/ros2_ws/src/sllidar_ros2/sdk/src/sl_lidar_driver.cpp:[m[K In member function ‘[01m[Kvirtual sl_result sl::SlamtecLidarDriver::getDeviceInfo(sl_lidar_response_device_info_t&, sl_u32)[m[K’:
[0.871s] [01m[K/home/noa/Documents/SLAM/ros2_ws/src/sllidar_ros2/sdk/src/sl_lidar_driver.cpp:579:79:[m[K [01;35m[Kwarning: [m[Kunused parameter ‘[01m[Ktimeout[m[K’ [[01;35m[K-Wunused-parameter[m[K]
[0.871s]   579 |         sl_result getDeviceInfo(sl_lidar_response_device_info_t& info, [01;35m[Ksl_u32 timeout = DEFAULT_TIMEOUT[m[K)
[0.871s]       |                                                                        [01;35m[K~~~~~~~^~~~~~~~~~~~~~~~~~~~~~~~~[m[K
[0.871s] [01m[K/home/noa/Documents/SLAM/ros2_ws/src/sllidar_ros2/sdk/src/sl_lidar_driver.cpp:[m[K In member function ‘[01m[Kvirtual sl_result sl::SlamtecLidarDriver::checkMotorCtrlSupport(sl::MotorCtrlSupport&, sl_u32)[m[K’:
[0.872s] [01m[K/home/noa/Documents/SLAM/ros2_ws/src/sllidar_ros2/sdk/src/sl_lidar_driver.cpp:592:76:[m[K [01;35m[Kwarning: [m[Kunused parameter ‘[01m[Ktimeout[m[K’ [[01;35m[K-Wunused-parameter[m[K]
[0.872s]   592 |         sl_result checkMotorCtrlSupport(MotorCtrlSupport & support, [01;35m[Ksl_u32 timeout = DEFAULT_TIMEOUT[m[K)
[0.872s]       |                                                                     [01;35m[K~~~~~~~^~~~~~~~~~~~~~~~~~~~~~~~~[m[K
[0.872s] [01m[K/home/noa/Documents/SLAM/ros2_ws/src/sllidar_ros2/sdk/src/sl_lidar_driver.cpp:[m[K In member function ‘[01m[Kvirtual sl_result sl::SlamtecLidarDriver::getFrequency(const sl::LidarScanMode&, const sl_lidar_response_measurement_node_hq_t*, size_t, float&)[m[K’:
[0.872s] [01m[K/home/noa/Documents/SLAM/ros2_ws/src/sllidar_ros2/sdk/src/sl_lidar_driver.cpp:627:110:[m[K [01;35m[Kwarning: [m[Kunused parameter ‘[01m[Knodes[m[K’ [[01;35m[K-Wunused-parameter[m[K]
[0.872s]   627 |         sl_result getFrequency(const LidarScanMode& scanMode, [01;35m[Kconst sl_lidar_response_measurement_node_hq_t* nodes[m[K, size_t count, float& frequency)
[0.873s]       |                                                               [01;35m[K~~~~~~~~~~~~~~~~~~~~~~~~~~~~~~~~~~~~~~~~~~~~~~~^~~~~[m[K
[0.873s] [01m[K/home/noa/Documents/SLAM/ros2_ws/src/sllidar_ros2/sdk/src/sl_lidar_driver.cpp:[m[K In member function ‘[01m[Kvirtual sl_result sl::SlamtecLidarDriver::getHealth(sl_lidar_response_device_health_t&, sl_u32)[m[K’:
[0.873s] [01m[K/home/noa/Documents/SLAM/ros2_ws/src/sllidar_ros2/sdk/src/sl_lidar_driver.cpp:640:79:[m[K [01;35m[Kwarning: [m[Kunused parameter ‘[01m[Ktimeout[m[K’ [[01;35m[K-Wunused-parameter[m[K]
[0.873s]   640 |         sl_result getHealth(sl_lidar_response_device_health_t& health, [01;35m[Ksl_u32 timeout = DEFAULT_TIMEOUT[m[K)
[0.873s]       |                                                                        [01;35m[K~~~~~~~^~~~~~~~~~~~~~~~~~~~~~~~~[m[K
[0.874s] [01m[K/home/noa/Documents/SLAM/ros2_ws/src/sllidar_ros2/sdk/src/sl_lidar_driver.cpp:[m[K In member function ‘[01m[Kvirtual sl_result sl::SlamtecLidarDriver::getMotorInfo(sl::LidarMotorInfo&, sl_u32)[m[K’:
[0.874s] [01m[K/home/noa/Documents/SLAM/ros2_ws/src/sllidar_ros2/sdk/src/sl_lidar_driver.cpp:730:66:[m[K [01;35m[Kwarning: [m[Kunused parameter ‘[01m[KtimeoutInMs[m[K’ [[01;35m[K-Wunused-parameter[m[K]
[0.874s]   730 |         sl_result getMotorInfo(LidarMotorInfo &motorInfo, [01;35m[Ksl_u32 timeoutInMs[m[K)
[0.874s]       |                                                           [01;35m[K~~~~~~~^~~~~~~~~~~[m[K
[0.880s] [01m[K/home/noa/Documents/SLAM/ros2_ws/src/sllidar_ros2/sdk/src/sl_lidar_driver.cpp:[m[K In member function ‘[01m[Ksl_result sl::SlamtecLidarDriver::_sendCommand(sl_u16, const void*, size_t)[m[K’:
[0.881s] [01m[K/home/noa/Documents/SLAM/ros2_ws/src/sllidar_ros2/sdk/src/sl_lidar_driver.cpp:1089:35:[m[K [01;35m[Kwarning: [m[Kcomparison of integer expressions of different signedness: ‘[01m[Kint[m[K’ and ‘[01m[Kstd::vector<unsigned char>::size_type[m[K’ {aka ‘[01m[Klong unsigned int[m[K’} [[01;35m[K-Wsign-compare[m[K]
[0.881s]  1089 |             for (int pos = 0; [01;35m[Kpos < cmd_packet.size()[m[K; pos++) {
[0.881s]       |                               [01;35m[K~~~~^~~~~~~~~~~~~~~~~~~[m[K
[0.881s] [01m[K/home/noa/Documents/SLAM/ros2_ws/src/sllidar_ros2/sdk/src/sl_lidar_driver.cpp:1058:19:[m[K [01;35m[Kwarning: [m[Kunused variable ‘[01m[Kpkt_header[m[K’ [[01;35m[K-Wunused-variable[m[K]
[0.881s]  1058 |             sl_u8 [01;35m[Kpkt_header[m[K[10];
[0.881s]       |                   [01;35m[K^~~~~~~~~~[m[K
[0.884s] [01m[K/home/noa/Documents/SLAM/ros2_ws/src/sllidar_ros2/sdk/src/sl_lidar_driver.cpp:[m[K In member function ‘[01m[Kvoid sl::SlamtecLidarDriver::_ultraCapsuleToNormal(const sl_lidar_response_ultra_capsule_measurement_nodes_t&, sl_lidar_response_measurement_node_hq_t*, size_t&)[m[K’:
[0.885s] [01m[K/home/noa/Documents/SLAM/ros2_ws/src/sllidar_ros2/sdk/src/sl_lidar_driver.cpp:1370:40:[m[K [01;35m[Kwarning: [m[Kcomparison of integer expressions of different signedness: ‘[01m[Kint[m[K’ and ‘[01m[Kunsigned int[m[K’ [[01;35m[K-Wsign-compare[m[K]
[0.885s]  1370 |                     if (([01;35m[Kdist_predict1 == 0xFFFFFE00[m[K) || (dist_predict1 == 0x1FF)) {
[0.885s]       |                          [01;35m[K~~~~~~~~~~~~~~^~~~~~~~~~~~~[m[K
[0.886s] [01m[K/home/noa/Documents/SLAM/ros2_ws/src/sllidar_ros2/sdk/src/sl_lidar_driver.cpp:1379:40:[m[K [01;35m[Kwarning: [m[Kcomparison of integer expressions of different signedness: ‘[01m[Kint[m[K’ and ‘[01m[Kunsigned int[m[K’ [[01;35m[K-Wsign-compare[m[K]
[0.886s]  1379 |                     if (([01;35m[Kdist_predict2 == 0xFFFFFE00[m[K) || (dist_predict2 == 0x1FF)) {
[0.886s]       |                          [01;35m[K~~~~~~~~~~~~~~^~~~~~~~~~~~~[m[K
[0.890s] [01m[K/home/noa/Documents/SLAM/ros2_ws/src/sllidar_ros2/sdk/src/sl_lidar_driver.cpp:[m[K In member function ‘[01m[Kvoid sl::SlamtecLidarDriver::_dense_capsuleToNormal(const sl_lidar_response_capsule_measurement_nodes_t&, sl_lidar_response_measurement_node_hq_t*, size_t&)[m[K’:
[0.890s] [01m[K/home/noa/Documents/SLAM/ros2_ws/src/sllidar_ros2/sdk/src/sl_lidar_driver.cpp:1577:116:[m[K [01;35m[Kwarning: [m[Ktype qualifiers ignored on cast result type [[01;35m[K-Wignored-qualifiers[m[K]
[0.890s]  1577 |                     const int dist = static_cast<const int>(_cached_previous_dense_capsuledata.cabins[pos].distance[01;35m[K)[m[K;
[0.890s]       |                                                                                                                    [01;35m[K^[m[K
[0.929s] In file included from [01m[K/home/noa/Documents/SLAM/ros2_ws/src/sllidar_ros2/./sdk/include/sl_lidar_cmd.h:36[m[K,
[0.929s]                  from [01m[K/home/noa/Documents/SLAM/ros2_ws/src/sllidar_ros2/./sdk/include/sl_lidar_driver.h:54[m[K,
[0.929s]                  from [01m[K/home/noa/Documents/SLAM/ros2_ws/src/sllidar_ros2/sdk/src/sl_udp_channel.cpp:34[m[K:
[0.929s] [01m[K/home/noa/Documents/SLAM/ros2_ws/src/sllidar_ros2/./sdk/include/sl_lidar_protocol.h:58:16:[m[K [01;35m[Kwarning: [m[KISO C++ forbids zero-size array ‘[01m[Kdata[m[K’ [[01;35m[K-Wpedantic[m[K]
[0.929s]    58 |     sl_u8 data[[01;35m[K0[m[K];
[0.930s]       |                [01;35m[K^[m[K
[0.930s] In file included from [01m[K/home/noa/Documents/SLAM/ros2_ws/src/sllidar_ros2/./sdk/include/sl_lidar_driver.h:54[m[K,
[0.930s]                  from [01m[K/home/noa/Documents/SLAM/ros2_ws/src/sllidar_ros2/sdk/src/sl_udp_channel.cpp:34[m[K:
[0.930s] [01m[K/home/noa/Documents/SLAM/ros2_ws/src/sllidar_ros2/./sdk/include/sl_lidar_cmd.h:295:20:[m[K [01;35m[Kwarning: [m[KISO C++ forbids zero-size array ‘[01m[Kpayload[m[K’ [[01;35m[K-Wpedantic[m[K]
[0.930s]   295 |     sl_u8  payload[[01;35m[K0[m[K];
[0.930s]       |                    [01;35m[K^[m[K
[0.934s] [01m[K/home/noa/Documents/SLAM/ros2_ws/src/sllidar_ros2/sdk/src/sl_udp_channel.cpp:[m[K In member function ‘[01m[Kvoid sl::UdpChannel::setStatus(_u32)[m[K’:
[0.934s] [01m[K/home/noa/Documents/SLAM/ros2_ws/src/sllidar_ros2/sdk/src/sl_udp_channel.cpp:103:29:[m[K [01;35m[Kwarning: [m[Kunused parameter ‘[01m[Kflag[m[K’ [[01;35m[K-Wunused-parameter[m[K]
[0.935s]   103 |         void setStatus([01;35m[K_u32 flag[m[K){}
[0.938s]       |                        [01;35m[K~~~~~^~~~[m[K
[0.957s] [01m[K/home/noa/Documents/SLAM/ros2_ws/src/sllidar_ros2/sdk/src/sl_lidar_driver.cpp:[m[K At global scope:
[0.958s] [01m[K/home/noa/Documents/SLAM/ros2_ws/src/sllidar_ros2/sdk/src/sl_lidar_driver.cpp:72:17:[m[K [01;35m[Kwarning: [m[K‘[01m[Kvoid sl::convert(const sl_lidar_response_measurement_node_hq_t&, sl_lidar_response_measurement_node_t&)[m[K’ defined but not used [[01;35m[K-Wunused-function[m[K]
[0.958s]    72 |     static void [01;35m[Kconvert[m[K(const sl_lidar_response_measurement_node_hq_t& from, sl_lidar_response_measurement_node_t& to)
[0.958s]       |                 [01;35m[K^~~~~~~[m[K
[0.958s] [01m[K/home/noa/Documents/SLAM/ros2_ws/src/sllidar_ros2/sdk/src/sl_lidar_driver.cpp:59:17:[m[K [01;35m[Kwarning: [m[K‘[01m[Kvoid sl::printDeprecationWarn(const char*, const char*)[m[K’ defined but not used [[01;35m[K-Wunused-function[m[K]
[0.958s]    59 |     static void [01;35m[KprintDeprecationWarn[m[K(const char* fn, const char* replacement)
[0.958s]       |                 [01;35m[K^~~~~~~~~~~~~~~~~~~~[m[K
[1.598s] In file included from [01m[K/home/noa/Documents/SLAM/ros2_ws/src/sllidar_ros2/./sdk/include/sl_lidar_cmd.h:36[m[K,
[1.598s]                  from [01m[K/home/noa/Documents/SLAM/ros2_ws/src/sllidar_ros2/./sdk/include/sl_lidar_driver.h:54[m[K,
[1.598s]                  from [01m[K/home/noa/Documents/SLAM/ros2_ws/src/sllidar_ros2/./sdk/include/sl_lidar.h:36[m[K,
[1.599s]                  from [01m[K/home/noa/Documents/SLAM/ros2_ws/src/sllidar_ros2/src/sllidar_node.cpp:38[m[K:
[1.599s] [01m[K/home/noa/Documents/SLAM/ros2_ws/src/sllidar_ros2/./sdk/include/sl_lidar_protocol.h:58:16:[m[K [01;35m[Kwarning: [m[KISO C++ forbids zero-size array ‘[01m[Kdata[m[K’ [[01;35m[K-Wpedantic[m[K]
[1.599s]    58 |     sl_u8 data[[01;35m[K0[m[K];
[1.599s]       |                [01;35m[K^[m[K
[1.599s] In file included from [01m[K/home/noa/Documents/SLAM/ros2_ws/src/sllidar_ros2/./sdk/include/sl_lidar_driver.h:54[m[K,
[1.599s]                  from [01m[K/home/noa/Documents/SLAM/ros2_ws/src/sllidar_ros2/./sdk/include/sl_lidar.h:36[m[K,
[1.599s]                  from [01m[K/home/noa/Documents/SLAM/ros2_ws/src/sllidar_ros2/src/sllidar_node.cpp:38[m[K:
[1.599s] [01m[K/home/noa/Documents/SLAM/ros2_ws/src/sllidar_ros2/./sdk/include/sl_lidar_cmd.h:295:20:[m[K [01;35m[Kwarning: [m[KISO C++ forbids zero-size array ‘[01m[Kpayload[m[K’ [[01;35m[K-Wpedantic[m[K]
[1.599s]   295 |     sl_u8  payload[[01;35m[K0[m[K];
[1.599s]       |                    [01;35m[K^[m[K
[2.410s] [01m[K/home/noa/Documents/SLAM/ros2_ws/src/sllidar_ros2/src/sllidar_node.cpp:[m[K In member function ‘[01m[Kbool SLlidarNode::checkSLLIDARHealth(sl::ILidarDriver*)[m[K’:
[2.411s] [01m[K/home/noa/Documents/SLAM/ros2_ws/src/sllidar_ros2/src/sllidar_node.cpp:147:5:[m[K [01;35m[Kwarning: [m[Kcontrol reaches end of non-void function [[01;35m[K-Wreturn-type[m[K]
[2.411s]   147 |     [01;35m[K}[m[K
[2.411s]       |     [01;35m[K^[m[K
[3.307s] [ 92%] [32m[1mLinking CXX executable sllidar_node[0m
[3.471s] [ 92%] Built target sllidar_node
[4.127s] [100%] [32m[1mLinking CXX executable sllidar_client[0m
[4.311s] [100%] Built target sllidar_client
