[35m[1mScanning dependencies of target listener[0m
[ 50%] [32mBuilding CXX object CMakeFiles/listener.dir/src/main.cpp.o[0m
[01m[K/home/noa/Documents/SLAM/ros2_ws/src/lidar_listener/src/main.cpp:[m[K In constructor ‘[01m[KListener::Listener()[m[K’:
[01m[K/home/noa/Documents/SLAM/ros2_ws/src/lidar_listener/src/main.cpp:7:151:[m[K [01;31m[Kerror: [m[K‘[01m[K_1[m[K’ was not declared in this scope; did you mean ‘[01m[Kstd::placeholders::_1[m[K’?
    7 |    subscription_ = this->create_subscription<sensor_msgs::msg::LaserScan>("scan", rclcpp::SensorDataQoS(), std::bind(&Listener::topic_callback, this, [01;31m[K_1[m[K));
      |                                                                                                                                                       [01;31m[K^~[m[K
      |                                                                                                                                                       [32m[Kstd::placeholders::_1[m[K
In file included from [01m[K/opt/ros/foxy/include/rclcpp/context.hpp:19[m[K,
                 from [01m[K/opt/ros/foxy/include/rclcpp/contexts/default_context.hpp:18[m[K,
                 from [01m[K/opt/ros/foxy/include/rclcpp/executor.hpp:32[m[K,
                 from [01m[K/opt/ros/foxy/include/rclcpp/executors/multi_threaded_executor.hpp:26[m[K,
                 from [01m[K/opt/ros/foxy/include/rclcpp/executors.hpp:21[m[K,
                 from [01m[K/opt/ros/foxy/include/rclcpp/rclcpp.hpp:146[m[K,
                 from [01m[K/home/noa/Documents/SLAM/ros2_ws/src/lidar_listener/src/main.cpp:1[m[K:
[01m[K/usr/include/c++/9/functional:211:34:[m[K [01;36m[Knote: [m[K‘[01m[Kstd::placeholders::_1[m[K’ declared here
  211 |     extern const _Placeholder<1> [01;36m[K_1[m[K;
      |                                  [01;36m[K^~[m[K
[01m[K/home/noa/Documents/SLAM/ros2_ws/src/lidar_listener/src/main.cpp:[m[K In member function ‘[01m[Kvoid Listener::topic_callback(sensor_msgs::msg::LaserScan_<std::allocator<void> >::SharedPtr) const[m[K’:
[01m[K/home/noa/Documents/SLAM/ros2_ws/src/lidar_listener/src/main.cpp:11:62:[m[K [01;35m[Kwarning: [m[Kunused parameter ‘[01m[Kscan[m[K’ [[01;35m[K-Wunused-parameter[m[K]
   11 |   void topic_callback([01;35m[Ksensor_msgs::msg::LaserScan::SharedPtr scan[m[K) const{
      |                       [01;35m[K~~~~~~~~~~~~~~~~~~~~~~~~~~~~~~~~~~~~~~~^~~~[m[K
make[2]: *** [CMakeFiles/listener.dir/build.make:63: CMakeFiles/listener.dir/src/main.cpp.o] Error 1
make[1]: *** [CMakeFiles/Makefile2:78: CMakeFiles/listener.dir/all] Error 2
make: *** [Makefile:141: all] Error 2
