[0.037s] Invoking command in '/home/noa/Documents/SLAM/ros2_ws/build/cpp_pubsub_tutorial_interfaces': CMAKE_PREFIX_PATH=/home/noa/Documents/SLAM/ros2_ws/install/tutorial_interfaces:/home/noa/Documents/SLAM/ros2_ws/install/cpp_pubsub_tutorial_interfaces:/home/noa/Documents/SLAM/ros2_ws/install/sllidar_ros2:/home/noa/Documents/SLAM/ros2_ws/install/cpp_pubsub:/opt/ros/foxy PS1=\u@\h \[\033[32m\]\w\[\033[33m\]$(parse_git_branch)\[\033[00m\] $ /usr/bin/cmake /home/noa/Documents/SLAM/ros2_ws/src/cpp_pubsub_tutorial_interfaces -DCMAKE_INSTALL_PREFIX=/home/noa/Documents/SLAM/ros2_ws/install/cpp_pubsub_tutorial_interfaces
[0.081s] -- The C compiler identification is GNU 9.4.0
[0.124s] -- The CXX compiler identification is GNU 9.4.0
[0.127s] -- Check for working C compiler: /usr/bin/cc
[0.179s] -- Check for working C compiler: /usr/bin/cc -- works
[0.180s] -- Detecting C compiler ABI info
[0.233s] -- Detecting C compiler ABI info - done
[0.250s] -- Detecting C compile features
[0.250s] -- Detecting C compile features - done
[0.253s] -- Check for working CXX compiler: /usr/bin/c++
[0.317s] -- Check for working CXX compiler: /usr/bin/c++ -- works
[0.318s] -- Detecting CXX compiler ABI info
[0.378s] -- Detecting CXX compiler ABI info - done
[0.388s] -- Detecting CXX compile features
[0.388s] -- Detecting CXX compile features - done
[0.390s] -- Found ament_cmake: 0.9.9 (/opt/ros/foxy/share/ament_cmake/cmake)
[0.410s] -- Found PythonInterp: /usr/bin/python3 (found suitable version "3.8.10", minimum required is "3") 
[0.410s] -- Using PYTHON_EXECUTABLE: /usr/bin/python3
[0.590s] -- Found rclcpp: 2.4.1 (/opt/ros/foxy/share/rclcpp/cmake)
[0.625s] -- Using all available rosidl_typesupport_c: rosidl_typesupport_fastrtps_c;rosidl_typesupport_introspection_c
[0.631s] -- Found rosidl_adapter: 1.2.1 (/opt/ros/foxy/share/rosidl_adapter/cmake)
[0.690s] -- Found OpenSSL: /usr/lib/x86_64-linux-gnu/libcrypto.so (found version "1.1.1f")  
[0.713s] -- Found FastRTPS: /opt/ros/foxy/include  
[0.773s] -- Using all available rosidl_typesupport_cpp: rosidl_typesupport_fastrtps_cpp;rosidl_typesupport_introspection_cpp
[0.819s] -- Found rmw_implementation_cmake: 1.0.3 (/opt/ros/foxy/share/rmw_implementation_cmake/cmake)
[0.821s] -- Using RMW implementation 'rmw_fastrtps_cpp' as default
[0.821s] -- Looking for pthread.h
[0.875s] -- Looking for pthread.h - found
[0.875s] -- Performing Test CMAKE_HAVE_LIBC_PTHREAD
[0.934s] -- Performing Test CMAKE_HAVE_LIBC_PTHREAD - Failed
[0.934s] -- Looking for pthread_create in pthreads
[0.980s] -- Looking for pthread_create in pthreads - not found
[0.980s] -- Looking for pthread_create in pthread
[1.035s] -- Looking for pthread_create in pthread - found
[1.035s] -- Found Threads: TRUE  
[1.162s] -- Found tutorial_interfaces: 0.0.0 (/home/noa/Documents/SLAM/ros2_ws/install/tutorial_interfaces/share/tutorial_interfaces/cmake)
[1.169s] -- Found ament_lint_auto: 0.9.6 (/opt/ros/foxy/share/ament_lint_auto/cmake)
[1.250s] -- Added test 'copyright' to check source files copyright and LICENSE
[1.262s] -- Added test 'cppcheck' to perform static code analysis on C / C++ code
[1.262s] -- Configured cppcheck include dirs: 
[1.262s] -- Configured cppcheck exclude dirs and/or files: 
[1.273s] -- Added test 'cpplint' to check C / C++ code against the Google style
[1.273s] -- Configured cpplint exclude dirs and/or files: 
[1.276s] -- Added test 'flake8' to check Python code syntax and style conventions
[1.279s] -- Added test 'lint_cmake' to check CMake code style
[1.282s] -- Added test 'pep257' to check Python code against some of the style conventions in PEP 257
[1.290s] -- Added test 'uncrustify' to check C / C++ code style
[1.290s] -- Configured uncrustify additional arguments: 
[1.291s] -- Added test 'xmllint' to check XML markup files
[1.294s] -- Configuring done
[1.302s] -- Generating done
[1.304s] -- Build files have been written to: /home/noa/Documents/SLAM/ros2_ws/build/cpp_pubsub_tutorial_interfaces
