[0.028s] Invoking command in '/home/noa/Documents/SLAM/ros2_ws/build/tutorial_interfaces': CMAKE_PREFIX_PATH=${CMAKE_PREFIX_PATH}:/opt/ros/foxy PS1=\u@\h \[\033[32m\]\w\[\033[33m\]$(parse_git_branch)\[\033[00m\] $ /usr/bin/cmake /home/noa/Documents/SLAM/ros2_ws/src/tutorial_interfaces -DCMAKE_INSTALL_PREFIX=/home/noa/Documents/SLAM/ros2_ws/install/tutorial_interfaces
[0.045s] -- Found ament_cmake: 0.9.9 (/opt/ros/foxy/share/ament_cmake/cmake)
[0.062s] -- Found PythonInterp: /usr/bin/python3 (found suitable version "3.8.10", minimum required is "3") 
[0.062s] -- Using PYTHON_EXECUTABLE: /usr/bin/python3
[0.208s] -- Override CMake install command with custom implementation using symlinks instead of copying resources
[0.214s] -- Found ament_lint_auto: 0.9.6 (/opt/ros/foxy/share/ament_lint_auto/cmake)
[0.282s] -- Found rosidl_default_generators: 1.0.1 (/opt/ros/foxy/share/rosidl_default_generators/cmake)
[0.285s] -- Using all available rosidl_typesupport_c: rosidl_typesupport_fastrtps_c;rosidl_typesupport_introspection_c
[0.290s] -- Found rosidl_adapter: 1.2.1 (/opt/ros/foxy/share/rosidl_adapter/cmake)
[0.447s] -- Using all available rosidl_typesupport_cpp: rosidl_typesupport_fastrtps_cpp;rosidl_typesupport_introspection_cpp
[0.505s] -- Found PythonInterp: /usr/bin/python3 (found version "3.8.10") 
[0.596s] -- Found ament_cmake_ros: 0.9.2 (/opt/ros/foxy/share/ament_cmake_ros/cmake)
[0.677s] -- Using all available rosidl_typesupport_c: rosidl_typesupport_fastrtps_c;rosidl_typesupport_introspection_c
[0.684s] -- Using all available rosidl_typesupport_cpp: rosidl_typesupport_fastrtps_cpp;rosidl_typesupport_introspection_cpp
[0.703s] -- Found PythonInterp: /usr/bin/python3 (found suitable version "3.8.10", minimum required is "3.5") 
[0.703s] -- Found python_cmake_module: 0.8.1 (/opt/ros/foxy/share/python_cmake_module/cmake)
[0.723s] -- Using PYTHON_EXECUTABLE: /usr/bin/python3
[0.723s] -- Using PYTHON_INCLUDE_DIRS: /usr/include/python3.8
[0.723s] -- Using PYTHON_LIBRARIES: /usr/lib/x86_64-linux-gnu/libpython3.8.so
[0.740s] -- Added test 'copyright' to check source files copyright and LICENSE
[0.742s] -- Added test 'lint_cmake' to check CMake code style
[0.743s] -- Added test 'xmllint' to check XML markup files
[0.749s] -- Configuring done
[0.775s] -- Generating done
[0.778s] -- Build files have been written to: /home/noa/Documents/SLAM/ros2_ws/build/tutorial_interfaces
