[0.008s] Invoking command in '/home/noa/Documents/SLAM/ros2_ws/src/cpp_pubsub/build/cpp_pubsub': CMAKE_PREFIX_PATH=${CMAKE_PREFIX_PATH}:/opt/ros/foxy PS1=\u@\h \[\033[32m\]\w\[\033[33m\]$(parse_git_branch)\[\033[00m\] $ /usr/bin/cmake /home/noa/Documents/SLAM/ros2_ws/src/cpp_pubsub -DCMAKE_INSTALL_PREFIX=/home/noa/Documents/SLAM/ros2_ws/src/cpp_pubsub/install/cpp_pubsub
[0.050s] -- The C compiler identification is GNU 9.4.0
[0.088s] -- The CXX compiler identification is GNU 9.4.0
[0.092s] -- Check for working C compiler: /usr/bin/cc
[0.141s] -- Check for working C compiler: /usr/bin/cc -- works
[0.141s] -- Detecting C compiler ABI info
[0.190s] -- Detecting C compiler ABI info - done
[0.199s] -- Detecting C compile features
[0.199s] -- Detecting C compile features - done
[0.201s] -- Check for working CXX compiler: /usr/bin/c++
[0.260s] -- Check for working CXX compiler: /usr/bin/c++ -- works
[0.261s] -- Detecting CXX compiler ABI info
[0.322s] -- Detecting CXX compiler ABI info - done
[0.332s] -- Detecting CXX compile features
[0.333s] -- Detecting CXX compile features - done
[0.334s] -- Found ament_cmake: 0.9.9 (/opt/ros/foxy/share/ament_cmake/cmake)
[0.353s] -- Found PythonInterp: /usr/bin/python3 (found suitable version "3.8.10", minimum required is "3") 
[0.353s] -- Using PYTHON_EXECUTABLE: /usr/bin/python3
[0.509s] -- Found rclcpp: 2.4.1 (/opt/ros/foxy/share/rclcpp/cmake)
[0.542s] -- Using all available rosidl_typesupport_c: rosidl_typesupport_fastrtps_c;rosidl_typesupport_introspection_c
[0.549s] -- Found rosidl_adapter: 1.2.1 (/opt/ros/foxy/share/rosidl_adapter/cmake)
[0.600s] -- Found OpenSSL: /usr/lib/x86_64-linux-gnu/libcrypto.so (found version "1.1.1f")  
[0.620s] -- Found FastRTPS: /opt/ros/foxy/include  
[0.676s] -- Using all available rosidl_typesupport_cpp: rosidl_typesupport_fastrtps_cpp;rosidl_typesupport_introspection_cpp
[0.719s] -- Found rmw_implementation_cmake: 1.0.3 (/opt/ros/foxy/share/rmw_implementation_cmake/cmake)
[0.720s] -- Using RMW implementation 'rmw_fastrtps_cpp' as default
[0.721s] -- Looking for pthread.h
[0.772s] -- Looking for pthread.h - found
[0.772s] -- Performing Test CMAKE_HAVE_LIBC_PTHREAD
[0.825s] -- Performing Test CMAKE_HAVE_LIBC_PTHREAD - Failed
[0.825s] -- Looking for pthread_create in pthreads
[0.868s] -- Looking for pthread_create in pthreads - not found
[0.868s] -- Looking for pthread_create in pthread
[0.919s] -- Looking for pthread_create in pthread - found
[0.919s] -- Found Threads: TRUE  
[1.066s] -- Found ament_lint_auto: 0.9.6 (/opt/ros/foxy/share/ament_lint_auto/cmake)
[1.129s] CMake Error at /opt/ros/foxy/share/ament_cmake_target_dependencies/cmake/ament_target_dependencies.cmake:42 (message):
[1.129s]   ament_target_dependencies() the first argument must be a valid target name
[1.129s] Call Stack (most recent call first):
[1.129s]   CMakeLists.txt:42 (ament_target_dependencies)
[1.129s] 
[1.129s] 
[1.130s] -- Configuring incomplete, errors occurred!
[1.130s] See also "/home/noa/Documents/SLAM/ros2_ws/src/cpp_pubsub/build/cpp_pubsub/CMakeFiles/CMakeOutput.log".
[1.130s] See also "/home/noa/Documents/SLAM/ros2_ws/src/cpp_pubsub/build/cpp_pubsub/CMakeFiles/CMakeError.log".
[1.136s] Invoked command in '/home/noa/Documents/SLAM/ros2_ws/src/cpp_pubsub/build/cpp_pubsub' returned '1': CMAKE_PREFIX_PATH=${CMAKE_PREFIX_PATH}:/opt/ros/foxy PS1=\u@\h \[\033[32m\]\w\[\033[33m\]$(parse_git_branch)\[\033[00m\] $ /usr/bin/cmake /home/noa/Documents/SLAM/ros2_ws/src/cpp_pubsub -DCMAKE_INSTALL_PREFIX=/home/noa/Documents/SLAM/ros2_ws/src/cpp_pubsub/install/cpp_pubsub
