[0.022s] Invoking command in '/home/noa/Documents/SLAM/ros2_ws/build/lidar_listener': CMAKE_PREFIX_PATH=${CMAKE_PREFIX_PATH}:/opt/ros/foxy PS1=\u@\h \[\033[32m\]\w\[\033[33m\]$(parse_git_branch)\[\033[00m\] $ /usr/bin/cmake --build /home/noa/Documents/SLAM/ros2_ws/build/lidar_listener -- -j8 -l8
[0.057s] [35m[1mScanning dependencies of target listener[0m
[0.087s] [ 50%] [32mBuilding CXX object CMakeFiles/listener.dir/src/main.cpp.o[0m
[3.596s] [100%] [32m[1mLinking CXX executable listener[0m
[3.781s] [100%] Built target listener
[3.789s] Invoked command in '/home/noa/Documents/SLAM/ros2_ws/build/lidar_listener' returned '0': CMAKE_PREFIX_PATH=${CMAKE_PREFIX_PATH}:/opt/ros/foxy PS1=\u@\h \[\033[32m\]\w\[\033[33m\]$(parse_git_branch)\[\033[00m\] $ /usr/bin/cmake --build /home/noa/Documents/SLAM/ros2_ws/build/lidar_listener -- -j8 -l8
[3.808s] Invoking command in '/home/noa/Documents/SLAM/ros2_ws/build/lidar_listener': CMAKE_PREFIX_PATH=${CMAKE_PREFIX_PATH}:/opt/ros/foxy PS1=\u@\h \[\033[32m\]\w\[\033[33m\]$(parse_git_branch)\[\033[00m\] $ /usr/bin/cmake --install /home/noa/Documents/SLAM/ros2_ws/build/lidar_listener
[3.814s] -- Install configuration: ""
[3.814s] -- Installing: /home/noa/Documents/SLAM/ros2_ws/install/lidar_listener/lib/lidar_listener/listener
[3.816s] -- Set runtime path of "/home/noa/Documents/SLAM/ros2_ws/install/lidar_listener/lib/lidar_listener/listener" to ""
[3.816s] -- Up-to-date: /home/noa/Documents/SLAM/ros2_ws/install/lidar_listener/share/ament_index/resource_index/package_run_dependencies/lidar_listener
[3.816s] -- Up-to-date: /home/noa/Documents/SLAM/ros2_ws/install/lidar_listener/share/ament_index/resource_index/parent_prefix_path/lidar_listener
[3.816s] -- Up-to-date: /home/noa/Documents/SLAM/ros2_ws/install/lidar_listener/share/lidar_listener/environment/ament_prefix_path.sh
[3.816s] -- Up-to-date: /home/noa/Documents/SLAM/ros2_ws/install/lidar_listener/share/lidar_listener/environment/ament_prefix_path.dsv
[3.816s] -- Up-to-date: /home/noa/Documents/SLAM/ros2_ws/install/lidar_listener/share/lidar_listener/environment/path.sh
[3.816s] -- Up-to-date: /home/noa/Documents/SLAM/ros2_ws/install/lidar_listener/share/lidar_listener/environment/path.dsv
[3.816s] -- Up-to-date: /home/noa/Documents/SLAM/ros2_ws/install/lidar_listener/share/lidar_listener/local_setup.bash
[3.816s] -- Up-to-date: /home/noa/Documents/SLAM/ros2_ws/install/lidar_listener/share/lidar_listener/local_setup.sh
[3.817s] -- Up-to-date: /home/noa/Documents/SLAM/ros2_ws/install/lidar_listener/share/lidar_listener/local_setup.zsh
[3.817s] -- Up-to-date: /home/noa/Documents/SLAM/ros2_ws/install/lidar_listener/share/lidar_listener/local_setup.dsv
[3.817s] -- Installing: /home/noa/Documents/SLAM/ros2_ws/install/lidar_listener/share/lidar_listener/package.dsv
[3.817s] -- Up-to-date: /home/noa/Documents/SLAM/ros2_ws/install/lidar_listener/share/ament_index/resource_index/packages/lidar_listener
[3.817s] -- Up-to-date: /home/noa/Documents/SLAM/ros2_ws/install/lidar_listener/share/lidar_listener/cmake/lidar_listenerConfig.cmake
[3.817s] -- Up-to-date: /home/noa/Documents/SLAM/ros2_ws/install/lidar_listener/share/lidar_listener/cmake/lidar_listenerConfig-version.cmake
[3.817s] -- Up-to-date: /home/noa/Documents/SLAM/ros2_ws/install/lidar_listener/share/lidar_listener/package.xml
[3.819s] Invoked command in '/home/noa/Documents/SLAM/ros2_ws/build/lidar_listener' returned '0': CMAKE_PREFIX_PATH=${CMAKE_PREFIX_PATH}:/opt/ros/foxy PS1=\u@\h \[\033[32m\]\w\[\033[33m\]$(parse_git_branch)\[\033[00m\] $ /usr/bin/cmake --install /home/noa/Documents/SLAM/ros2_ws/build/lidar_listener
