[0.021s] Invoking command in '/home/noa/Documents/SLAM/ros2_ws/src/build/tutorial_interfaces': CMAKE_PREFIX_PATH=${CMAKE_PREFIX_PATH}:/opt/ros/foxy PS1=\u@\h \[\033[32m\]\w\[\033[33m\]$(parse_git_branch)\[\033[00m\] $ /usr/bin/cmake /home/noa/Documents/SLAM/ros2_ws/src/tutorial_interfaces -DAMENT_CMAKE_SYMLINK_INSTALL=1 -DCMAKE_INSTALL_PREFIX=/home/noa/Documents/SLAM/ros2_ws/src/install/tutorial_interfaces
[0.037s] -- Found ament_cmake: 0.9.9 (/opt/ros/foxy/share/ament_cmake/cmake)
[0.061s] -- Using PYTHON_EXECUTABLE: /usr/bin/python3
[0.239s] -- Override CMake install command with custom implementation using symlinks instead of copying resources
[0.246s] -- Found ament_lint_auto: 0.9.6 (/opt/ros/foxy/share/ament_lint_auto/cmake)
[0.326s] -- Found rosidl_default_generators: 1.0.1 (/opt/ros/foxy/share/rosidl_default_generators/cmake)
[0.330s] -- Using all available rosidl_typesupport_c: rosidl_typesupport_fastrtps_c;rosidl_typesupport_introspection_c
[0.339s] -- Found rosidl_adapter: 1.2.1 (/opt/ros/foxy/share/rosidl_adapter/cmake)
[0.443s] -- Found OpenSSL: /usr/lib/x86_64-linux-gnu/libcrypto.so (found version "1.1.1f")  
[0.478s] -- Found FastRTPS: /opt/ros/foxy/include  
[0.583s] -- Using all available rosidl_typesupport_cpp: rosidl_typesupport_fastrtps_cpp;rosidl_typesupport_introspection_cpp
[0.647s] -- Found PythonInterp: /usr/bin/python3 (found version "3.8.10") 
[0.733s] -- Found ament_cmake_ros: 0.9.2 (/opt/ros/foxy/share/ament_cmake_ros/cmake)
[0.845s] -- Using all available rosidl_typesupport_c: rosidl_typesupport_fastrtps_c;rosidl_typesupport_introspection_c
[0.853s] -- Using all available rosidl_typesupport_cpp: rosidl_typesupport_fastrtps_cpp;rosidl_typesupport_introspection_cpp
[0.872s] -- Found PythonInterp: /usr/bin/python3 (found suitable version "3.8.10", minimum required is "3.5") 
[0.875s] -- Found python_cmake_module: 0.8.1 (/opt/ros/foxy/share/python_cmake_module/cmake)
[0.895s] -- Found PythonLibs: /usr/lib/x86_64-linux-gnu/libpython3.8.so (found suitable version "3.8.10", minimum required is "3.5") 
[0.895s] -- Using PYTHON_EXECUTABLE: /usr/bin/python3
[0.896s] -- Using PYTHON_INCLUDE_DIRS: /usr/include/python3.8
[0.896s] -- Using PYTHON_LIBRARIES: /usr/lib/x86_64-linux-gnu/libpython3.8.so
[0.913s] -- Found PythonExtra: .so  
[0.950s] -- Added test 'copyright' to check source files copyright and LICENSE
[0.952s] -- Added test 'lint_cmake' to check CMake code style
[0.953s] -- Added test 'xmllint' to check XML markup files
[0.960s] -- Configuring done
[0.988s] -- Generating done
[0.990s] -- Build files have been written to: /home/noa/Documents/SLAM/ros2_ws/src/build/tutorial_interfaces
[0.996s] Invoked command in '/home/noa/Documents/SLAM/ros2_ws/src/build/tutorial_interfaces' returned '0': CMAKE_PREFIX_PATH=${CMAKE_PREFIX_PATH}:/opt/ros/foxy PS1=\u@\h \[\033[32m\]\w\[\033[33m\]$(parse_git_branch)\[\033[00m\] $ /usr/bin/cmake /home/noa/Documents/SLAM/ros2_ws/src/tutorial_interfaces -DAMENT_CMAKE_SYMLINK_INSTALL=1 -DCMAKE_INSTALL_PREFIX=/home/noa/Documents/SLAM/ros2_ws/src/install/tutorial_interfaces
[1.000s] Invoking command in '/home/noa/Documents/SLAM/ros2_ws/src/build/tutorial_interfaces': CMAKE_PREFIX_PATH=${CMAKE_PREFIX_PATH}:/opt/ros/foxy PS1=\u@\h \[\033[32m\]\w\[\033[33m\]$(parse_git_branch)\[\033[00m\] $ /usr/bin/cmake --build /home/noa/Documents/SLAM/ros2_ws/src/build/tutorial_interfaces -- -j8 -l8
[1.033s] [35m[1mScanning dependencies of target tutorial_interfaces__cpp[0m
[1.033s] [  2%] [34m[1mGenerating C code for ROS interfaces[0m
[1.043s] [  5%] [34m[1mGenerating C++ code for ROS interfaces[0m
[1.326s] [  5%] Built target tutorial_interfaces__cpp
[1.337s] [  7%] [34m[1mGenerating C++ type support for eProsima Fast-RTPS[0m
[1.337s] [ 10%] [34m[1mGenerating C++ type support dispatch for ROS interfaces[0m
[1.338s] [ 12%] [34m[1mGenerating C++ introspection for ROS interfaces[0m
[1.494s] [35m[1mScanning dependencies of target tutorial_interfaces__rosidl_generator_c[0m
[1.513s] [ 15%] [32mBuilding C object CMakeFiles/tutorial_interfaces__rosidl_generator_c.dir/rosidl_generator_c/tutorial_interfaces/msg/detail/num__functions.c.o[0m
[1.533s] [ 17%] [32mBuilding C object CMakeFiles/tutorial_interfaces__rosidl_generator_c.dir/rosidl_generator_c/tutorial_interfaces/srv/detail/add_three_ints__functions.c.o[0m
[1.628s] [ 20%] [32m[1mLinking C shared library libtutorial_interfaces__rosidl_generator_c.so[0m
[1.665s] [35m[1mScanning dependencies of target tutorial_interfaces__rosidl_typesupport_cpp[0m
[1.699s] [ 23%] [32mBuilding CXX object CMakeFiles/tutorial_interfaces__rosidl_typesupport_cpp.dir/rosidl_typesupport_cpp/tutorial_interfaces/msg/num__type_support.cpp.o[0m
[1.707s] [ 25%] [32mBuilding CXX object CMakeFiles/tutorial_interfaces__rosidl_typesupport_cpp.dir/rosidl_typesupport_cpp/tutorial_interfaces/srv/add_three_ints__type_support.cpp.o[0m
[1.710s] [ 25%] Built target tutorial_interfaces__rosidl_generator_c
[1.739s] [ 28%] [34m[1mGenerating C type support dispatch for ROS interfaces[0m
[1.740s] [35m[1mScanning dependencies of target tutorial_interfaces__rosidl_typesupport_introspection_cpp[0m
[1.751s] [ 30%] [34m[1mGenerating C introspection for ROS interfaces[0m
[1.816s] [ 33%] [32mBuilding CXX object CMakeFiles/tutorial_interfaces__rosidl_typesupport_introspection_cpp.dir/rosidl_typesupport_introspection_cpp/tutorial_interfaces/msg/detail/num__type_support.cpp.o[0m
[1.818s] [ 35%] [32mBuilding CXX object CMakeFiles/tutorial_interfaces__rosidl_typesupport_introspection_cpp.dir/rosidl_typesupport_introspection_cpp/tutorial_interfaces/srv/detail/add_three_ints__type_support.cpp.o[0m
[1.868s] [35m[1mScanning dependencies of target tutorial_interfaces__rosidl_typesupport_fastrtps_cpp[0m
[1.946s] [ 38%] [32mBuilding CXX object CMakeFiles/tutorial_interfaces__rosidl_typesupport_fastrtps_cpp.dir/rosidl_typesupport_fastrtps_cpp/tutorial_interfaces/msg/detail/dds_fastrtps/num__type_support.cpp.o[0m
[1.966s] [ 41%] [32mBuilding CXX object CMakeFiles/tutorial_interfaces__rosidl_typesupport_fastrtps_cpp.dir/rosidl_typesupport_fastrtps_cpp/tutorial_interfaces/srv/detail/dds_fastrtps/add_three_ints__type_support.cpp.o[0m
[2.211s] [ 43%] [32m[1mLinking CXX shared library libtutorial_interfaces__rosidl_typesupport_cpp.so[0m
[2.274s] [35m[1mScanning dependencies of target tutorial_interfaces__rosidl_typesupport_c[0m
[2.293s] [ 46%] [32mBuilding CXX object CMakeFiles/tutorial_interfaces__rosidl_typesupport_c.dir/rosidl_typesupport_c/tutorial_interfaces/msg/num__type_support.cpp.o[0m
[2.299s] [35m[1mScanning dependencies of target tutorial_interfaces__rosidl_typesupport_introspection_c[0m
[2.304s] [ 48%] [32mBuilding CXX object CMakeFiles/tutorial_interfaces__rosidl_typesupport_c.dir/rosidl_typesupport_c/tutorial_interfaces/srv/add_three_ints__type_support.cpp.o[0m
[2.329s] [ 48%] Built target tutorial_interfaces__rosidl_typesupport_cpp
[2.335s] [ 51%] [32mBuilding C object CMakeFiles/tutorial_interfaces__rosidl_typesupport_introspection_c.dir/rosidl_typesupport_introspection_c/tutorial_interfaces/msg/detail/num__type_support.c.o[0m
[2.355s] [ 53%] [32mBuilding C object CMakeFiles/tutorial_interfaces__rosidl_typesupport_introspection_c.dir/rosidl_typesupport_introspection_c/tutorial_interfaces/srv/detail/add_three_ints__type_support.c.o[0m
[2.389s] [ 56%] [32m[1mLinking CXX shared library libtutorial_interfaces__rosidl_typesupport_c.so[0m
[2.395s] [ 58%] [32m[1mLinking CXX shared library libtutorial_interfaces__rosidl_typesupport_introspection_cpp.so[0m
[2.428s] [ 61%] [32m[1mLinking C shared library libtutorial_interfaces__rosidl_typesupport_introspection_c.so[0m
[2.512s] [ 61%] Built target tutorial_interfaces__rosidl_typesupport_c
[2.520s] [ 61%] Built target tutorial_interfaces__rosidl_typesupport_introspection_c
[2.529s] [ 61%] Built target tutorial_interfaces__rosidl_typesupport_introspection_cpp
[2.922s] [ 64%] [32m[1mLinking CXX shared library libtutorial_interfaces__rosidl_typesupport_fastrtps_cpp.so[0m
[3.277s] [ 64%] Built target tutorial_interfaces__rosidl_typesupport_fastrtps_cpp
[3.342s] [ 66%] [34m[1mGenerating C type support for eProsima Fast-RTPS[0m
[4.147s] [35m[1mScanning dependencies of target tutorial_interfaces__rosidl_typesupport_fastrtps_c[0m
[4.168s] [ 69%] [32mBuilding CXX object CMakeFiles/tutorial_interfaces__rosidl_typesupport_fastrtps_c.dir/rosidl_typesupport_fastrtps_c/tutorial_interfaces/srv/detail/add_three_ints__type_support_c.cpp.o[0m
[4.192s] [ 71%] [32mBuilding CXX object CMakeFiles/tutorial_interfaces__rosidl_typesupport_fastrtps_c.dir/rosidl_typesupport_fastrtps_c/tutorial_interfaces/msg/detail/num__type_support_c.cpp.o[0m
[4.661s] [ 74%] [32m[1mLinking CXX shared library libtutorial_interfaces__rosidl_typesupport_fastrtps_c.so[0m
[4.780s] [ 74%] Built target tutorial_interfaces__rosidl_typesupport_fastrtps_c
[4.791s] [35m[1mScanning dependencies of target tutorial_interfaces[0m
[4.803s] [ 74%] Built target tutorial_interfaces
[4.817s] [35m[1mScanning dependencies of target tutorial_interfaces__py[0m
[4.832s] [ 76%] [34m[1mGenerating Python code for ROS interfaces[0m
[5.523s] [ 76%] Built target tutorial_interfaces__py
[5.535s] [35m[1mScanning dependencies of target tutorial_interfaces__python[0m
[5.574s] [ 79%] [32mBuilding C object CMakeFiles/tutorial_interfaces__python.dir/rosidl_generator_py/tutorial_interfaces/msg/_num_s.c.o[0m
[5.581s] [ 82%] [32mBuilding C object CMakeFiles/tutorial_interfaces__python.dir/rosidl_generator_py/tutorial_interfaces/srv/_add_three_ints_s.c.o[0m
[5.751s] [ 84%] [32m[1mLinking C shared library rosidl_generator_py/tutorial_interfaces/libtutorial_interfaces__python.so[0m
[5.807s] [ 84%] Built target tutorial_interfaces__python
[5.819s] [35m[1mScanning dependencies of target tutorial_interfaces__rosidl_typesupport_introspection_c__pyext[0m
[5.837s] [35m[1mScanning dependencies of target tutorial_interfaces__rosidl_typesupport_fastrtps_c__pyext[0m
[5.850s] [35m[1mScanning dependencies of target tutorial_interfaces__rosidl_typesupport_c__pyext[0m
[5.870s] [ 87%] [32mBuilding C object CMakeFiles/tutorial_interfaces__rosidl_typesupport_introspection_c__pyext.dir/rosidl_generator_py/tutorial_interfaces/_tutorial_interfaces_s.ep.rosidl_typesupport_introspection_c.c.o[0m
[5.901s] [ 89%] [32mBuilding C object CMakeFiles/tutorial_interfaces__rosidl_typesupport_fastrtps_c__pyext.dir/rosidl_generator_py/tutorial_interfaces/_tutorial_interfaces_s.ep.rosidl_typesupport_fastrtps_c.c.o[0m
[5.912s] [ 92%] [32mBuilding C object CMakeFiles/tutorial_interfaces__rosidl_typesupport_c__pyext.dir/rosidl_generator_py/tutorial_interfaces/_tutorial_interfaces_s.ep.rosidl_typesupport_c.c.o[0m
[6.059s] [ 94%] [32m[1mLinking C shared library rosidl_generator_py/tutorial_interfaces/tutorial_interfaces_s__rosidl_typesupport_introspection_c.cpython-38-x86_64-linux-gnu.so[0m
[6.122s] [ 97%] [32m[1mLinking CXX shared library rosidl_generator_py/tutorial_interfaces/tutorial_interfaces_s__rosidl_typesupport_fastrtps_c.cpython-38-x86_64-linux-gnu.so[0m
[6.175s] [ 97%] Built target tutorial_interfaces__rosidl_typesupport_introspection_c__pyext
[6.179s] [100%] [32m[1mLinking C shared library rosidl_generator_py/tutorial_interfaces/tutorial_interfaces_s__rosidl_typesupport_c.cpython-38-x86_64-linux-gnu.so[0m
[6.250s] [100%] Built target tutorial_interfaces__rosidl_typesupport_fastrtps_c__pyext
[6.293s] [100%] Built target tutorial_interfaces__rosidl_typesupport_c__pyext
[6.371s] Invoked command in '/home/noa/Documents/SLAM/ros2_ws/src/build/tutorial_interfaces' returned '0': CMAKE_PREFIX_PATH=${CMAKE_PREFIX_PATH}:/opt/ros/foxy PS1=\u@\h \[\033[32m\]\w\[\033[33m\]$(parse_git_branch)\[\033[00m\] $ /usr/bin/cmake --build /home/noa/Documents/SLAM/ros2_ws/src/build/tutorial_interfaces -- -j8 -l8
[6.760s] Invoking command in '/home/noa/Documents/SLAM/ros2_ws/src/build/tutorial_interfaces': CMAKE_PREFIX_PATH=${CMAKE_PREFIX_PATH}:/opt/ros/foxy PS1=\u@\h \[\033[32m\]\w\[\033[33m\]$(parse_git_branch)\[\033[00m\] $ /usr/bin/cmake --install /home/noa/Documents/SLAM/ros2_ws/src/build/tutorial_interfaces
[6.775s] -- Install configuration: ""
[6.777s] -- Execute custom install script
[6.777s] -- Symlinking: /home/noa/Documents/SLAM/ros2_ws/src/install/tutorial_interfaces/share/ament_index/resource_index/rosidl_interfaces/tutorial_interfaces
[6.793s] -- Symlinking: /home/noa/Documents/SLAM/ros2_ws/src/install/tutorial_interfaces/include/tutorial_interfaces/msg/detail/num__functions.h
[6.804s] -- Symlinking: /home/noa/Documents/SLAM/ros2_ws/src/install/tutorial_interfaces/include/tutorial_interfaces/msg/detail/num__struct.h
[6.815s] -- Symlinking: /home/noa/Documents/SLAM/ros2_ws/src/install/tutorial_interfaces/include/tutorial_interfaces/msg/detail/num__type_support.h
[6.825s] -- Symlinking: /home/noa/Documents/SLAM/ros2_ws/src/install/tutorial_interfaces/include/tutorial_interfaces/msg/num.h
[6.836s] -- Symlinking: /home/noa/Documents/SLAM/ros2_ws/src/install/tutorial_interfaces/include/tutorial_interfaces/msg/rosidl_generator_c__visibility_control.h
[6.846s] -- Symlinking: /home/noa/Documents/SLAM/ros2_ws/src/install/tutorial_interfaces/include/tutorial_interfaces/srv/add_three_ints.h
[6.856s] -- Symlinking: /home/noa/Documents/SLAM/ros2_ws/src/install/tutorial_interfaces/include/tutorial_interfaces/srv/detail/add_three_ints__functions.h
[6.866s] -- Symlinking: /home/noa/Documents/SLAM/ros2_ws/src/install/tutorial_interfaces/include/tutorial_interfaces/srv/detail/add_three_ints__struct.h
[6.879s] -- Symlinking: /home/noa/Documents/SLAM/ros2_ws/src/install/tutorial_interfaces/include/tutorial_interfaces/srv/detail/add_three_ints__type_support.h
[6.889s] -- Symlinking: /home/noa/Documents/SLAM/ros2_ws/src/install/tutorial_interfaces/share/tutorial_interfaces/environment/library_path.sh
[6.901s] -- Symlinking: /home/noa/Documents/SLAM/ros2_ws/src/install/tutorial_interfaces/share/tutorial_interfaces/environment/library_path.dsv
[6.913s] -- Symlinking: /home/noa/Documents/SLAM/ros2_ws/src/install/tutorial_interfaces/include/tutorial_interfaces/msg/detail/num__rosidl_typesupport_fastrtps_c.h
[6.924s] -- Symlinking: /home/noa/Documents/SLAM/ros2_ws/src/install/tutorial_interfaces/include/tutorial_interfaces/msg/rosidl_typesupport_fastrtps_c__visibility_control.h
[6.936s] -- Symlinking: /home/noa/Documents/SLAM/ros2_ws/src/install/tutorial_interfaces/include/tutorial_interfaces/srv/detail/add_three_ints__rosidl_typesupport_fastrtps_c.h
[6.949s] -- Symlinking: /home/noa/Documents/SLAM/ros2_ws/src/install/tutorial_interfaces/lib/libtutorial_interfaces__rosidl_typesupport_fastrtps_c.so
[6.961s] -- Symlinking: /home/noa/Documents/SLAM/ros2_ws/src/install/tutorial_interfaces/include/tutorial_interfaces/msg/detail/num__rosidl_typesupport_fastrtps_cpp.hpp
[6.974s] -- Symlinking: /home/noa/Documents/SLAM/ros2_ws/src/install/tutorial_interfaces/include/tutorial_interfaces/msg/rosidl_typesupport_fastrtps_cpp__visibility_control.h
[6.987s] -- Symlinking: /home/noa/Documents/SLAM/ros2_ws/src/install/tutorial_interfaces/include/tutorial_interfaces/srv/detail/add_three_ints__rosidl_typesupport_fastrtps_cpp.hpp
[6.998s] -- Symlinking: /home/noa/Documents/SLAM/ros2_ws/src/install/tutorial_interfaces/lib/libtutorial_interfaces__rosidl_typesupport_fastrtps_cpp.so
[7.009s] -- Symlinking: /home/noa/Documents/SLAM/ros2_ws/src/install/tutorial_interfaces/include/tutorial_interfaces/msg/detail/num__rosidl_typesupport_introspection_c.h
[7.019s] -- Symlinking: /home/noa/Documents/SLAM/ros2_ws/src/install/tutorial_interfaces/include/tutorial_interfaces/msg/rosidl_typesupport_introspection_c__visibility_control.h
[7.029s] -- Symlinking: /home/noa/Documents/SLAM/ros2_ws/src/install/tutorial_interfaces/include/tutorial_interfaces/srv/detail/add_three_ints__rosidl_typesupport_introspection_c.h
[7.040s] -- Symlinking: /home/noa/Documents/SLAM/ros2_ws/src/install/tutorial_interfaces/include/tutorial_interfaces/msg/detail/num__builder.hpp
[7.050s] -- Symlinking: /home/noa/Documents/SLAM/ros2_ws/src/install/tutorial_interfaces/include/tutorial_interfaces/msg/detail/num__struct.hpp
[7.062s] -- Symlinking: /home/noa/Documents/SLAM/ros2_ws/src/install/tutorial_interfaces/include/tutorial_interfaces/msg/detail/num__traits.hpp
[7.080s] -- Symlinking: /home/noa/Documents/SLAM/ros2_ws/src/install/tutorial_interfaces/include/tutorial_interfaces/msg/num.hpp
[7.087s] -- Symlinking: /home/noa/Documents/SLAM/ros2_ws/src/install/tutorial_interfaces/include/tutorial_interfaces/srv/add_three_ints.hpp
[7.098s] -- Symlinking: /home/noa/Documents/SLAM/ros2_ws/src/install/tutorial_interfaces/include/tutorial_interfaces/srv/detail/add_three_ints__builder.hpp
[7.110s] -- Symlinking: /home/noa/Documents/SLAM/ros2_ws/src/install/tutorial_interfaces/include/tutorial_interfaces/srv/detail/add_three_ints__struct.hpp
[7.121s] -- Symlinking: /home/noa/Documents/SLAM/ros2_ws/src/install/tutorial_interfaces/include/tutorial_interfaces/srv/detail/add_three_ints__traits.hpp
[7.133s] -- Symlinking: /home/noa/Documents/SLAM/ros2_ws/src/install/tutorial_interfaces/include/tutorial_interfaces/msg/detail/num__rosidl_typesupport_introspection_cpp.hpp
[7.143s] -- Symlinking: /home/noa/Documents/SLAM/ros2_ws/src/install/tutorial_interfaces/include/tutorial_interfaces/srv/detail/add_three_ints__rosidl_typesupport_introspection_cpp.hpp
[7.154s] -- Symlinking: /home/noa/Documents/SLAM/ros2_ws/src/install/tutorial_interfaces/share/tutorial_interfaces/environment/pythonpath.sh
[7.165s] -- Symlinking: /home/noa/Documents/SLAM/ros2_ws/src/install/tutorial_interfaces/share/tutorial_interfaces/environment/pythonpath.dsv
[7.180s] -- Symlinking: /home/noa/Documents/SLAM/ros2_ws/src/install/tutorial_interfaces/lib/python3.8/site-packages/tutorial_interfaces/__init__.py
[7.188s] -- Symlinking: /home/noa/Documents/SLAM/ros2_ws/src/install/tutorial_interfaces/lib/python3.8/site-packages/tutorial_interfaces/msg/__init__.py
[7.199s] -- Symlinking: /home/noa/Documents/SLAM/ros2_ws/src/install/tutorial_interfaces/lib/python3.8/site-packages/tutorial_interfaces/msg/_num.py
[7.210s] -- Symlinking: /home/noa/Documents/SLAM/ros2_ws/src/install/tutorial_interfaces/lib/python3.8/site-packages/tutorial_interfaces/srv/__init__.py
[7.221s] -- Symlinking: /home/noa/Documents/SLAM/ros2_ws/src/install/tutorial_interfaces/lib/python3.8/site-packages/tutorial_interfaces/srv/_add_three_ints.py
[7.231s] -- Symlinking: /home/noa/Documents/SLAM/ros2_ws/src/install/tutorial_interfaces/lib/python3.8/site-packages/tutorial_interfaces/tutorial_interfaces_s__rosidl_typesupport_fastrtps_c.cpython-38-x86_64-linux-gnu.so
[7.253s] -- Symlinking: /home/noa/Documents/SLAM/ros2_ws/src/install/tutorial_interfaces/lib/python3.8/site-packages/tutorial_interfaces/tutorial_interfaces_s__rosidl_typesupport_introspection_c.cpython-38-x86_64-linux-gnu.so
[7.255s] -- Symlinking: /home/noa/Documents/SLAM/ros2_ws/src/install/tutorial_interfaces/lib/python3.8/site-packages/tutorial_interfaces/tutorial_interfaces_s__rosidl_typesupport_c.cpython-38-x86_64-linux-gnu.so
[7.268s] -- Symlinking: /home/noa/Documents/SLAM/ros2_ws/src/install/tutorial_interfaces/lib/libtutorial_interfaces__python.so
[7.281s] -- Symlinking: /home/noa/Documents/SLAM/ros2_ws/src/install/tutorial_interfaces/share/tutorial_interfaces/msg/Num.idl
[7.305s] -- Symlinking: /home/noa/Documents/SLAM/ros2_ws/src/install/tutorial_interfaces/share/tutorial_interfaces/srv/AddThreeInts.idl
[7.316s] -- Symlinking: /home/noa/Documents/SLAM/ros2_ws/src/install/tutorial_interfaces/share/tutorial_interfaces/msg/Num.msg
[7.344s] -- Symlinking: /home/noa/Documents/SLAM/ros2_ws/src/install/tutorial_interfaces/share/tutorial_interfaces/srv/AddThreeInts.srv
[7.356s] -- Symlinking: /home/noa/Documents/SLAM/ros2_ws/src/install/tutorial_interfaces/share/tutorial_interfaces/srv/AddThreeInts_Request.msg
[7.367s] -- Symlinking: /home/noa/Documents/SLAM/ros2_ws/src/install/tutorial_interfaces/share/tutorial_interfaces/srv/AddThreeInts_Response.msg
[7.390s] -- Symlinking: /home/noa/Documents/SLAM/ros2_ws/src/install/tutorial_interfaces/share/ament_index/resource_index/package_run_dependencies/tutorial_interfaces
[7.410s] -- Symlinking: /home/noa/Documents/SLAM/ros2_ws/src/install/tutorial_interfaces/share/ament_index/resource_index/parent_prefix_path/tutorial_interfaces
[7.421s] -- Symlinking: /home/noa/Documents/SLAM/ros2_ws/src/install/tutorial_interfaces/share/tutorial_interfaces/environment/ament_prefix_path.sh
[7.432s] -- Symlinking: /home/noa/Documents/SLAM/ros2_ws/src/install/tutorial_interfaces/share/tutorial_interfaces/environment/ament_prefix_path.dsv
[7.444s] -- Symlinking: /home/noa/Documents/SLAM/ros2_ws/src/install/tutorial_interfaces/share/tutorial_interfaces/environment/path.sh
[7.456s] -- Symlinking: /home/noa/Documents/SLAM/ros2_ws/src/install/tutorial_interfaces/share/tutorial_interfaces/environment/path.dsv
[7.466s] -- Symlinking: /home/noa/Documents/SLAM/ros2_ws/src/install/tutorial_interfaces/share/tutorial_interfaces/local_setup.bash
[7.480s] -- Symlinking: /home/noa/Documents/SLAM/ros2_ws/src/install/tutorial_interfaces/share/tutorial_interfaces/local_setup.sh
[7.489s] -- Symlinking: /home/noa/Documents/SLAM/ros2_ws/src/install/tutorial_interfaces/share/tutorial_interfaces/local_setup.zsh
[7.499s] -- Symlinking: /home/noa/Documents/SLAM/ros2_ws/src/install/tutorial_interfaces/share/tutorial_interfaces/local_setup.dsv
[7.510s] -- Symlinking: /home/noa/Documents/SLAM/ros2_ws/src/install/tutorial_interfaces/share/tutorial_interfaces/package.dsv
[7.520s] -- Symlinking: /home/noa/Documents/SLAM/ros2_ws/src/install/tutorial_interfaces/share/ament_index/resource_index/packages/tutorial_interfaces
[7.531s] -- Symlinking: /home/noa/Documents/SLAM/ros2_ws/src/install/tutorial_interfaces/share/tutorial_interfaces/cmake/rosidl_cmake-extras.cmake
[7.541s] -- Symlinking: /home/noa/Documents/SLAM/ros2_ws/src/install/tutorial_interfaces/share/tutorial_interfaces/cmake/ament_cmake_export_dependencies-extras.cmake
[7.553s] -- Symlinking: /home/noa/Documents/SLAM/ros2_ws/src/install/tutorial_interfaces/share/tutorial_interfaces/cmake/ament_cmake_export_libraries-extras.cmake
[7.563s] -- Symlinking: /home/noa/Documents/SLAM/ros2_ws/src/install/tutorial_interfaces/share/tutorial_interfaces/cmake/ament_cmake_export_targets-extras.cmake
[7.580s] -- Symlinking: /home/noa/Documents/SLAM/ros2_ws/src/install/tutorial_interfaces/share/tutorial_interfaces/cmake/ament_cmake_export_include_directories-extras.cmake
[7.587s] -- Symlinking: /home/noa/Documents/SLAM/ros2_ws/src/install/tutorial_interfaces/share/tutorial_interfaces/cmake/rosidl_cmake_export_typesupport_libraries-extras.cmake
[7.596s] -- Symlinking: /home/noa/Documents/SLAM/ros2_ws/src/install/tutorial_interfaces/share/tutorial_interfaces/cmake/rosidl_cmake_export_typesupport_targets-extras.cmake
[7.607s] -- Symlinking: /home/noa/Documents/SLAM/ros2_ws/src/install/tutorial_interfaces/share/tutorial_interfaces/cmake/tutorial_interfacesConfig.cmake
[7.618s] -- Symlinking: /home/noa/Documents/SLAM/ros2_ws/src/install/tutorial_interfaces/share/tutorial_interfaces/cmake/tutorial_interfacesConfig-version.cmake
[7.628s] -- Symlinking: /home/noa/Documents/SLAM/ros2_ws/src/install/tutorial_interfaces/share/tutorial_interfaces/package.xml
[7.638s] -- Installing: /home/noa/Documents/SLAM/ros2_ws/src/install/tutorial_interfaces/lib/libtutorial_interfaces__rosidl_generator_c.so
[7.640s] -- Set runtime path of "/home/noa/Documents/SLAM/ros2_ws/src/install/tutorial_interfaces/lib/libtutorial_interfaces__rosidl_generator_c.so" to ""
[7.641s] -- Installing: /home/noa/Documents/SLAM/ros2_ws/src/install/tutorial_interfaces/lib/libtutorial_interfaces__rosidl_typesupport_introspection_c.so
[7.641s] -- Set runtime path of "/home/noa/Documents/SLAM/ros2_ws/src/install/tutorial_interfaces/lib/libtutorial_interfaces__rosidl_typesupport_introspection_c.so" to ""
[7.641s] -- Installing: /home/noa/Documents/SLAM/ros2_ws/src/install/tutorial_interfaces/lib/libtutorial_interfaces__rosidl_typesupport_c.so
[7.641s] -- Set runtime path of "/home/noa/Documents/SLAM/ros2_ws/src/install/tutorial_interfaces/lib/libtutorial_interfaces__rosidl_typesupport_c.so" to ""
[7.641s] -- Installing: /home/noa/Documents/SLAM/ros2_ws/src/install/tutorial_interfaces/lib/libtutorial_interfaces__rosidl_typesupport_introspection_cpp.so
[7.643s] -- Set runtime path of "/home/noa/Documents/SLAM/ros2_ws/src/install/tutorial_interfaces/lib/libtutorial_interfaces__rosidl_typesupport_introspection_cpp.so" to ""
[7.643s] -- Installing: /home/noa/Documents/SLAM/ros2_ws/src/install/tutorial_interfaces/lib/libtutorial_interfaces__rosidl_typesupport_cpp.so
[7.643s] -- Set runtime path of "/home/noa/Documents/SLAM/ros2_ws/src/install/tutorial_interfaces/lib/libtutorial_interfaces__rosidl_typesupport_cpp.so" to ""
[7.685s] Compiling '/home/noa/Documents/SLAM/ros2_ws/src/install/tutorial_interfaces/lib/python3.8/site-packages/tutorial_interfaces/__init__.py'...
[7.691s] -- Installing: /home/noa/Documents/SLAM/ros2_ws/src/install/tutorial_interfaces/share/tutorial_interfaces/cmake/tutorial_interfaces__rosidl_generator_cExport.cmake
[7.693s] -- Installing: /home/noa/Documents/SLAM/ros2_ws/src/install/tutorial_interfaces/share/tutorial_interfaces/cmake/tutorial_interfaces__rosidl_generator_cExport-noconfig.cmake
[7.693s] -- Installing: /home/noa/Documents/SLAM/ros2_ws/src/install/tutorial_interfaces/share/tutorial_interfaces/cmake/tutorial_interfaces__rosidl_typesupport_introspection_cExport.cmake
[7.693s] -- Installing: /home/noa/Documents/SLAM/ros2_ws/src/install/tutorial_interfaces/share/tutorial_interfaces/cmake/tutorial_interfaces__rosidl_typesupport_introspection_cExport-noconfig.cmake
[7.694s] -- Installing: /home/noa/Documents/SLAM/ros2_ws/src/install/tutorial_interfaces/share/tutorial_interfaces/cmake/tutorial_interfaces__rosidl_typesupport_cExport.cmake
[7.694s] -- Installing: /home/noa/Documents/SLAM/ros2_ws/src/install/tutorial_interfaces/share/tutorial_interfaces/cmake/tutorial_interfaces__rosidl_typesupport_cExport-noconfig.cmake
[7.694s] -- Installing: /home/noa/Documents/SLAM/ros2_ws/src/install/tutorial_interfaces/share/tutorial_interfaces/cmake/tutorial_interfaces__rosidl_generator_cppExport.cmake
[7.694s] -- Installing: /home/noa/Documents/SLAM/ros2_ws/src/install/tutorial_interfaces/share/tutorial_interfaces/cmake/tutorial_interfaces__rosidl_typesupport_introspection_cppExport.cmake
[7.694s] -- Installing: /home/noa/Documents/SLAM/ros2_ws/src/install/tutorial_interfaces/share/tutorial_interfaces/cmake/tutorial_interfaces__rosidl_typesupport_introspection_cppExport-noconfig.cmake
[7.695s] -- Installing: /home/noa/Documents/SLAM/ros2_ws/src/install/tutorial_interfaces/share/tutorial_interfaces/cmake/tutorial_interfaces__rosidl_typesupport_cppExport.cmake
[7.695s] -- Installing: /home/noa/Documents/SLAM/ros2_ws/src/install/tutorial_interfaces/share/tutorial_interfaces/cmake/tutorial_interfaces__rosidl_typesupport_cppExport-noconfig.cmake
[7.695s] Invoked command in '/home/noa/Documents/SLAM/ros2_ws/src/build/tutorial_interfaces' returned '0': CMAKE_PREFIX_PATH=${CMAKE_PREFIX_PATH}:/opt/ros/foxy PS1=\u@\h \[\033[32m\]\w\[\033[33m\]$(parse_git_branch)\[\033[00m\] $ /usr/bin/cmake --install /home/noa/Documents/SLAM/ros2_ws/src/build/tutorial_interfaces
