[0.023s] Invoking command in '/home/noa/Documents/SLAM/ros2_ws/build/lidar_listener': CMAKE_PREFIX_PATH=${CMAKE_PREFIX_PATH}:/opt/ros/foxy PS1=\u@\h \[\033[32m\]\w\[\033[33m\]$(parse_git_branch)\[\033[00m\] $ /usr/bin/cmake /home/noa/Documents/SLAM/ros2_ws/src/lidar_listener -DCMAKE_INSTALL_PREFIX=/home/noa/Documents/SLAM/ros2_ws/install/lidar_listener
[0.064s] -- The C compiler identification is GNU 9.4.0
[0.115s] -- The CXX compiler identification is GNU 9.4.0
[0.118s] -- Check for working C compiler: /usr/bin/cc
[0.171s] -- Check for working C compiler: /usr/bin/cc -- works
[0.172s] -- Detecting C compiler ABI info
[0.225s] -- Detecting C compiler ABI info - done
[0.234s] -- Detecting C compile features
[0.234s] -- Detecting C compile features - done
[0.236s] -- Check for working CXX compiler: /usr/bin/c++
[0.296s] -- Check for working CXX compiler: /usr/bin/c++ -- works
[0.297s] -- Detecting CXX compiler ABI info
[0.363s] -- Detecting CXX compiler ABI info - done
[0.380s] -- Detecting CXX compile features
[0.380s] -- Detecting CXX compile features - done
[0.383s] -- Found ament_cmake: 0.9.9 (/opt/ros/foxy/share/ament_cmake/cmake)
[0.405s] -- Found PythonInterp: /usr/bin/python3 (found suitable version "3.8.10", minimum required is "3") 
[0.405s] -- Using PYTHON_EXECUTABLE: /usr/bin/python3
[0.619s] CMake Error at CMakeLists.txt:23 (find_packae):
[0.619s]   Unknown CMake command "find_packae".
[0.619s] 
[0.619s] 
[0.619s] -- Configuring incomplete, errors occurred!
[0.619s] See also "/home/noa/Documents/SLAM/ros2_ws/build/lidar_listener/CMakeFiles/CMakeOutput.log".
[0.623s] Invoked command in '/home/noa/Documents/SLAM/ros2_ws/build/lidar_listener' returned '1': CMAKE_PREFIX_PATH=${CMAKE_PREFIX_PATH}:/opt/ros/foxy PS1=\u@\h \[\033[32m\]\w\[\033[33m\]$(parse_git_branch)\[\033[00m\] $ /usr/bin/cmake /home/noa/Documents/SLAM/ros2_ws/src/lidar_listener -DCMAKE_INSTALL_PREFIX=/home/noa/Documents/SLAM/ros2_ws/install/lidar_listener
