[0.016s] Invoking command in '/home/noa/Documents/SLAM/ros2_ws/build/sllidar_ros2': CMAKE_PREFIX_PATH=${CMAKE_PREFIX_PATH}:/opt/ros/foxy PS1=\u@\h \[\033[32m\]\w\[\033[33m\]$(parse_git_branch)\[\033[00m\] $ /usr/bin/cmake /home/noa/Documents/SLAM/ros2_ws/src/sllidar_ros2 -DCMAKE_INSTALL_PREFIX=/home/noa/Documents/SLAM/ros2_ws/install/sllidar_ros2
[0.060s] -- The C compiler identification is GNU 9.4.0
[0.115s] -- The CXX compiler identification is GNU 9.4.0
[0.120s] -- Check for working C compiler: /usr/bin/cc
[0.177s] -- Check for working C compiler: /usr/bin/cc -- works
[0.178s] -- Detecting C compiler ABI info
[0.233s] -- Detecting C compiler ABI info - done
[0.243s] -- Detecting C compile features
[0.243s] -- Detecting C compile features - done
[0.247s] -- Check for working CXX compiler: /usr/bin/c++
[0.325s] -- Check for working CXX compiler: /usr/bin/c++ -- works
[0.327s] -- Detecting CXX compiler ABI info
[0.398s] -- Detecting CXX compiler ABI info - done
[0.407s] -- Detecting CXX compile features
[0.408s] -- Detecting CXX compile features - done
[0.410s] -- Found ament_cmake: 0.9.9 (/opt/ros/foxy/share/ament_cmake/cmake)
[0.433s] -- Found PythonInterp: /usr/bin/python3 (found suitable version "3.8.10", minimum required is "3") 
[0.433s] -- Using PYTHON_EXECUTABLE: /usr/bin/python3
[0.615s] -- Found rclcpp: 2.4.1 (/opt/ros/foxy/share/rclcpp/cmake)
[0.650s] -- Using all available rosidl_typesupport_c: rosidl_typesupport_fastrtps_c;rosidl_typesupport_introspection_c
[0.655s] -- Found rosidl_adapter: 1.2.1 (/opt/ros/foxy/share/rosidl_adapter/cmake)
[0.712s] -- Found OpenSSL: /usr/lib/x86_64-linux-gnu/libcrypto.so (found version "1.1.1f")  
[0.744s] -- Found FastRTPS: /opt/ros/foxy/include  
[0.816s] -- Using all available rosidl_typesupport_cpp: rosidl_typesupport_fastrtps_cpp;rosidl_typesupport_introspection_cpp
[0.861s] -- Found rmw_implementation_cmake: 1.0.3 (/opt/ros/foxy/share/rmw_implementation_cmake/cmake)
[0.862s] -- Using RMW implementation 'rmw_fastrtps_cpp' as default
[0.863s] -- Looking for pthread.h
[0.916s] -- Looking for pthread.h - found
[0.916s] -- Performing Test CMAKE_HAVE_LIBC_PTHREAD
[0.974s] -- Performing Test CMAKE_HAVE_LIBC_PTHREAD - Failed
[0.974s] -- Looking for pthread_create in pthreads
[1.020s] -- Looking for pthread_create in pthreads - not found
[1.020s] -- Looking for pthread_create in pthread
[1.074s] -- Looking for pthread_create in pthread - found
[1.075s] -- Found Threads: TRUE  
[1.202s] -- Found sensor_msgs: 2.0.5 (/opt/ros/foxy/share/sensor_msgs/cmake)
[1.301s] -- Found std_srvs: 2.0.5 (/opt/ros/foxy/share/std_srvs/cmake)
[1.372s] -- Configuring done
[1.386s] -- Generating done
[1.387s] -- Build files have been written to: /home/noa/Documents/SLAM/ros2_ws/build/sllidar_ros2
[1.393s] Invoked command in '/home/noa/Documents/SLAM/ros2_ws/build/sllidar_ros2' returned '0': CMAKE_PREFIX_PATH=${CMAKE_PREFIX_PATH}:/opt/ros/foxy PS1=\u@\h \[\033[32m\]\w\[\033[33m\]$(parse_git_branch)\[\033[00m\] $ /usr/bin/cmake /home/noa/Documents/SLAM/ros2_ws/src/sllidar_ros2 -DCMAKE_INSTALL_PREFIX=/home/noa/Documents/SLAM/ros2_ws/install/sllidar_ros2
[1.394s] Invoking command in '/home/noa/Documents/SLAM/ros2_ws/build/sllidar_ros2': CMAKE_PREFIX_PATH=${CMAKE_PREFIX_PATH}:/opt/ros/foxy PS1=\u@\h \[\033[32m\]\w\[\033[33m\]$(parse_git_branch)\[\033[00m\] $ /usr/bin/cmake --build /home/noa/Documents/SLAM/ros2_ws/build/sllidar_ros2 -- -j8 -l8
[1.427s] [35m[1mScanning dependencies of target sllidar_node[0m
[1.429s] [35m[1mScanning dependencies of target sllidar_client[0m
[1.474s] [  7%] [32mBuilding CXX object CMakeFiles/sllidar_client.dir/src/sllidar_client.cpp.o[0m
[1.475s] [ 14%] [32mBuilding CXX object CMakeFiles/sllidar_node.dir/src/sllidar_node.cpp.o[0m
[1.478s] [ 21%] [32mBuilding CXX object CMakeFiles/sllidar_node.dir/sdk/src/arch/linux/net_serial.cpp.o[0m
[1.484s] [ 35%] [32mBuilding CXX object CMakeFiles/sllidar_node.dir/sdk/src/arch/linux/net_socket.cpp.o[0m
[1.485s] [ 35%] [32mBuilding CXX object CMakeFiles/sllidar_node.dir/sdk/src/arch/linux/timer.cpp.o[0m
[1.492s] [ 42%] [32mBuilding CXX object CMakeFiles/sllidar_node.dir/sdk/src/hal/thread.cpp.o[0m
[1.506s] [ 50%] [32mBuilding CXX object CMakeFiles/sllidar_node.dir/sdk/src/rplidar_driver.cpp.o[0m
[1.519s] [ 57%] [32mBuilding CXX object CMakeFiles/sllidar_node.dir/sdk/src/sl_crc.cpp.o[0m
[1.545s] In file included from [01m[K/home/noa/Documents/SLAM/ros2_ws/src/sllidar_ros2/./sdk/include/sl_lidar_cmd.h:36[m[K,
[1.545s]                  from [01m[K/home/noa/Documents/SLAM/ros2_ws/src/sllidar_ros2/./sdk/include/sl_crc.h:36[m[K,
[1.545s]                  from [01m[K/home/noa/Documents/SLAM/ros2_ws/src/sllidar_ros2/sdk/src/sl_crc.cpp:33[m[K:
[1.545s] [01m[K/home/noa/Documents/SLAM/ros2_ws/src/sllidar_ros2/./sdk/include/sl_lidar_protocol.h:58:16:[m[K [01;35m[Kwarning: [m[KISO C++ forbids zero-size array ‘[01m[Kdata[m[K’ [[01;35m[K-Wpedantic[m[K]
[1.545s]    58 |     sl_u8 data[[01;35m[K0[m[K];
[1.545s]       |                [01;35m[K^[m[K
[1.549s] In file included from [01m[K/home/noa/Documents/SLAM/ros2_ws/src/sllidar_ros2/./sdk/include/sl_crc.h:36[m[K,
[1.550s]                  from [01m[K/home/noa/Documents/SLAM/ros2_ws/src/sllidar_ros2/sdk/src/sl_crc.cpp:33[m[K:
[1.550s] [01m[K/home/noa/Documents/SLAM/ros2_ws/src/sllidar_ros2/./sdk/include/sl_lidar_cmd.h:295:20:[m[K [01;35m[Kwarning: [m[KISO C++ forbids zero-size array ‘[01m[Kpayload[m[K’ [[01;35m[K-Wpedantic[m[K]
[1.550s]   295 |     sl_u8  payload[[01;35m[K0[m[K];
[1.550s]       |                    [01;35m[K^[m[K
[1.550s] [01m[K/home/noa/Documents/SLAM/ros2_ws/src/sllidar_ros2/sdk/src/sl_crc.cpp:[m[K In function ‘[01m[Ksl_u32 sl::crc32::cal(sl_u32, void*, sl_u16)[m[K’:
[1.550s] [01m[K/home/noa/Documents/SLAM/ros2_ws/src/sllidar_ros2/sdk/src/sl_crc.cpp:77:29:[m[K [01;35m[Kwarning: [m[Ksuggest parentheses around ‘[01m[K-[m[K’ in operand of ‘[01m[K&[m[K’ [[01;35m[K-Wparentheses[m[K]
[1.550s]    77 |         sl_u8 leftBytes = [01;35m[K4 - len[m[K & 0x3;
[1.551s]       |                           [01;35m[K~~^~~~~[m[K
[1.568s] In file included from [01m[K/home/noa/Documents/SLAM/ros2_ws/src/sllidar_ros2/./sdk/src/sdkcommon.h:47[m[K,
[1.568s]                  from [01m[K/home/noa/Documents/SLAM/ros2_ws/src/sllidar_ros2/sdk/src/arch/linux/net_socket.cpp:10[m[K:
[1.568s] [01m[K/home/noa/Documents/SLAM/ros2_ws/src/sllidar_ros2/./sdk/src/hal/assert.h:1:1:[m[K [01;35m[Kwarning: [m[Knull character(s) ignored
[1.568s]     1 | [01;35m[K [m[K                                                                                                                                                                                                                                                                                                                        
[1.568s]       | [01;35m[K^[m[K
[1.627s] [ 64%] [32mBuilding CXX object CMakeFiles/sllidar_node.dir/sdk/src/sl_lidar_driver.cpp.o[0m
[1.635s] In file included from [01m[K/home/noa/Documents/SLAM/ros2_ws/src/sllidar_ros2/./sdk/src/sdkcommon.h:47[m[K,
[1.636s]                  from [01m[K/home/noa/Documents/SLAM/ros2_ws/src/sllidar_ros2/sdk/src/hal/thread.cpp:35[m[K:
[1.636s] [01m[K/home/noa/Documents/SLAM/ros2_ws/src/sllidar_ros2/./sdk/src/hal/assert.h:1:1:[m[K [01;35m[Kwarning: [m[Knull character(s) ignored
[1.636s]     1 | [01;35m[K [m[K                                                                                                                                                                                                                                                                                                                        
[1.636s]       | [01;35m[K^[m[K
[1.665s] In file included from [01m[K/home/noa/Documents/SLAM/ros2_ws/src/sllidar_ros2/sdk/src/sdkcommon.h:47[m[K,
[1.665s]                  from [01m[K/home/noa/Documents/SLAM/ros2_ws/src/sllidar_ros2/sdk/src/rplidar_driver.cpp:33[m[K:
[1.665s] [01m[K/home/noa/Documents/SLAM/ros2_ws/src/sllidar_ros2/sdk/src/hal/assert.h:1:1:[m[K [01;35m[Kwarning: [m[Knull character(s) ignored
[1.666s]     1 | [01;35m[K [m[K                                                                                                                                                                                                                                                                                                                        
[1.666s]       | [01;35m[K^[m[K
[1.676s] In file included from [01m[K/home/noa/Documents/SLAM/ros2_ws/src/sllidar_ros2/sdk/src/rplidar_driver.cpp:37[m[K:
[1.676s] [01m[K/home/noa/Documents/SLAM/ros2_ws/src/sllidar_ros2/sdk/src/hal/assert.h:1:1:[m[K [01;35m[Kwarning: [m[Knull character(s) ignored
[1.676s]     1 | [01;35m[K [m[K                                                                                                                                                                                                                                                                                                                        
[1.676s]       | [01;35m[K^[m[K
[1.757s] In file included from [01m[K/home/noa/Documents/SLAM/ros2_ws/src/sllidar_ros2/sdk/src/sdkcommon.h:47[m[K,
[1.757s]                  from [01m[K/home/noa/Documents/SLAM/ros2_ws/src/sllidar_ros2/sdk/src/sl_lidar_driver.cpp:33[m[K:
[1.757s] [01m[K/home/noa/Documents/SLAM/ros2_ws/src/sllidar_ros2/sdk/src/hal/assert.h:1:1:[m[K [01;35m[Kwarning: [m[Knull character(s) ignored
[1.757s]     1 | [01;35m[K [m[K                                                                                                                                                                                                                                                                                                                        
[1.758s]       | [01;35m[K^[m[K
[1.796s] In file included from [01m[K/home/noa/Documents/SLAM/ros2_ws/src/sllidar_ros2/sdk/src/sl_lidar_driver.cpp:37[m[K:
[1.796s] [01m[K/home/noa/Documents/SLAM/ros2_ws/src/sllidar_ros2/sdk/src/hal/assert.h:1:1:[m[K [01;35m[Kwarning: [m[Knull character(s) ignored
[1.796s]     1 | [01;35m[K [m[K                                                                                                                                                                                                                                                                                                                        
[1.796s]       | [01;35m[K^[m[K
[1.982s] [ 71%] [32mBuilding CXX object CMakeFiles/sllidar_node.dir/sdk/src/sl_serial_channel.cpp.o[0m
[1.993s] [01m[K/home/noa/Documents/SLAM/ros2_ws/src/sllidar_ros2/sdk/src/arch/linux/net_serial.cpp:[m[K In member function ‘[01m[Kbool rp::arch::net::raw_serial::open(const char*, uint32_t, uint32_t)[m[K’:
[1.993s] [01m[K/home/noa/Documents/SLAM/ros2_ws/src/sllidar_ros2/sdk/src/arch/linux/net_serial.cpp:97:74:[m[K [01;35m[Kwarning: [m[Kunused parameter ‘[01m[Kflags[m[K’ [[01;35m[K-Wunused-parameter[m[K]
[1.994s]    97 | bool raw_serial::open(const char * portname, uint32_t baudrate, [01;35m[Kuint32_t flags[m[K)
[1.994s]       |                                                                 [01;35m[K~~~~~~~~~^~~~~[m[K
[1.994s] [01m[K/home/noa/Documents/SLAM/ros2_ws/src/sllidar_ros2/sdk/src/arch/linux/net_serial.cpp:[m[K In member function ‘[01m[Kvirtual void rp::arch::net::raw_serial::flush(_u32)[m[K’:
[1.994s] [01m[K/home/noa/Documents/SLAM/ros2_ws/src/sllidar_ros2/sdk/src/arch/linux/net_serial.cpp:281:30:[m[K [01;35m[Kwarning: [m[Kunused parameter ‘[01m[Kflags[m[K’ [[01;35m[K-Wunused-parameter[m[K]
[1.995s]   281 | void raw_serial::flush( [01;35m[K_u32 flags[m[K)
[1.995s]       |                         [01;35m[K~~~~~^~~~~[m[K
[1.995s] [01m[K/home/noa/Documents/SLAM/ros2_ws/src/sllidar_ros2/sdk/src/arch/linux/net_serial.cpp:[m[K In member function ‘[01m[Kvirtual int rp::arch::net::raw_serial::waitforsent(_u32, size_t*)[m[K’:
[1.995s] [01m[K/home/noa/Documents/SLAM/ros2_ws/src/sllidar_ros2/sdk/src/arch/linux/net_serial.cpp:286:34:[m[K [01;35m[Kwarning: [m[Kunused parameter ‘[01m[Ktimeout[m[K’ [[01;35m[K-Wunused-parameter[m[K]
[1.995s]   286 | int raw_serial::waitforsent([01;35m[K_u32 timeout[m[K, size_t * returned_size)
[1.996s]       |                             [01;35m[K~~~~~^~~~~~~[m[K
[1.996s] [01m[K/home/noa/Documents/SLAM/ros2_ws/src/sllidar_ros2/sdk/src/arch/linux/net_serial.cpp:[m[K In member function ‘[01m[Kvirtual int rp::arch::net::raw_serial::waitforrecv(_u32, size_t*)[m[K’:
[1.996s] [01m[K/home/noa/Documents/SLAM/ros2_ws/src/sllidar_ros2/sdk/src/arch/linux/net_serial.cpp:292:34:[m[K [01;35m[Kwarning: [m[Kunused parameter ‘[01m[Ktimeout[m[K’ [[01;35m[K-Wunused-parameter[m[K]
[1.996s]   292 | int raw_serial::waitforrecv([01;35m[K_u32 timeout[m[K, size_t * returned_size)
[1.996s]       |                             [01;35m[K~~~~~^~~~~~~[m[K
[2.033s] [01m[K/home/noa/Documents/SLAM/ros2_ws/src/sllidar_ros2/sdk/src/sl_serial_channel.cpp:33:9:[m[K [01;35m[Kwarning: [m[K#pragma once in main file
[2.033s]    33 | #pragma [01;35m[Konce[m[K
[2.033s]       |         [01;35m[K^~~~[m[K
[2.061s] In file included from [01m[K/home/noa/Documents/SLAM/ros2_ws/src/sllidar_ros2/./sdk/include/rplidar_protocol.h:36[m[K,
[2.062s]                  from [01m[K/home/noa/Documents/SLAM/ros2_ws/src/sllidar_ros2/./sdk/include/rplidar.h:39[m[K,
[2.062s]                  from [01m[K/home/noa/Documents/SLAM/ros2_ws/src/sllidar_ros2/./sdk/src/sdkcommon.h:49[m[K,
[2.062s]                  from [01m[K/home/noa/Documents/SLAM/ros2_ws/src/sllidar_ros2/sdk/src/hal/thread.cpp:35[m[K:
[2.062s] [01m[K/home/noa/Documents/SLAM/ros2_ws/src/sllidar_ros2/./sdk/include/sl_lidar_protocol.h:58:16:[m[K [01;35m[Kwarning: [m[KISO C++ forbids zero-size array ‘[01m[Kdata[m[K’ [[01;35m[K-Wpedantic[m[K]
[2.062s]    58 |     sl_u8 data[[01;35m[K0[m[K];
[2.063s]       |                [01;35m[K^[m[K
[2.064s] In file included from [01m[K/home/noa/Documents/SLAM/ros2_ws/src/sllidar_ros2/./sdk/include/rplidar_cmd.h:36[m[K,
[2.064s]                  from [01m[K/home/noa/Documents/SLAM/ros2_ws/src/sllidar_ros2/./sdk/include/rplidar.h:40[m[K,
[2.064s]                  from [01m[K/home/noa/Documents/SLAM/ros2_ws/src/sllidar_ros2/./sdk/src/sdkcommon.h:49[m[K,
[2.064s]                  from [01m[K/home/noa/Documents/SLAM/ros2_ws/src/sllidar_ros2/sdk/src/hal/thread.cpp:35[m[K:
[2.065s] [01m[K/home/noa/Documents/SLAM/ros2_ws/src/sllidar_ros2/./sdk/include/sl_lidar_cmd.h:295:20:[m[K [01;35m[Kwarning: [m[KISO C++ forbids zero-size array ‘[01m[Kpayload[m[K’ [[01;35m[K-Wpedantic[m[K]
[2.065s]   295 |     sl_u8  payload[[01;35m[K0[m[K];
[2.065s]       |                    [01;35m[K^[m[K
[2.090s] In file included from [01m[K/home/noa/Documents/SLAM/ros2_ws/src/sllidar_ros2/./sdk/include/rplidar_protocol.h:36[m[K,
[2.090s]                  from [01m[K/home/noa/Documents/SLAM/ros2_ws/src/sllidar_ros2/./sdk/include/rplidar.h:39[m[K,
[2.091s]                  from [01m[K/home/noa/Documents/SLAM/ros2_ws/src/sllidar_ros2/./sdk/src/sdkcommon.h:49[m[K,
[2.091s]                  from [01m[K/home/noa/Documents/SLAM/ros2_ws/src/sllidar_ros2/sdk/src/arch/linux/net_socket.cpp:10[m[K:
[2.091s] [01m[K/home/noa/Documents/SLAM/ros2_ws/src/sllidar_ros2/./sdk/include/sl_lidar_protocol.h:58:16:[m[K [01;35m[Kwarning: [m[KISO C++ forbids zero-size array ‘[01m[Kdata[m[K’ [[01;35m[K-Wpedantic[m[K]
[2.091s]    58 |     sl_u8 data[[01;35m[K0[m[K];
[2.091s]       |                [01;35m[K^[m[K
[2.092s] In file included from [01m[K/home/noa/Documents/SLAM/ros2_ws/src/sllidar_ros2/./sdk/include/rplidar_cmd.h:36[m[K,
[2.092s]                  from [01m[K/home/noa/Documents/SLAM/ros2_ws/src/sllidar_ros2/./sdk/include/rplidar.h:40[m[K,
[2.092s]                  from [01m[K/home/noa/Documents/SLAM/ros2_ws/src/sllidar_ros2/./sdk/src/sdkcommon.h:49[m[K,
[2.092s]                  from [01m[K/home/noa/Documents/SLAM/ros2_ws/src/sllidar_ros2/sdk/src/arch/linux/net_socket.cpp:10[m[K:
[2.092s] [01m[K/home/noa/Documents/SLAM/ros2_ws/src/sllidar_ros2/./sdk/include/sl_lidar_cmd.h:295:20:[m[K [01;35m[Kwarning: [m[KISO C++ forbids zero-size array ‘[01m[Kpayload[m[K’ [[01;35m[K-Wpedantic[m[K]
[2.093s]   295 |     sl_u8  payload[[01;35m[K0[m[K];
[2.093s]       |                    [01;35m[K^[m[K
[2.117s] In file included from [01m[K/home/noa/Documents/SLAM/ros2_ws/src/sllidar_ros2/./sdk/include/rplidar_protocol.h:36[m[K,
[2.117s]                  from [01m[K/home/noa/Documents/SLAM/ros2_ws/src/sllidar_ros2/./sdk/include/rplidar.h:39[m[K,
[2.118s]                  from [01m[K/home/noa/Documents/SLAM/ros2_ws/src/sllidar_ros2/sdk/src/sdkcommon.h:49[m[K,
[2.118s]                  from [01m[K/home/noa/Documents/SLAM/ros2_ws/src/sllidar_ros2/sdk/src/sl_lidar_driver.cpp:33[m[K:
[2.118s] [01m[K/home/noa/Documents/SLAM/ros2_ws/src/sllidar_ros2/./sdk/include/sl_lidar_protocol.h:58:16:[m[K [01;35m[Kwarning: [m[KISO C++ forbids zero-size array ‘[01m[Kdata[m[K’ [[01;35m[K-Wpedantic[m[K]
[2.118s]    58 |     sl_u8 data[[01;35m[K0[m[K];
[2.118s]       |                [01;35m[K^[m[K
[2.119s] In file included from [01m[K/home/noa/Documents/SLAM/ros2_ws/src/sllidar_ros2/./sdk/include/rplidar_cmd.h:36[m[K,
[2.119s]                  from [01m[K/home/noa/Documents/SLAM/ros2_ws/src/sllidar_ros2/./sdk/include/rplidar.h:40[m[K,
[2.119s]                  from [01m[K/home/noa/Documents/SLAM/ros2_ws/src/sllidar_ros2/sdk/src/sdkcommon.h:49[m[K,
[2.120s]                  from [01m[K/home/noa/Documents/SLAM/ros2_ws/src/sllidar_ros2/sdk/src/sl_lidar_driver.cpp:33[m[K:
[2.120s] [01m[K/home/noa/Documents/SLAM/ros2_ws/src/sllidar_ros2/./sdk/include/sl_lidar_cmd.h:295:20:[m[K [01;35m[Kwarning: [m[KISO C++ forbids zero-size array ‘[01m[Kpayload[m[K’ [[01;35m[K-Wpedantic[m[K]
[2.120s]   295 |     sl_u8  payload[[01;35m[K0[m[K];
[2.120s]       |                    [01;35m[K^[m[K
[2.128s] In file included from [01m[K/home/noa/Documents/SLAM/ros2_ws/src/sllidar_ros2/sdk/src/hal/thread.cpp:43[m[K:
[2.131s] [01m[K/home/noa/Documents/SLAM/ros2_ws/src/sllidar_ros2/./sdk/src/arch/linux/thread.hpp:[m[K In static member function ‘[01m[Kstatic rp::hal::Thread rp::hal::Thread::create(thread_proc_t, void*)[m[K’:
[2.134s] [01m[K/home/noa/Documents/SLAM/ros2_ws/src/sllidar_ros2/./sdk/src/arch/linux/thread.hpp:48:77:[m[K [01;35m[Kwarning: [m[Kcast between incompatible function types from ‘[01m[Kthread_proc_t[m[K’ {aka ‘[01m[Klong unsigned int (*)(void*)[m[K’} to ‘[01m[Kvoid* (*)(void*)[m[K’ [[01;35m[K-Wcast-function-type[m[K]
[2.135s]    48 |     pthread_create((pthread_t *)&newborn._handle, NULL, (void * (*)(void *))[01;35m[Kproc[m[K, data);
[2.136s]       |                                                                             [01;35m[K^~~~[m[K
[2.136s] [01m[K/home/noa/Documents/SLAM/ros2_ws/src/sllidar_ros2/./sdk/src/arch/linux/thread.hpp:[m[K In member function ‘[01m[Ku_result rp::hal::Thread::join(long unsigned int)[m[K’:
[2.136s] [01m[K/home/noa/Documents/SLAM/ros2_ws/src/sllidar_ros2/./sdk/src/arch/linux/thread.hpp:129:37:[m[K [01;35m[Kwarning: [m[Kunused parameter ‘[01m[Ktimeout[m[K’ [[01;35m[K-Wunused-parameter[m[K]
[2.136s]   129 | u_result Thread::join([01;35m[Kunsigned long timeout[m[K)
[2.136s]       |                       [01;35m[K~~~~~~~~~~~~~~^~~~~~~[m[K
[2.143s] In file included from [01m[K/home/noa/Documents/SLAM/ros2_ws/src/sllidar_ros2/./sdk/include/rplidar_protocol.h:36[m[K,
[2.143s]                  from [01m[K/home/noa/Documents/SLAM/ros2_ws/src/sllidar_ros2/./sdk/include/rplidar.h:39[m[K,
[2.143s]                  from [01m[K/home/noa/Documents/SLAM/ros2_ws/src/sllidar_ros2/sdk/src/sdkcommon.h:49[m[K,
[2.144s]                  from [01m[K/home/noa/Documents/SLAM/ros2_ws/src/sllidar_ros2/sdk/src/rplidar_driver.cpp:33[m[K:
[2.144s] [01m[K/home/noa/Documents/SLAM/ros2_ws/src/sllidar_ros2/./sdk/include/sl_lidar_protocol.h:58:16:[m[K [01;35m[Kwarning: [m[KISO C++ forbids zero-size array ‘[01m[Kdata[m[K’ [[01;35m[K-Wpedantic[m[K]
[2.144s]    58 |     sl_u8 data[[01;35m[K0[m[K];
[2.144s]       |                [01;35m[K^[m[K
[2.158s] In file included from [01m[K/home/noa/Documents/SLAM/ros2_ws/src/sllidar_ros2/./sdk/include/rplidar_cmd.h:36[m[K,
[2.158s]                  from [01m[K/home/noa/Documents/SLAM/ros2_ws/src/sllidar_ros2/./sdk/include/rplidar.h:40[m[K,
[2.159s]                  from [01m[K/home/noa/Documents/SLAM/ros2_ws/src/sllidar_ros2/sdk/src/sdkcommon.h:49[m[K,
[2.159s]                  from [01m[K/home/noa/Documents/SLAM/ros2_ws/src/sllidar_ros2/sdk/src/rplidar_driver.cpp:33[m[K:
[2.159s] [01m[K/home/noa/Documents/SLAM/ros2_ws/src/sllidar_ros2/./sdk/include/sl_lidar_cmd.h:295:20:[m[K [01;35m[Kwarning: [m[KISO C++ forbids zero-size array ‘[01m[Kpayload[m[K’ [[01;35m[K-Wpedantic[m[K]
[2.159s]   295 |     sl_u8  payload[[01;35m[K0[m[K];
[2.159s]       |                    [01;35m[K^[m[K
[2.179s] [01m[K/home/noa/Documents/SLAM/ros2_ws/src/sllidar_ros2/sdk/src/arch/linux/net_socket.cpp:[m[K In member function ‘[01m[Kvirtual u_result rp::net::SocketAddress::getAddressAsString(char*, size_t) const[m[K’:
[2.179s] [01m[K/home/noa/Documents/SLAM/ros2_ws/src/sllidar_ros2/sdk/src/arch/linux/net_socket.cpp:170:17:[m[K [01;35m[Kwarning: [m[Kordered comparison of pointer with integer zero [[01;35m[K-Wextra[m[K]
[2.179s]   170 |     return ans<=[01;35m[K0[m[K?RESULT_OPERATION_FAIL:RESULT_OK;
[2.179s]       |                 [01;35m[K^[m[K
[2.179s] [ 78%] [32mBuilding CXX object CMakeFiles/sllidar_node.dir/sdk/src/sl_tcp_channel.cpp.o[0m
[2.202s] [01m[K/home/noa/Documents/SLAM/ros2_ws/src/sllidar_ros2/sdk/src/arch/linux/net_socket.cpp:[m[K In member function ‘[01m[Kvirtual u_result rp::arch::net::StreamSocketImpl::send(const void*, size_t)[m[K’:
[2.202s] [01m[K/home/noa/Documents/SLAM/ros2_ws/src/sllidar_ros2/sdk/src/arch/linux/net_socket.cpp:438:17:[m[K [01;35m[Kwarning: [m[Kcomparison of integer expressions of different signedness: ‘[01m[Ksize_t[m[K’ {aka ‘[01m[Klong unsigned int[m[K’} and ‘[01m[Kint[m[K’ [[01;35m[K-Wsign-compare[m[K]
[2.202s]   438 |         if ([01;35m[Kans == (int)len[m[K) {
[2.202s]       |             [01;35m[K~~~~^~~~~~~~~~~[m[K
[2.206s] In file included from [01m[K/home/noa/Documents/SLAM/ros2_ws/src/sllidar_ros2/./sdk/src/arch/linux/arch_linux.h:42[m[K,
[2.206s]                  from [01m[K/home/noa/Documents/SLAM/ros2_ws/src/sllidar_ros2/./sdk/src/sdkcommon.h:41[m[K,
[2.206s]                  from [01m[K/home/noa/Documents/SLAM/ros2_ws/src/sllidar_ros2/sdk/src/arch/linux/net_socket.cpp:10[m[K:
[2.206s] [01m[K/home/noa/Documents/SLAM/ros2_ws/src/sllidar_ros2/sdk/src/arch/linux/net_socket.cpp:[m[K In member function ‘[01m[Kvirtual u_result rp::arch::net::DGramSocketImpl::sendTo(const rp::net::SocketAddress&, const void*, size_t)[m[K’:
[2.206s] [01m[K/home/noa/Documents/SLAM/ros2_ws/src/sllidar_ros2/sdk/src/arch/linux/net_socket.cpp:726:24:[m[K [01;35m[Kwarning: [m[Kcomparison of integer expressions of different signedness: ‘[01m[Ksize_t[m[K’ {aka ‘[01m[Klong unsigned int[m[K’} and ‘[01m[Kint[m[K’ [[01;35m[K-Wsign-compare[m[K]
[2.206s]   726 |             assert([01;35m[Kans == (int)len[m[K);
[2.207s]       |                    [01;35m[K~~~~^~~~~~~~~~~[m[K
[2.222s] [01m[K/home/noa/Documents/SLAM/ros2_ws/src/sllidar_ros2/sdk/src/sl_tcp_channel.cpp:33:9:[m[K [01;35m[Kwarning: [m[K#pragma once in main file
[2.222s]    33 | #pragma [01;35m[Konce[m[K
[2.222s]       |         [01;35m[K^~~~[m[K
[2.245s] [01m[K/home/noa/Documents/SLAM/ros2_ws/src/sllidar_ros2/sdk/src/sl_lidar_driver.cpp:[m[K In member function ‘[01m[Kvirtual sl_result sl::SlamtecLidarDriver::reset(sl_u32)[m[K’:
[2.246s] [01m[K/home/noa/Documents/SLAM/ros2_ws/src/sllidar_ros2/sdk/src/sl_lidar_driver.cpp:273:32:[m[K [01;35m[Kwarning: [m[Kunused parameter ‘[01m[KtimeoutInMs[m[K’ [[01;35m[K-Wunused-parameter[m[K]
[2.246s]   273 |         sl_result reset([01;35m[Ksl_u32 timeoutInMs = DEFAULT_TIMEOUT[m[K)
[2.246s]       |                         [01;35m[K~~~~~~~^~~~~~~~~~~~~~~~~~~~~~~~~~~~~[m[K
[2.249s] [01m[K/home/noa/Documents/SLAM/ros2_ws/src/sllidar_ros2/sdk/src/sl_lidar_driver.cpp:[m[K In member function ‘[01m[Kvirtual sl_result sl::SlamtecLidarDriver::getAllSupportedScanModes(std::vector<sl::LidarScanMode>&, sl_u32)[m[K’:
[2.249s] [01m[K/home/noa/Documents/SLAM/ros2_ws/src/sllidar_ros2/sdk/src/sl_lidar_driver.cpp:286:89:[m[K [01;35m[Kwarning: [m[Kunused parameter ‘[01m[KtimeoutInMs[m[K’ [[01;35m[K-Wunused-parameter[m[K]
[2.249s]   286 |         sl_result getAllSupportedScanModes(std::vector<LidarScanMode>& outModes, [01;35m[Ksl_u32 timeoutInMs = DEFAULT_TIMEOUT[m[K)
[2.249s]       |                                                                                  [01;35m[K~~~~~~~^~~~~~~~~~~~~~~~~~~~~~~~~~~~~[m[K
[2.250s] [01m[K/home/noa/Documents/SLAM/ros2_ws/src/sllidar_ros2/sdk/src/sl_lidar_driver.cpp:[m[K In member function ‘[01m[Kvirtual sl_result sl::SlamtecLidarDriver::startScan(bool, bool, sl_u32, sl::LidarScanMode*)[m[K’:
[2.250s] [01m[K/home/noa/Documents/SLAM/ros2_ws/src/sllidar_ros2/sdk/src/sl_lidar_driver.cpp:347:69:[m[K [01;35m[Kwarning: [m[Kunused parameter ‘[01m[Koptions[m[K’ [[01;35m[K-Wunused-parameter[m[K]
[2.250s]   347 |         sl_result startScan(bool force, bool useTypicalScan, [01;35m[Ksl_u32 options = 0[m[K, LidarScanMode* outUsedScanMode = nullptr)
[2.250s]       |                                                              [01;35m[K~~~~~~~^~~~~~~~~~~[m[K
[2.264s] [01m[K/home/noa/Documents/SLAM/ros2_ws/src/sllidar_ros2/sdk/src/sl_lidar_driver.cpp:[m[K In member function ‘[01m[Kvirtual sl_result sl::SlamtecLidarDriver::stop(sl_u32)[m[K’:
[2.264s] [01m[K/home/noa/Documents/SLAM/ros2_ws/src/sllidar_ros2/sdk/src/sl_lidar_driver.cpp:534:31:[m[K [01;35m[Kwarning: [m[Kunused parameter ‘[01m[Ktimeout[m[K’ [[01;35m[K-Wunused-parameter[m[K]
[2.264s]   534 |         sl_result stop([01;35m[Ksl_u32 timeout = DEFAULT_TIMEOUT[m[K)
[2.264s]       |                        [01;35m[K~~~~~~~^~~~~~~~~~~~~~~~~~~~~~~~~[m[K
[2.264s] [01m[K/home/noa/Documents/SLAM/ros2_ws/src/sllidar_ros2/sdk/src/sl_lidar_driver.cpp:[m[K In member function ‘[01m[Kvirtual sl_result sl::SlamtecLidarDriver::getDeviceInfo(sl_lidar_response_device_info_t&, sl_u32)[m[K’:
[2.264s] [01m[K/home/noa/Documents/SLAM/ros2_ws/src/sllidar_ros2/sdk/src/sl_lidar_driver.cpp:579:79:[m[K [01;35m[Kwarning: [m[Kunused parameter ‘[01m[Ktimeout[m[K’ [[01;35m[K-Wunused-parameter[m[K]
[2.265s]   579 |         sl_result getDeviceInfo(sl_lidar_response_device_info_t& info, [01;35m[Ksl_u32 timeout = DEFAULT_TIMEOUT[m[K)
[2.265s]       |                                                                        [01;35m[K~~~~~~~^~~~~~~~~~~~~~~~~~~~~~~~~[m[K
[2.265s] [01m[K/home/noa/Documents/SLAM/ros2_ws/src/sllidar_ros2/sdk/src/sl_lidar_driver.cpp:[m[K In member function ‘[01m[Kvirtual sl_result sl::SlamtecLidarDriver::checkMotorCtrlSupport(sl::MotorCtrlSupport&, sl_u32)[m[K’:
[2.265s] [01m[K/home/noa/Documents/SLAM/ros2_ws/src/sllidar_ros2/sdk/src/sl_lidar_driver.cpp:592:76:[m[K [01;35m[Kwarning: [m[Kunused parameter ‘[01m[Ktimeout[m[K’ [[01;35m[K-Wunused-parameter[m[K]
[2.265s]   592 |         sl_result checkMotorCtrlSupport(MotorCtrlSupport & support, [01;35m[Ksl_u32 timeout = DEFAULT_TIMEOUT[m[K)
[2.265s]       |                                                                     [01;35m[K~~~~~~~^~~~~~~~~~~~~~~~~~~~~~~~~[m[K
[2.265s] [01m[K/home/noa/Documents/SLAM/ros2_ws/src/sllidar_ros2/sdk/src/sl_lidar_driver.cpp:[m[K In member function ‘[01m[Kvirtual sl_result sl::SlamtecLidarDriver::getFrequency(const sl::LidarScanMode&, const sl_lidar_response_measurement_node_hq_t*, size_t, float&)[m[K’:
[2.266s] [01m[K/home/noa/Documents/SLAM/ros2_ws/src/sllidar_ros2/sdk/src/sl_lidar_driver.cpp:627:110:[m[K [01;35m[Kwarning: [m[Kunused parameter ‘[01m[Knodes[m[K’ [[01;35m[K-Wunused-parameter[m[K]
[2.266s]   627 |         sl_result getFrequency(const LidarScanMode& scanMode, [01;35m[Kconst sl_lidar_response_measurement_node_hq_t* nodes[m[K, size_t count, float& frequency)
[2.266s]       |                                                               [01;35m[K~~~~~~~~~~~~~~~~~~~~~~~~~~~~~~~~~~~~~~~~~~~~~~~^~~~~[m[K
[2.266s] [01m[K/home/noa/Documents/SLAM/ros2_ws/src/sllidar_ros2/sdk/src/sl_lidar_driver.cpp:[m[K In member function ‘[01m[Kvirtual sl_result sl::SlamtecLidarDriver::getHealth(sl_lidar_response_device_health_t&, sl_u32)[m[K’:
[2.266s] [01m[K/home/noa/Documents/SLAM/ros2_ws/src/sllidar_ros2/sdk/src/sl_lidar_driver.cpp:640:79:[m[K [01;35m[Kwarning: [m[Kunused parameter ‘[01m[Ktimeout[m[K’ [[01;35m[K-Wunused-parameter[m[K]
[2.266s]   640 |         sl_result getHealth(sl_lidar_response_device_health_t& health, [01;35m[Ksl_u32 timeout = DEFAULT_TIMEOUT[m[K)
[2.266s]       |                                                                        [01;35m[K~~~~~~~^~~~~~~~~~~~~~~~~~~~~~~~~[m[K
[2.267s] [01m[K/home/noa/Documents/SLAM/ros2_ws/src/sllidar_ros2/sdk/src/sl_lidar_driver.cpp:[m[K In member function ‘[01m[Kvirtual sl_result sl::SlamtecLidarDriver::getMotorInfo(sl::LidarMotorInfo&, sl_u32)[m[K’:
[2.267s] [01m[K/home/noa/Documents/SLAM/ros2_ws/src/sllidar_ros2/sdk/src/sl_lidar_driver.cpp:730:66:[m[K [01;35m[Kwarning: [m[Kunused parameter ‘[01m[KtimeoutInMs[m[K’ [[01;35m[K-Wunused-parameter[m[K]
[2.267s]   730 |         sl_result getMotorInfo(LidarMotorInfo &motorInfo, [01;35m[Ksl_u32 timeoutInMs[m[K)
[2.268s]       |                                                           [01;35m[K~~~~~~~^~~~~~~~~~~[m[K
[2.276s] [01m[K/home/noa/Documents/SLAM/ros2_ws/src/sllidar_ros2/sdk/src/arch/linux/net_socket.cpp:722:47:[m[K [01;35m[Kwarning: [m[Knonnull argument ‘[01m[Ktarget[m[K’ compared to NULL [[01;35m[K-Wnonnull-compare[m[K]
[2.276s]   722 |         const struct sockaddr* addr = &target [01;35m[K?[m[K reinterpret_cast<const struct sockaddr*>(target.getPlatformData()) : NULL;
[2.276s]       |                                               [01;35m[K^[m[K
[2.288s] [01m[K/home/noa/Documents/SLAM/ros2_ws/src/sllidar_ros2/sdk/src/rplidar_driver.cpp:[m[K In member function ‘[01m[Ku_result rp::standalone::rplidar::RPlidarDriver::connect(const char*, _u32, _u32)[m[K’:
[2.289s] [01m[K/home/noa/Documents/SLAM/ros2_ws/src/sllidar_ros2/sdk/src/rplidar_driver.cpp:67:77:[m[K [01;35m[Kwarning: [m[Kunused parameter ‘[01m[Kflag[m[K’ [[01;35m[K-Wunused-parameter[m[K]
[2.289s]    67 |     u_result RPlidarDriver::connect(const char *path, _u32 portOrBaud, [01;35m[K_u32 flag[m[K)
[2.289s]       |                                                                        [01;35m[K~~~~~^~~~[m[K
[2.289s] [01m[K/home/noa/Documents/SLAM/ros2_ws/src/sllidar_ros2/sdk/src/rplidar_driver.cpp:[m[K In member function ‘[01m[Ku_result rp::standalone::rplidar::RPlidarDriver::reset(_u32)[m[K’:
[2.289s] [01m[K/home/noa/Documents/SLAM/ros2_ws/src/sllidar_ros2/sdk/src/rplidar_driver.cpp:101:40:[m[K [01;35m[Kwarning: [m[Kunused parameter ‘[01m[Ktimeout[m[K’ [[01;35m[K-Wunused-parameter[m[K]
[2.289s]   101 |     u_result RPlidarDriver::reset([01;35m[K_u32 timeout[m[K)
[2.289s]       |                                   [01;35m[K~~~~~^~~~~~~[m[K
[2.289s] [01m[K/home/noa/Documents/SLAM/ros2_ws/src/sllidar_ros2/sdk/src/sl_lidar_driver.cpp:[m[K In member function ‘[01m[Ksl_result sl::SlamtecLidarDriver::_sendCommand(sl_u16, const void*, size_t)[m[K’:
[2.289s] [01m[K/home/noa/Documents/SLAM/ros2_ws/src/sllidar_ros2/sdk/src/sl_lidar_driver.cpp:1089:35:[m[K [01;35m[Kwarning: [m[Kcomparison of integer expressions of different signedness: ‘[01m[Kint[m[K’ and ‘[01m[Kstd::vector<unsigned char>::size_type[m[K’ {aka ‘[01m[Klong unsigned int[m[K’} [[01;35m[K-Wsign-compare[m[K]
[2.290s]  1089 |             for (int pos = 0; [01;35m[Kpos < cmd_packet.size()[m[K; pos++) {
[2.290s]       |                               [01;35m[K~~~~^~~~~~~~~~~~~~~~~~~[m[K
[2.290s] [01m[K/home/noa/Documents/SLAM/ros2_ws/src/sllidar_ros2/sdk/src/sl_lidar_driver.cpp:1058:19:[m[K [01;35m[Kwarning: [m[Kunused variable ‘[01m[Kpkt_header[m[K’ [[01;35m[K-Wunused-variable[m[K]
[2.290s]  1058 |             sl_u8 [01;35m[Kpkt_header[m[K[10];
[2.290s]       |                   [01;35m[K^~~~~~~~~~[m[K
[2.290s] [01m[K/home/noa/Documents/SLAM/ros2_ws/src/sllidar_ros2/sdk/src/rplidar_driver.cpp:[m[K In member function ‘[01m[Ku_result rp::standalone::rplidar::RPlidarDriver::getScanDataWithInterval(rplidar_response_measurement_node_t*, size_t&)[m[K’:
[2.290s] [01m[K/home/noa/Documents/SLAM/ros2_ws/src/sllidar_ros2/sdk/src/rplidar_driver.cpp:175:91:[m[K [01;35m[Kwarning: [m[Kunused parameter ‘[01m[Knodebuffer[m[K’ [[01;35m[K-Wunused-parameter[m[K]
[2.290s]   175 |     u_result RPlidarDriver::getScanDataWithInterval([01;35m[Krplidar_response_measurement_node_t * nodebuffer[m[K, size_t & count)
[2.290s]       |                                                     [01;35m[K~~~~~~~~~~~~~~~~~~~~~~~~~~~~~~~~~~~~~~^~~~~~~~~~[m[K
[2.291s] [01m[K/home/noa/Documents/SLAM/ros2_ws/src/sllidar_ros2/sdk/src/rplidar_driver.cpp:175:112:[m[K [01;35m[Kwarning: [m[Kunused parameter ‘[01m[Kcount[m[K’ [[01;35m[K-Wunused-parameter[m[K]
[2.291s]   175 |     u_result RPlidarDriver::getScanDataWithInterval(rplidar_response_measurement_node_t * nodebuffer, [01;35m[Ksize_t & count[m[K)
[2.291s]       |                                                                                                       [01;35m[K~~~~~~~~~^~~~~[m[K
[2.292s] [01m[K/home/noa/Documents/SLAM/ros2_ws/src/sllidar_ros2/sdk/src/sl_lidar_driver.cpp:[m[K In member function ‘[01m[Kvoid sl::SlamtecLidarDriver::_ultraCapsuleToNormal(const sl_lidar_response_ultra_capsule_measurement_nodes_t&, sl_lidar_response_measurement_node_hq_t*, size_t&)[m[K’:
[2.292s] [01m[K/home/noa/Documents/SLAM/ros2_ws/src/sllidar_ros2/sdk/src/sl_lidar_driver.cpp:1370:40:[m[K [01;35m[Kwarning: [m[Kcomparison of integer expressions of different signedness: ‘[01m[Kint[m[K’ and ‘[01m[Kunsigned int[m[K’ [[01;35m[K-Wsign-compare[m[K]
[2.292s]  1370 |                     if (([01;35m[Kdist_predict1 == 0xFFFFFE00[m[K) || (dist_predict1 == 0x1FF)) {
[2.293s]       |                          [01;35m[K~~~~~~~~~~~~~~^~~~~~~~~~~~~[m[K
[2.293s] [01m[K/home/noa/Documents/SLAM/ros2_ws/src/sllidar_ros2/sdk/src/sl_lidar_driver.cpp:1379:40:[m[K [01;35m[Kwarning: [m[Kcomparison of integer expressions of different signedness: ‘[01m[Kint[m[K’ and ‘[01m[Kunsigned int[m[K’ [[01;35m[K-Wsign-compare[m[K]
[2.293s]  1379 |                     if (([01;35m[Kdist_predict2 == 0xFFFFFE00[m[K) || (dist_predict2 == 0x1FF)) {
[2.293s]       |                          [01;35m[K~~~~~~~~~~~~~~^~~~~~~~~~~~~[m[K
[2.294s] [ 85%] [32mBuilding CXX object CMakeFiles/sllidar_node.dir/sdk/src/sl_udp_channel.cpp.o[0m
[2.295s] [01m[K/home/noa/Documents/SLAM/ros2_ws/src/sllidar_ros2/sdk/src/sl_lidar_driver.cpp:[m[K In member function ‘[01m[Kvoid sl::SlamtecLidarDriver::_dense_capsuleToNormal(const sl_lidar_response_capsule_measurement_nodes_t&, sl_lidar_response_measurement_node_hq_t*, size_t&)[m[K’:
[2.295s] [01m[K/home/noa/Documents/SLAM/ros2_ws/src/sllidar_ros2/sdk/src/sl_lidar_driver.cpp:1577:116:[m[K [01;35m[Kwarning: [m[Ktype qualifiers ignored on cast result type [[01;35m[K-Wignored-qualifiers[m[K]
[2.295s]  1577 |                     const int dist = static_cast<const int>(_cached_previous_dense_capsuledata.cabins[pos].distance[01;35m[K)[m[K;
[2.296s]       |                                                                                                                    [01;35m[K^[m[K
[2.335s] [01m[K/home/noa/Documents/SLAM/ros2_ws/src/sllidar_ros2/sdk/src/sl_udp_channel.cpp:33:9:[m[K [01;35m[Kwarning: [m[K#pragma once in main file
[2.336s]    33 | #pragma [01;35m[Konce[m[K
[2.336s]       |         [01;35m[K^~~~[m[K
[2.400s] In file included from [01m[K/home/noa/Documents/SLAM/ros2_ws/src/sllidar_ros2/./sdk/include/sl_lidar_cmd.h:36[m[K,
[2.400s]                  from [01m[K/home/noa/Documents/SLAM/ros2_ws/src/sllidar_ros2/./sdk/include/sl_lidar_driver.h:54[m[K,
[2.400s]                  from [01m[K/home/noa/Documents/SLAM/ros2_ws/src/sllidar_ros2/sdk/src/sl_serial_channel.cpp:34[m[K:
[2.400s] [01m[K/home/noa/Documents/SLAM/ros2_ws/src/sllidar_ros2/./sdk/include/sl_lidar_protocol.h:58:16:[m[K [01;35m[Kwarning: [m[KISO C++ forbids zero-size array ‘[01m[Kdata[m[K’ [[01;35m[K-Wpedantic[m[K]
[2.400s]    58 |     sl_u8 data[[01;35m[K0[m[K];
[2.400s]       |                [01;35m[K^[m[K
[2.401s] In file included from [01m[K/home/noa/Documents/SLAM/ros2_ws/src/sllidar_ros2/./sdk/include/sl_lidar_driver.h:54[m[K,
[2.401s]                  from [01m[K/home/noa/Documents/SLAM/ros2_ws/src/sllidar_ros2/sdk/src/sl_serial_channel.cpp:34[m[K:
[2.401s] [01m[K/home/noa/Documents/SLAM/ros2_ws/src/sllidar_ros2/./sdk/include/sl_lidar_cmd.h:295:20:[m[K [01;35m[Kwarning: [m[KISO C++ forbids zero-size array ‘[01m[Kpayload[m[K’ [[01;35m[K-Wpedantic[m[K]
[2.401s]   295 |     sl_u8  payload[[01;35m[K0[m[K];
[2.401s]       |                    [01;35m[K^[m[K
[2.433s] [01m[K/home/noa/Documents/SLAM/ros2_ws/src/sllidar_ros2/sdk/src/sl_lidar_driver.cpp:[m[K At global scope:
[2.433s] [01m[K/home/noa/Documents/SLAM/ros2_ws/src/sllidar_ros2/sdk/src/sl_lidar_driver.cpp:72:17:[m[K [01;35m[Kwarning: [m[K‘[01m[Kvoid sl::convert(const sl_lidar_response_measurement_node_hq_t&, sl_lidar_response_measurement_node_t&)[m[K’ defined but not used [[01;35m[K-Wunused-function[m[K]
[2.433s]    72 |     static void [01;35m[Kconvert[m[K(const sl_lidar_response_measurement_node_hq_t& from, sl_lidar_response_measurement_node_t& to)
[2.433s]       |                 [01;35m[K^~~~~~~[m[K
[2.434s] [01m[K/home/noa/Documents/SLAM/ros2_ws/src/sllidar_ros2/sdk/src/sl_lidar_driver.cpp:59:17:[m[K [01;35m[Kwarning: [m[K‘[01m[Kvoid sl::printDeprecationWarn(const char*, const char*)[m[K’ defined but not used [[01;35m[K-Wunused-function[m[K]
[2.434s]    59 |     static void [01;35m[KprintDeprecationWarn[m[K(const char* fn, const char* replacement)
[2.434s]       |                 [01;35m[K^~~~~~~~~~~~~~~~~~~~[m[K
[2.527s] In file included from [01m[K/home/noa/Documents/SLAM/ros2_ws/src/sllidar_ros2/./sdk/include/sl_lidar_cmd.h:36[m[K,
[2.527s]                  from [01m[K/home/noa/Documents/SLAM/ros2_ws/src/sllidar_ros2/./sdk/include/sl_lidar_driver.h:54[m[K,
[2.527s]                  from [01m[K/home/noa/Documents/SLAM/ros2_ws/src/sllidar_ros2/sdk/src/sl_tcp_channel.cpp:34[m[K:
[2.527s] [01m[K/home/noa/Documents/SLAM/ros2_ws/src/sllidar_ros2/./sdk/include/sl_lidar_protocol.h:58:16:[m[K [01;35m[Kwarning: [m[KISO C++ forbids zero-size array ‘[01m[Kdata[m[K’ [[01;35m[K-Wpedantic[m[K]
[2.527s]    58 |     sl_u8 data[[01;35m[K0[m[K];
[2.527s]       |                [01;35m[K^[m[K
[2.528s] In file included from [01m[K/home/noa/Documents/SLAM/ros2_ws/src/sllidar_ros2/./sdk/include/sl_lidar_driver.h:54[m[K,
[2.528s]                  from [01m[K/home/noa/Documents/SLAM/ros2_ws/src/sllidar_ros2/sdk/src/sl_tcp_channel.cpp:34[m[K:
[2.528s] [01m[K/home/noa/Documents/SLAM/ros2_ws/src/sllidar_ros2/./sdk/include/sl_lidar_cmd.h:295:20:[m[K [01;35m[Kwarning: [m[KISO C++ forbids zero-size array ‘[01m[Kpayload[m[K’ [[01;35m[K-Wpedantic[m[K]
[2.528s]   295 |     sl_u8  payload[[01;35m[K0[m[K];
[2.528s]       |                    [01;35m[K^[m[K
[2.532s] [01m[K/home/noa/Documents/SLAM/ros2_ws/src/sllidar_ros2/sdk/src/sl_tcp_channel.cpp:[m[K In member function ‘[01m[Kvoid sl::TcpChannel::setStatus(_u32)[m[K’:
[2.533s] [01m[K/home/noa/Documents/SLAM/ros2_ws/src/sllidar_ros2/sdk/src/sl_tcp_channel.cpp:95:29:[m[K [01;35m[Kwarning: [m[Kunused parameter ‘[01m[Kflag[m[K’ [[01;35m[K-Wunused-parameter[m[K]
[2.533s]    95 |         void setStatus([01;35m[K_u32 flag[m[K){}
[2.533s]       |                        [01;35m[K~~~~~^~~~[m[K
[2.631s] In file included from [01m[K/home/noa/Documents/SLAM/ros2_ws/src/sllidar_ros2/./sdk/include/sl_lidar_cmd.h:36[m[K,
[2.631s]                  from [01m[K/home/noa/Documents/SLAM/ros2_ws/src/sllidar_ros2/./sdk/include/sl_lidar_driver.h:54[m[K,
[2.631s]                  from [01m[K/home/noa/Documents/SLAM/ros2_ws/src/sllidar_ros2/sdk/src/sl_udp_channel.cpp:34[m[K:
[2.631s] [01m[K/home/noa/Documents/SLAM/ros2_ws/src/sllidar_ros2/./sdk/include/sl_lidar_protocol.h:58:16:[m[K [01;35m[Kwarning: [m[KISO C++ forbids zero-size array ‘[01m[Kdata[m[K’ [[01;35m[K-Wpedantic[m[K]
[2.631s]    58 |     sl_u8 data[[01;35m[K0[m[K];
[2.632s]       |                [01;35m[K^[m[K
[2.632s] In file included from [01m[K/home/noa/Documents/SLAM/ros2_ws/src/sllidar_ros2/./sdk/include/sl_lidar_driver.h:54[m[K,
[2.632s]                  from [01m[K/home/noa/Documents/SLAM/ros2_ws/src/sllidar_ros2/sdk/src/sl_udp_channel.cpp:34[m[K:
[2.632s] [01m[K/home/noa/Documents/SLAM/ros2_ws/src/sllidar_ros2/./sdk/include/sl_lidar_cmd.h:295:20:[m[K [01;35m[Kwarning: [m[KISO C++ forbids zero-size array ‘[01m[Kpayload[m[K’ [[01;35m[K-Wpedantic[m[K]
[2.632s]   295 |     sl_u8  payload[[01;35m[K0[m[K];
[2.632s]       |                    [01;35m[K^[m[K
[2.637s] [01m[K/home/noa/Documents/SLAM/ros2_ws/src/sllidar_ros2/sdk/src/sl_udp_channel.cpp:[m[K In member function ‘[01m[Kvoid sl::UdpChannel::setStatus(_u32)[m[K’:
[2.637s] [01m[K/home/noa/Documents/SLAM/ros2_ws/src/sllidar_ros2/sdk/src/sl_udp_channel.cpp:103:29:[m[K [01;35m[Kwarning: [m[Kunused parameter ‘[01m[Kflag[m[K’ [[01;35m[K-Wunused-parameter[m[K]
[2.637s]   103 |         void setStatus([01;35m[K_u32 flag[m[K){}
[2.637s]       |                        [01;35m[K~~~~~^~~~[m[K
[3.232s] In file included from [01m[K/home/noa/Documents/SLAM/ros2_ws/src/sllidar_ros2/./sdk/include/sl_lidar_cmd.h:36[m[K,
[3.232s]                  from [01m[K/home/noa/Documents/SLAM/ros2_ws/src/sllidar_ros2/./sdk/include/sl_lidar_driver.h:54[m[K,
[3.232s]                  from [01m[K/home/noa/Documents/SLAM/ros2_ws/src/sllidar_ros2/./sdk/include/sl_lidar.h:36[m[K,
[3.232s]                  from [01m[K/home/noa/Documents/SLAM/ros2_ws/src/sllidar_ros2/src/sllidar_node.cpp:38[m[K:
[3.232s] [01m[K/home/noa/Documents/SLAM/ros2_ws/src/sllidar_ros2/./sdk/include/sl_lidar_protocol.h:58:16:[m[K [01;35m[Kwarning: [m[KISO C++ forbids zero-size array ‘[01m[Kdata[m[K’ [[01;35m[K-Wpedantic[m[K]
[3.232s]    58 |     sl_u8 data[[01;35m[K0[m[K];
[3.232s]       |                [01;35m[K^[m[K
[3.232s] In file included from [01m[K/home/noa/Documents/SLAM/ros2_ws/src/sllidar_ros2/./sdk/include/sl_lidar_driver.h:54[m[K,
[3.233s]                  from [01m[K/home/noa/Documents/SLAM/ros2_ws/src/sllidar_ros2/./sdk/include/sl_lidar.h:36[m[K,
[3.233s]                  from [01m[K/home/noa/Documents/SLAM/ros2_ws/src/sllidar_ros2/src/sllidar_node.cpp:38[m[K:
[3.233s] [01m[K/home/noa/Documents/SLAM/ros2_ws/src/sllidar_ros2/./sdk/include/sl_lidar_cmd.h:295:20:[m[K [01;35m[Kwarning: [m[KISO C++ forbids zero-size array ‘[01m[Kpayload[m[K’ [[01;35m[K-Wpedantic[m[K]
[3.233s]   295 |     sl_u8  payload[[01;35m[K0[m[K];
[3.233s]       |                    [01;35m[K^[m[K
[4.051s] [01m[K/home/noa/Documents/SLAM/ros2_ws/src/sllidar_ros2/src/sllidar_node.cpp:[m[K In member function ‘[01m[Kbool SLlidarNode::checkSLLIDARHealth(sl::ILidarDriver*)[m[K’:
[4.051s] [01m[K/home/noa/Documents/SLAM/ros2_ws/src/sllidar_ros2/src/sllidar_node.cpp:147:5:[m[K [01;35m[Kwarning: [m[Kcontrol reaches end of non-void function [[01;35m[K-Wreturn-type[m[K]
[4.051s]   147 |     [01;35m[K}[m[K
[4.051s]       |     [01;35m[K^[m[K
[4.996s] [ 92%] [32m[1mLinking CXX executable sllidar_node[0m
[5.194s] [ 92%] Built target sllidar_node
[6.677s] [100%] [32m[1mLinking CXX executable sllidar_client[0m
[6.863s] [100%] Built target sllidar_client
[6.872s] Invoked command in '/home/noa/Documents/SLAM/ros2_ws/build/sllidar_ros2' returned '0': CMAKE_PREFIX_PATH=${CMAKE_PREFIX_PATH}:/opt/ros/foxy PS1=\u@\h \[\033[32m\]\w\[\033[33m\]$(parse_git_branch)\[\033[00m\] $ /usr/bin/cmake --build /home/noa/Documents/SLAM/ros2_ws/build/sllidar_ros2 -- -j8 -l8
[6.902s] Invoking command in '/home/noa/Documents/SLAM/ros2_ws/build/sllidar_ros2': CMAKE_PREFIX_PATH=${CMAKE_PREFIX_PATH}:/opt/ros/foxy PS1=\u@\h \[\033[32m\]\w\[\033[33m\]$(parse_git_branch)\[\033[00m\] $ /usr/bin/cmake --install /home/noa/Documents/SLAM/ros2_ws/build/sllidar_ros2
[6.908s] -- Install configuration: ""
[6.908s] -- Up-to-date: /home/noa/Documents/SLAM/ros2_ws/install/sllidar_ros2/share/sllidar_ros2/launch
[6.908s] -- Installing: /home/noa/Documents/SLAM/ros2_ws/install/sllidar_ros2/share/sllidar_ros2/launch/view_sllidar_launch.py
[6.909s] -- Installing: /home/noa/Documents/SLAM/ros2_ws/install/sllidar_ros2/share/sllidar_ros2/launch/sllidar_t1_launch.py
[6.909s] -- Installing: /home/noa/Documents/SLAM/ros2_ws/install/sllidar_ros2/share/sllidar_ros2/launch/view_sllidar_a3_launch.py
[6.909s] -- Installing: /home/noa/Documents/SLAM/ros2_ws/install/sllidar_ros2/share/sllidar_ros2/launch/view_sllidar_s1_launch.py
[6.909s] -- Installing: /home/noa/Documents/SLAM/ros2_ws/install/sllidar_ros2/share/sllidar_ros2/launch/view_sllidar_s2_launch.py
[6.909s] -- Installing: /home/noa/Documents/SLAM/ros2_ws/install/sllidar_ros2/share/sllidar_ros2/launch/view_sllidar_s1_tcp_launch.py
[6.909s] -- Installing: /home/noa/Documents/SLAM/ros2_ws/install/sllidar_ros2/share/sllidar_ros2/launch/sllidar_a3_launch.py
[6.909s] -- Installing: /home/noa/Documents/SLAM/ros2_ws/install/sllidar_ros2/share/sllidar_ros2/launch/sllidar_s2e_launch.py
[6.909s] -- Installing: /home/noa/Documents/SLAM/ros2_ws/install/sllidar_ros2/share/sllidar_ros2/launch/sllidar_s2_launch.py
[6.909s] -- Installing: /home/noa/Documents/SLAM/ros2_ws/install/sllidar_ros2/share/sllidar_ros2/launch/view_sllidar_s2e_launch.py
[6.910s] -- Installing: /home/noa/Documents/SLAM/ros2_ws/install/sllidar_ros2/share/sllidar_ros2/launch/sllidar_launch.py
[6.910s] -- Installing: /home/noa/Documents/SLAM/ros2_ws/install/sllidar_ros2/share/sllidar_ros2/launch/sllidar_s1_launch.py
[6.910s] -- Installing: /home/noa/Documents/SLAM/ros2_ws/install/sllidar_ros2/share/sllidar_ros2/launch/sllidar_s1_tcp_launch.py
[6.910s] -- Installing: /home/noa/Documents/SLAM/ros2_ws/install/sllidar_ros2/share/sllidar_ros2/launch/view_sllidar_t1_launch.py
[6.910s] -- Up-to-date: /home/noa/Documents/SLAM/ros2_ws/install/sllidar_ros2/share/sllidar_ros2/rviz
[6.910s] -- Installing: /home/noa/Documents/SLAM/ros2_ws/install/sllidar_ros2/share/sllidar_ros2/rviz/sllidar_ros2.rviz
[6.910s] -- Installing: /home/noa/Documents/SLAM/ros2_ws/install/sllidar_ros2/share/sllidar_ros2/package.dsv
[6.911s] -- Installing: /home/noa/Documents/SLAM/ros2_ws/install/sllidar_ros2/share/sllidar_ros2/package.xml
[6.913s] Invoked command in '/home/noa/Documents/SLAM/ros2_ws/build/sllidar_ros2' returned '0': CMAKE_PREFIX_PATH=${CMAKE_PREFIX_PATH}:/opt/ros/foxy PS1=\u@\h \[\033[32m\]\w\[\033[33m\]$(parse_git_branch)\[\033[00m\] $ /usr/bin/cmake --install /home/noa/Documents/SLAM/ros2_ws/build/sllidar_ros2
