[0.024s] Invoking command in '/home/noa/Documents/SLAM/ros2_ws/build/sllidar_ros2': CMAKE_PREFIX_PATH=${CMAKE_PREFIX_PATH}:/opt/ros/foxy PS1=\u@\h \[\033[32m\]\w\[\033[33m\]$(parse_git_branch)\[\033[00m\] $ /usr/bin/cmake --build /home/noa/Documents/SLAM/ros2_ws/build/sllidar_ros2 -- -j8 -l8
[0.060s] [35m[1mScanning dependencies of target sllidar_node[0m
[0.060s] [35m[1mScanning dependencies of target sllidar_client[0m
[0.108s] [  7%] [32mBuilding CXX object CMakeFiles/sllidar_client.dir/src/sllidar_client.cpp.o[0m
[0.112s] [ 21%] [32mBuilding CXX object CMakeFiles/sllidar_node.dir/sdk/src/arch/linux/net_serial.cpp.o[0m
[0.113s] [ 21%] [32mBuilding CXX object CMakeFiles/sllidar_node.dir/src/sllidar_node.cpp.o[0m
[0.114s] [ 28%] [32mBuilding CXX object CMakeFiles/sllidar_node.dir/sdk/src/arch/linux/net_socket.cpp.o[0m
[0.114s] [ 35%] [32mBuilding CXX object CMakeFiles/sllidar_node.dir/sdk/src/hal/thread.cpp.o[0m
[0.117s] [ 42%] [32mBuilding CXX object CMakeFiles/sllidar_node.dir/sdk/src/arch/linux/timer.cpp.o[0m
[0.124s] [ 57%] [32mBuilding CXX object CMakeFiles/sllidar_node.dir/sdk/src/sl_crc.cpp.o[0m
[0.124s] [ 57%] [32mBuilding CXX object CMakeFiles/sllidar_node.dir/sdk/src/rplidar_driver.cpp.o[0m
[0.192s] In file included from [01m[K/home/noa/Documents/SLAM/ros2_ws/src/sllidar_ros2/./sdk/include/sl_lidar_cmd.h:36[m[K,
[0.192s]                  from [01m[K/home/noa/Documents/SLAM/ros2_ws/src/sllidar_ros2/./sdk/include/sl_crc.h:36[m[K,
[0.193s]                  from [01m[K/home/noa/Documents/SLAM/ros2_ws/src/sllidar_ros2/sdk/src/sl_crc.cpp:33[m[K:
[0.193s] [01m[K/home/noa/Documents/SLAM/ros2_ws/src/sllidar_ros2/./sdk/include/sl_lidar_protocol.h:58:16:[m[K [01;35m[Kwarning: [m[KISO C++ forbids zero-size array ‘[01m[Kdata[m[K’ [[01;35m[K-Wpedantic[m[K]
[0.193s]    58 |     sl_u8 data[[01;35m[K0[m[K];
[0.193s]       |                [01;35m[K^[m[K
[0.194s] In file included from [01m[K/home/noa/Documents/SLAM/ros2_ws/src/sllidar_ros2/./sdk/include/sl_crc.h:36[m[K,
[0.194s]                  from [01m[K/home/noa/Documents/SLAM/ros2_ws/src/sllidar_ros2/sdk/src/sl_crc.cpp:33[m[K:
[0.194s] [01m[K/home/noa/Documents/SLAM/ros2_ws/src/sllidar_ros2/./sdk/include/sl_lidar_cmd.h:295:20:[m[K [01;35m[Kwarning: [m[KISO C++ forbids zero-size array ‘[01m[Kpayload[m[K’ [[01;35m[K-Wpedantic[m[K]
[0.194s]   295 |     sl_u8  payload[[01;35m[K0[m[K];
[0.194s]       |                    [01;35m[K^[m[K
[0.195s] [01m[K/home/noa/Documents/SLAM/ros2_ws/src/sllidar_ros2/sdk/src/sl_crc.cpp:[m[K In function ‘[01m[Ksl_u32 sl::crc32::cal(sl_u32, void*, sl_u16)[m[K’:
[0.195s] [01m[K/home/noa/Documents/SLAM/ros2_ws/src/sllidar_ros2/sdk/src/sl_crc.cpp:77:29:[m[K [01;35m[Kwarning: [m[Ksuggest parentheses around ‘[01m[K-[m[K’ in operand of ‘[01m[K&[m[K’ [[01;35m[K-Wparentheses[m[K]
[0.195s]    77 |         sl_u8 leftBytes = [01;35m[K4 - len[m[K & 0x3;
[0.195s]       |                           [01;35m[K~~^~~~~[m[K
[0.205s] In file included from [01m[K/home/noa/Documents/SLAM/ros2_ws/src/sllidar_ros2/./sdk/src/sdkcommon.h:47[m[K,
[0.206s]                  from [01m[K/home/noa/Documents/SLAM/ros2_ws/src/sllidar_ros2/sdk/src/arch/linux/net_socket.cpp:10[m[K:
[0.206s] [01m[K/home/noa/Documents/SLAM/ros2_ws/src/sllidar_ros2/./sdk/src/hal/assert.h:1:1:[m[K [01;35m[Kwarning: [m[Knull character(s) ignored
[0.206s]     1 | [01;35m[K [m[K                                                                                                                                                                                                                                                                                                                        
[0.206s]       | [01;35m[K^[m[K
[0.225s] In file included from [01m[K/home/noa/Documents/SLAM/ros2_ws/src/sllidar_ros2/./sdk/src/sdkcommon.h:47[m[K,
[0.225s]                  from [01m[K/home/noa/Documents/SLAM/ros2_ws/src/sllidar_ros2/sdk/src/hal/thread.cpp:35[m[K:
[0.225s] [01m[K/home/noa/Documents/SLAM/ros2_ws/src/sllidar_ros2/./sdk/src/hal/assert.h:1:1:[m[K [01;35m[Kwarning: [m[Knull character(s) ignored
[0.226s]     1 | [01;35m[K [m[K                                                                                                                                                                                                                                                                                                                        
[0.226s]       | [01;35m[K^[m[K
[0.229s] [ 64%] [32mBuilding CXX object CMakeFiles/sllidar_node.dir/sdk/src/sl_lidar_driver.cpp.o[0m
[0.310s] In file included from [01m[K/home/noa/Documents/SLAM/ros2_ws/src/sllidar_ros2/sdk/src/sdkcommon.h:47[m[K,
[0.310s]                  from [01m[K/home/noa/Documents/SLAM/ros2_ws/src/sllidar_ros2/sdk/src/rplidar_driver.cpp:33[m[K:
[0.310s] [01m[K/home/noa/Documents/SLAM/ros2_ws/src/sllidar_ros2/sdk/src/hal/assert.h:1:1:[m[K [01;35m[Kwarning: [m[Knull character(s) ignored
[0.310s]     1 | [01;35m[K [m[K                                                                                                                                                                                                                                                                                                                        
[0.310s]       | [01;35m[K^[m[K
[0.325s] In file included from [01m[K/home/noa/Documents/SLAM/ros2_ws/src/sllidar_ros2/sdk/src/sdkcommon.h:47[m[K,
[0.326s]                  from [01m[K/home/noa/Documents/SLAM/ros2_ws/src/sllidar_ros2/sdk/src/sl_lidar_driver.cpp:33[m[K:
[0.326s] [01m[K/home/noa/Documents/SLAM/ros2_ws/src/sllidar_ros2/sdk/src/hal/assert.h:1:1:[m[K [01;35m[Kwarning: [m[Knull character(s) ignored
[0.326s]     1 | [01;35m[K [m[K                                                                                                                                                                                                                                                                                                                        
[0.326s]       | [01;35m[K^[m[K
[0.328s] In file included from [01m[K/home/noa/Documents/SLAM/ros2_ws/src/sllidar_ros2/sdk/src/rplidar_driver.cpp:37[m[K:
[0.328s] [01m[K/home/noa/Documents/SLAM/ros2_ws/src/sllidar_ros2/sdk/src/hal/assert.h:1:1:[m[K [01;35m[Kwarning: [m[Knull character(s) ignored
[0.328s]     1 | [01;35m[K [m[K                                                                                                                                                                                                                                                                                                                        
[0.328s]       | [01;35m[K^[m[K
[0.335s] In file included from [01m[K/home/noa/Documents/SLAM/ros2_ws/src/sllidar_ros2/sdk/src/sl_lidar_driver.cpp:37[m[K:
[0.336s] [01m[K/home/noa/Documents/SLAM/ros2_ws/src/sllidar_ros2/sdk/src/hal/assert.h:1:1:[m[K [01;35m[Kwarning: [m[Knull character(s) ignored
[0.336s]     1 | [01;35m[K [m[K                                                                                                                                                                                                                                                                                                                        
[0.336s]       | [01;35m[K^[m[K
[0.501s] In file included from [01m[K/home/noa/Documents/SLAM/ros2_ws/src/sllidar_ros2/./sdk/include/rplidar_protocol.h:36[m[K,
[0.501s]                  from [01m[K/home/noa/Documents/SLAM/ros2_ws/src/sllidar_ros2/./sdk/include/rplidar.h:39[m[K,
[0.502s]                  from [01m[K/home/noa/Documents/SLAM/ros2_ws/src/sllidar_ros2/./sdk/src/sdkcommon.h:49[m[K,
[0.502s]                  from [01m[K/home/noa/Documents/SLAM/ros2_ws/src/sllidar_ros2/sdk/src/arch/linux/net_socket.cpp:10[m[K:
[0.502s] [01m[K/home/noa/Documents/SLAM/ros2_ws/src/sllidar_ros2/./sdk/include/sl_lidar_protocol.h:58:16:[m[K [01;35m[Kwarning: [m[KISO C++ forbids zero-size array ‘[01m[Kdata[m[K’ [[01;35m[K-Wpedantic[m[K]
[0.502s]    58 |     sl_u8 data[[01;35m[K0[m[K];
[0.502s]       |                [01;35m[K^[m[K
[0.503s] In file included from [01m[K/home/noa/Documents/SLAM/ros2_ws/src/sllidar_ros2/./sdk/include/rplidar_cmd.h:36[m[K,
[0.504s]                  from [01m[K/home/noa/Documents/SLAM/ros2_ws/src/sllidar_ros2/./sdk/include/rplidar.h:40[m[K,
[0.504s]                  from [01m[K/home/noa/Documents/SLAM/ros2_ws/src/sllidar_ros2/./sdk/src/sdkcommon.h:49[m[K,
[0.504s]                  from [01m[K/home/noa/Documents/SLAM/ros2_ws/src/sllidar_ros2/sdk/src/arch/linux/net_socket.cpp:10[m[K:
[0.504s] [01m[K/home/noa/Documents/SLAM/ros2_ws/src/sllidar_ros2/./sdk/include/sl_lidar_cmd.h:295:20:[m[K [01;35m[Kwarning: [m[KISO C++ forbids zero-size array ‘[01m[Kpayload[m[K’ [[01;35m[K-Wpedantic[m[K]
[0.504s]   295 |     sl_u8  payload[[01;35m[K0[m[K];
[0.504s]       |                    [01;35m[K^[m[K
[0.534s] [ 71%] [32mBuilding CXX object CMakeFiles/sllidar_node.dir/sdk/src/sl_serial_channel.cpp.o[0m
[0.570s] [01m[K/home/noa/Documents/SLAM/ros2_ws/src/sllidar_ros2/sdk/src/sl_serial_channel.cpp:33:9:[m[K [01;35m[Kwarning: [m[K#pragma once in main file
[0.571s]    33 | #pragma [01;35m[Konce[m[K
[0.571s]       |         [01;35m[K^~~~[m[K
[0.578s] [01m[K/home/noa/Documents/SLAM/ros2_ws/src/sllidar_ros2/sdk/src/arch/linux/net_socket.cpp:[m[K In member function ‘[01m[Kvirtual u_result rp::net::SocketAddress::getAddressAsString(char*, size_t) const[m[K’:
[0.578s] [01m[K/home/noa/Documents/SLAM/ros2_ws/src/sllidar_ros2/sdk/src/arch/linux/net_socket.cpp:170:17:[m[K [01;35m[Kwarning: [m[Kordered comparison of pointer with integer zero [[01;35m[K-Wextra[m[K]
[0.579s]   170 |     return ans<=[01;35m[K0[m[K?RESULT_OPERATION_FAIL:RESULT_OK;
[0.579s]       |                 [01;35m[K^[m[K
[0.585s] In file included from [01m[K/home/noa/Documents/SLAM/ros2_ws/src/sllidar_ros2/./sdk/include/rplidar_protocol.h:36[m[K,
[0.586s]                  from [01m[K/home/noa/Documents/SLAM/ros2_ws/src/sllidar_ros2/./sdk/include/rplidar.h:39[m[K,
[0.586s]                  from [01m[K/home/noa/Documents/SLAM/ros2_ws/src/sllidar_ros2/./sdk/src/sdkcommon.h:49[m[K,
[0.586s]                  from [01m[K/home/noa/Documents/SLAM/ros2_ws/src/sllidar_ros2/sdk/src/hal/thread.cpp:35[m[K:
[0.586s] [01m[K/home/noa/Documents/SLAM/ros2_ws/src/sllidar_ros2/./sdk/include/sl_lidar_protocol.h:58:16:[m[K [01;35m[Kwarning: [m[KISO C++ forbids zero-size array ‘[01m[Kdata[m[K’ [[01;35m[K-Wpedantic[m[K]
[0.586s]    58 |     sl_u8 data[[01;35m[K0[m[K];
[0.586s]       |                [01;35m[K^[m[K
[0.586s] In file included from [01m[K/home/noa/Documents/SLAM/ros2_ws/src/sllidar_ros2/./sdk/include/rplidar_cmd.h:36[m[K,
[0.587s]                  from [01m[K/home/noa/Documents/SLAM/ros2_ws/src/sllidar_ros2/./sdk/include/rplidar.h:40[m[K,
[0.587s]                  from [01m[K/home/noa/Documents/SLAM/ros2_ws/src/sllidar_ros2/./sdk/src/sdkcommon.h:49[m[K,
[0.587s]                  from [01m[K/home/noa/Documents/SLAM/ros2_ws/src/sllidar_ros2/sdk/src/hal/thread.cpp:35[m[K:
[0.587s] [01m[K/home/noa/Documents/SLAM/ros2_ws/src/sllidar_ros2/./sdk/include/sl_lidar_cmd.h:295:20:[m[K [01;35m[Kwarning: [m[KISO C++ forbids zero-size array ‘[01m[Kpayload[m[K’ [[01;35m[K-Wpedantic[m[K]
[0.587s]   295 |     sl_u8  payload[[01;35m[K0[m[K];
[0.587s]       |                    [01;35m[K^[m[K
[0.588s] [01m[K/home/noa/Documents/SLAM/ros2_ws/src/sllidar_ros2/sdk/src/arch/linux/net_socket.cpp:[m[K In member function ‘[01m[Kvirtual u_result rp::arch::net::StreamSocketImpl::send(const void*, size_t)[m[K’:
[0.589s] [01m[K/home/noa/Documents/SLAM/ros2_ws/src/sllidar_ros2/sdk/src/arch/linux/net_socket.cpp:438:17:[m[K [01;35m[Kwarning: [m[Kcomparison of integer expressions of different signedness: ‘[01m[Ksize_t[m[K’ {aka ‘[01m[Klong unsigned int[m[K’} and ‘[01m[Kint[m[K’ [[01;35m[K-Wsign-compare[m[K]
[0.589s]   438 |         if ([01;35m[Kans == (int)len[m[K) {
[0.589s]       |             [01;35m[K~~~~^~~~~~~~~~~[m[K
[0.594s] In file included from [01m[K/home/noa/Documents/SLAM/ros2_ws/src/sllidar_ros2/./sdk/src/arch/linux/arch_linux.h:42[m[K,
[0.594s]                  from [01m[K/home/noa/Documents/SLAM/ros2_ws/src/sllidar_ros2/./sdk/src/sdkcommon.h:41[m[K,
[0.594s]                  from [01m[K/home/noa/Documents/SLAM/ros2_ws/src/sllidar_ros2/sdk/src/arch/linux/net_socket.cpp:10[m[K:
[0.595s] [01m[K/home/noa/Documents/SLAM/ros2_ws/src/sllidar_ros2/sdk/src/arch/linux/net_socket.cpp:[m[K In member function ‘[01m[Kvirtual u_result rp::arch::net::DGramSocketImpl::sendTo(const rp::net::SocketAddress&, const void*, size_t)[m[K’:
[0.595s] [01m[K/home/noa/Documents/SLAM/ros2_ws/src/sllidar_ros2/sdk/src/arch/linux/net_socket.cpp:726:24:[m[K [01;35m[Kwarning: [m[Kcomparison of integer expressions of different signedness: ‘[01m[Ksize_t[m[K’ {aka ‘[01m[Klong unsigned int[m[K’} and ‘[01m[Kint[m[K’ [[01;35m[K-Wsign-compare[m[K]
[0.595s]   726 |             assert([01;35m[Kans == (int)len[m[K);
[0.595s]       |                    [01;35m[K~~~~^~~~~~~~~~~[m[K
[0.649s] [01m[K/home/noa/Documents/SLAM/ros2_ws/src/sllidar_ros2/sdk/src/arch/linux/net_socket.cpp:722:47:[m[K [01;35m[Kwarning: [m[Knonnull argument ‘[01m[Ktarget[m[K’ compared to NULL [[01;35m[K-Wnonnull-compare[m[K]
[0.649s]   722 |         const struct sockaddr* addr = &target [01;35m[K?[m[K reinterpret_cast<const struct sockaddr*>(target.getPlatformData()) : NULL;
[0.649s]       |                                               [01;35m[K^[m[K
[0.650s] In file included from [01m[K/home/noa/Documents/SLAM/ros2_ws/src/sllidar_ros2/sdk/src/hal/thread.cpp:43[m[K:
[0.650s] [01m[K/home/noa/Documents/SLAM/ros2_ws/src/sllidar_ros2/./sdk/src/arch/linux/thread.hpp:[m[K In static member function ‘[01m[Kstatic rp::hal::Thread rp::hal::Thread::create(thread_proc_t, void*)[m[K’:
[0.650s] [01m[K/home/noa/Documents/SLAM/ros2_ws/src/sllidar_ros2/./sdk/src/arch/linux/thread.hpp:48:77:[m[K [01;35m[Kwarning: [m[Kcast between incompatible function types from ‘[01m[Kthread_proc_t[m[K’ {aka ‘[01m[Klong unsigned int (*)(void*)[m[K’} to ‘[01m[Kvoid* (*)(void*)[m[K’ [[01;35m[K-Wcast-function-type[m[K]
[0.651s]    48 |     pthread_create((pthread_t *)&newborn._handle, NULL, (void * (*)(void *))[01;35m[Kproc[m[K, data);
[0.651s]       |                                                                             [01;35m[K^~~~[m[K
[0.651s] [01m[K/home/noa/Documents/SLAM/ros2_ws/src/sllidar_ros2/./sdk/src/arch/linux/thread.hpp:[m[K In member function ‘[01m[Ku_result rp::hal::Thread::join(long unsigned int)[m[K’:
[0.651s] [01m[K/home/noa/Documents/SLAM/ros2_ws/src/sllidar_ros2/./sdk/src/arch/linux/thread.hpp:129:37:[m[K [01;35m[Kwarning: [m[Kunused parameter ‘[01m[Ktimeout[m[K’ [[01;35m[K-Wunused-parameter[m[K]
[0.651s]   129 | u_result Thread::join([01;35m[Kunsigned long timeout[m[K)
[0.651s]       |                       [01;35m[K~~~~~~~~~~~~~~^~~~~~~[m[K
[0.722s] In file included from [01m[K/home/noa/Documents/SLAM/ros2_ws/src/sllidar_ros2/./sdk/include/rplidar_protocol.h:36[m[K,
[0.723s]                  from [01m[K/home/noa/Documents/SLAM/ros2_ws/src/sllidar_ros2/./sdk/include/rplidar.h:39[m[K,
[0.723s]                  from [01m[K/home/noa/Documents/SLAM/ros2_ws/src/sllidar_ros2/sdk/src/sdkcommon.h:49[m[K,
[0.723s]                  from [01m[K/home/noa/Documents/SLAM/ros2_ws/src/sllidar_ros2/sdk/src/rplidar_driver.cpp:33[m[K:
[0.723s] [01m[K/home/noa/Documents/SLAM/ros2_ws/src/sllidar_ros2/./sdk/include/sl_lidar_protocol.h:58:16:[m[K [01;35m[Kwarning: [m[KISO C++ forbids zero-size array ‘[01m[Kdata[m[K’ [[01;35m[K-Wpedantic[m[K]
[0.723s]    58 |     sl_u8 data[[01;35m[K0[m[K];
[0.724s]       |                [01;35m[K^[m[K
[0.725s] In file included from [01m[K/home/noa/Documents/SLAM/ros2_ws/src/sllidar_ros2/./sdk/include/rplidar_cmd.h:36[m[K,
[0.725s]                  from [01m[K/home/noa/Documents/SLAM/ros2_ws/src/sllidar_ros2/./sdk/include/rplidar.h:40[m[K,
[0.725s]                  from [01m[K/home/noa/Documents/SLAM/ros2_ws/src/sllidar_ros2/sdk/src/sdkcommon.h:49[m[K,
[0.725s]                  from [01m[K/home/noa/Documents/SLAM/ros2_ws/src/sllidar_ros2/sdk/src/rplidar_driver.cpp:33[m[K:
[0.725s] [01m[K/home/noa/Documents/SLAM/ros2_ws/src/sllidar_ros2/./sdk/include/sl_lidar_cmd.h:295:20:[m[K [01;35m[Kwarning: [m[KISO C++ forbids zero-size array ‘[01m[Kpayload[m[K’ [[01;35m[K-Wpedantic[m[K]
[0.725s]   295 |     sl_u8  payload[[01;35m[K0[m[K];
[0.733s]       |                    [01;35m[K^[m[K
[0.733s] [01m[K/home/noa/Documents/SLAM/ros2_ws/src/sllidar_ros2/sdk/src/arch/linux/net_serial.cpp:[m[K In member function ‘[01m[Kbool rp::arch::net::raw_serial::open(const char*, uint32_t, uint32_t)[m[K’:
[0.734s] [01m[K/home/noa/Documents/SLAM/ros2_ws/src/sllidar_ros2/sdk/src/arch/linux/net_serial.cpp:97:74:[m[K [01;35m[Kwarning: [m[Kunused parameter ‘[01m[Kflags[m[K’ [[01;35m[K-Wunused-parameter[m[K]
[0.734s]    97 | bool raw_serial::open(const char * portname, uint32_t baudrate, [01;35m[Kuint32_t flags[m[K)
[0.734s]       |                                                                 [01;35m[K~~~~~~~~~^~~~~[m[K
[0.734s] [01m[K/home/noa/Documents/SLAM/ros2_ws/src/sllidar_ros2/sdk/src/arch/linux/net_serial.cpp:[m[K In member function ‘[01m[Kvirtual void rp::arch::net::raw_serial::flush(_u32)[m[K’:
[0.734s] [01m[K/home/noa/Documents/SLAM/ros2_ws/src/sllidar_ros2/sdk/src/arch/linux/net_serial.cpp:281:30:[m[K [01;35m[Kwarning: [m[Kunused parameter ‘[01m[Kflags[m[K’ [[01;35m[K-Wunused-parameter[m[K]
[0.734s]   281 | void raw_serial::flush( [01;35m[K_u32 flags[m[K)
[0.734s]       |                         [01;35m[K~~~~~^~~~~[m[K
[0.734s] [01m[K/home/noa/Documents/SLAM/ros2_ws/src/sllidar_ros2/sdk/src/arch/linux/net_serial.cpp:[m[K In member function ‘[01m[Kvirtual int rp::arch::net::raw_serial::waitforsent(_u32, size_t*)[m[K’:
[0.735s] [01m[K/home/noa/Documents/SLAM/ros2_ws/src/sllidar_ros2/sdk/src/arch/linux/net_serial.cpp:286:34:[m[K [01;35m[Kwarning: [m[Kunused parameter ‘[01m[Ktimeout[m[K’ [[01;35m[K-Wunused-parameter[m[K]
[0.735s]   286 | int raw_serial::waitforsent([01;35m[K_u32 timeout[m[K, size_t * returned_size)
[0.735s]       |                             [01;35m[K~~~~~^~~~~~~[m[K
[0.735s] [01m[K/home/noa/Documents/SLAM/ros2_ws/src/sllidar_ros2/sdk/src/arch/linux/net_serial.cpp:[m[K In member function ‘[01m[Kvirtual int rp::arch::net::raw_serial::waitforrecv(_u32, size_t*)[m[K’:
[0.735s] [01m[K/home/noa/Documents/SLAM/ros2_ws/src/sllidar_ros2/sdk/src/arch/linux/net_serial.cpp:292:34:[m[K [01;35m[Kwarning: [m[Kunused parameter ‘[01m[Ktimeout[m[K’ [[01;35m[K-Wunused-parameter[m[K]
[0.735s]   292 | int raw_serial::waitforrecv([01;35m[K_u32 timeout[m[K, size_t * returned_size)
[0.735s]       |                             [01;35m[K~~~~~^~~~~~~[m[K
[0.781s] In file included from [01m[K/home/noa/Documents/SLAM/ros2_ws/src/sllidar_ros2/./sdk/include/rplidar_protocol.h:36[m[K,
[0.781s]                  from [01m[K/home/noa/Documents/SLAM/ros2_ws/src/sllidar_ros2/./sdk/include/rplidar.h:39[m[K,
[0.782s]                  from [01m[K/home/noa/Documents/SLAM/ros2_ws/src/sllidar_ros2/sdk/src/sdkcommon.h:49[m[K,
[0.782s]                  from [01m[K/home/noa/Documents/SLAM/ros2_ws/src/sllidar_ros2/sdk/src/sl_lidar_driver.cpp:33[m[K:
[0.782s] [01m[K/home/noa/Documents/SLAM/ros2_ws/src/sllidar_ros2/./sdk/include/sl_lidar_protocol.h:58:16:[m[K [01;35m[Kwarning: [m[KISO C++ forbids zero-size array ‘[01m[Kdata[m[K’ [[01;35m[K-Wpedantic[m[K]
[0.782s]    58 |     sl_u8 data[[01;35m[K0[m[K];
[0.782s]       |                [01;35m[K^[m[K
[0.782s] In file included from [01m[K/home/noa/Documents/SLAM/ros2_ws/src/sllidar_ros2/./sdk/include/rplidar_cmd.h:36[m[K,
[0.782s]                  from [01m[K/home/noa/Documents/SLAM/ros2_ws/src/sllidar_ros2/./sdk/include/rplidar.h:40[m[K,
[0.782s]                  from [01m[K/home/noa/Documents/SLAM/ros2_ws/src/sllidar_ros2/sdk/src/sdkcommon.h:49[m[K,
[0.782s]                  from [01m[K/home/noa/Documents/SLAM/ros2_ws/src/sllidar_ros2/sdk/src/sl_lidar_driver.cpp:33[m[K:
[0.783s] [01m[K/home/noa/Documents/SLAM/ros2_ws/src/sllidar_ros2/./sdk/include/sl_lidar_cmd.h:295:20:[m[K [01;35m[Kwarning: [m[KISO C++ forbids zero-size array ‘[01m[Kpayload[m[K’ [[01;35m[K-Wpedantic[m[K]
[0.783s]   295 |     sl_u8  payload[[01;35m[K0[m[K];
[0.783s]       |                    [01;35m[K^[m[K
[0.794s] [ 78%] [32mBuilding CXX object CMakeFiles/sllidar_node.dir/sdk/src/sl_tcp_channel.cpp.o[0m
[0.816s] [01m[K/home/noa/Documents/SLAM/ros2_ws/src/sllidar_ros2/sdk/src/sl_tcp_channel.cpp:33:9:[m[K [01;35m[Kwarning: [m[K#pragma once in main file
[0.816s]    33 | #pragma [01;35m[Konce[m[K
[0.816s]       |         [01;35m[K^~~~[m[K
[0.856s] [01m[K/home/noa/Documents/SLAM/ros2_ws/src/sllidar_ros2/sdk/src/rplidar_driver.cpp:[m[K In member function ‘[01m[Ku_result rp::standalone::rplidar::RPlidarDriver::connect(const char*, _u32, _u32)[m[K’:
[0.856s] [01m[K/home/noa/Documents/SLAM/ros2_ws/src/sllidar_ros2/sdk/src/rplidar_driver.cpp:67:77:[m[K [01;35m[Kwarning: [m[Kunused parameter ‘[01m[Kflag[m[K’ [[01;35m[K-Wunused-parameter[m[K]
[0.856s]    67 |     u_result RPlidarDriver::connect(const char *path, _u32 portOrBaud, [01;35m[K_u32 flag[m[K)
[0.856s]       |                                                                        [01;35m[K~~~~~^~~~[m[K
[0.857s] [01m[K/home/noa/Documents/SLAM/ros2_ws/src/sllidar_ros2/sdk/src/rplidar_driver.cpp:[m[K In member function ‘[01m[Ku_result rp::standalone::rplidar::RPlidarDriver::reset(_u32)[m[K’:
[0.857s] [01m[K/home/noa/Documents/SLAM/ros2_ws/src/sllidar_ros2/sdk/src/rplidar_driver.cpp:101:40:[m[K [01;35m[Kwarning: [m[Kunused parameter ‘[01m[Ktimeout[m[K’ [[01;35m[K-Wunused-parameter[m[K]
[0.857s]   101 |     u_result RPlidarDriver::reset([01;35m[K_u32 timeout[m[K)
[0.857s]       |                                   [01;35m[K~~~~~^~~~~~~[m[K
[0.859s] [01m[K/home/noa/Documents/SLAM/ros2_ws/src/sllidar_ros2/sdk/src/rplidar_driver.cpp:[m[K In member function ‘[01m[Ku_result rp::standalone::rplidar::RPlidarDriver::getScanDataWithInterval(rplidar_response_measurement_node_t*, size_t&)[m[K’:
[0.859s] [01m[K/home/noa/Documents/SLAM/ros2_ws/src/sllidar_ros2/sdk/src/rplidar_driver.cpp:175:91:[m[K [01;35m[Kwarning: [m[Kunused parameter ‘[01m[Knodebuffer[m[K’ [[01;35m[K-Wunused-parameter[m[K]
[0.859s]   175 |     u_result RPlidarDriver::getScanDataWithInterval([01;35m[Krplidar_response_measurement_node_t * nodebuffer[m[K, size_t & count)
[0.859s]       |                                                     [01;35m[K~~~~~~~~~~~~~~~~~~~~~~~~~~~~~~~~~~~~~~^~~~~~~~~~[m[K
[0.859s] [01m[K/home/noa/Documents/SLAM/ros2_ws/src/sllidar_ros2/sdk/src/rplidar_driver.cpp:175:112:[m[K [01;35m[Kwarning: [m[Kunused parameter ‘[01m[Kcount[m[K’ [[01;35m[K-Wunused-parameter[m[K]
[0.860s]   175 |     u_result RPlidarDriver::getScanDataWithInterval(rplidar_response_measurement_node_t * nodebuffer, [01;35m[Ksize_t & count[m[K)
[0.860s]       |                                                                                                       [01;35m[K~~~~~~~~~^~~~~[m[K
[0.902s] In file included from [01m[K/home/noa/Documents/SLAM/ros2_ws/src/sllidar_ros2/./sdk/include/sl_lidar_cmd.h:36[m[K,
[0.902s]                  from [01m[K/home/noa/Documents/SLAM/ros2_ws/src/sllidar_ros2/./sdk/include/sl_lidar_driver.h:54[m[K,
[0.902s]                  from [01m[K/home/noa/Documents/SLAM/ros2_ws/src/sllidar_ros2/sdk/src/sl_serial_channel.cpp:34[m[K:
[0.902s] [01m[K/home/noa/Documents/SLAM/ros2_ws/src/sllidar_ros2/./sdk/include/sl_lidar_protocol.h:58:16:[m[K [01;35m[Kwarning: [m[KISO C++ forbids zero-size array ‘[01m[Kdata[m[K’ [[01;35m[K-Wpedantic[m[K]
[0.902s]    58 |     sl_u8 data[[01;35m[K0[m[K];
[0.902s]       |                [01;35m[K^[m[K
[0.903s] In file included from [01m[K/home/noa/Documents/SLAM/ros2_ws/src/sllidar_ros2/./sdk/include/sl_lidar_driver.h:54[m[K,
[0.903s]                  from [01m[K/home/noa/Documents/SLAM/ros2_ws/src/sllidar_ros2/sdk/src/sl_serial_channel.cpp:34[m[K:
[0.903s] [01m[K/home/noa/Documents/SLAM/ros2_ws/src/sllidar_ros2/./sdk/include/sl_lidar_cmd.h:295:20:[m[K [01;35m[Kwarning: [m[KISO C++ forbids zero-size array ‘[01m[Kpayload[m[K’ [[01;35m[K-Wpedantic[m[K]
[0.903s]   295 |     sl_u8  payload[[01;35m[K0[m[K];
[0.903s]       |                    [01;35m[K^[m[K
[0.909s] [ 85%] [32mBuilding CXX object CMakeFiles/sllidar_node.dir/sdk/src/sl_udp_channel.cpp.o[0m
[0.912s] [01m[K/home/noa/Documents/SLAM/ros2_ws/src/sllidar_ros2/sdk/src/sl_lidar_driver.cpp:[m[K In member function ‘[01m[Kvirtual sl_result sl::SlamtecLidarDriver::reset(sl_u32)[m[K’:
[0.912s] [01m[K/home/noa/Documents/SLAM/ros2_ws/src/sllidar_ros2/sdk/src/sl_lidar_driver.cpp:273:32:[m[K [01;35m[Kwarning: [m[Kunused parameter ‘[01m[KtimeoutInMs[m[K’ [[01;35m[K-Wunused-parameter[m[K]
[0.912s]   273 |         sl_result reset([01;35m[Ksl_u32 timeoutInMs = DEFAULT_TIMEOUT[m[K)
[0.912s]       |                         [01;35m[K~~~~~~~^~~~~~~~~~~~~~~~~~~~~~~~~~~~~[m[K
[0.915s] [01m[K/home/noa/Documents/SLAM/ros2_ws/src/sllidar_ros2/sdk/src/sl_lidar_driver.cpp:[m[K In member function ‘[01m[Kvirtual sl_result sl::SlamtecLidarDriver::getAllSupportedScanModes(std::vector<sl::LidarScanMode>&, sl_u32)[m[K’:
[0.915s] [01m[K/home/noa/Documents/SLAM/ros2_ws/src/sllidar_ros2/sdk/src/sl_lidar_driver.cpp:286:89:[m[K [01;35m[Kwarning: [m[Kunused parameter ‘[01m[KtimeoutInMs[m[K’ [[01;35m[K-Wunused-parameter[m[K]
[0.915s]   286 |         sl_result getAllSupportedScanModes(std::vector<LidarScanMode>& outModes, [01;35m[Ksl_u32 timeoutInMs = DEFAULT_TIMEOUT[m[K)
[0.915s]       |                                                                                  [01;35m[K~~~~~~~^~~~~~~~~~~~~~~~~~~~~~~~~~~~~[m[K
[0.916s] [01m[K/home/noa/Documents/SLAM/ros2_ws/src/sllidar_ros2/sdk/src/sl_lidar_driver.cpp:[m[K In member function ‘[01m[Kvirtual sl_result sl::SlamtecLidarDriver::startScan(bool, bool, sl_u32, sl::LidarScanMode*)[m[K’:
[0.916s] [01m[K/home/noa/Documents/SLAM/ros2_ws/src/sllidar_ros2/sdk/src/sl_lidar_driver.cpp:347:69:[m[K [01;35m[Kwarning: [m[Kunused parameter ‘[01m[Koptions[m[K’ [[01;35m[K-Wunused-parameter[m[K]
[0.916s]   347 |         sl_result startScan(bool force, bool useTypicalScan, [01;35m[Ksl_u32 options = 0[m[K, LidarScanMode* outUsedScanMode = nullptr)
[0.916s]       |                                                              [01;35m[K~~~~~~~^~~~~~~~~~~[m[K
[0.919s] [01m[K/home/noa/Documents/SLAM/ros2_ws/src/sllidar_ros2/sdk/src/sl_lidar_driver.cpp:[m[K In member function ‘[01m[Kvirtual sl_result sl::SlamtecLidarDriver::stop(sl_u32)[m[K’:
[0.919s] [01m[K/home/noa/Documents/SLAM/ros2_ws/src/sllidar_ros2/sdk/src/sl_lidar_driver.cpp:534:31:[m[K [01;35m[Kwarning: [m[Kunused parameter ‘[01m[Ktimeout[m[K’ [[01;35m[K-Wunused-parameter[m[K]
[0.919s]   534 |         sl_result stop([01;35m[Ksl_u32 timeout = DEFAULT_TIMEOUT[m[K)
[0.919s]       |                        [01;35m[K~~~~~~~^~~~~~~~~~~~~~~~~~~~~~~~~[m[K
[0.919s] [01m[K/home/noa/Documents/SLAM/ros2_ws/src/sllidar_ros2/sdk/src/sl_lidar_driver.cpp:[m[K In member function ‘[01m[Kvirtual sl_result sl::SlamtecLidarDriver::getDeviceInfo(sl_lidar_response_device_info_t&, sl_u32)[m[K’:
[0.920s] [01m[K/home/noa/Documents/SLAM/ros2_ws/src/sllidar_ros2/sdk/src/sl_lidar_driver.cpp:579:79:[m[K [01;35m[Kwarning: [m[Kunused parameter ‘[01m[Ktimeout[m[K’ [[01;35m[K-Wunused-parameter[m[K]
[0.920s]   579 |         sl_result getDeviceInfo(sl_lidar_response_device_info_t& info, [01;35m[Ksl_u32 timeout = DEFAULT_TIMEOUT[m[K)
[0.920s]       |                                                                        [01;35m[K~~~~~~~^~~~~~~~~~~~~~~~~~~~~~~~~[m[K
[0.920s] [01m[K/home/noa/Documents/SLAM/ros2_ws/src/sllidar_ros2/sdk/src/sl_lidar_driver.cpp:[m[K In member function ‘[01m[Kvirtual sl_result sl::SlamtecLidarDriver::checkMotorCtrlSupport(sl::MotorCtrlSupport&, sl_u32)[m[K’:
[0.920s] [01m[K/home/noa/Documents/SLAM/ros2_ws/src/sllidar_ros2/sdk/src/sl_lidar_driver.cpp:592:76:[m[K [01;35m[Kwarning: [m[Kunused parameter ‘[01m[Ktimeout[m[K’ [[01;35m[K-Wunused-parameter[m[K]
[0.920s]   592 |         sl_result checkMotorCtrlSupport(MotorCtrlSupport & support, [01;35m[Ksl_u32 timeout = DEFAULT_TIMEOUT[m[K)
[0.921s]       |                                                                     [01;35m[K~~~~~~~^~~~~~~~~~~~~~~~~~~~~~~~~[m[K
[0.921s] [01m[K/home/noa/Documents/SLAM/ros2_ws/src/sllidar_ros2/sdk/src/sl_lidar_driver.cpp:[m[K In member function ‘[01m[Kvirtual sl_result sl::SlamtecLidarDriver::getFrequency(const sl::LidarScanMode&, const sl_lidar_response_measurement_node_hq_t*, size_t, float&)[m[K’:
[0.921s] [01m[K/home/noa/Documents/SLAM/ros2_ws/src/sllidar_ros2/sdk/src/sl_lidar_driver.cpp:627:110:[m[K [01;35m[Kwarning: [m[Kunused parameter ‘[01m[Knodes[m[K’ [[01;35m[K-Wunused-parameter[m[K]
[0.921s]   627 |         sl_result getFrequency(const LidarScanMode& scanMode, [01;35m[Kconst sl_lidar_response_measurement_node_hq_t* nodes[m[K, size_t count, float& frequency)
[0.921s]       |                                                               [01;35m[K~~~~~~~~~~~~~~~~~~~~~~~~~~~~~~~~~~~~~~~~~~~~~~~^~~~~[m[K
[0.921s] [01m[K/home/noa/Documents/SLAM/ros2_ws/src/sllidar_ros2/sdk/src/sl_lidar_driver.cpp:[m[K In member function ‘[01m[Kvirtual sl_result sl::SlamtecLidarDriver::getHealth(sl_lidar_response_device_health_t&, sl_u32)[m[K’:
[0.921s] [01m[K/home/noa/Documents/SLAM/ros2_ws/src/sllidar_ros2/sdk/src/sl_lidar_driver.cpp:640:79:[m[K [01;35m[Kwarning: [m[Kunused parameter ‘[01m[Ktimeout[m[K’ [[01;35m[K-Wunused-parameter[m[K]
[0.921s]   640 |         sl_result getHealth(sl_lidar_response_device_health_t& health, [01;35m[Ksl_u32 timeout = DEFAULT_TIMEOUT[m[K)
[0.921s]       |                                                                        [01;35m[K~~~~~~~^~~~~~~~~~~~~~~~~~~~~~~~~[m[K
[0.923s] [01m[K/home/noa/Documents/SLAM/ros2_ws/src/sllidar_ros2/sdk/src/sl_lidar_driver.cpp:[m[K In member function ‘[01m[Kvirtual sl_result sl::SlamtecLidarDriver::getMotorInfo(sl::LidarMotorInfo&, sl_u32)[m[K’:
[0.923s] [01m[K/home/noa/Documents/SLAM/ros2_ws/src/sllidar_ros2/sdk/src/sl_lidar_driver.cpp:730:66:[m[K [01;35m[Kwarning: [m[Kunused parameter ‘[01m[KtimeoutInMs[m[K’ [[01;35m[K-Wunused-parameter[m[K]
[0.923s]   730 |         sl_result getMotorInfo(LidarMotorInfo &motorInfo, [01;35m[Ksl_u32 timeoutInMs[m[K)
[0.923s]       |                                                           [01;35m[K~~~~~~~^~~~~~~~~~~[m[K
[0.928s] [01m[K/home/noa/Documents/SLAM/ros2_ws/src/sllidar_ros2/sdk/src/sl_lidar_driver.cpp:[m[K In member function ‘[01m[Ksl_result sl::SlamtecLidarDriver::_sendCommand(sl_u16, const void*, size_t)[m[K’:
[0.929s] [01m[K/home/noa/Documents/SLAM/ros2_ws/src/sllidar_ros2/sdk/src/sl_lidar_driver.cpp:1089:35:[m[K [01;35m[Kwarning: [m[Kcomparison of integer expressions of different signedness: ‘[01m[Kint[m[K’ and ‘[01m[Kstd::vector<unsigned char>::size_type[m[K’ {aka ‘[01m[Klong unsigned int[m[K’} [[01;35m[K-Wsign-compare[m[K]
[0.929s]  1089 |             for (int pos = 0; [01;35m[Kpos < cmd_packet.size()[m[K; pos++) {
[0.929s]       |                               [01;35m[K~~~~^~~~~~~~~~~~~~~~~~~[m[K
[0.929s] [01m[K/home/noa/Documents/SLAM/ros2_ws/src/sllidar_ros2/sdk/src/sl_lidar_driver.cpp:1058:19:[m[K [01;35m[Kwarning: [m[Kunused variable ‘[01m[Kpkt_header[m[K’ [[01;35m[K-Wunused-variable[m[K]
[0.929s]  1058 |             sl_u8 [01;35m[Kpkt_header[m[K[10];
[0.929s]       |                   [01;35m[K^~~~~~~~~~[m[K
[0.932s] [01m[K/home/noa/Documents/SLAM/ros2_ws/src/sllidar_ros2/sdk/src/sl_lidar_driver.cpp:[m[K In member function ‘[01m[Kvoid sl::SlamtecLidarDriver::_ultraCapsuleToNormal(const sl_lidar_response_ultra_capsule_measurement_nodes_t&, sl_lidar_response_measurement_node_hq_t*, size_t&)[m[K’:
[0.932s] [01m[K/home/noa/Documents/SLAM/ros2_ws/src/sllidar_ros2/sdk/src/sl_lidar_driver.cpp:1370:40:[m[K [01;35m[Kwarning: [m[Kcomparison of integer expressions of different signedness: ‘[01m[Kint[m[K’ and ‘[01m[Kunsigned int[m[K’ [[01;35m[K-Wsign-compare[m[K]
[0.932s]  1370 |                     if (([01;35m[Kdist_predict1 == 0xFFFFFE00[m[K) || (dist_predict1 == 0x1FF)) {
[0.932s]       |                          [01;35m[K~~~~~~~~~~~~~~^~~~~~~~~~~~~[m[K
[0.932s] [01m[K/home/noa/Documents/SLAM/ros2_ws/src/sllidar_ros2/sdk/src/sl_lidar_driver.cpp:1379:40:[m[K [01;35m[Kwarning: [m[Kcomparison of integer expressions of different signedness: ‘[01m[Kint[m[K’ and ‘[01m[Kunsigned int[m[K’ [[01;35m[K-Wsign-compare[m[K]
[0.932s]  1379 |                     if (([01;35m[Kdist_predict2 == 0xFFFFFE00[m[K) || (dist_predict2 == 0x1FF)) {
[0.932s]       |                          [01;35m[K~~~~~~~~~~~~~~^~~~~~~~~~~~~[m[K
[0.936s] [01m[K/home/noa/Documents/SLAM/ros2_ws/src/sllidar_ros2/sdk/src/sl_lidar_driver.cpp:[m[K In member function ‘[01m[Kvoid sl::SlamtecLidarDriver::_dense_capsuleToNormal(const sl_lidar_response_capsule_measurement_nodes_t&, sl_lidar_response_measurement_node_hq_t*, size_t&)[m[K’:
[0.936s] [01m[K/home/noa/Documents/SLAM/ros2_ws/src/sllidar_ros2/sdk/src/sl_lidar_driver.cpp:1577:116:[m[K [01;35m[Kwarning: [m[Ktype qualifiers ignored on cast result type [[01;35m[K-Wignored-qualifiers[m[K]
[0.936s]  1577 |                     const int dist = static_cast<const int>(_cached_previous_dense_capsuledata.cabins[pos].distance[01;35m[K)[m[K;
[0.936s]       |                                                                                                                    [01;35m[K^[m[K
[0.958s] [01m[K/home/noa/Documents/SLAM/ros2_ws/src/sllidar_ros2/sdk/src/sl_udp_channel.cpp:33:9:[m[K [01;35m[Kwarning: [m[K#pragma once in main file
[0.958s]    33 | #pragma [01;35m[Konce[m[K
[0.958s]       |         [01;35m[K^~~~[m[K
[1.025s] [01m[K/home/noa/Documents/SLAM/ros2_ws/src/sllidar_ros2/sdk/src/sl_lidar_driver.cpp:[m[K At global scope:
[1.025s] [01m[K/home/noa/Documents/SLAM/ros2_ws/src/sllidar_ros2/sdk/src/sl_lidar_driver.cpp:72:17:[m[K [01;35m[Kwarning: [m[K‘[01m[Kvoid sl::convert(const sl_lidar_response_measurement_node_hq_t&, sl_lidar_response_measurement_node_t&)[m[K’ defined but not used [[01;35m[K-Wunused-function[m[K]
[1.026s]    72 |     static void [01;35m[Kconvert[m[K(const sl_lidar_response_measurement_node_hq_t& from, sl_lidar_response_measurement_node_t& to)
[1.026s]       |                 [01;35m[K^~~~~~~[m[K
[1.026s] [01m[K/home/noa/Documents/SLAM/ros2_ws/src/sllidar_ros2/sdk/src/sl_lidar_driver.cpp:59:17:[m[K [01;35m[Kwarning: [m[K‘[01m[Kvoid sl::printDeprecationWarn(const char*, const char*)[m[K’ defined but not used [[01;35m[K-Wunused-function[m[K]
[1.026s]    59 |     static void [01;35m[KprintDeprecationWarn[m[K(const char* fn, const char* replacement)
[1.027s]       |                 [01;35m[K^~~~~~~~~~~~~~~~~~~~[m[K
[1.054s] In file included from [01m[K/home/noa/Documents/SLAM/ros2_ws/src/sllidar_ros2/./sdk/include/sl_lidar_cmd.h:36[m[K,
[1.054s]                  from [01m[K/home/noa/Documents/SLAM/ros2_ws/src/sllidar_ros2/./sdk/include/sl_lidar_driver.h:54[m[K,
[1.054s]                  from [01m[K/home/noa/Documents/SLAM/ros2_ws/src/sllidar_ros2/sdk/src/sl_tcp_channel.cpp:34[m[K:
[1.054s] [01m[K/home/noa/Documents/SLAM/ros2_ws/src/sllidar_ros2/./sdk/include/sl_lidar_protocol.h:58:16:[m[K [01;35m[Kwarning: [m[KISO C++ forbids zero-size array ‘[01m[Kdata[m[K’ [[01;35m[K-Wpedantic[m[K]
[1.055s]    58 |     sl_u8 data[[01;35m[K0[m[K];
[1.055s]       |                [01;35m[K^[m[K
[1.055s] In file included from [01m[K/home/noa/Documents/SLAM/ros2_ws/src/sllidar_ros2/./sdk/include/sl_lidar_driver.h:54[m[K,
[1.055s]                  from [01m[K/home/noa/Documents/SLAM/ros2_ws/src/sllidar_ros2/sdk/src/sl_tcp_channel.cpp:34[m[K:
[1.055s] [01m[K/home/noa/Documents/SLAM/ros2_ws/src/sllidar_ros2/./sdk/include/sl_lidar_cmd.h:295:20:[m[K [01;35m[Kwarning: [m[KISO C++ forbids zero-size array ‘[01m[Kpayload[m[K’ [[01;35m[K-Wpedantic[m[K]
[1.055s]   295 |     sl_u8  payload[[01;35m[K0[m[K];
[1.056s]       |                    [01;35m[K^[m[K
[1.059s] [01m[K/home/noa/Documents/SLAM/ros2_ws/src/sllidar_ros2/sdk/src/sl_tcp_channel.cpp:[m[K In member function ‘[01m[Kvoid sl::TcpChannel::setStatus(_u32)[m[K’:
[1.059s] [01m[K/home/noa/Documents/SLAM/ros2_ws/src/sllidar_ros2/sdk/src/sl_tcp_channel.cpp:95:29:[m[K [01;35m[Kwarning: [m[Kunused parameter ‘[01m[Kflag[m[K’ [[01;35m[K-Wunused-parameter[m[K]
[1.059s]    95 |         void setStatus([01;35m[K_u32 flag[m[K){}
[1.060s]       |                        [01;35m[K~~~~~^~~~[m[K
[1.201s] In file included from [01m[K/home/noa/Documents/SLAM/ros2_ws/src/sllidar_ros2/./sdk/include/sl_lidar_cmd.h:36[m[K,
[1.201s]                  from [01m[K/home/noa/Documents/SLAM/ros2_ws/src/sllidar_ros2/./sdk/include/sl_lidar_driver.h:54[m[K,
[1.201s]                  from [01m[K/home/noa/Documents/SLAM/ros2_ws/src/sllidar_ros2/sdk/src/sl_udp_channel.cpp:34[m[K:
[1.201s] [01m[K/home/noa/Documents/SLAM/ros2_ws/src/sllidar_ros2/./sdk/include/sl_lidar_protocol.h:58:16:[m[K [01;35m[Kwarning: [m[KISO C++ forbids zero-size array ‘[01m[Kdata[m[K’ [[01;35m[K-Wpedantic[m[K]
[1.201s]    58 |     sl_u8 data[[01;35m[K0[m[K];
[1.201s]       |                [01;35m[K^[m[K
[1.202s] In file included from [01m[K/home/noa/Documents/SLAM/ros2_ws/src/sllidar_ros2/./sdk/include/sl_lidar_driver.h:54[m[K,
[1.202s]                  from [01m[K/home/noa/Documents/SLAM/ros2_ws/src/sllidar_ros2/sdk/src/sl_udp_channel.cpp:34[m[K:
[1.202s] [01m[K/home/noa/Documents/SLAM/ros2_ws/src/sllidar_ros2/./sdk/include/sl_lidar_cmd.h:295:20:[m[K [01;35m[Kwarning: [m[KISO C++ forbids zero-size array ‘[01m[Kpayload[m[K’ [[01;35m[K-Wpedantic[m[K]
[1.202s]   295 |     sl_u8  payload[[01;35m[K0[m[K];
[1.202s]       |                    [01;35m[K^[m[K
[1.207s] [01m[K/home/noa/Documents/SLAM/ros2_ws/src/sllidar_ros2/sdk/src/sl_udp_channel.cpp:[m[K In member function ‘[01m[Kvoid sl::UdpChannel::setStatus(_u32)[m[K’:
[1.207s] [01m[K/home/noa/Documents/SLAM/ros2_ws/src/sllidar_ros2/sdk/src/sl_udp_channel.cpp:103:29:[m[K [01;35m[Kwarning: [m[Kunused parameter ‘[01m[Kflag[m[K’ [[01;35m[K-Wunused-parameter[m[K]
[1.207s]   103 |         void setStatus([01;35m[K_u32 flag[m[K){}
[1.211s]       |                        [01;35m[K~~~~~^~~~[m[K
[1.730s] In file included from [01m[K/home/noa/Documents/SLAM/ros2_ws/src/sllidar_ros2/./sdk/include/sl_lidar_cmd.h:36[m[K,
[1.730s]                  from [01m[K/home/noa/Documents/SLAM/ros2_ws/src/sllidar_ros2/./sdk/include/sl_lidar_driver.h:54[m[K,
[1.730s]                  from [01m[K/home/noa/Documents/SLAM/ros2_ws/src/sllidar_ros2/./sdk/include/sl_lidar.h:36[m[K,
[1.730s]                  from [01m[K/home/noa/Documents/SLAM/ros2_ws/src/sllidar_ros2/src/sllidar_node.cpp:38[m[K:
[1.731s] [01m[K/home/noa/Documents/SLAM/ros2_ws/src/sllidar_ros2/./sdk/include/sl_lidar_protocol.h:58:16:[m[K [01;35m[Kwarning: [m[KISO C++ forbids zero-size array ‘[01m[Kdata[m[K’ [[01;35m[K-Wpedantic[m[K]
[1.731s]    58 |     sl_u8 data[[01;35m[K0[m[K];
[1.731s]       |                [01;35m[K^[m[K
[1.731s] In file included from [01m[K/home/noa/Documents/SLAM/ros2_ws/src/sllidar_ros2/./sdk/include/sl_lidar_driver.h:54[m[K,
[1.731s]                  from [01m[K/home/noa/Documents/SLAM/ros2_ws/src/sllidar_ros2/./sdk/include/sl_lidar.h:36[m[K,
[1.731s]                  from [01m[K/home/noa/Documents/SLAM/ros2_ws/src/sllidar_ros2/src/sllidar_node.cpp:38[m[K:
[1.731s] [01m[K/home/noa/Documents/SLAM/ros2_ws/src/sllidar_ros2/./sdk/include/sl_lidar_cmd.h:295:20:[m[K [01;35m[Kwarning: [m[KISO C++ forbids zero-size array ‘[01m[Kpayload[m[K’ [[01;35m[K-Wpedantic[m[K]
[1.731s]   295 |     sl_u8  payload[[01;35m[K0[m[K];
[1.731s]       |                    [01;35m[K^[m[K
[2.553s] [01m[K/home/noa/Documents/SLAM/ros2_ws/src/sllidar_ros2/src/sllidar_node.cpp:[m[K In member function ‘[01m[Kbool SLlidarNode::checkSLLIDARHealth(sl::ILidarDriver*)[m[K’:
[2.553s] [01m[K/home/noa/Documents/SLAM/ros2_ws/src/sllidar_ros2/src/sllidar_node.cpp:147:5:[m[K [01;35m[Kwarning: [m[Kcontrol reaches end of non-void function [[01;35m[K-Wreturn-type[m[K]
[2.553s]   147 |     [01;35m[K}[m[K
[2.554s]       |     [01;35m[K^[m[K
[3.461s] [ 92%] [32m[1mLinking CXX executable sllidar_node[0m
[3.626s] [ 92%] Built target sllidar_node
[4.347s] [100%] [32m[1mLinking CXX executable sllidar_client[0m
[4.538s] [100%] Built target sllidar_client
