[0.026s] Invoking command in '/home/noa/Documents/SLAM/ros2_ws/src/build/cpp_pubsub_tutorial_interfaces': AMENT_PREFIX_PATH=/home/noa/Documents/SLAM/ros2_ws/src/install/tutorial_interfaces:${AMENT_PREFIX_PATH} CMAKE_PREFIX_PATH=/home/noa/Documents/SLAM/ros2_ws/src/install/tutorial_interfaces:/home/noa/Documents/SLAM/ros2_ws/install/cpp_pubsub_tutorial_interfaces:/home/noa/Documents/SLAM/ros2_ws/install/tutorial_interfaces:/home/noa/Documents/SLAM/ros2_ws/install/sllidar_ros2:/home/noa/Documents/SLAM/ros2_ws/install/cpp_pubsub:/opt/ros/foxy LD_LIBRARY_PATH=/home/noa/Documents/SLAM/ros2_ws/src/install/tutorial_interfaces/lib:${LD_LIBRARY_PATH} PS1=\u@\h \[\033[32m\]\w\[\033[33m\]$(parse_git_branch)\[\033[00m\] $ PYTHONPATH=/home/noa/Documents/SLAM/ros2_ws/src/install/tutorial_interfaces/lib/python3.8/site-packages:${PYTHONPATH} /usr/bin/cmake /home/noa/Documents/SLAM/ros2_ws/src/cpp_pubsub_tutorial_interfaces -DAMENT_CMAKE_SYMLINK_INSTALL=1 -DCMAKE_INSTALL_PREFIX=/home/noa/Documents/SLAM/ros2_ws/src/install/cpp_pubsub_tutorial_interfaces
[0.110s] -- The C compiler identification is GNU 9.4.0
[0.189s] -- The CXX compiler identification is GNU 9.4.0
[0.202s] -- Check for working C compiler: /usr/bin/cc
[0.296s] -- Check for working C compiler: /usr/bin/cc -- works
[0.296s] -- Detecting C compiler ABI info
[0.381s] -- Detecting C compiler ABI info - done
[0.384s] -- Detecting C compile features
[0.385s] -- Detecting C compile features - done
[0.388s] -- Check for working CXX compiler: /usr/bin/c++
[0.476s] -- Check for working CXX compiler: /usr/bin/c++ -- works
[0.478s] -- Detecting CXX compiler ABI info
[0.601s] -- Detecting CXX compiler ABI info - done
[0.615s] -- Detecting CXX compile features
[0.616s] -- Detecting CXX compile features - done
[0.619s] -- Found ament_cmake: 0.9.9 (/opt/ros/foxy/share/ament_cmake/cmake)
[0.650s] -- Found PythonInterp: /usr/bin/python3 (found suitable version "3.8.10", minimum required is "3") 
[0.650s] -- Using PYTHON_EXECUTABLE: /usr/bin/python3
[0.894s] -- Override CMake install command with custom implementation using symlinks instead of copying resources
[0.926s] -- Found rclcpp: 2.4.1 (/opt/ros/foxy/share/rclcpp/cmake)
[0.988s] -- Using all available rosidl_typesupport_c: rosidl_typesupport_fastrtps_c;rosidl_typesupport_introspection_c
[0.998s] -- Found rosidl_adapter: 1.2.1 (/opt/ros/foxy/share/rosidl_adapter/cmake)
[1.093s] -- Found OpenSSL: /usr/lib/x86_64-linux-gnu/libcrypto.so (found version "1.1.1f")  
[1.128s] -- Found FastRTPS: /opt/ros/foxy/include  
[1.228s] -- Using all available rosidl_typesupport_cpp: rosidl_typesupport_fastrtps_cpp;rosidl_typesupport_introspection_cpp
[1.311s] -- Found rmw_implementation_cmake: 1.0.3 (/opt/ros/foxy/share/rmw_implementation_cmake/cmake)
[1.314s] -- Using RMW implementation 'rmw_fastrtps_cpp' as default
[1.315s] -- Looking for pthread.h
[1.400s] -- Looking for pthread.h - found
[1.400s] -- Performing Test CMAKE_HAVE_LIBC_PTHREAD
[1.474s] -- Performing Test CMAKE_HAVE_LIBC_PTHREAD - Failed
[1.474s] -- Looking for pthread_create in pthreads
[1.532s] -- Looking for pthread_create in pthreads - not found
[1.533s] -- Looking for pthread_create in pthread
[1.604s] -- Looking for pthread_create in pthread - found
[1.604s] -- Found Threads: TRUE  
[1.770s] -- Found tutorial_interfaces: 0.0.0 (/home/noa/Documents/SLAM/ros2_ws/src/install/tutorial_interfaces/share/tutorial_interfaces/cmake)
[1.787s] -- Found ament_lint_auto: 0.9.6 (/opt/ros/foxy/share/ament_lint_auto/cmake)
[1.868s] -- Added test 'copyright' to check source files copyright and LICENSE
[1.881s] -- Added test 'cppcheck' to perform static code analysis on C / C++ code
[1.881s] -- Configured cppcheck include dirs: 
[1.881s] -- Configured cppcheck exclude dirs and/or files: 
[1.893s] -- Added test 'cpplint' to check C / C++ code against the Google style
[1.894s] -- Configured cpplint exclude dirs and/or files: 
[1.895s] -- Added test 'flake8' to check Python code syntax and style conventions
[1.899s] -- Added test 'lint_cmake' to check CMake code style
[1.901s] -- Added test 'pep257' to check Python code against some of the style conventions in PEP 257
[1.913s] -- Added test 'uncrustify' to check C / C++ code style
[1.913s] -- Configured uncrustify additional arguments: 
[1.915s] -- Added test 'xmllint' to check XML markup files
[1.918s] -- Configuring done
[1.926s] -- Generating done
[1.927s] -- Build files have been written to: /home/noa/Documents/SLAM/ros2_ws/src/build/cpp_pubsub_tutorial_interfaces
[1.933s] Invoked command in '/home/noa/Documents/SLAM/ros2_ws/src/build/cpp_pubsub_tutorial_interfaces' returned '0': AMENT_PREFIX_PATH=/home/noa/Documents/SLAM/ros2_ws/src/install/tutorial_interfaces:${AMENT_PREFIX_PATH} CMAKE_PREFIX_PATH=/home/noa/Documents/SLAM/ros2_ws/src/install/tutorial_interfaces:/home/noa/Documents/SLAM/ros2_ws/install/cpp_pubsub_tutorial_interfaces:/home/noa/Documents/SLAM/ros2_ws/install/tutorial_interfaces:/home/noa/Documents/SLAM/ros2_ws/install/sllidar_ros2:/home/noa/Documents/SLAM/ros2_ws/install/cpp_pubsub:/opt/ros/foxy LD_LIBRARY_PATH=/home/noa/Documents/SLAM/ros2_ws/src/install/tutorial_interfaces/lib:${LD_LIBRARY_PATH} PS1=\u@\h \[\033[32m\]\w\[\033[33m\]$(parse_git_branch)\[\033[00m\] $ PYTHONPATH=/home/noa/Documents/SLAM/ros2_ws/src/install/tutorial_interfaces/lib/python3.8/site-packages:${PYTHONPATH} /usr/bin/cmake /home/noa/Documents/SLAM/ros2_ws/src/cpp_pubsub_tutorial_interfaces -DAMENT_CMAKE_SYMLINK_INSTALL=1 -DCMAKE_INSTALL_PREFIX=/home/noa/Documents/SLAM/ros2_ws/src/install/cpp_pubsub_tutorial_interfaces
[1.936s] Invoking command in '/home/noa/Documents/SLAM/ros2_ws/src/build/cpp_pubsub_tutorial_interfaces': AMENT_PREFIX_PATH=/home/noa/Documents/SLAM/ros2_ws/src/install/tutorial_interfaces:${AMENT_PREFIX_PATH} CMAKE_PREFIX_PATH=/home/noa/Documents/SLAM/ros2_ws/src/install/tutorial_interfaces:/home/noa/Documents/SLAM/ros2_ws/install/cpp_pubsub_tutorial_interfaces:/home/noa/Documents/SLAM/ros2_ws/install/tutorial_interfaces:/home/noa/Documents/SLAM/ros2_ws/install/sllidar_ros2:/home/noa/Documents/SLAM/ros2_ws/install/cpp_pubsub:/opt/ros/foxy LD_LIBRARY_PATH=/home/noa/Documents/SLAM/ros2_ws/src/install/tutorial_interfaces/lib:${LD_LIBRARY_PATH} PS1=\u@\h \[\033[32m\]\w\[\033[33m\]$(parse_git_branch)\[\033[00m\] $ PYTHONPATH=/home/noa/Documents/SLAM/ros2_ws/src/install/tutorial_interfaces/lib/python3.8/site-packages:${PYTHONPATH} /usr/bin/cmake --build /home/noa/Documents/SLAM/ros2_ws/src/build/cpp_pubsub_tutorial_interfaces -- -j8 -l8
[1.967s] [35m[1mScanning dependencies of target listener[0m
[1.967s] [35m[1mScanning dependencies of target talker[0m
[1.997s] [ 25%] [32mBuilding CXX object CMakeFiles/talker.dir/src/publisher_member_function.cpp.o[0m
[2.000s] [ 50%] [32mBuilding CXX object CMakeFiles/listener.dir/src/subscriber_member_function.cpp.o[0m
[4.259s] [ 75%] [32m[1mLinking CXX executable talker[0m
[4.394s] [ 75%] Built target talker
[5.602s] [100%] [32m[1mLinking CXX executable listener[0m
[5.787s] [100%] Built target listener
[5.797s] Invoked command in '/home/noa/Documents/SLAM/ros2_ws/src/build/cpp_pubsub_tutorial_interfaces' returned '0': AMENT_PREFIX_PATH=/home/noa/Documents/SLAM/ros2_ws/src/install/tutorial_interfaces:${AMENT_PREFIX_PATH} CMAKE_PREFIX_PATH=/home/noa/Documents/SLAM/ros2_ws/src/install/tutorial_interfaces:/home/noa/Documents/SLAM/ros2_ws/install/cpp_pubsub_tutorial_interfaces:/home/noa/Documents/SLAM/ros2_ws/install/tutorial_interfaces:/home/noa/Documents/SLAM/ros2_ws/install/sllidar_ros2:/home/noa/Documents/SLAM/ros2_ws/install/cpp_pubsub:/opt/ros/foxy LD_LIBRARY_PATH=/home/noa/Documents/SLAM/ros2_ws/src/install/tutorial_interfaces/lib:${LD_LIBRARY_PATH} PS1=\u@\h \[\033[32m\]\w\[\033[33m\]$(parse_git_branch)\[\033[00m\] $ PYTHONPATH=/home/noa/Documents/SLAM/ros2_ws/src/install/tutorial_interfaces/lib/python3.8/site-packages:${PYTHONPATH} /usr/bin/cmake --build /home/noa/Documents/SLAM/ros2_ws/src/build/cpp_pubsub_tutorial_interfaces -- -j8 -l8
[5.816s] Invoking command in '/home/noa/Documents/SLAM/ros2_ws/src/build/cpp_pubsub_tutorial_interfaces': AMENT_PREFIX_PATH=/home/noa/Documents/SLAM/ros2_ws/src/install/tutorial_interfaces:${AMENT_PREFIX_PATH} CMAKE_PREFIX_PATH=/home/noa/Documents/SLAM/ros2_ws/src/install/tutorial_interfaces:/home/noa/Documents/SLAM/ros2_ws/install/cpp_pubsub_tutorial_interfaces:/home/noa/Documents/SLAM/ros2_ws/install/tutorial_interfaces:/home/noa/Documents/SLAM/ros2_ws/install/sllidar_ros2:/home/noa/Documents/SLAM/ros2_ws/install/cpp_pubsub:/opt/ros/foxy LD_LIBRARY_PATH=/home/noa/Documents/SLAM/ros2_ws/src/install/tutorial_interfaces/lib:${LD_LIBRARY_PATH} PS1=\u@\h \[\033[32m\]\w\[\033[33m\]$(parse_git_branch)\[\033[00m\] $ PYTHONPATH=/home/noa/Documents/SLAM/ros2_ws/src/install/tutorial_interfaces/lib/python3.8/site-packages:${PYTHONPATH} /usr/bin/cmake --install /home/noa/Documents/SLAM/ros2_ws/src/build/cpp_pubsub_tutorial_interfaces
[5.822s] -- Install configuration: ""
[5.822s] -- Execute custom install script
[5.822s] -- Symlinking: /home/noa/Documents/SLAM/ros2_ws/src/install/cpp_pubsub_tutorial_interfaces/lib/cpp_pubsub_tutorial_interfaces/talker
[5.830s] -- Symlinking: /home/noa/Documents/SLAM/ros2_ws/src/install/cpp_pubsub_tutorial_interfaces/lib/cpp_pubsub_tutorial_interfaces/listener
[5.837s] -- Symlinking: /home/noa/Documents/SLAM/ros2_ws/src/install/cpp_pubsub_tutorial_interfaces/share/ament_index/resource_index/package_run_dependencies/cpp_pubsub_tutorial_interfaces
[5.844s] -- Symlinking: /home/noa/Documents/SLAM/ros2_ws/src/install/cpp_pubsub_tutorial_interfaces/share/ament_index/resource_index/parent_prefix_path/cpp_pubsub_tutorial_interfaces
[5.851s] -- Symlinking: /home/noa/Documents/SLAM/ros2_ws/src/install/cpp_pubsub_tutorial_interfaces/share/cpp_pubsub_tutorial_interfaces/environment/ament_prefix_path.sh
[5.858s] -- Symlinking: /home/noa/Documents/SLAM/ros2_ws/src/install/cpp_pubsub_tutorial_interfaces/share/cpp_pubsub_tutorial_interfaces/environment/ament_prefix_path.dsv
[5.865s] -- Symlinking: /home/noa/Documents/SLAM/ros2_ws/src/install/cpp_pubsub_tutorial_interfaces/share/cpp_pubsub_tutorial_interfaces/environment/path.sh
[5.872s] -- Symlinking: /home/noa/Documents/SLAM/ros2_ws/src/install/cpp_pubsub_tutorial_interfaces/share/cpp_pubsub_tutorial_interfaces/environment/path.dsv
[5.879s] -- Symlinking: /home/noa/Documents/SLAM/ros2_ws/src/install/cpp_pubsub_tutorial_interfaces/share/cpp_pubsub_tutorial_interfaces/local_setup.bash
[5.886s] -- Symlinking: /home/noa/Documents/SLAM/ros2_ws/src/install/cpp_pubsub_tutorial_interfaces/share/cpp_pubsub_tutorial_interfaces/local_setup.sh
[5.893s] -- Symlinking: /home/noa/Documents/SLAM/ros2_ws/src/install/cpp_pubsub_tutorial_interfaces/share/cpp_pubsub_tutorial_interfaces/local_setup.zsh
[5.899s] -- Symlinking: /home/noa/Documents/SLAM/ros2_ws/src/install/cpp_pubsub_tutorial_interfaces/share/cpp_pubsub_tutorial_interfaces/local_setup.dsv
[5.906s] -- Symlinking: /home/noa/Documents/SLAM/ros2_ws/src/install/cpp_pubsub_tutorial_interfaces/share/cpp_pubsub_tutorial_interfaces/package.dsv
[5.913s] -- Symlinking: /home/noa/Documents/SLAM/ros2_ws/src/install/cpp_pubsub_tutorial_interfaces/share/ament_index/resource_index/packages/cpp_pubsub_tutorial_interfaces
[5.921s] -- Symlinking: /home/noa/Documents/SLAM/ros2_ws/src/install/cpp_pubsub_tutorial_interfaces/share/cpp_pubsub_tutorial_interfaces/cmake/cpp_pubsub_tutorial_interfacesConfig.cmake
[5.928s] -- Symlinking: /home/noa/Documents/SLAM/ros2_ws/src/install/cpp_pubsub_tutorial_interfaces/share/cpp_pubsub_tutorial_interfaces/cmake/cpp_pubsub_tutorial_interfacesConfig-version.cmake
[5.934s] -- Symlinking: /home/noa/Documents/SLAM/ros2_ws/src/install/cpp_pubsub_tutorial_interfaces/share/cpp_pubsub_tutorial_interfaces/package.xml
[5.944s] Invoked command in '/home/noa/Documents/SLAM/ros2_ws/src/build/cpp_pubsub_tutorial_interfaces' returned '0': AMENT_PREFIX_PATH=/home/noa/Documents/SLAM/ros2_ws/src/install/tutorial_interfaces:${AMENT_PREFIX_PATH} CMAKE_PREFIX_PATH=/home/noa/Documents/SLAM/ros2_ws/src/install/tutorial_interfaces:/home/noa/Documents/SLAM/ros2_ws/install/cpp_pubsub_tutorial_interfaces:/home/noa/Documents/SLAM/ros2_ws/install/tutorial_interfaces:/home/noa/Documents/SLAM/ros2_ws/install/sllidar_ros2:/home/noa/Documents/SLAM/ros2_ws/install/cpp_pubsub:/opt/ros/foxy LD_LIBRARY_PATH=/home/noa/Documents/SLAM/ros2_ws/src/install/tutorial_interfaces/lib:${LD_LIBRARY_PATH} PS1=\u@\h \[\033[32m\]\w\[\033[33m\]$(parse_git_branch)\[\033[00m\] $ PYTHONPATH=/home/noa/Documents/SLAM/ros2_ws/src/install/tutorial_interfaces/lib/python3.8/site-packages:${PYTHONPATH} /usr/bin/cmake --install /home/noa/Documents/SLAM/ros2_ws/src/build/cpp_pubsub_tutorial_interfaces
