[0.025s] Invoking command in '/home/noa/Documents/SLAM/ros2_ws/build/tutorial_interfaces': CMAKE_PREFIX_PATH=${CMAKE_PREFIX_PATH}:/opt/ros/foxy PS1=\u@\h \[\033[32m\]\w\[\033[33m\]$(parse_git_branch)\[\033[00m\] $ /usr/bin/cmake --build /home/noa/Documents/SLAM/ros2_ws/build/tutorial_interfaces -- -j8 -l8
[0.070s] [  2%] Built target tutorial_interfaces__cpp
[0.072s] [ 12%] Built target tutorial_interfaces__rosidl_generator_c
[0.102s] [ 41%] Built target tutorial_interfaces__rosidl_typesupport_fastrtps_cpp
[0.102s] [ 41%] Built target tutorial_interfaces__rosidl_typesupport_introspection_cpp
[0.102s] [ 43%] Built target tutorial_interfaces__rosidl_typesupport_introspection_c
[0.106s] [ 53%] Built target tutorial_interfaces__rosidl_typesupport_c
[0.108s] [ 64%] Built target tutorial_interfaces__rosidl_typesupport_cpp
[0.125s] [ 74%] Built target tutorial_interfaces__rosidl_typesupport_fastrtps_c
[0.141s] [ 74%] Built target tutorial_interfaces
[0.162s] [ 76%] Built target tutorial_interfaces__py
[0.181s] [ 84%] Built target tutorial_interfaces__python
[0.202s] [ 89%] Built target tutorial_interfaces__rosidl_typesupport_c__pyext
[0.202s] [ 94%] Built target tutorial_interfaces__rosidl_typesupport_fastrtps_c__pyext
[0.205s] [100%] Built target tutorial_interfaces__rosidl_typesupport_introspection_c__pyext
[0.217s] Invoked command in '/home/noa/Documents/SLAM/ros2_ws/build/tutorial_interfaces' returned '0': CMAKE_PREFIX_PATH=${CMAKE_PREFIX_PATH}:/opt/ros/foxy PS1=\u@\h \[\033[32m\]\w\[\033[33m\]$(parse_git_branch)\[\033[00m\] $ /usr/bin/cmake --build /home/noa/Documents/SLAM/ros2_ws/build/tutorial_interfaces -- -j8 -l8
[0.262s] Invoking command in '/home/noa/Documents/SLAM/ros2_ws/build/tutorial_interfaces': CMAKE_PREFIX_PATH=${CMAKE_PREFIX_PATH}:/opt/ros/foxy PS1=\u@\h \[\033[32m\]\w\[\033[33m\]$(parse_git_branch)\[\033[00m\] $ /usr/bin/cmake --install /home/noa/Documents/SLAM/ros2_ws/build/tutorial_interfaces
[0.269s] -- Install configuration: ""
[0.269s] -- Up-to-date: /home/noa/Documents/SLAM/ros2_ws/install/tutorial_interfaces/include/tutorial_interfaces
[0.269s] -- Up-to-date: /home/noa/Documents/SLAM/ros2_ws/install/tutorial_interfaces/include/tutorial_interfaces/msg
[0.269s] -- Up-to-date: /home/noa/Documents/SLAM/ros2_ws/install/tutorial_interfaces/include/tutorial_interfaces/msg/detail
[0.269s] -- Up-to-date: /home/noa/Documents/SLAM/ros2_ws/install/tutorial_interfaces/include/tutorial_interfaces/msg/detail/num__functions.c
[0.269s] -- Up-to-date: /home/noa/Documents/SLAM/ros2_ws/install/tutorial_interfaces/include/tutorial_interfaces/srv
[0.269s] -- Up-to-date: /home/noa/Documents/SLAM/ros2_ws/install/tutorial_interfaces/include/tutorial_interfaces/srv/detail
[0.269s] -- Up-to-date: /home/noa/Documents/SLAM/ros2_ws/install/tutorial_interfaces/include/tutorial_interfaces/srv/detail/add_three_ints__functions.c
[0.269s] -- Up-to-date: /home/noa/Documents/SLAM/ros2_ws/install/tutorial_interfaces/lib/libtutorial_interfaces__rosidl_generator_c.so
[0.270s] -- Up-to-date: /home/noa/Documents/SLAM/ros2_ws/install/tutorial_interfaces/include/tutorial_interfaces
[0.270s] -- Up-to-date: /home/noa/Documents/SLAM/ros2_ws/install/tutorial_interfaces/include/tutorial_interfaces/msg
[0.270s] -- Up-to-date: /home/noa/Documents/SLAM/ros2_ws/install/tutorial_interfaces/include/tutorial_interfaces/msg/detail
[0.270s] -- Up-to-date: /home/noa/Documents/SLAM/ros2_ws/install/tutorial_interfaces/include/tutorial_interfaces/srv
[0.270s] -- Up-to-date: /home/noa/Documents/SLAM/ros2_ws/install/tutorial_interfaces/include/tutorial_interfaces/srv/detail
[0.270s] -- Up-to-date: /home/noa/Documents/SLAM/ros2_ws/install/tutorial_interfaces/include/tutorial_interfaces
[0.270s] -- Up-to-date: /home/noa/Documents/SLAM/ros2_ws/install/tutorial_interfaces/include/tutorial_interfaces/msg
[0.270s] -- Up-to-date: /home/noa/Documents/SLAM/ros2_ws/install/tutorial_interfaces/include/tutorial_interfaces/msg/detail
[0.270s] -- Up-to-date: /home/noa/Documents/SLAM/ros2_ws/install/tutorial_interfaces/include/tutorial_interfaces/msg/detail/dds_fastrtps
[0.270s] -- Up-to-date: /home/noa/Documents/SLAM/ros2_ws/install/tutorial_interfaces/include/tutorial_interfaces/srv
[0.270s] -- Up-to-date: /home/noa/Documents/SLAM/ros2_ws/install/tutorial_interfaces/include/tutorial_interfaces/srv/detail
[0.270s] -- Up-to-date: /home/noa/Documents/SLAM/ros2_ws/install/tutorial_interfaces/include/tutorial_interfaces/srv/detail/dds_fastrtps
[0.270s] -- Up-to-date: /home/noa/Documents/SLAM/ros2_ws/install/tutorial_interfaces/include/tutorial_interfaces
[0.271s] -- Up-to-date: /home/noa/Documents/SLAM/ros2_ws/install/tutorial_interfaces/include/tutorial_interfaces/msg
[0.271s] -- Up-to-date: /home/noa/Documents/SLAM/ros2_ws/install/tutorial_interfaces/include/tutorial_interfaces/msg/detail
[0.271s] -- Up-to-date: /home/noa/Documents/SLAM/ros2_ws/install/tutorial_interfaces/include/tutorial_interfaces/msg/detail/num__type_support.c
[0.271s] -- Up-to-date: /home/noa/Documents/SLAM/ros2_ws/install/tutorial_interfaces/include/tutorial_interfaces/srv
[0.271s] -- Up-to-date: /home/noa/Documents/SLAM/ros2_ws/install/tutorial_interfaces/include/tutorial_interfaces/srv/detail
[0.271s] -- Up-to-date: /home/noa/Documents/SLAM/ros2_ws/install/tutorial_interfaces/include/tutorial_interfaces/srv/detail/add_three_ints__type_support.c
[0.271s] -- Up-to-date: /home/noa/Documents/SLAM/ros2_ws/install/tutorial_interfaces/lib/libtutorial_interfaces__rosidl_typesupport_introspection_c.so
[0.271s] -- Up-to-date: /home/noa/Documents/SLAM/ros2_ws/install/tutorial_interfaces/lib/libtutorial_interfaces__rosidl_typesupport_c.so
[0.271s] -- Up-to-date: /home/noa/Documents/SLAM/ros2_ws/install/tutorial_interfaces/include/tutorial_interfaces
[0.272s] -- Up-to-date: /home/noa/Documents/SLAM/ros2_ws/install/tutorial_interfaces/include/tutorial_interfaces/msg
[0.272s] -- Up-to-date: /home/noa/Documents/SLAM/ros2_ws/install/tutorial_interfaces/include/tutorial_interfaces/msg/detail
[0.272s] -- Up-to-date: /home/noa/Documents/SLAM/ros2_ws/install/tutorial_interfaces/include/tutorial_interfaces/srv
[0.272s] -- Up-to-date: /home/noa/Documents/SLAM/ros2_ws/install/tutorial_interfaces/include/tutorial_interfaces/srv/detail
[0.272s] -- Up-to-date: /home/noa/Documents/SLAM/ros2_ws/install/tutorial_interfaces/include/tutorial_interfaces
[0.272s] -- Up-to-date: /home/noa/Documents/SLAM/ros2_ws/install/tutorial_interfaces/include/tutorial_interfaces/msg
[0.272s] -- Up-to-date: /home/noa/Documents/SLAM/ros2_ws/install/tutorial_interfaces/include/tutorial_interfaces/msg/detail
[0.272s] -- Up-to-date: /home/noa/Documents/SLAM/ros2_ws/install/tutorial_interfaces/include/tutorial_interfaces/msg/detail/num__type_support.cpp
[0.272s] -- Up-to-date: /home/noa/Documents/SLAM/ros2_ws/install/tutorial_interfaces/include/tutorial_interfaces/srv
[0.272s] -- Up-to-date: /home/noa/Documents/SLAM/ros2_ws/install/tutorial_interfaces/include/tutorial_interfaces/srv/detail
[0.272s] -- Up-to-date: /home/noa/Documents/SLAM/ros2_ws/install/tutorial_interfaces/include/tutorial_interfaces/srv/detail/add_three_ints__type_support.cpp
[0.272s] -- Up-to-date: /home/noa/Documents/SLAM/ros2_ws/install/tutorial_interfaces/lib/libtutorial_interfaces__rosidl_typesupport_introspection_cpp.so
[0.272s] -- Up-to-date: /home/noa/Documents/SLAM/ros2_ws/install/tutorial_interfaces/lib/libtutorial_interfaces__rosidl_typesupport_cpp.so
[0.299s] -- Up-to-date: /home/noa/Documents/SLAM/ros2_ws/install/tutorial_interfaces/lib/python3.8/site-packages/tutorial_interfaces/msg
[0.299s] -- Up-to-date: /home/noa/Documents/SLAM/ros2_ws/install/tutorial_interfaces/lib/python3.8/site-packages/tutorial_interfaces/msg/_num_s.c
[0.299s] -- Up-to-date: /home/noa/Documents/SLAM/ros2_ws/install/tutorial_interfaces/lib/python3.8/site-packages/tutorial_interfaces/srv
[0.299s] -- Up-to-date: /home/noa/Documents/SLAM/ros2_ws/install/tutorial_interfaces/lib/python3.8/site-packages/tutorial_interfaces/srv/_add_three_ints_s.c
[0.300s] -- Installing: /home/noa/Documents/SLAM/ros2_ws/install/tutorial_interfaces/share/tutorial_interfaces/package.dsv
[0.300s] -- Up-to-date: /home/noa/Documents/SLAM/ros2_ws/install/tutorial_interfaces/share/tutorial_interfaces/cmake/tutorial_interfaces__rosidl_generator_cExport.cmake
[0.300s] -- Up-to-date: /home/noa/Documents/SLAM/ros2_ws/install/tutorial_interfaces/share/tutorial_interfaces/cmake/tutorial_interfaces__rosidl_generator_cExport-noconfig.cmake
[0.301s] -- Up-to-date: /home/noa/Documents/SLAM/ros2_ws/install/tutorial_interfaces/share/tutorial_interfaces/cmake/tutorial_interfaces__rosidl_typesupport_introspection_cExport.cmake
[0.301s] -- Up-to-date: /home/noa/Documents/SLAM/ros2_ws/install/tutorial_interfaces/share/tutorial_interfaces/cmake/tutorial_interfaces__rosidl_typesupport_introspection_cExport-noconfig.cmake
[0.301s] -- Up-to-date: /home/noa/Documents/SLAM/ros2_ws/install/tutorial_interfaces/share/tutorial_interfaces/cmake/tutorial_interfaces__rosidl_typesupport_cExport.cmake
[0.301s] -- Up-to-date: /home/noa/Documents/SLAM/ros2_ws/install/tutorial_interfaces/share/tutorial_interfaces/cmake/tutorial_interfaces__rosidl_typesupport_cExport-noconfig.cmake
[0.301s] -- Up-to-date: /home/noa/Documents/SLAM/ros2_ws/install/tutorial_interfaces/share/tutorial_interfaces/cmake/tutorial_interfaces__rosidl_generator_cppExport.cmake
[0.301s] -- Up-to-date: /home/noa/Documents/SLAM/ros2_ws/install/tutorial_interfaces/share/tutorial_interfaces/cmake/tutorial_interfaces__rosidl_typesupport_introspection_cppExport.cmake
[0.301s] -- Up-to-date: /home/noa/Documents/SLAM/ros2_ws/install/tutorial_interfaces/share/tutorial_interfaces/cmake/tutorial_interfaces__rosidl_typesupport_introspection_cppExport-noconfig.cmake
[0.301s] -- Up-to-date: /home/noa/Documents/SLAM/ros2_ws/install/tutorial_interfaces/share/tutorial_interfaces/cmake/tutorial_interfaces__rosidl_typesupport_cppExport.cmake
[0.301s] -- Up-to-date: /home/noa/Documents/SLAM/ros2_ws/install/tutorial_interfaces/share/tutorial_interfaces/cmake/tutorial_interfaces__rosidl_typesupport_cppExport-noconfig.cmake
[0.304s] Invoked command in '/home/noa/Documents/SLAM/ros2_ws/build/tutorial_interfaces' returned '0': CMAKE_PREFIX_PATH=${CMAKE_PREFIX_PATH}:/opt/ros/foxy PS1=\u@\h \[\033[32m\]\w\[\033[33m\]$(parse_git_branch)\[\033[00m\] $ /usr/bin/cmake --install /home/noa/Documents/SLAM/ros2_ws/build/tutorial_interfaces
