[0.026s] Invoking command in '/home/noa/Documents/SLAM/ros2_ws/build/lidar_listener': CMAKE_PREFIX_PATH=${CMAKE_PREFIX_PATH}:/opt/ros/foxy PS1=\u@\h \[\033[32m\]\w\[\033[33m\]$(parse_git_branch)\[\033[00m\] $ /usr/bin/cmake --build /home/noa/Documents/SLAM/ros2_ws/build/lidar_listener -- -j8 -l8
[0.064s] [35m[1mScanning dependencies of target listener[0m
[0.101s] [ 50%] [32mBuilding CXX object CMakeFiles/listener.dir/src/main.cpp.o[0m
[1.092s] In file included from [01m[K/opt/ros/foxy/include/rclcpp/context.hpp:19[m[K,
[1.093s]                  from [01m[K/opt/ros/foxy/include/rclcpp/contexts/default_context.hpp:18[m[K,
[1.093s]                  from [01m[K/opt/ros/foxy/include/rclcpp/executor.hpp:32[m[K,
[1.093s]                  from [01m[K/opt/ros/foxy/include/rclcpp/executors/multi_threaded_executor.hpp:26[m[K,
[1.093s]                  from [01m[K/opt/ros/foxy/include/rclcpp/executors.hpp:21[m[K,
[1.093s]                  from [01m[K/opt/ros/foxy/include/rclcpp/rclcpp.hpp:146[m[K,
[1.093s]                  from [01m[K/home/noa/Documents/SLAM/ros2_ws/src/lidar_listener/src/main.cpp:1[m[K:
[1.093s] /usr/include/c++/9/functional: In instantiation of ‘[01m[Kstruct std::_Bind_check_arity<void (Listener::*)(std::shared_ptr<sensor_msgs::msg::LaserScan_<std::allocator<void> > >) const>[m[K’:
[1.093s] [01m[K/usr/include/c++/9/functional:787:12:[m[K   required from ‘[01m[Kstruct std::_Bind_helper<false, void (Listener::*)(std::shared_ptr<sensor_msgs::msg::LaserScan_<std::allocator<void> > >) const>[m[K’
[1.093s] [01m[K/usr/include/c++/9/functional:808:5:[m[K   required by substitution of ‘[01m[Ktemplate<class _Func, class ... _BoundArgs> typename std::_Bind_helper<std::__is_socketlike<_Func>::value, _Func, _BoundArgs ...>::type std::bind(_Func&&, _BoundArgs&& ...) [with _Func = void (Listener::*)(std::shared_ptr<sensor_msgs::msg::LaserScan_<std::allocator<void> > >) const; _BoundArgs = {}][m[K’
[1.093s] [01m[K/home/noa/Documents/SLAM/ros2_ws/src/lidar_listener/src/main.cpp:7:122:[m[K   required from here
[1.093s] [01m[K/usr/include/c++/9/functional:775:7:[m[K [01;31m[Kerror: [m[Kstatic assertion failed: Wrong number of arguments for pointer-to-member
[1.093s]   774 |       static_assert(_Varargs::[01;31m[Kvalue[m[K
[1.094s]       |                               [01;31m[K~~~~~[m[K
[1.094s]   775 | [01;31m[K      ? sizeof...(_BoundArgs) >= _Arity::value + 1[m[K
[1.094s]       |       [01;31m[K^~~~~~~~~~~~~~~~~~~~~~~~~~~~~~~~~~~~~~~~~~~~[m[K
[1.094s]   776 | [01;31m[K      : sizeof...(_BoundArgs) == _Arity::value + 1[m[K,
[1.094s]       |       [01;31m[K~~~~~~~~~~~~~~~~~~~~~~~~~~~~~~~~~~~~~~~~~~~~[m[K
[1.094s] /usr/include/c++/9/functional: In substitution of ‘[01m[Ktemplate<class _Functor, class ... _Bound_args> template<class _Fn, class _CallArgs, class ... _BArgs> using _Res_type_impl = typename std::result_of<_Fn&(std::_Bind<_Functor(_Bound_args ...)>::_Mu_type<_BArgs, _CallArgs>&& ...)>::type [with _Fn = void (Listener::*)(std::shared_ptr<sensor_msgs::msg::LaserScan_<std::allocator<void> > >) const; _CallArgs = _CallArgs; _BArgs = {}; _Functor = void (Listener::*)(std::shared_ptr<sensor_msgs::msg::LaserScan_<std::allocator<void> > >) const; _Bound_args = {}][m[K’:
[1.094s] [01m[K/usr/include/c++/9/functional:447:8:[m[K   required from ‘[01m[Kstruct std::_Bind<void (Listener::*())(std::shared_ptr<sensor_msgs::msg::LaserScan_<std::allocator<void> > >) const>[m[K’
[1.094s] [01m[K/home/noa/Documents/SLAM/ros2_ws/src/lidar_listener/src/main.cpp:7:122:[m[K   required from here
[1.094s] [01m[K/usr/include/c++/9/functional:443:8:[m[K [01;31m[Kerror: [m[Kno type named ‘[01m[Ktype[m[K’ in ‘[01m[Kclass std::result_of<void (Listener::*&())(std::shared_ptr<sensor_msgs::msg::LaserScan_<std::allocator<void> > >) const>[m[K’
[1.094s]   443 |  using [01;31m[K_Res_type_impl[m[K
[1.094s]       |        [01;31m[K^~~~~~~~~~~~~~[m[K
[1.094s] /usr/include/c++/9/functional: In substitution of ‘[01m[Ktemplate<class _Functor, class ... _Bound_args> template<class _Fn, class _CallArgs, class ... _BArgs> using _Res_type_impl = typename std::result_of<_Fn&(std::_Bind<_Functor(_Bound_args ...)>::_Mu_type<_BArgs, _CallArgs>&& ...)>::type [with _Fn = void (Listener::*)(std::shared_ptr<sensor_msgs::msg::LaserScan_<std::allocator<void> > >) const; _CallArgs = std::tuple<_Tps ...>; _BArgs = {}; _Functor = void (Listener::*)(std::shared_ptr<sensor_msgs::msg::LaserScan_<std::allocator<void> > >) const; _Bound_args = {}][m[K’:
[1.094s] [01m[K/usr/include/c++/9/functional:447:8:[m[K   required by substitution of ‘[01m[Ktemplate<class _Functor, class ... _Bound_args> template<class _CallArgs> using _Res_type = std::_Bind<_Functor(_Bound_args ...)>::_Res_type_impl<_Functor, _CallArgs, _Bound_args ...> [with _CallArgs = std::tuple<_Tps ...>; _Functor = void (Listener::*)(std::shared_ptr<sensor_msgs::msg::LaserScan_<std::allocator<void> > >) const; _Bound_args = {}][m[K’
[1.094s] [01m[K/usr/include/c++/9/functional:480:2:[m[K   required from ‘[01m[Kstruct std::_Bind<void (Listener::*())(std::shared_ptr<sensor_msgs::msg::LaserScan_<std::allocator<void> > >) const>[m[K’
[1.094s] [01m[K/home/noa/Documents/SLAM/ros2_ws/src/lidar_listener/src/main.cpp:7:122:[m[K   required from here
[1.094s] [01m[K/usr/include/c++/9/functional:443:8:[m[K [01;31m[Kerror: [m[Kno type named ‘[01m[Ktype[m[K’ in ‘[01m[Kclass std::result_of<void (Listener::*&())(std::shared_ptr<sensor_msgs::msg::LaserScan_<std::allocator<void> > >) const>[m[K’
[1.094s] [01m[K/home/noa/Documents/SLAM/ros2_ws/src/lidar_listener/src/main.cpp:[m[K In constructor ‘[01m[KListener::Listener()[m[K’:
[1.094s] [01m[K/home/noa/Documents/SLAM/ros2_ws/src/lidar_listener/src/main.cpp:7:129:[m[K [01;31m[Kerror: [m[Kno matching function for call to ‘[01m[KListener::create_subscription<sensor_msgs::msg::LaserScan>(const char [5], int, std::_Bind_helper<false, void (Listener::*)(std::shared_ptr<sensor_msgs::msg::LaserScan_<std::allocator<void> > >) const>::type, Listener*)[m[K’
[1.094s]     7 |    subscription_ = this->create_subscription<sensor_msgs::msg::LaserScan>("scan", 10, std::bind(&Listener::topic_callback), this[01;31m[K)[m[K;
[1.095s]       |                                                                                                                                 [01;31m[K^[m[K
[1.095s] In file included from [01m[K/opt/ros/foxy/include/rclcpp/executors/single_threaded_executor.hpp:28[m[K,
[1.095s]                  from [01m[K/opt/ros/foxy/include/rclcpp/executors.hpp:22[m[K,
[1.095s]                  from [01m[K/opt/ros/foxy/include/rclcpp/rclcpp.hpp:146[m[K,
[1.095s]                  from [01m[K/home/noa/Documents/SLAM/ros2_ws/src/lidar_listener/src/main.cpp:1[m[K:
[1.095s] [01m[K/opt/ros/foxy/include/rclcpp/node.hpp:213:3:[m[K [01;36m[Knote: [m[Kcandidate: ‘[01m[Ktemplate<class MessageT, class CallbackT, class AllocatorT, class CallbackMessageT, class SubscriptionT, class MessageMemoryStrategyT> std::shared_ptr<SubscriptionT> rclcpp::Node::create_subscription(const string&, const rclcpp::QoS&, CallbackT&&, const rclcpp::SubscriptionOptionsWithAllocator<AllocatorT>&, typename MessageMemoryStrategyT::SharedPtr)[m[K’
[1.095s]   213 |   [01;36m[Kcreate_subscription[m[K(
[1.095s]       |   [01;36m[K^~~~~~~~~~~~~~~~~~~[m[K
[1.095s] [01m[K/opt/ros/foxy/include/rclcpp/node.hpp:213:3:[m[K [01;36m[Knote: [m[K  template argument deduction/substitution failed:
[1.095s] [01m[K/home/noa/Documents/SLAM/ros2_ws/src/lidar_listener/src/main.cpp:7:129:[m[K [01;36m[Knote: [m[K  mismatched types ‘[01m[Kconst rclcpp::SubscriptionOptionsWithAllocator<AllocatorT>[m[K’ and ‘[01m[KListener*[m[K’
[1.095s]     7 |    subscription_ = this->create_subscription<sensor_msgs::msg::LaserScan>("scan", 10, std::bind(&Listener::topic_callback), this[01;36m[K)[m[K;
[1.095s]       |                                                                                                                                 [01;36m[K^[m[K
[1.095s] [01m[K/home/noa/Documents/SLAM/ros2_ws/src/lidar_listener/src/main.cpp:[m[K In member function ‘[01m[Kvoid Listener::topic_callback(sensor_msgs::msg::LaserScan_<std::allocator<void> >::SharedPtr) const[m[K’:
[1.095s] [01m[K/home/noa/Documents/SLAM/ros2_ws/src/lidar_listener/src/main.cpp:12:21:[m[K [01;31m[Kerror: [m[K‘[01m[Kusing SharedPtr = class std::shared_ptr<sensor_msgs::msg::LaserScan_<std::allocator<void> > >[m[K’ {aka ‘[01m[Kclass std::shared_ptr<sensor_msgs::msg::LaserScan_<std::allocator<void> > >[m[K’} has no member named ‘[01m[Kscan_time[m[K’
[1.096s]    12 |    int count = scan.[01;31m[Kscan_time[m[K/scan.time_increment;
[1.096s]       |                     [01;31m[K^~~~~~~~~[m[K
[1.096s] [01m[K/home/noa/Documents/SLAM/ros2_ws/src/lidar_listener/src/main.cpp:12:36:[m[K [01;31m[Kerror: [m[K‘[01m[Kusing SharedPtr = class std::shared_ptr<sensor_msgs::msg::LaserScan_<std::allocator<void> > >[m[K’ {aka ‘[01m[Kclass std::shared_ptr<sensor_msgs::msg::LaserScan_<std::allocator<void> > >[m[K’} has no member named ‘[01m[Ktime_increment[m[K’
[1.096s]    12 |    int count = scan.scan_time/scan.[01;31m[Ktime_increment[m[K;
[1.096s]       |                                    [01;31m[K^~~~~~~~~~~~~~[m[K
[1.098s] [01m[K/home/noa/Documents/SLAM/ros2_ws/src/lidar_listener/src/main.cpp:[m[K In function ‘[01m[Kint main(int, char**)[m[K’:
[1.098s] [01m[K/home/noa/Documents/SLAM/ros2_ws/src/lidar_listener/src/main.cpp:23:2:[m[K [01;31m[Kerror: [m[K‘[01m[Krclpp[m[K’ has not been declared
[1.098s]    23 |  [01;31m[Krclpp[m[K::shutdown();
[1.098s]       |  [01;31m[K^~~~~[m[K
[1.370s] make[2]: *** [CMakeFiles/listener.dir/build.make:63: CMakeFiles/listener.dir/src/main.cpp.o] Error 1
[1.370s] make[1]: *** [CMakeFiles/Makefile2:78: CMakeFiles/listener.dir/all] Error 2
[1.370s] make: *** [Makefile:141: all] Error 2
[1.372s] Invoked command in '/home/noa/Documents/SLAM/ros2_ws/build/lidar_listener' returned '2': CMAKE_PREFIX_PATH=${CMAKE_PREFIX_PATH}:/opt/ros/foxy PS1=\u@\h \[\033[32m\]\w\[\033[33m\]$(parse_git_branch)\[\033[00m\] $ /usr/bin/cmake --build /home/noa/Documents/SLAM/ros2_ws/build/lidar_listener -- -j8 -l8
