[0.019s] Invoking command in '/home/noa/Documents/SLAM/ros2_ws/build/cpp_pubsub': CMAKE_PREFIX_PATH=${CMAKE_PREFIX_PATH}:/opt/ros/foxy PS1=\u@\h \[\033[32m\]\w\[\033[33m\]$(parse_git_branch)\[\033[00m\] $ /usr/bin/cmake /home/noa/Documents/SLAM/ros2_ws/src/cpp_pubsub -DCMAKE_INSTALL_PREFIX=/home/noa/Documents/SLAM/ros2_ws/install/cpp_pubsub
[0.067s] -- The C compiler identification is GNU 9.4.0
[0.122s] -- The CXX compiler identification is GNU 9.4.0
[0.128s] -- Check for working C compiler: /usr/bin/cc
[0.181s] -- Check for working C compiler: /usr/bin/cc -- works
[0.182s] -- Detecting C compiler ABI info
[0.238s] -- Detecting C compiler ABI info - done
[0.247s] -- Detecting C compile features
[0.247s] -- Detecting C compile features - done
[0.249s] -- Check for working CXX compiler: /usr/bin/c++
[0.319s] -- Check for working CXX compiler: /usr/bin/c++ -- works
[0.320s] -- Detecting CXX compiler ABI info
[0.388s] -- Detecting CXX compiler ABI info - done
[0.405s] -- Detecting CXX compile features
[0.406s] -- Detecting CXX compile features - done
[0.409s] -- Found ament_cmake: 0.9.9 (/opt/ros/foxy/share/ament_cmake/cmake)
[0.431s] -- Found PythonInterp: /usr/bin/python3 (found suitable version "3.8.10", minimum required is "3") 
[0.431s] -- Using PYTHON_EXECUTABLE: /usr/bin/python3
[0.625s] -- Found rclcpp: 2.4.1 (/opt/ros/foxy/share/rclcpp/cmake)
[0.659s] -- Using all available rosidl_typesupport_c: rosidl_typesupport_fastrtps_c;rosidl_typesupport_introspection_c
[0.664s] -- Found rosidl_adapter: 1.2.1 (/opt/ros/foxy/share/rosidl_adapter/cmake)
[0.722s] -- Found OpenSSL: /usr/lib/x86_64-linux-gnu/libcrypto.so (found version "1.1.1f")  
[0.754s] -- Found FastRTPS: /opt/ros/foxy/include  
[0.828s] -- Using all available rosidl_typesupport_cpp: rosidl_typesupport_fastrtps_cpp;rosidl_typesupport_introspection_cpp
[0.873s] -- Found rmw_implementation_cmake: 1.0.3 (/opt/ros/foxy/share/rmw_implementation_cmake/cmake)
[0.875s] -- Using RMW implementation 'rmw_fastrtps_cpp' as default
[0.875s] -- Looking for pthread.h
[0.929s] -- Looking for pthread.h - found
[0.930s] -- Performing Test CMAKE_HAVE_LIBC_PTHREAD
[0.989s] -- Performing Test CMAKE_HAVE_LIBC_PTHREAD - Failed
[0.990s] -- Looking for pthread_create in pthreads
[1.038s] -- Looking for pthread_create in pthreads - not found
[1.038s] -- Looking for pthread_create in pthread
[1.090s] -- Looking for pthread_create in pthread - found
[1.091s] -- Found Threads: TRUE  
[1.212s] -- Found ament_lint_auto: 0.9.6 (/opt/ros/foxy/share/ament_lint_auto/cmake)
[1.280s] -- Added test 'copyright' to check source files copyright and LICENSE
[1.287s] -- Added test 'cppcheck' to perform static code analysis on C / C++ code
[1.287s] -- Configured cppcheck include dirs: 
[1.288s] -- Configured cppcheck exclude dirs and/or files: 
[1.295s] -- Added test 'cpplint' to check C / C++ code against the Google style
[1.295s] -- Configured cpplint exclude dirs and/or files: 
[1.296s] -- Added test 'flake8' to check Python code syntax and style conventions
[1.298s] -- Added test 'lint_cmake' to check CMake code style
[1.300s] -- Added test 'pep257' to check Python code against some of the style conventions in PEP 257
[1.307s] -- Added test 'uncrustify' to check C / C++ code style
[1.307s] -- Configured uncrustify additional arguments: 
[1.308s] -- Added test 'xmllint' to check XML markup files
[1.311s] -- Configuring done
[1.319s] -- Generating done
[1.320s] -- Build files have been written to: /home/noa/Documents/SLAM/ros2_ws/build/cpp_pubsub
[1.327s] Invoked command in '/home/noa/Documents/SLAM/ros2_ws/build/cpp_pubsub' returned '0': CMAKE_PREFIX_PATH=${CMAKE_PREFIX_PATH}:/opt/ros/foxy PS1=\u@\h \[\033[32m\]\w\[\033[33m\]$(parse_git_branch)\[\033[00m\] $ /usr/bin/cmake /home/noa/Documents/SLAM/ros2_ws/src/cpp_pubsub -DCMAKE_INSTALL_PREFIX=/home/noa/Documents/SLAM/ros2_ws/install/cpp_pubsub
[1.328s] Invoking command in '/home/noa/Documents/SLAM/ros2_ws/build/cpp_pubsub': CMAKE_PREFIX_PATH=${CMAKE_PREFIX_PATH}:/opt/ros/foxy PS1=\u@\h \[\033[32m\]\w\[\033[33m\]$(parse_git_branch)\[\033[00m\] $ /usr/bin/cmake --build /home/noa/Documents/SLAM/ros2_ws/build/cpp_pubsub -- -j8 -l8
[1.358s] [35m[1mScanning dependencies of target listener[0m
[1.358s] [35m[1mScanning dependencies of target talker[0m
[1.386s] [ 25%] [32mBuilding CXX object CMakeFiles/talker.dir/src/publisher_member_function.cpp.o[0m
[1.386s] [ 50%] [32mBuilding CXX object CMakeFiles/listener.dir/src/subscriber_member_function.cpp.o[0m
[5.247s] [ 75%] [32m[1mLinking CXX executable talker[0m
[5.387s] [ 75%] Built target talker
[5.877s] [100%] [32m[1mLinking CXX executable listener[0m
[6.071s] [100%] Built target listener
[6.080s] Invoked command in '/home/noa/Documents/SLAM/ros2_ws/build/cpp_pubsub' returned '0': CMAKE_PREFIX_PATH=${CMAKE_PREFIX_PATH}:/opt/ros/foxy PS1=\u@\h \[\033[32m\]\w\[\033[33m\]$(parse_git_branch)\[\033[00m\] $ /usr/bin/cmake --build /home/noa/Documents/SLAM/ros2_ws/build/cpp_pubsub -- -j8 -l8
[6.100s] Invoking command in '/home/noa/Documents/SLAM/ros2_ws/build/cpp_pubsub': CMAKE_PREFIX_PATH=${CMAKE_PREFIX_PATH}:/opt/ros/foxy PS1=\u@\h \[\033[32m\]\w\[\033[33m\]$(parse_git_branch)\[\033[00m\] $ /usr/bin/cmake --install /home/noa/Documents/SLAM/ros2_ws/build/cpp_pubsub
[6.107s] -- Install configuration: ""
[6.107s] -- Installing: /home/noa/Documents/SLAM/ros2_ws/install/cpp_pubsub/lib/cpp_pubsub/talker
[6.107s] -- Set runtime path of "/home/noa/Documents/SLAM/ros2_ws/install/cpp_pubsub/lib/cpp_pubsub/talker" to ""
[6.108s] -- Installing: /home/noa/Documents/SLAM/ros2_ws/install/cpp_pubsub/lib/cpp_pubsub/listener
[6.109s] -- Set runtime path of "/home/noa/Documents/SLAM/ros2_ws/install/cpp_pubsub/lib/cpp_pubsub/listener" to ""
[6.109s] -- Installing: /home/noa/Documents/SLAM/ros2_ws/install/cpp_pubsub/share/ament_index/resource_index/package_run_dependencies/cpp_pubsub
[6.110s] -- Installing: /home/noa/Documents/SLAM/ros2_ws/install/cpp_pubsub/share/ament_index/resource_index/parent_prefix_path/cpp_pubsub
[6.110s] -- Up-to-date: /home/noa/Documents/SLAM/ros2_ws/install/cpp_pubsub/share/cpp_pubsub/environment/ament_prefix_path.sh
[6.110s] -- Installing: /home/noa/Documents/SLAM/ros2_ws/install/cpp_pubsub/share/cpp_pubsub/environment/ament_prefix_path.dsv
[6.110s] -- Up-to-date: /home/noa/Documents/SLAM/ros2_ws/install/cpp_pubsub/share/cpp_pubsub/environment/path.sh
[6.110s] -- Installing: /home/noa/Documents/SLAM/ros2_ws/install/cpp_pubsub/share/cpp_pubsub/environment/path.dsv
[6.110s] -- Installing: /home/noa/Documents/SLAM/ros2_ws/install/cpp_pubsub/share/cpp_pubsub/local_setup.bash
[6.110s] -- Installing: /home/noa/Documents/SLAM/ros2_ws/install/cpp_pubsub/share/cpp_pubsub/local_setup.sh
[6.110s] -- Installing: /home/noa/Documents/SLAM/ros2_ws/install/cpp_pubsub/share/cpp_pubsub/local_setup.zsh
[6.110s] -- Installing: /home/noa/Documents/SLAM/ros2_ws/install/cpp_pubsub/share/cpp_pubsub/local_setup.dsv
[6.111s] -- Installing: /home/noa/Documents/SLAM/ros2_ws/install/cpp_pubsub/share/cpp_pubsub/package.dsv
[6.111s] -- Installing: /home/noa/Documents/SLAM/ros2_ws/install/cpp_pubsub/share/ament_index/resource_index/packages/cpp_pubsub
[6.111s] -- Installing: /home/noa/Documents/SLAM/ros2_ws/install/cpp_pubsub/share/cpp_pubsub/cmake/cpp_pubsubConfig.cmake
[6.111s] -- Installing: /home/noa/Documents/SLAM/ros2_ws/install/cpp_pubsub/share/cpp_pubsub/cmake/cpp_pubsubConfig-version.cmake
[6.111s] -- Up-to-date: /home/noa/Documents/SLAM/ros2_ws/install/cpp_pubsub/share/cpp_pubsub/package.xml
[6.113s] Invoked command in '/home/noa/Documents/SLAM/ros2_ws/build/cpp_pubsub' returned '0': CMAKE_PREFIX_PATH=${CMAKE_PREFIX_PATH}:/opt/ros/foxy PS1=\u@\h \[\033[32m\]\w\[\033[33m\]$(parse_git_branch)\[\033[00m\] $ /usr/bin/cmake --install /home/noa/Documents/SLAM/ros2_ws/build/cpp_pubsub
