[0.009s] Invoking command in '/home/noa/Documents/SLAM/ros2_ws/build/tutorial_interfaces': CMAKE_PREFIX_PATH=${CMAKE_PREFIX_PATH}:/opt/ros/foxy PS1=\u@\h \[\033[32m\]\w\[\033[33m\]$(parse_git_branch)\[\033[00m\] $ /usr/bin/cmake /home/noa/Documents/SLAM/ros2_ws/src/tutorial_interfaces -DCMAKE_INSTALL_PREFIX=/home/noa/Documents/SLAM/ros2_ws/install/tutorial_interfaces
[0.050s] -- The C compiler identification is GNU 9.4.0
[0.088s] -- The CXX compiler identification is GNU 9.4.0
[0.092s] -- Check for working C compiler: /usr/bin/cc
[0.141s] -- Check for working C compiler: /usr/bin/cc -- works
[0.141s] -- Detecting C compiler ABI info
[0.190s] -- Detecting C compiler ABI info - done
[0.198s] -- Detecting C compile features
[0.199s] -- Detecting C compile features - done
[0.201s] -- Check for working CXX compiler: /usr/bin/c++
[0.257s] -- Check for working CXX compiler: /usr/bin/c++ -- works
[0.258s] -- Detecting CXX compiler ABI info
[0.315s] -- Detecting CXX compiler ABI info - done
[0.324s] -- Detecting CXX compile features
[0.325s] -- Detecting CXX compile features - done
[0.327s] -- Found ament_cmake: 0.9.9 (/opt/ros/foxy/share/ament_cmake/cmake)
[0.345s] -- Found PythonInterp: /usr/bin/python3 (found suitable version "3.8.10", minimum required is "3") 
[0.345s] -- Using PYTHON_EXECUTABLE: /usr/bin/python3
[0.505s] -- Found ament_lint_auto: 0.9.6 (/opt/ros/foxy/share/ament_lint_auto/cmake)
[0.571s] -- Found rosidl_default_generators: 1.0.1 (/opt/ros/foxy/share/rosidl_default_generators/cmake)
[0.574s] -- Using all available rosidl_typesupport_c: rosidl_typesupport_fastrtps_c;rosidl_typesupport_introspection_c
[0.579s] -- Found rosidl_adapter: 1.2.1 (/opt/ros/foxy/share/rosidl_adapter/cmake)
[0.646s] -- Found OpenSSL: /usr/lib/x86_64-linux-gnu/libcrypto.so (found version "1.1.1f")  
[0.666s] -- Found FastRTPS: /opt/ros/foxy/include  
[0.725s] -- Using all available rosidl_typesupport_cpp: rosidl_typesupport_fastrtps_cpp;rosidl_typesupport_introspection_cpp
[0.762s] -- Found PythonInterp: /usr/bin/python3 (found version "3.8.10") 
[0.900s] CMake Error at /opt/ros/foxy/share/rosidl_adapter/cmake/rosidl_adapt_interfaces.cmake:60 (message):
[0.900s]   execute_process(/usr/bin/python3 -m rosidl_adapter --package-name
[0.900s]   tutorial_interfaces --arguments-file
[0.900s]   /home/noa/Documents/SLAM/ros2_ws/build/tutorial_interfaces/rosidl_adapter__arguments__tutorial_interfaces.json
[0.900s]   --output-dir
[0.900s]   /home/noa/Documents/SLAM/ros2_ws/build/tutorial_interfaces/rosidl_adapter/tutorial_interfaces
[0.900s]   --output-file
[0.901s]   /home/noa/Documents/SLAM/ros2_ws/build/tutorial_interfaces/rosidl_adapter/tutorial_interfaces.idls)
[0.901s]   returned error code 1:
[0.901s] 
[0.901s]   Error processing 'in64 num' of 'tutorial_interfaces/Num': ''in64' is an
[0.901s]   invalid message name.  It should have the pattern '^[A-Z][A-Za-z0-9]*$''
[0.901s] 
[0.901s]   Traceback (most recent call last):
[0.901s] 
[0.901s]     File "/usr/lib/python3.8/runpy.py", line 194, in _run_module_as_main
[0.901s]       return _run_code(code, main_globals, None,
[0.901s]     File "/usr/lib/python3.8/runpy.py", line 87, in _run_code
[0.901s]       exec(code, run_globals)
[0.901s]     File "/opt/ros/foxy/lib/python3.8/site-packages/rosidl_adapter/__main__.py", line 19, in <module>
[0.901s]       sys.exit(main())
[0.901s]     File "/opt/ros/foxy/lib/python3.8/site-packages/rosidl_adapter/main.py", line 53, in main
[0.901s]       abs_idl_file = convert_to_idl(
[0.901s]     File "/opt/ros/foxy/lib/python3.8/site-packages/rosidl_adapter/__init__.py", line 19, in convert_to_idl
[0.901s]       return convert_msg_to_idl(
[0.902s]     File "/opt/ros/foxy/lib/python3.8/site-packages/rosidl_adapter/msg/__init__.py", line 28, in convert_msg_to_idl
[0.902s]       msg = parse_message_string(package_name, input_file.stem, content)
[0.902s]     File "/opt/ros/foxy/lib/python3.8/site-packages/rosidl_adapter/parser.py", line 516, in parse_message_string
[0.902s]       Type(type_string, context_package_name=pkg_name),
[0.902s]     File "/opt/ros/foxy/lib/python3.8/site-packages/rosidl_adapter/parser.py", line 276, in __init__
[0.902s]       super(Type, self).__init__(
[0.902s]     File "/opt/ros/foxy/lib/python3.8/site-packages/rosidl_adapter/parser.py", line 204, in __init__
[0.902s]       raise InvalidResourceName(
[0.902s] 
[0.902s]   rosidl_adapter.parser.InvalidResourceName: 'in64' is an invalid message
[0.902s]   name.  It should have the pattern '^[A-Z][A-Za-z0-9]*$'
[0.902s] 
[0.902s] Call Stack (most recent call first):
[0.902s]   /opt/ros/foxy/share/rosidl_cmake/cmake/rosidl_generate_interfaces.cmake:130 (rosidl_adapt_interfaces)
[0.902s]   CMakeLists.txt:37 (rosidl_generate_interfaces)
[0.902s] 
[0.902s] 
[0.902s] -- Configuring incomplete, errors occurred!
[0.902s] See also "/home/noa/Documents/SLAM/ros2_ws/build/tutorial_interfaces/CMakeFiles/CMakeOutput.log".
[0.907s] Invoked command in '/home/noa/Documents/SLAM/ros2_ws/build/tutorial_interfaces' returned '1': CMAKE_PREFIX_PATH=${CMAKE_PREFIX_PATH}:/opt/ros/foxy PS1=\u@\h \[\033[32m\]\w\[\033[33m\]$(parse_git_branch)\[\033[00m\] $ /usr/bin/cmake /home/noa/Documents/SLAM/ros2_ws/src/tutorial_interfaces -DCMAKE_INSTALL_PREFIX=/home/noa/Documents/SLAM/ros2_ws/install/tutorial_interfaces
