[0.096s] DEBUG:colcon:Command line arguments: ['/usr/bin/colcon', 'build', '--packages-select', 'cpp_pubsub']
[0.096s] DEBUG:colcon:Parsed command line arguments: Namespace(allow_overriding=[], ament_cmake_args=None, base_paths=['.'], build_base='build', catkin_cmake_args=None, catkin_skip_building_tests=False, cmake_args=None, cmake_clean_cache=False, cmake_clean_first=False, cmake_force_configure=False, cmake_target=None, cmake_target_skip_unavailable=False, continue_on_error=False, event_handlers=None, executor='parallel', ignore_user_meta=False, install_base='install', log_base=None, log_level=None, main=<bound method BuildVerb.main of <colcon_core.verb.build.BuildVerb object at 0x7fb3c9ef5ac0>>, merge_install=False, metas=['./colcon.meta'], packages_above=None, packages_above_and_dependencies=None, packages_above_depth=None, packages_end=None, packages_ignore=None, packages_ignore_regex=None, packages_select=['cpp_pubsub'], packages_select_build_failed=False, packages_select_by_dep=None, packages_select_regex=None, packages_select_test_failures=False, packages_skip=None, packages_skip_build_finished=False, packages_skip_by_dep=None, packages_skip_regex=None, packages_skip_test_passed=False, packages_skip_up_to=None, packages_start=None, packages_up_to=None, packages_up_to_regex=None, parallel_workers=8, paths=None, symlink_install=False, test_result_base=None, verb_extension=<colcon_core.verb.build.BuildVerb object at 0x7fb3c9ef5ac0>, verb_name='build', verb_parser=<colcon_defaults.argument_parser.defaults.DefaultArgumentsDecorator object at 0x7fb3c9e80070>)
[0.113s] Level 1:colcon.colcon_core.package_discovery:discover_packages(colcon_meta) check parameters
[0.113s] Level 1:colcon.colcon_core.package_discovery:discover_packages(recursive) check parameters
[0.113s] Level 1:colcon.colcon_core.package_discovery:discover_packages(ignore) check parameters
[0.113s] Level 1:colcon.colcon_core.package_discovery:discover_packages(path) check parameters
[0.113s] Level 1:colcon.colcon_core.package_discovery:discover_packages(colcon_meta) discover
[0.113s] Level 1:colcon.colcon_core.package_discovery:discover_packages(recursive) discover
[0.113s] INFO:colcon.colcon_core.package_discovery:Crawling recursively for packages in '/home/noa/Documents/SLAM/ros2_ws'
[0.113s] Level 1:colcon.colcon_core.package_identification:_identify(.) by extensions ['ignore', 'ignore_ament_install']
[0.113s] Level 1:colcon.colcon_core.package_identification:_identify(.) by extension 'ignore'
[0.113s] Level 1:colcon.colcon_core.package_identification:_identify(.) by extension 'ignore_ament_install'
[0.113s] Level 1:colcon.colcon_core.package_identification:_identify(.) by extensions ['colcon_pkg']
[0.113s] Level 1:colcon.colcon_core.package_identification:_identify(.) by extension 'colcon_pkg'
[0.113s] Level 1:colcon.colcon_core.package_identification:_identify(.) by extensions ['colcon_meta']
[0.113s] Level 1:colcon.colcon_core.package_identification:_identify(.) by extension 'colcon_meta'
[0.113s] Level 1:colcon.colcon_core.package_identification:_identify(.) by extensions ['ros']
[0.113s] Level 1:colcon.colcon_core.package_identification:_identify(.) by extension 'ros'
[0.128s] Level 1:colcon.colcon_core.package_identification:_identify(.) by extensions ['cmake', 'python']
[0.128s] Level 1:colcon.colcon_core.package_identification:_identify(.) by extension 'cmake'
[0.128s] Level 1:colcon.colcon_core.package_identification:_identify(.) by extension 'python'
[0.128s] Level 1:colcon.colcon_core.package_identification:_identify(.) by extensions ['python_setup_py']
[0.128s] Level 1:colcon.colcon_core.package_identification:_identify(.) by extension 'python_setup_py'
[0.128s] Level 1:colcon.colcon_core.package_identification:_identify(build) by extensions ['ignore', 'ignore_ament_install']
[0.128s] Level 1:colcon.colcon_core.package_identification:_identify(build) by extension 'ignore'
[0.129s] Level 1:colcon.colcon_core.package_identification:_identify(build) ignored
[0.129s] Level 1:colcon.colcon_core.package_identification:_identify(install) by extensions ['ignore', 'ignore_ament_install']
[0.129s] Level 1:colcon.colcon_core.package_identification:_identify(install) by extension 'ignore'
[0.129s] Level 1:colcon.colcon_core.package_identification:_identify(install) ignored
[0.129s] Level 1:colcon.colcon_core.package_identification:_identify(log) by extensions ['ignore', 'ignore_ament_install']
[0.129s] Level 1:colcon.colcon_core.package_identification:_identify(log) by extension 'ignore'
[0.129s] Level 1:colcon.colcon_core.package_identification:_identify(log) ignored
[0.129s] Level 1:colcon.colcon_core.package_identification:_identify(sllidar_ros2) by extensions ['ignore', 'ignore_ament_install']
[0.129s] Level 1:colcon.colcon_core.package_identification:_identify(sllidar_ros2) by extension 'ignore'
[0.129s] Level 1:colcon.colcon_core.package_identification:_identify(sllidar_ros2) by extension 'ignore_ament_install'
[0.129s] Level 1:colcon.colcon_core.package_identification:_identify(sllidar_ros2) by extensions ['colcon_pkg']
[0.129s] Level 1:colcon.colcon_core.package_identification:_identify(sllidar_ros2) by extension 'colcon_pkg'
[0.129s] Level 1:colcon.colcon_core.package_identification:_identify(sllidar_ros2) by extensions ['colcon_meta']
[0.129s] Level 1:colcon.colcon_core.package_identification:_identify(sllidar_ros2) by extension 'colcon_meta'
[0.129s] Level 1:colcon.colcon_core.package_identification:_identify(sllidar_ros2) by extensions ['ros']
[0.129s] Level 1:colcon.colcon_core.package_identification:_identify(sllidar_ros2) by extension 'ros'
[0.131s] DEBUG:colcon.colcon_core.package_identification:Package 'sllidar_ros2' with type 'ros.ament_cmake' and name 'sllidar_ros2'
[0.131s] Level 1:colcon.colcon_core.package_identification:_identify(src) by extensions ['ignore', 'ignore_ament_install']
[0.131s] Level 1:colcon.colcon_core.package_identification:_identify(src) by extension 'ignore'
[0.131s] Level 1:colcon.colcon_core.package_identification:_identify(src) by extension 'ignore_ament_install'
[0.131s] Level 1:colcon.colcon_core.package_identification:_identify(src) by extensions ['colcon_pkg']
[0.131s] Level 1:colcon.colcon_core.package_identification:_identify(src) by extension 'colcon_pkg'
[0.131s] Level 1:colcon.colcon_core.package_identification:_identify(src) by extensions ['colcon_meta']
[0.131s] Level 1:colcon.colcon_core.package_identification:_identify(src) by extension 'colcon_meta'
[0.131s] Level 1:colcon.colcon_core.package_identification:_identify(src) by extensions ['ros']
[0.132s] Level 1:colcon.colcon_core.package_identification:_identify(src) by extension 'ros'
[0.132s] Level 1:colcon.colcon_core.package_identification:_identify(src) by extensions ['cmake', 'python']
[0.132s] Level 1:colcon.colcon_core.package_identification:_identify(src) by extension 'cmake'
[0.132s] Level 1:colcon.colcon_core.package_identification:_identify(src) by extension 'python'
[0.132s] Level 1:colcon.colcon_core.package_identification:_identify(src) by extensions ['python_setup_py']
[0.132s] Level 1:colcon.colcon_core.package_identification:_identify(src) by extension 'python_setup_py'
[0.132s] Level 1:colcon.colcon_core.package_identification:_identify(src/cpp_pubsub) by extensions ['ignore', 'ignore_ament_install']
[0.132s] Level 1:colcon.colcon_core.package_identification:_identify(src/cpp_pubsub) by extension 'ignore'
[0.132s] Level 1:colcon.colcon_core.package_identification:_identify(src/cpp_pubsub) by extension 'ignore_ament_install'
[0.132s] Level 1:colcon.colcon_core.package_identification:_identify(src/cpp_pubsub) by extensions ['colcon_pkg']
[0.132s] Level 1:colcon.colcon_core.package_identification:_identify(src/cpp_pubsub) by extension 'colcon_pkg'
[0.132s] Level 1:colcon.colcon_core.package_identification:_identify(src/cpp_pubsub) by extensions ['colcon_meta']
[0.132s] Level 1:colcon.colcon_core.package_identification:_identify(src/cpp_pubsub) by extension 'colcon_meta'
[0.132s] Level 1:colcon.colcon_core.package_identification:_identify(src/cpp_pubsub) by extensions ['ros']
[0.132s] Level 1:colcon.colcon_core.package_identification:_identify(src/cpp_pubsub) by extension 'ros'
[0.133s] DEBUG:colcon.colcon_core.package_identification:Package 'src/cpp_pubsub' with type 'ros.ament_cmake' and name 'cpp_pubsub'
[0.133s] Level 1:colcon.colcon_core.package_discovery:discover_packages(recursive) using defaults
[0.133s] Level 1:colcon.colcon_core.package_discovery:discover_packages(ignore) discover
[0.133s] Level 1:colcon.colcon_core.package_discovery:discover_packages(ignore) using defaults
[0.133s] Level 1:colcon.colcon_core.package_discovery:discover_packages(path) discover
[0.133s] Level 1:colcon.colcon_core.package_discovery:discover_packages(path) using defaults
[0.153s] INFO:colcon.colcon_core.package_selection:Skipping not selected package 'sllidar_ros2' in 'sllidar_ros2'
[0.153s] Level 1:colcon.colcon_core.package_discovery:discover_packages(prefix_path) check parameters
[0.153s] Level 1:colcon.colcon_core.package_discovery:discover_packages(prefix_path) discover
[0.154s] DEBUG:colcon.colcon_installed_package_information.package_discovery:Found 2 installed packages in /home/noa/Documents/SLAM/ros2_ws/install
[0.155s] DEBUG:colcon.colcon_installed_package_information.package_discovery:Found 256 installed packages in /opt/ros/foxy
[0.156s] Level 1:colcon.colcon_core.package_discovery:discover_packages(prefix_path) using defaults
[0.206s] Level 5:colcon.colcon_core.verb:set package 'cpp_pubsub' build argument 'cmake_args' from command line to 'None'
[0.206s] Level 5:colcon.colcon_core.verb:set package 'cpp_pubsub' build argument 'cmake_target' from command line to 'None'
[0.207s] Level 5:colcon.colcon_core.verb:set package 'cpp_pubsub' build argument 'cmake_target_skip_unavailable' from command line to 'False'
[0.207s] Level 5:colcon.colcon_core.verb:set package 'cpp_pubsub' build argument 'cmake_clean_cache' from command line to 'False'
[0.207s] Level 5:colcon.colcon_core.verb:set package 'cpp_pubsub' build argument 'cmake_clean_first' from command line to 'False'
[0.207s] Level 5:colcon.colcon_core.verb:set package 'cpp_pubsub' build argument 'cmake_force_configure' from command line to 'False'
[0.207s] Level 5:colcon.colcon_core.verb:set package 'cpp_pubsub' build argument 'ament_cmake_args' from command line to 'None'
[0.207s] Level 5:colcon.colcon_core.verb:set package 'cpp_pubsub' build argument 'catkin_cmake_args' from command line to 'None'
[0.207s] Level 5:colcon.colcon_core.verb:set package 'cpp_pubsub' build argument 'catkin_skip_building_tests' from command line to 'False'
[0.207s] DEBUG:colcon.colcon_core.verb:Building package 'cpp_pubsub' with the following arguments: {'ament_cmake_args': None, 'build_base': '/home/noa/Documents/SLAM/ros2_ws/build/cpp_pubsub', 'catkin_cmake_args': None, 'catkin_skip_building_tests': False, 'cmake_args': None, 'cmake_clean_cache': False, 'cmake_clean_first': False, 'cmake_force_configure': False, 'cmake_target': None, 'cmake_target_skip_unavailable': False, 'install_base': '/home/noa/Documents/SLAM/ros2_ws/install/cpp_pubsub', 'merge_install': False, 'path': '/home/noa/Documents/SLAM/ros2_ws/src/cpp_pubsub', 'symlink_install': False, 'test_result_base': None}
[0.207s] INFO:colcon.colcon_core.executor:Executing jobs using 'parallel' executor
[0.208s] DEBUG:colcon.colcon_parallel_executor.executor.parallel:run_until_complete
[0.208s] INFO:colcon.colcon_ros.task.ament_cmake.build:Building ROS package in '/home/noa/Documents/SLAM/ros2_ws/src/cpp_pubsub' with build type 'ament_cmake'
[0.209s] INFO:colcon.colcon_cmake.task.cmake.build:Building CMake package in '/home/noa/Documents/SLAM/ros2_ws/src/cpp_pubsub'
[0.212s] INFO:colcon.colcon_core.plugin_system:Skipping extension 'colcon_core.shell.bat': Not used on non-Windows systems
[0.212s] INFO:colcon.colcon_core.shell:Skip shell extension 'powershell' for command environment: Not usable outside of PowerShell
[0.212s] DEBUG:colcon.colcon_core.shell:Skip shell extension 'dsv' for command environment
[0.220s] DEBUG:colcon.colcon_core.event_handler.log_command:Invoking command in '/home/noa/Documents/SLAM/ros2_ws/build/cpp_pubsub': CMAKE_PREFIX_PATH=${CMAKE_PREFIX_PATH}:/opt/ros/foxy PS1=\u@\h \[\033[32m\]\w\[\033[33m\]$(parse_git_branch)\[\033[00m\] $ /usr/bin/cmake /home/noa/Documents/SLAM/ros2_ws/src/cpp_pubsub -DCMAKE_INSTALL_PREFIX=/home/noa/Documents/SLAM/ros2_ws/install/cpp_pubsub
[0.734s] DEBUG:colcon.colcon_core.event_handler.log_command:Invoked command in '/home/noa/Documents/SLAM/ros2_ws/build/cpp_pubsub' returned '0': CMAKE_PREFIX_PATH=${CMAKE_PREFIX_PATH}:/opt/ros/foxy PS1=\u@\h \[\033[32m\]\w\[\033[33m\]$(parse_git_branch)\[\033[00m\] $ /usr/bin/cmake /home/noa/Documents/SLAM/ros2_ws/src/cpp_pubsub -DCMAKE_INSTALL_PREFIX=/home/noa/Documents/SLAM/ros2_ws/install/cpp_pubsub
[0.737s] DEBUG:colcon.colcon_core.event_handler.log_command:Invoking command in '/home/noa/Documents/SLAM/ros2_ws/build/cpp_pubsub': CMAKE_PREFIX_PATH=${CMAKE_PREFIX_PATH}:/opt/ros/foxy PS1=\u@\h \[\033[32m\]\w\[\033[33m\]$(parse_git_branch)\[\033[00m\] $ /usr/bin/cmake --build /home/noa/Documents/SLAM/ros2_ws/build/cpp_pubsub -- -j8 -l8
[3.197s] DEBUG:colcon.colcon_core.event_handler.log_command:Invoked command in '/home/noa/Documents/SLAM/ros2_ws/build/cpp_pubsub' returned '0': CMAKE_PREFIX_PATH=${CMAKE_PREFIX_PATH}:/opt/ros/foxy PS1=\u@\h \[\033[32m\]\w\[\033[33m\]$(parse_git_branch)\[\033[00m\] $ /usr/bin/cmake --build /home/noa/Documents/SLAM/ros2_ws/build/cpp_pubsub -- -j8 -l8
[3.220s] DEBUG:colcon.colcon_core.event_handler.log_command:Invoking command in '/home/noa/Documents/SLAM/ros2_ws/build/cpp_pubsub': CMAKE_PREFIX_PATH=${CMAKE_PREFIX_PATH}:/opt/ros/foxy PS1=\u@\h \[\033[32m\]\w\[\033[33m\]$(parse_git_branch)\[\033[00m\] $ /usr/bin/cmake --install /home/noa/Documents/SLAM/ros2_ws/build/cpp_pubsub
[3.230s] Level 1:colcon.colcon_core.environment:create_environment_scripts_only(cpp_pubsub)
[3.231s] DEBUG:colcon.colcon_core.event_handler.log_command:Invoked command in '/home/noa/Documents/SLAM/ros2_ws/build/cpp_pubsub' returned '0': CMAKE_PREFIX_PATH=${CMAKE_PREFIX_PATH}:/opt/ros/foxy PS1=\u@\h \[\033[32m\]\w\[\033[33m\]$(parse_git_branch)\[\033[00m\] $ /usr/bin/cmake --install /home/noa/Documents/SLAM/ros2_ws/build/cpp_pubsub
[3.234s] Level 1:colcon.colcon_core.environment:checking '/home/noa/Documents/SLAM/ros2_ws/install/cpp_pubsub' for CMake module files
[3.234s] Level 1:colcon.colcon_core.environment:checking '/home/noa/Documents/SLAM/ros2_ws/install/cpp_pubsub' for CMake config files
[3.234s] Level 1:colcon.colcon_core.shell:create_environment_hook('cpp_pubsub', 'cmake_prefix_path')
[3.235s] INFO:colcon.colcon_core.shell:Creating environment hook '/home/noa/Documents/SLAM/ros2_ws/install/cpp_pubsub/share/cpp_pubsub/hook/cmake_prefix_path.ps1'
[3.235s] INFO:colcon.colcon_core.shell:Creating environment descriptor '/home/noa/Documents/SLAM/ros2_ws/install/cpp_pubsub/share/cpp_pubsub/hook/cmake_prefix_path.dsv'
[3.236s] INFO:colcon.colcon_core.shell:Creating environment hook '/home/noa/Documents/SLAM/ros2_ws/install/cpp_pubsub/share/cpp_pubsub/hook/cmake_prefix_path.sh'
[3.236s] Level 1:colcon.colcon_core.environment:checking '/home/noa/Documents/SLAM/ros2_ws/install/cpp_pubsub/lib'
[3.236s] Level 1:colcon.colcon_core.environment:checking '/home/noa/Documents/SLAM/ros2_ws/install/cpp_pubsub/bin'
[3.236s] Level 1:colcon.colcon_core.environment:checking '/home/noa/Documents/SLAM/ros2_ws/install/cpp_pubsub/lib/pkgconfig/cpp_pubsub.pc'
[3.237s] Level 1:colcon.colcon_core.environment:checking '/home/noa/Documents/SLAM/ros2_ws/install/cpp_pubsub/lib/python3.8/site-packages'
[3.237s] Level 1:colcon.colcon_core.environment:checking '/home/noa/Documents/SLAM/ros2_ws/install/cpp_pubsub/bin'
[3.237s] INFO:colcon.colcon_core.shell:Creating package script '/home/noa/Documents/SLAM/ros2_ws/install/cpp_pubsub/share/cpp_pubsub/package.ps1'
[3.238s] INFO:colcon.colcon_core.shell:Creating package descriptor '/home/noa/Documents/SLAM/ros2_ws/install/cpp_pubsub/share/cpp_pubsub/package.dsv'
[3.238s] INFO:colcon.colcon_core.shell:Creating package script '/home/noa/Documents/SLAM/ros2_ws/install/cpp_pubsub/share/cpp_pubsub/package.sh'
[3.238s] INFO:colcon.colcon_core.shell:Creating package script '/home/noa/Documents/SLAM/ros2_ws/install/cpp_pubsub/share/cpp_pubsub/package.bash'
[3.239s] INFO:colcon.colcon_core.shell:Creating package script '/home/noa/Documents/SLAM/ros2_ws/install/cpp_pubsub/share/cpp_pubsub/package.zsh'
[3.239s] Level 1:colcon.colcon_core.environment:create_file_with_runtime_dependencies(/home/noa/Documents/SLAM/ros2_ws/install/cpp_pubsub/share/colcon-core/packages/cpp_pubsub)
[3.258s] Level 1:colcon.colcon_core.environment:create_environment_scripts_only(cpp_pubsub)
[3.258s] Level 1:colcon.colcon_core.environment:checking '/home/noa/Documents/SLAM/ros2_ws/install/cpp_pubsub' for CMake module files
[3.259s] Level 1:colcon.colcon_core.environment:checking '/home/noa/Documents/SLAM/ros2_ws/install/cpp_pubsub' for CMake config files
[3.259s] Level 1:colcon.colcon_core.shell:create_environment_hook('cpp_pubsub', 'cmake_prefix_path')
[3.259s] INFO:colcon.colcon_core.shell:Creating environment hook '/home/noa/Documents/SLAM/ros2_ws/install/cpp_pubsub/share/cpp_pubsub/hook/cmake_prefix_path.ps1'
[3.260s] INFO:colcon.colcon_core.shell:Creating environment descriptor '/home/noa/Documents/SLAM/ros2_ws/install/cpp_pubsub/share/cpp_pubsub/hook/cmake_prefix_path.dsv'
[3.260s] INFO:colcon.colcon_core.shell:Creating environment hook '/home/noa/Documents/SLAM/ros2_ws/install/cpp_pubsub/share/cpp_pubsub/hook/cmake_prefix_path.sh'
[3.260s] Level 1:colcon.colcon_core.environment:checking '/home/noa/Documents/SLAM/ros2_ws/install/cpp_pubsub/lib'
[3.260s] Level 1:colcon.colcon_core.environment:checking '/home/noa/Documents/SLAM/ros2_ws/install/cpp_pubsub/bin'
[3.260s] Level 1:colcon.colcon_core.environment:checking '/home/noa/Documents/SLAM/ros2_ws/install/cpp_pubsub/lib/pkgconfig/cpp_pubsub.pc'
[3.261s] Level 1:colcon.colcon_core.environment:checking '/home/noa/Documents/SLAM/ros2_ws/install/cpp_pubsub/lib/python3.8/site-packages'
[3.261s] Level 1:colcon.colcon_core.environment:checking '/home/noa/Documents/SLAM/ros2_ws/install/cpp_pubsub/bin'
[3.261s] INFO:colcon.colcon_core.shell:Creating package script '/home/noa/Documents/SLAM/ros2_ws/install/cpp_pubsub/share/cpp_pubsub/package.ps1'
[3.262s] INFO:colcon.colcon_core.shell:Creating package descriptor '/home/noa/Documents/SLAM/ros2_ws/install/cpp_pubsub/share/cpp_pubsub/package.dsv'
[3.262s] INFO:colcon.colcon_core.shell:Creating package script '/home/noa/Documents/SLAM/ros2_ws/install/cpp_pubsub/share/cpp_pubsub/package.sh'
[3.262s] INFO:colcon.colcon_core.shell:Creating package script '/home/noa/Documents/SLAM/ros2_ws/install/cpp_pubsub/share/cpp_pubsub/package.bash'
[3.262s] INFO:colcon.colcon_core.shell:Creating package script '/home/noa/Documents/SLAM/ros2_ws/install/cpp_pubsub/share/cpp_pubsub/package.zsh'
[3.263s] Level 1:colcon.colcon_core.environment:create_file_with_runtime_dependencies(/home/noa/Documents/SLAM/ros2_ws/install/cpp_pubsub/share/colcon-core/packages/cpp_pubsub)
[3.263s] DEBUG:colcon.colcon_parallel_executor.executor.parallel:closing loop
[3.263s] DEBUG:colcon.colcon_parallel_executor.executor.parallel:loop closed
[3.263s] DEBUG:colcon.colcon_parallel_executor.executor.parallel:run_until_complete finished with '0'
[3.264s] DEBUG:colcon.colcon_core.event_reactor:joining thread
[3.268s] INFO:colcon.colcon_core.plugin_system:Skipping extension 'colcon_notification.desktop_notification.terminal_notifier': Not used on non-Darwin systems
[3.268s] INFO:colcon.colcon_core.plugin_system:Skipping extension 'colcon_notification.desktop_notification.win32': Not used on non-Windows systems
[3.268s] INFO:colcon.colcon_notification.desktop_notification:Sending desktop notification using 'notify2'
[3.278s] DEBUG:colcon.colcon_core.event_reactor:joined thread
[3.278s] INFO:colcon.colcon_core.shell:Creating prefix script '/home/noa/Documents/SLAM/ros2_ws/install/local_setup.ps1'
[3.279s] INFO:colcon.colcon_core.shell:Creating prefix util module '/home/noa/Documents/SLAM/ros2_ws/install/_local_setup_util_ps1.py'
[3.280s] INFO:colcon.colcon_core.shell:Creating prefix chain script '/home/noa/Documents/SLAM/ros2_ws/install/setup.ps1'
[3.281s] INFO:colcon.colcon_core.shell:Creating prefix script '/home/noa/Documents/SLAM/ros2_ws/install/local_setup.sh'
[3.281s] INFO:colcon.colcon_core.shell:Creating prefix util module '/home/noa/Documents/SLAM/ros2_ws/install/_local_setup_util_sh.py'
[3.282s] INFO:colcon.colcon_core.shell:Creating prefix chain script '/home/noa/Documents/SLAM/ros2_ws/install/setup.sh'
[3.282s] INFO:colcon.colcon_core.shell:Creating prefix script '/home/noa/Documents/SLAM/ros2_ws/install/local_setup.bash'
[3.283s] INFO:colcon.colcon_core.shell:Creating prefix chain script '/home/noa/Documents/SLAM/ros2_ws/install/setup.bash'
[3.283s] INFO:colcon.colcon_core.shell:Creating prefix script '/home/noa/Documents/SLAM/ros2_ws/install/local_setup.zsh'
[3.284s] INFO:colcon.colcon_core.shell:Creating prefix chain script '/home/noa/Documents/SLAM/ros2_ws/install/setup.zsh'
