[0.097s] DEBUG:colcon:Command line arguments: ['/usr/bin/colcon', 'build']
[0.097s] DEBUG:colcon:Parsed command line arguments: Namespace(allow_overriding=[], ament_cmake_args=None, base_paths=['.'], build_base='build', catkin_cmake_args=None, catkin_skip_building_tests=False, cmake_args=None, cmake_clean_cache=False, cmake_clean_first=False, cmake_force_configure=False, cmake_target=None, cmake_target_skip_unavailable=False, continue_on_error=False, event_handlers=None, executor='parallel', ignore_user_meta=False, install_base='install', log_base=None, log_level=None, main=<bound method BuildVerb.main of <colcon_core.verb.build.BuildVerb object at 0x7ff939bafaf0>>, merge_install=False, metas=['./colcon.meta'], packages_above=None, packages_above_and_dependencies=None, packages_above_depth=None, packages_end=None, packages_ignore=None, packages_ignore_regex=None, packages_select=None, packages_select_build_failed=False, packages_select_by_dep=None, packages_select_regex=None, packages_select_test_failures=False, packages_skip=None, packages_skip_build_finished=False, packages_skip_by_dep=None, packages_skip_regex=None, packages_skip_test_passed=False, packages_skip_up_to=None, packages_start=None, packages_up_to=None, packages_up_to_regex=None, parallel_workers=8, paths=None, symlink_install=False, test_result_base=None, verb_extension=<colcon_core.verb.build.BuildVerb object at 0x7ff939bafaf0>, verb_name='build', verb_parser=<colcon_defaults.argument_parser.defaults.DefaultArgumentsDecorator object at 0x7ff939b3a0a0>)
[0.115s] Level 1:colcon.colcon_core.package_discovery:discover_packages(colcon_meta) check parameters
[0.115s] Level 1:colcon.colcon_core.package_discovery:discover_packages(recursive) check parameters
[0.115s] Level 1:colcon.colcon_core.package_discovery:discover_packages(ignore) check parameters
[0.115s] Level 1:colcon.colcon_core.package_discovery:discover_packages(path) check parameters
[0.115s] Level 1:colcon.colcon_core.package_discovery:discover_packages(colcon_meta) discover
[0.115s] Level 1:colcon.colcon_core.package_discovery:discover_packages(recursive) discover
[0.115s] INFO:colcon.colcon_core.package_discovery:Crawling recursively for packages in '/home/noa/Documents/SLAM/ros2_ws'
[0.115s] Level 1:colcon.colcon_core.package_identification:_identify(.) by extensions ['ignore', 'ignore_ament_install']
[0.115s] Level 1:colcon.colcon_core.package_identification:_identify(.) by extension 'ignore'
[0.115s] Level 1:colcon.colcon_core.package_identification:_identify(.) by extension 'ignore_ament_install'
[0.115s] Level 1:colcon.colcon_core.package_identification:_identify(.) by extensions ['colcon_pkg']
[0.115s] Level 1:colcon.colcon_core.package_identification:_identify(.) by extension 'colcon_pkg'
[0.115s] Level 1:colcon.colcon_core.package_identification:_identify(.) by extensions ['colcon_meta']
[0.115s] Level 1:colcon.colcon_core.package_identification:_identify(.) by extension 'colcon_meta'
[0.116s] Level 1:colcon.colcon_core.package_identification:_identify(.) by extensions ['ros']
[0.116s] Level 1:colcon.colcon_core.package_identification:_identify(.) by extension 'ros'
[0.131s] Level 1:colcon.colcon_core.package_identification:_identify(.) by extensions ['cmake', 'python']
[0.131s] Level 1:colcon.colcon_core.package_identification:_identify(.) by extension 'cmake'
[0.131s] Level 1:colcon.colcon_core.package_identification:_identify(.) by extension 'python'
[0.131s] Level 1:colcon.colcon_core.package_identification:_identify(.) by extensions ['python_setup_py']
[0.131s] Level 1:colcon.colcon_core.package_identification:_identify(.) by extension 'python_setup_py'
[0.131s] Level 1:colcon.colcon_core.package_identification:_identify(build) by extensions ['ignore', 'ignore_ament_install']
[0.131s] Level 1:colcon.colcon_core.package_identification:_identify(build) by extension 'ignore'
[0.131s] Level 1:colcon.colcon_core.package_identification:_identify(build) ignored
[0.131s] Level 1:colcon.colcon_core.package_identification:_identify(install) by extensions ['ignore', 'ignore_ament_install']
[0.131s] Level 1:colcon.colcon_core.package_identification:_identify(install) by extension 'ignore'
[0.131s] Level 1:colcon.colcon_core.package_identification:_identify(install) ignored
[0.132s] Level 1:colcon.colcon_core.package_identification:_identify(log) by extensions ['ignore', 'ignore_ament_install']
[0.132s] Level 1:colcon.colcon_core.package_identification:_identify(log) by extension 'ignore'
[0.132s] Level 1:colcon.colcon_core.package_identification:_identify(log) ignored
[0.132s] Level 1:colcon.colcon_core.package_identification:_identify(src) by extensions ['ignore', 'ignore_ament_install']
[0.132s] Level 1:colcon.colcon_core.package_identification:_identify(src) by extension 'ignore'
[0.132s] Level 1:colcon.colcon_core.package_identification:_identify(src) by extension 'ignore_ament_install'
[0.132s] Level 1:colcon.colcon_core.package_identification:_identify(src) by extensions ['colcon_pkg']
[0.132s] Level 1:colcon.colcon_core.package_identification:_identify(src) by extension 'colcon_pkg'
[0.132s] Level 1:colcon.colcon_core.package_identification:_identify(src) by extensions ['colcon_meta']
[0.132s] Level 1:colcon.colcon_core.package_identification:_identify(src) by extension 'colcon_meta'
[0.132s] Level 1:colcon.colcon_core.package_identification:_identify(src) by extensions ['ros']
[0.132s] Level 1:colcon.colcon_core.package_identification:_identify(src) by extension 'ros'
[0.132s] Level 1:colcon.colcon_core.package_identification:_identify(src) by extensions ['cmake', 'python']
[0.132s] Level 1:colcon.colcon_core.package_identification:_identify(src) by extension 'cmake'
[0.132s] Level 1:colcon.colcon_core.package_identification:_identify(src) by extension 'python'
[0.132s] Level 1:colcon.colcon_core.package_identification:_identify(src) by extensions ['python_setup_py']
[0.132s] Level 1:colcon.colcon_core.package_identification:_identify(src) by extension 'python_setup_py'
[0.132s] Level 1:colcon.colcon_core.package_identification:_identify(src/build) by extensions ['ignore', 'ignore_ament_install']
[0.132s] Level 1:colcon.colcon_core.package_identification:_identify(src/build) by extension 'ignore'
[0.133s] Level 1:colcon.colcon_core.package_identification:_identify(src/build) ignored
[0.133s] Level 1:colcon.colcon_core.package_identification:_identify(src/cpp_pubsub) by extensions ['ignore', 'ignore_ament_install']
[0.133s] Level 1:colcon.colcon_core.package_identification:_identify(src/cpp_pubsub) by extension 'ignore'
[0.133s] Level 1:colcon.colcon_core.package_identification:_identify(src/cpp_pubsub) by extension 'ignore_ament_install'
[0.133s] Level 1:colcon.colcon_core.package_identification:_identify(src/cpp_pubsub) by extensions ['colcon_pkg']
[0.133s] Level 1:colcon.colcon_core.package_identification:_identify(src/cpp_pubsub) by extension 'colcon_pkg'
[0.133s] Level 1:colcon.colcon_core.package_identification:_identify(src/cpp_pubsub) by extensions ['colcon_meta']
[0.133s] Level 1:colcon.colcon_core.package_identification:_identify(src/cpp_pubsub) by extension 'colcon_meta'
[0.133s] Level 1:colcon.colcon_core.package_identification:_identify(src/cpp_pubsub) by extensions ['ros']
[0.133s] Level 1:colcon.colcon_core.package_identification:_identify(src/cpp_pubsub) by extension 'ros'
[0.135s] DEBUG:colcon.colcon_core.package_identification:Package 'src/cpp_pubsub' with type 'ros.ament_cmake' and name 'cpp_pubsub'
[0.135s] Level 1:colcon.colcon_core.package_identification:_identify(src/cpp_pubsub_tutorial_interfaces) by extensions ['ignore', 'ignore_ament_install']
[0.135s] Level 1:colcon.colcon_core.package_identification:_identify(src/cpp_pubsub_tutorial_interfaces) by extension 'ignore'
[0.135s] Level 1:colcon.colcon_core.package_identification:_identify(src/cpp_pubsub_tutorial_interfaces) by extension 'ignore_ament_install'
[0.135s] Level 1:colcon.colcon_core.package_identification:_identify(src/cpp_pubsub_tutorial_interfaces) by extensions ['colcon_pkg']
[0.135s] Level 1:colcon.colcon_core.package_identification:_identify(src/cpp_pubsub_tutorial_interfaces) by extension 'colcon_pkg'
[0.135s] Level 1:colcon.colcon_core.package_identification:_identify(src/cpp_pubsub_tutorial_interfaces) by extensions ['colcon_meta']
[0.135s] Level 1:colcon.colcon_core.package_identification:_identify(src/cpp_pubsub_tutorial_interfaces) by extension 'colcon_meta'
[0.135s] Level 1:colcon.colcon_core.package_identification:_identify(src/cpp_pubsub_tutorial_interfaces) by extensions ['ros']
[0.135s] Level 1:colcon.colcon_core.package_identification:_identify(src/cpp_pubsub_tutorial_interfaces) by extension 'ros'
[0.136s] DEBUG:colcon.colcon_core.package_identification:Package 'src/cpp_pubsub_tutorial_interfaces' with type 'ros.ament_cmake' and name 'cpp_pubsub_tutorial_interfaces'
[0.136s] Level 1:colcon.colcon_core.package_identification:_identify(src/install) by extensions ['ignore', 'ignore_ament_install']
[0.136s] Level 1:colcon.colcon_core.package_identification:_identify(src/install) by extension 'ignore'
[0.136s] Level 1:colcon.colcon_core.package_identification:_identify(src/install) ignored
[0.136s] Level 1:colcon.colcon_core.package_identification:_identify(src/lidar_listener) by extensions ['ignore', 'ignore_ament_install']
[0.136s] Level 1:colcon.colcon_core.package_identification:_identify(src/lidar_listener) by extension 'ignore'
[0.136s] Level 1:colcon.colcon_core.package_identification:_identify(src/lidar_listener) by extension 'ignore_ament_install'
[0.136s] Level 1:colcon.colcon_core.package_identification:_identify(src/lidar_listener) by extensions ['colcon_pkg']
[0.136s] Level 1:colcon.colcon_core.package_identification:_identify(src/lidar_listener) by extension 'colcon_pkg'
[0.136s] Level 1:colcon.colcon_core.package_identification:_identify(src/lidar_listener) by extensions ['colcon_meta']
[0.136s] Level 1:colcon.colcon_core.package_identification:_identify(src/lidar_listener) by extension 'colcon_meta'
[0.136s] Level 1:colcon.colcon_core.package_identification:_identify(src/lidar_listener) by extensions ['ros']
[0.136s] Level 1:colcon.colcon_core.package_identification:_identify(src/lidar_listener) by extension 'ros'
[0.137s] DEBUG:colcon.colcon_core.package_identification:Package 'src/lidar_listener' with type 'ros.ament_cmake' and name 'lidar_listener'
[0.137s] Level 1:colcon.colcon_core.package_identification:_identify(src/log) by extensions ['ignore', 'ignore_ament_install']
[0.137s] Level 1:colcon.colcon_core.package_identification:_identify(src/log) by extension 'ignore'
[0.137s] Level 1:colcon.colcon_core.package_identification:_identify(src/log) ignored
[0.137s] Level 1:colcon.colcon_core.package_identification:_identify(src/sllidar_ros2) by extensions ['ignore', 'ignore_ament_install']
[0.137s] Level 1:colcon.colcon_core.package_identification:_identify(src/sllidar_ros2) by extension 'ignore'
[0.137s] Level 1:colcon.colcon_core.package_identification:_identify(src/sllidar_ros2) by extension 'ignore_ament_install'
[0.137s] Level 1:colcon.colcon_core.package_identification:_identify(src/sllidar_ros2) by extensions ['colcon_pkg']
[0.137s] Level 1:colcon.colcon_core.package_identification:_identify(src/sllidar_ros2) by extension 'colcon_pkg'
[0.137s] Level 1:colcon.colcon_core.package_identification:_identify(src/sllidar_ros2) by extensions ['colcon_meta']
[0.137s] Level 1:colcon.colcon_core.package_identification:_identify(src/sllidar_ros2) by extension 'colcon_meta'
[0.137s] Level 1:colcon.colcon_core.package_identification:_identify(src/sllidar_ros2) by extensions ['ros']
[0.137s] Level 1:colcon.colcon_core.package_identification:_identify(src/sllidar_ros2) by extension 'ros'
[0.138s] DEBUG:colcon.colcon_core.package_identification:Package 'src/sllidar_ros2' with type 'ros.ament_cmake' and name 'sllidar_ros2'
[0.138s] Level 1:colcon.colcon_core.package_identification:_identify(src/tutorial_interfaces) by extensions ['ignore', 'ignore_ament_install']
[0.138s] Level 1:colcon.colcon_core.package_identification:_identify(src/tutorial_interfaces) by extension 'ignore'
[0.138s] Level 1:colcon.colcon_core.package_identification:_identify(src/tutorial_interfaces) by extension 'ignore_ament_install'
[0.138s] Level 1:colcon.colcon_core.package_identification:_identify(src/tutorial_interfaces) by extensions ['colcon_pkg']
[0.138s] Level 1:colcon.colcon_core.package_identification:_identify(src/tutorial_interfaces) by extension 'colcon_pkg'
[0.138s] Level 1:colcon.colcon_core.package_identification:_identify(src/tutorial_interfaces) by extensions ['colcon_meta']
[0.138s] Level 1:colcon.colcon_core.package_identification:_identify(src/tutorial_interfaces) by extension 'colcon_meta'
[0.138s] Level 1:colcon.colcon_core.package_identification:_identify(src/tutorial_interfaces) by extensions ['ros']
[0.138s] Level 1:colcon.colcon_core.package_identification:_identify(src/tutorial_interfaces) by extension 'ros'
[0.139s] DEBUG:colcon.colcon_core.package_identification:Package 'src/tutorial_interfaces' with type 'ros.ament_cmake' and name 'tutorial_interfaces'
[0.139s] Level 1:colcon.colcon_core.package_discovery:discover_packages(recursive) using defaults
[0.139s] Level 1:colcon.colcon_core.package_discovery:discover_packages(ignore) discover
[0.139s] Level 1:colcon.colcon_core.package_discovery:discover_packages(ignore) using defaults
[0.139s] Level 1:colcon.colcon_core.package_discovery:discover_packages(path) discover
[0.139s] Level 1:colcon.colcon_core.package_discovery:discover_packages(path) using defaults
[0.160s] Level 1:colcon.colcon_core.package_discovery:discover_packages(prefix_path) check parameters
[0.160s] Level 1:colcon.colcon_core.package_discovery:discover_packages(prefix_path) discover
[0.161s] DEBUG:colcon.colcon_installed_package_information.package_discovery:Found 5 installed packages in /home/noa/Documents/SLAM/ros2_ws/install
[0.162s] DEBUG:colcon.colcon_installed_package_information.package_discovery:Found 256 installed packages in /opt/ros/foxy
[0.163s] Level 1:colcon.colcon_core.package_discovery:discover_packages(prefix_path) using defaults
[0.215s] Level 5:colcon.colcon_core.verb:set package 'cpp_pubsub' build argument 'cmake_args' from command line to 'None'
[0.215s] Level 5:colcon.colcon_core.verb:set package 'cpp_pubsub' build argument 'cmake_target' from command line to 'None'
[0.215s] Level 5:colcon.colcon_core.verb:set package 'cpp_pubsub' build argument 'cmake_target_skip_unavailable' from command line to 'False'
[0.215s] Level 5:colcon.colcon_core.verb:set package 'cpp_pubsub' build argument 'cmake_clean_cache' from command line to 'False'
[0.215s] Level 5:colcon.colcon_core.verb:set package 'cpp_pubsub' build argument 'cmake_clean_first' from command line to 'False'
[0.215s] Level 5:colcon.colcon_core.verb:set package 'cpp_pubsub' build argument 'cmake_force_configure' from command line to 'False'
[0.215s] Level 5:colcon.colcon_core.verb:set package 'cpp_pubsub' build argument 'ament_cmake_args' from command line to 'None'
[0.215s] Level 5:colcon.colcon_core.verb:set package 'cpp_pubsub' build argument 'catkin_cmake_args' from command line to 'None'
[0.215s] Level 5:colcon.colcon_core.verb:set package 'cpp_pubsub' build argument 'catkin_skip_building_tests' from command line to 'False'
[0.215s] DEBUG:colcon.colcon_core.verb:Building package 'cpp_pubsub' with the following arguments: {'ament_cmake_args': None, 'build_base': '/home/noa/Documents/SLAM/ros2_ws/build/cpp_pubsub', 'catkin_cmake_args': None, 'catkin_skip_building_tests': False, 'cmake_args': None, 'cmake_clean_cache': False, 'cmake_clean_first': False, 'cmake_force_configure': False, 'cmake_target': None, 'cmake_target_skip_unavailable': False, 'install_base': '/home/noa/Documents/SLAM/ros2_ws/install/cpp_pubsub', 'merge_install': False, 'path': '/home/noa/Documents/SLAM/ros2_ws/src/cpp_pubsub', 'symlink_install': False, 'test_result_base': None}
[0.216s] Level 5:colcon.colcon_core.verb:set package 'lidar_listener' build argument 'cmake_args' from command line to 'None'
[0.216s] Level 5:colcon.colcon_core.verb:set package 'lidar_listener' build argument 'cmake_target' from command line to 'None'
[0.216s] Level 5:colcon.colcon_core.verb:set package 'lidar_listener' build argument 'cmake_target_skip_unavailable' from command line to 'False'
[0.216s] Level 5:colcon.colcon_core.verb:set package 'lidar_listener' build argument 'cmake_clean_cache' from command line to 'False'
[0.216s] Level 5:colcon.colcon_core.verb:set package 'lidar_listener' build argument 'cmake_clean_first' from command line to 'False'
[0.216s] Level 5:colcon.colcon_core.verb:set package 'lidar_listener' build argument 'cmake_force_configure' from command line to 'False'
[0.216s] Level 5:colcon.colcon_core.verb:set package 'lidar_listener' build argument 'ament_cmake_args' from command line to 'None'
[0.216s] Level 5:colcon.colcon_core.verb:set package 'lidar_listener' build argument 'catkin_cmake_args' from command line to 'None'
[0.216s] Level 5:colcon.colcon_core.verb:set package 'lidar_listener' build argument 'catkin_skip_building_tests' from command line to 'False'
[0.216s] DEBUG:colcon.colcon_core.verb:Building package 'lidar_listener' with the following arguments: {'ament_cmake_args': None, 'build_base': '/home/noa/Documents/SLAM/ros2_ws/build/lidar_listener', 'catkin_cmake_args': None, 'catkin_skip_building_tests': False, 'cmake_args': None, 'cmake_clean_cache': False, 'cmake_clean_first': False, 'cmake_force_configure': False, 'cmake_target': None, 'cmake_target_skip_unavailable': False, 'install_base': '/home/noa/Documents/SLAM/ros2_ws/install/lidar_listener', 'merge_install': False, 'path': '/home/noa/Documents/SLAM/ros2_ws/src/lidar_listener', 'symlink_install': False, 'test_result_base': None}
[0.217s] Level 5:colcon.colcon_core.verb:set package 'sllidar_ros2' build argument 'cmake_args' from command line to 'None'
[0.217s] Level 5:colcon.colcon_core.verb:set package 'sllidar_ros2' build argument 'cmake_target' from command line to 'None'
[0.217s] Level 5:colcon.colcon_core.verb:set package 'sllidar_ros2' build argument 'cmake_target_skip_unavailable' from command line to 'False'
[0.217s] Level 5:colcon.colcon_core.verb:set package 'sllidar_ros2' build argument 'cmake_clean_cache' from command line to 'False'
[0.217s] Level 5:colcon.colcon_core.verb:set package 'sllidar_ros2' build argument 'cmake_clean_first' from command line to 'False'
[0.217s] Level 5:colcon.colcon_core.verb:set package 'sllidar_ros2' build argument 'cmake_force_configure' from command line to 'False'
[0.217s] Level 5:colcon.colcon_core.verb:set package 'sllidar_ros2' build argument 'ament_cmake_args' from command line to 'None'
[0.217s] Level 5:colcon.colcon_core.verb:set package 'sllidar_ros2' build argument 'catkin_cmake_args' from command line to 'None'
[0.217s] Level 5:colcon.colcon_core.verb:set package 'sllidar_ros2' build argument 'catkin_skip_building_tests' from command line to 'False'
[0.217s] DEBUG:colcon.colcon_core.verb:Building package 'sllidar_ros2' with the following arguments: {'ament_cmake_args': None, 'build_base': '/home/noa/Documents/SLAM/ros2_ws/build/sllidar_ros2', 'catkin_cmake_args': None, 'catkin_skip_building_tests': False, 'cmake_args': None, 'cmake_clean_cache': False, 'cmake_clean_first': False, 'cmake_force_configure': False, 'cmake_target': None, 'cmake_target_skip_unavailable': False, 'install_base': '/home/noa/Documents/SLAM/ros2_ws/install/sllidar_ros2', 'merge_install': False, 'path': '/home/noa/Documents/SLAM/ros2_ws/src/sllidar_ros2', 'symlink_install': False, 'test_result_base': None}
[0.218s] Level 5:colcon.colcon_core.verb:set package 'tutorial_interfaces' build argument 'cmake_args' from command line to 'None'
[0.218s] Level 5:colcon.colcon_core.verb:set package 'tutorial_interfaces' build argument 'cmake_target' from command line to 'None'
[0.218s] Level 5:colcon.colcon_core.verb:set package 'tutorial_interfaces' build argument 'cmake_target_skip_unavailable' from command line to 'False'
[0.218s] Level 5:colcon.colcon_core.verb:set package 'tutorial_interfaces' build argument 'cmake_clean_cache' from command line to 'False'
[0.218s] Level 5:colcon.colcon_core.verb:set package 'tutorial_interfaces' build argument 'cmake_clean_first' from command line to 'False'
[0.218s] Level 5:colcon.colcon_core.verb:set package 'tutorial_interfaces' build argument 'cmake_force_configure' from command line to 'False'
[0.218s] Level 5:colcon.colcon_core.verb:set package 'tutorial_interfaces' build argument 'ament_cmake_args' from command line to 'None'
[0.218s] Level 5:colcon.colcon_core.verb:set package 'tutorial_interfaces' build argument 'catkin_cmake_args' from command line to 'None'
[0.218s] Level 5:colcon.colcon_core.verb:set package 'tutorial_interfaces' build argument 'catkin_skip_building_tests' from command line to 'False'
[0.218s] DEBUG:colcon.colcon_core.verb:Building package 'tutorial_interfaces' with the following arguments: {'ament_cmake_args': None, 'build_base': '/home/noa/Documents/SLAM/ros2_ws/build/tutorial_interfaces', 'catkin_cmake_args': None, 'catkin_skip_building_tests': False, 'cmake_args': None, 'cmake_clean_cache': False, 'cmake_clean_first': False, 'cmake_force_configure': False, 'cmake_target': None, 'cmake_target_skip_unavailable': False, 'install_base': '/home/noa/Documents/SLAM/ros2_ws/install/tutorial_interfaces', 'merge_install': False, 'path': '/home/noa/Documents/SLAM/ros2_ws/src/tutorial_interfaces', 'symlink_install': False, 'test_result_base': None}
[0.218s] Level 5:colcon.colcon_core.verb:set package 'cpp_pubsub_tutorial_interfaces' build argument 'cmake_args' from command line to 'None'
[0.218s] Level 5:colcon.colcon_core.verb:set package 'cpp_pubsub_tutorial_interfaces' build argument 'cmake_target' from command line to 'None'
[0.218s] Level 5:colcon.colcon_core.verb:set package 'cpp_pubsub_tutorial_interfaces' build argument 'cmake_target_skip_unavailable' from command line to 'False'
[0.218s] Level 5:colcon.colcon_core.verb:set package 'cpp_pubsub_tutorial_interfaces' build argument 'cmake_clean_cache' from command line to 'False'
[0.218s] Level 5:colcon.colcon_core.verb:set package 'cpp_pubsub_tutorial_interfaces' build argument 'cmake_clean_first' from command line to 'False'
[0.218s] Level 5:colcon.colcon_core.verb:set package 'cpp_pubsub_tutorial_interfaces' build argument 'cmake_force_configure' from command line to 'False'
[0.218s] Level 5:colcon.colcon_core.verb:set package 'cpp_pubsub_tutorial_interfaces' build argument 'ament_cmake_args' from command line to 'None'
[0.218s] Level 5:colcon.colcon_core.verb:set package 'cpp_pubsub_tutorial_interfaces' build argument 'catkin_cmake_args' from command line to 'None'
[0.218s] Level 5:colcon.colcon_core.verb:set package 'cpp_pubsub_tutorial_interfaces' build argument 'catkin_skip_building_tests' from command line to 'False'
[0.219s] DEBUG:colcon.colcon_core.verb:Building package 'cpp_pubsub_tutorial_interfaces' with the following arguments: {'ament_cmake_args': None, 'build_base': '/home/noa/Documents/SLAM/ros2_ws/build/cpp_pubsub_tutorial_interfaces', 'catkin_cmake_args': None, 'catkin_skip_building_tests': False, 'cmake_args': None, 'cmake_clean_cache': False, 'cmake_clean_first': False, 'cmake_force_configure': False, 'cmake_target': None, 'cmake_target_skip_unavailable': False, 'install_base': '/home/noa/Documents/SLAM/ros2_ws/install/cpp_pubsub_tutorial_interfaces', 'merge_install': False, 'path': '/home/noa/Documents/SLAM/ros2_ws/src/cpp_pubsub_tutorial_interfaces', 'symlink_install': False, 'test_result_base': None}
[0.219s] INFO:colcon.colcon_core.executor:Executing jobs using 'parallel' executor
[0.220s] DEBUG:colcon.colcon_parallel_executor.executor.parallel:run_until_complete
[0.220s] INFO:colcon.colcon_ros.task.ament_cmake.build:Building ROS package in '/home/noa/Documents/SLAM/ros2_ws/src/tutorial_interfaces' with build type 'ament_cmake'
[0.220s] INFO:colcon.colcon_cmake.task.cmake.build:Building CMake package in '/home/noa/Documents/SLAM/ros2_ws/src/tutorial_interfaces'
[0.223s] INFO:colcon.colcon_core.plugin_system:Skipping extension 'colcon_core.shell.bat': Not used on non-Windows systems
[0.223s] INFO:colcon.colcon_core.shell:Skip shell extension 'powershell' for command environment: Not usable outside of PowerShell
[0.223s] DEBUG:colcon.colcon_core.shell:Skip shell extension 'dsv' for command environment
[0.227s] INFO:colcon.colcon_ros.task.ament_cmake.build:Building ROS package in '/home/noa/Documents/SLAM/ros2_ws/src/cpp_pubsub' with build type 'ament_cmake'
[0.227s] INFO:colcon.colcon_cmake.task.cmake.build:Building CMake package in '/home/noa/Documents/SLAM/ros2_ws/src/cpp_pubsub'
[0.228s] INFO:colcon.colcon_core.shell:Skip shell extension 'powershell' for command environment: Not usable outside of PowerShell
[0.228s] DEBUG:colcon.colcon_core.shell:Skip shell extension 'dsv' for command environment
[0.232s] INFO:colcon.colcon_ros.task.ament_cmake.build:Building ROS package in '/home/noa/Documents/SLAM/ros2_ws/src/lidar_listener' with build type 'ament_cmake'
[0.232s] INFO:colcon.colcon_cmake.task.cmake.build:Building CMake package in '/home/noa/Documents/SLAM/ros2_ws/src/lidar_listener'
[0.232s] INFO:colcon.colcon_core.shell:Skip shell extension 'powershell' for command environment: Not usable outside of PowerShell
[0.233s] DEBUG:colcon.colcon_core.shell:Skip shell extension 'dsv' for command environment
[0.237s] INFO:colcon.colcon_ros.task.ament_cmake.build:Building ROS package in '/home/noa/Documents/SLAM/ros2_ws/src/sllidar_ros2' with build type 'ament_cmake'
[0.237s] INFO:colcon.colcon_cmake.task.cmake.build:Building CMake package in '/home/noa/Documents/SLAM/ros2_ws/src/sllidar_ros2'
[0.238s] INFO:colcon.colcon_core.shell:Skip shell extension 'powershell' for command environment: Not usable outside of PowerShell
[0.238s] DEBUG:colcon.colcon_core.shell:Skip shell extension 'dsv' for command environment
[0.247s] DEBUG:colcon.colcon_core.event_handler.log_command:Invoking command in '/home/noa/Documents/SLAM/ros2_ws/build/tutorial_interfaces': CMAKE_PREFIX_PATH=${CMAKE_PREFIX_PATH}:/opt/ros/foxy PS1=\u@\h \[\033[32m\]\w\[\033[33m\]$(parse_git_branch)\[\033[00m\] $ /usr/bin/cmake --build /home/noa/Documents/SLAM/ros2_ws/build/tutorial_interfaces -- -j8 -l8
[0.252s] DEBUG:colcon.colcon_core.event_handler.log_command:Invoking command in '/home/noa/Documents/SLAM/ros2_ws/build/cpp_pubsub': CMAKE_PREFIX_PATH=${CMAKE_PREFIX_PATH}:/opt/ros/foxy PS1=\u@\h \[\033[32m\]\w\[\033[33m\]$(parse_git_branch)\[\033[00m\] $ /usr/bin/cmake --build /home/noa/Documents/SLAM/ros2_ws/build/cpp_pubsub -- -j8 -l8
[0.255s] DEBUG:colcon.colcon_core.event_handler.log_command:Invoking command in '/home/noa/Documents/SLAM/ros2_ws/build/lidar_listener': CMAKE_PREFIX_PATH=${CMAKE_PREFIX_PATH}:/opt/ros/foxy PS1=\u@\h \[\033[32m\]\w\[\033[33m\]$(parse_git_branch)\[\033[00m\] $ /usr/bin/cmake --build /home/noa/Documents/SLAM/ros2_ws/build/lidar_listener -- -j8 -l8
[0.259s] DEBUG:colcon.colcon_core.event_handler.log_command:Invoking command in '/home/noa/Documents/SLAM/ros2_ws/build/sllidar_ros2': CMAKE_PREFIX_PATH=${CMAKE_PREFIX_PATH}:/opt/ros/foxy PS1=\u@\h \[\033[32m\]\w\[\033[33m\]$(parse_git_branch)\[\033[00m\] $ /usr/bin/cmake --build /home/noa/Documents/SLAM/ros2_ws/build/sllidar_ros2 -- -j8 -l8
[0.326s] DEBUG:colcon.colcon_core.event_handler.log_command:Invoked command in '/home/noa/Documents/SLAM/ros2_ws/build/cpp_pubsub' returned '0': CMAKE_PREFIX_PATH=${CMAKE_PREFIX_PATH}:/opt/ros/foxy PS1=\u@\h \[\033[32m\]\w\[\033[33m\]$(parse_git_branch)\[\033[00m\] $ /usr/bin/cmake --build /home/noa/Documents/SLAM/ros2_ws/build/cpp_pubsub -- -j8 -l8
[0.337s] DEBUG:colcon.colcon_core.event_handler.log_command:Invoked command in '/home/noa/Documents/SLAM/ros2_ws/build/lidar_listener' returned '0': CMAKE_PREFIX_PATH=${CMAKE_PREFIX_PATH}:/opt/ros/foxy PS1=\u@\h \[\033[32m\]\w\[\033[33m\]$(parse_git_branch)\[\033[00m\] $ /usr/bin/cmake --build /home/noa/Documents/SLAM/ros2_ws/build/lidar_listener -- -j8 -l8
[0.343s] DEBUG:colcon.colcon_core.event_handler.log_command:Invoked command in '/home/noa/Documents/SLAM/ros2_ws/build/sllidar_ros2' returned '0': CMAKE_PREFIX_PATH=${CMAKE_PREFIX_PATH}:/opt/ros/foxy PS1=\u@\h \[\033[32m\]\w\[\033[33m\]$(parse_git_branch)\[\033[00m\] $ /usr/bin/cmake --build /home/noa/Documents/SLAM/ros2_ws/build/sllidar_ros2 -- -j8 -l8
[0.358s] DEBUG:colcon.colcon_core.event_handler.log_command:Invoking command in '/home/noa/Documents/SLAM/ros2_ws/build/cpp_pubsub': CMAKE_PREFIX_PATH=${CMAKE_PREFIX_PATH}:/opt/ros/foxy PS1=\u@\h \[\033[32m\]\w\[\033[33m\]$(parse_git_branch)\[\033[00m\] $ /usr/bin/cmake --install /home/noa/Documents/SLAM/ros2_ws/build/cpp_pubsub
[0.362s] DEBUG:colcon.colcon_core.event_handler.log_command:Invoking command in '/home/noa/Documents/SLAM/ros2_ws/build/lidar_listener': CMAKE_PREFIX_PATH=${CMAKE_PREFIX_PATH}:/opt/ros/foxy PS1=\u@\h \[\033[32m\]\w\[\033[33m\]$(parse_git_branch)\[\033[00m\] $ /usr/bin/cmake --install /home/noa/Documents/SLAM/ros2_ws/build/lidar_listener
[0.366s] Level 1:colcon.colcon_core.environment:create_environment_scripts_only(cpp_pubsub)
[0.367s] DEBUG:colcon.colcon_core.event_handler.log_command:Invoked command in '/home/noa/Documents/SLAM/ros2_ws/build/cpp_pubsub' returned '0': CMAKE_PREFIX_PATH=${CMAKE_PREFIX_PATH}:/opt/ros/foxy PS1=\u@\h \[\033[32m\]\w\[\033[33m\]$(parse_git_branch)\[\033[00m\] $ /usr/bin/cmake --install /home/noa/Documents/SLAM/ros2_ws/build/cpp_pubsub
[0.371s] Level 1:colcon.colcon_core.environment:checking '/home/noa/Documents/SLAM/ros2_ws/install/cpp_pubsub' for CMake module files
[0.372s] Level 1:colcon.colcon_core.environment:checking '/home/noa/Documents/SLAM/ros2_ws/install/cpp_pubsub' for CMake config files
[0.372s] Level 1:colcon.colcon_core.shell:create_environment_hook('cpp_pubsub', 'cmake_prefix_path')
[0.373s] INFO:colcon.colcon_core.shell:Creating environment hook '/home/noa/Documents/SLAM/ros2_ws/install/cpp_pubsub/share/cpp_pubsub/hook/cmake_prefix_path.ps1'
[0.373s] INFO:colcon.colcon_core.shell:Creating environment descriptor '/home/noa/Documents/SLAM/ros2_ws/install/cpp_pubsub/share/cpp_pubsub/hook/cmake_prefix_path.dsv'
[0.374s] INFO:colcon.colcon_core.shell:Creating environment hook '/home/noa/Documents/SLAM/ros2_ws/install/cpp_pubsub/share/cpp_pubsub/hook/cmake_prefix_path.sh'
[0.374s] Level 1:colcon.colcon_core.environment:checking '/home/noa/Documents/SLAM/ros2_ws/install/cpp_pubsub/lib'
[0.374s] Level 1:colcon.colcon_core.environment:checking '/home/noa/Documents/SLAM/ros2_ws/install/cpp_pubsub/bin'
[0.375s] Level 1:colcon.colcon_core.environment:checking '/home/noa/Documents/SLAM/ros2_ws/install/cpp_pubsub/lib/pkgconfig/cpp_pubsub.pc'
[0.375s] Level 1:colcon.colcon_core.environment:checking '/home/noa/Documents/SLAM/ros2_ws/install/cpp_pubsub/lib/python3.8/site-packages'
[0.375s] Level 1:colcon.colcon_core.environment:checking '/home/noa/Documents/SLAM/ros2_ws/install/cpp_pubsub/bin'
[0.375s] INFO:colcon.colcon_core.shell:Creating package script '/home/noa/Documents/SLAM/ros2_ws/install/cpp_pubsub/share/cpp_pubsub/package.ps1'
[0.376s] INFO:colcon.colcon_core.shell:Creating package descriptor '/home/noa/Documents/SLAM/ros2_ws/install/cpp_pubsub/share/cpp_pubsub/package.dsv'
[0.376s] INFO:colcon.colcon_core.shell:Creating package script '/home/noa/Documents/SLAM/ros2_ws/install/cpp_pubsub/share/cpp_pubsub/package.sh'
[0.377s] INFO:colcon.colcon_core.shell:Creating package script '/home/noa/Documents/SLAM/ros2_ws/install/cpp_pubsub/share/cpp_pubsub/package.bash'
[0.377s] INFO:colcon.colcon_core.shell:Creating package script '/home/noa/Documents/SLAM/ros2_ws/install/cpp_pubsub/share/cpp_pubsub/package.zsh'
[0.378s] Level 1:colcon.colcon_core.environment:create_file_with_runtime_dependencies(/home/noa/Documents/SLAM/ros2_ws/install/cpp_pubsub/share/colcon-core/packages/cpp_pubsub)
[0.381s] Level 1:colcon.colcon_core.environment:create_environment_scripts_only(lidar_listener)
[0.382s] Level 1:colcon.colcon_core.environment:checking '/home/noa/Documents/SLAM/ros2_ws/install/lidar_listener' for CMake module files
[0.383s] DEBUG:colcon.colcon_core.event_handler.log_command:Invoked command in '/home/noa/Documents/SLAM/ros2_ws/build/lidar_listener' returned '0': CMAKE_PREFIX_PATH=${CMAKE_PREFIX_PATH}:/opt/ros/foxy PS1=\u@\h \[\033[32m\]\w\[\033[33m\]$(parse_git_branch)\[\033[00m\] $ /usr/bin/cmake --install /home/noa/Documents/SLAM/ros2_ws/build/lidar_listener
[0.383s] Level 1:colcon.colcon_core.environment:checking '/home/noa/Documents/SLAM/ros2_ws/install/lidar_listener' for CMake config files
[0.383s] Level 1:colcon.colcon_core.shell:create_environment_hook('lidar_listener', 'cmake_prefix_path')
[0.383s] INFO:colcon.colcon_core.shell:Creating environment hook '/home/noa/Documents/SLAM/ros2_ws/install/lidar_listener/share/lidar_listener/hook/cmake_prefix_path.ps1'
[0.384s] INFO:colcon.colcon_core.shell:Creating environment descriptor '/home/noa/Documents/SLAM/ros2_ws/install/lidar_listener/share/lidar_listener/hook/cmake_prefix_path.dsv'
[0.384s] INFO:colcon.colcon_core.shell:Creating environment hook '/home/noa/Documents/SLAM/ros2_ws/install/lidar_listener/share/lidar_listener/hook/cmake_prefix_path.sh'
[0.385s] Level 1:colcon.colcon_core.environment:checking '/home/noa/Documents/SLAM/ros2_ws/install/lidar_listener/lib'
[0.385s] Level 1:colcon.colcon_core.environment:checking '/home/noa/Documents/SLAM/ros2_ws/install/lidar_listener/bin'
[0.385s] Level 1:colcon.colcon_core.environment:checking '/home/noa/Documents/SLAM/ros2_ws/install/lidar_listener/lib/pkgconfig/lidar_listener.pc'
[0.385s] Level 1:colcon.colcon_core.environment:checking '/home/noa/Documents/SLAM/ros2_ws/install/lidar_listener/lib/python3.8/site-packages'
[0.385s] Level 1:colcon.colcon_core.environment:checking '/home/noa/Documents/SLAM/ros2_ws/install/lidar_listener/bin'
[0.385s] INFO:colcon.colcon_core.shell:Creating package script '/home/noa/Documents/SLAM/ros2_ws/install/lidar_listener/share/lidar_listener/package.ps1'
[0.386s] INFO:colcon.colcon_core.shell:Creating package descriptor '/home/noa/Documents/SLAM/ros2_ws/install/lidar_listener/share/lidar_listener/package.dsv'
[0.386s] INFO:colcon.colcon_core.shell:Creating package script '/home/noa/Documents/SLAM/ros2_ws/install/lidar_listener/share/lidar_listener/package.sh'
[0.386s] INFO:colcon.colcon_core.shell:Creating package script '/home/noa/Documents/SLAM/ros2_ws/install/lidar_listener/share/lidar_listener/package.bash'
[0.387s] INFO:colcon.colcon_core.shell:Creating package script '/home/noa/Documents/SLAM/ros2_ws/install/lidar_listener/share/lidar_listener/package.zsh'
[0.387s] Level 1:colcon.colcon_core.environment:create_file_with_runtime_dependencies(/home/noa/Documents/SLAM/ros2_ws/install/lidar_listener/share/colcon-core/packages/lidar_listener)
[0.392s] DEBUG:colcon.colcon_core.event_handler.log_command:Invoking command in '/home/noa/Documents/SLAM/ros2_ws/build/sllidar_ros2': CMAKE_PREFIX_PATH=${CMAKE_PREFIX_PATH}:/opt/ros/foxy PS1=\u@\h \[\033[32m\]\w\[\033[33m\]$(parse_git_branch)\[\033[00m\] $ /usr/bin/cmake --install /home/noa/Documents/SLAM/ros2_ws/build/sllidar_ros2
[0.398s] Level 1:colcon.colcon_core.environment:create_environment_scripts_only(cpp_pubsub)
[0.399s] Level 1:colcon.colcon_core.environment:checking '/home/noa/Documents/SLAM/ros2_ws/install/cpp_pubsub' for CMake module files
[0.399s] Level 1:colcon.colcon_core.environment:checking '/home/noa/Documents/SLAM/ros2_ws/install/cpp_pubsub' for CMake config files
[0.400s] Level 1:colcon.colcon_core.shell:create_environment_hook('cpp_pubsub', 'cmake_prefix_path')
[0.401s] INFO:colcon.colcon_core.shell:Creating environment hook '/home/noa/Documents/SLAM/ros2_ws/install/cpp_pubsub/share/cpp_pubsub/hook/cmake_prefix_path.ps1'
[0.401s] INFO:colcon.colcon_core.shell:Creating environment descriptor '/home/noa/Documents/SLAM/ros2_ws/install/cpp_pubsub/share/cpp_pubsub/hook/cmake_prefix_path.dsv'
[0.402s] INFO:colcon.colcon_core.shell:Creating environment hook '/home/noa/Documents/SLAM/ros2_ws/install/cpp_pubsub/share/cpp_pubsub/hook/cmake_prefix_path.sh'
[0.402s] Level 1:colcon.colcon_core.environment:checking '/home/noa/Documents/SLAM/ros2_ws/install/cpp_pubsub/lib'
[0.402s] Level 1:colcon.colcon_core.environment:checking '/home/noa/Documents/SLAM/ros2_ws/install/cpp_pubsub/bin'
[0.402s] Level 1:colcon.colcon_core.environment:checking '/home/noa/Documents/SLAM/ros2_ws/install/cpp_pubsub/lib/pkgconfig/cpp_pubsub.pc'
[0.402s] Level 1:colcon.colcon_core.environment:checking '/home/noa/Documents/SLAM/ros2_ws/install/cpp_pubsub/lib/python3.8/site-packages'
[0.403s] Level 1:colcon.colcon_core.environment:checking '/home/noa/Documents/SLAM/ros2_ws/install/cpp_pubsub/bin'
[0.403s] INFO:colcon.colcon_core.shell:Creating package script '/home/noa/Documents/SLAM/ros2_ws/install/cpp_pubsub/share/cpp_pubsub/package.ps1'
[0.403s] INFO:colcon.colcon_core.shell:Creating package descriptor '/home/noa/Documents/SLAM/ros2_ws/install/cpp_pubsub/share/cpp_pubsub/package.dsv'
[0.404s] INFO:colcon.colcon_core.shell:Creating package script '/home/noa/Documents/SLAM/ros2_ws/install/cpp_pubsub/share/cpp_pubsub/package.sh'
[0.404s] INFO:colcon.colcon_core.shell:Creating package script '/home/noa/Documents/SLAM/ros2_ws/install/cpp_pubsub/share/cpp_pubsub/package.bash'
[0.404s] INFO:colcon.colcon_core.shell:Creating package script '/home/noa/Documents/SLAM/ros2_ws/install/cpp_pubsub/share/cpp_pubsub/package.zsh'
[0.405s] Level 1:colcon.colcon_core.environment:create_file_with_runtime_dependencies(/home/noa/Documents/SLAM/ros2_ws/install/cpp_pubsub/share/colcon-core/packages/cpp_pubsub)
[0.406s] Level 1:colcon.colcon_core.environment:create_environment_scripts_only(lidar_listener)
[0.406s] Level 1:colcon.colcon_core.environment:checking '/home/noa/Documents/SLAM/ros2_ws/install/lidar_listener' for CMake module files
[0.407s] Level 1:colcon.colcon_core.environment:checking '/home/noa/Documents/SLAM/ros2_ws/install/lidar_listener' for CMake config files
[0.407s] Level 1:colcon.colcon_core.shell:create_environment_hook('lidar_listener', 'cmake_prefix_path')
[0.407s] INFO:colcon.colcon_core.shell:Creating environment hook '/home/noa/Documents/SLAM/ros2_ws/install/lidar_listener/share/lidar_listener/hook/cmake_prefix_path.ps1'
[0.408s] INFO:colcon.colcon_core.shell:Creating environment descriptor '/home/noa/Documents/SLAM/ros2_ws/install/lidar_listener/share/lidar_listener/hook/cmake_prefix_path.dsv'
[0.408s] INFO:colcon.colcon_core.shell:Creating environment hook '/home/noa/Documents/SLAM/ros2_ws/install/lidar_listener/share/lidar_listener/hook/cmake_prefix_path.sh'
[0.409s] Level 1:colcon.colcon_core.environment:checking '/home/noa/Documents/SLAM/ros2_ws/install/lidar_listener/lib'
[0.409s] Level 1:colcon.colcon_core.environment:checking '/home/noa/Documents/SLAM/ros2_ws/install/lidar_listener/bin'
[0.409s] Level 1:colcon.colcon_core.environment:checking '/home/noa/Documents/SLAM/ros2_ws/install/lidar_listener/lib/pkgconfig/lidar_listener.pc'
[0.409s] Level 1:colcon.colcon_core.environment:checking '/home/noa/Documents/SLAM/ros2_ws/install/lidar_listener/lib/python3.8/site-packages'
[0.409s] Level 1:colcon.colcon_core.environment:checking '/home/noa/Documents/SLAM/ros2_ws/install/lidar_listener/bin'
[0.409s] INFO:colcon.colcon_core.shell:Creating package script '/home/noa/Documents/SLAM/ros2_ws/install/lidar_listener/share/lidar_listener/package.ps1'
[0.410s] INFO:colcon.colcon_core.shell:Creating package descriptor '/home/noa/Documents/SLAM/ros2_ws/install/lidar_listener/share/lidar_listener/package.dsv'
[0.410s] INFO:colcon.colcon_core.shell:Creating package script '/home/noa/Documents/SLAM/ros2_ws/install/lidar_listener/share/lidar_listener/package.sh'
[0.410s] INFO:colcon.colcon_core.shell:Creating package script '/home/noa/Documents/SLAM/ros2_ws/install/lidar_listener/share/lidar_listener/package.bash'
[0.411s] INFO:colcon.colcon_core.shell:Creating package script '/home/noa/Documents/SLAM/ros2_ws/install/lidar_listener/share/lidar_listener/package.zsh'
[0.411s] Level 1:colcon.colcon_core.environment:create_file_with_runtime_dependencies(/home/noa/Documents/SLAM/ros2_ws/install/lidar_listener/share/colcon-core/packages/lidar_listener)
[0.411s] Level 1:colcon.colcon_core.environment:create_environment_scripts_only(sllidar_ros2)
[0.412s] Level 1:colcon.colcon_core.environment:checking '/home/noa/Documents/SLAM/ros2_ws/install/sllidar_ros2' for CMake module files
[0.413s] DEBUG:colcon.colcon_core.event_handler.log_command:Invoked command in '/home/noa/Documents/SLAM/ros2_ws/build/sllidar_ros2' returned '0': CMAKE_PREFIX_PATH=${CMAKE_PREFIX_PATH}:/opt/ros/foxy PS1=\u@\h \[\033[32m\]\w\[\033[33m\]$(parse_git_branch)\[\033[00m\] $ /usr/bin/cmake --install /home/noa/Documents/SLAM/ros2_ws/build/sllidar_ros2
[0.413s] Level 1:colcon.colcon_core.environment:checking '/home/noa/Documents/SLAM/ros2_ws/install/sllidar_ros2' for CMake config files
[0.413s] Level 1:colcon.colcon_core.shell:create_environment_hook('sllidar_ros2', 'cmake_prefix_path')
[0.414s] INFO:colcon.colcon_core.shell:Creating environment hook '/home/noa/Documents/SLAM/ros2_ws/install/sllidar_ros2/share/sllidar_ros2/hook/cmake_prefix_path.ps1'
[0.414s] INFO:colcon.colcon_core.shell:Creating environment descriptor '/home/noa/Documents/SLAM/ros2_ws/install/sllidar_ros2/share/sllidar_ros2/hook/cmake_prefix_path.dsv'
[0.414s] INFO:colcon.colcon_core.shell:Creating environment hook '/home/noa/Documents/SLAM/ros2_ws/install/sllidar_ros2/share/sllidar_ros2/hook/cmake_prefix_path.sh'
[0.415s] Level 1:colcon.colcon_core.environment:checking '/home/noa/Documents/SLAM/ros2_ws/install/sllidar_ros2/lib'
[0.415s] Level 1:colcon.colcon_core.environment:checking '/home/noa/Documents/SLAM/ros2_ws/install/sllidar_ros2/bin'
[0.415s] Level 1:colcon.colcon_core.environment:checking '/home/noa/Documents/SLAM/ros2_ws/install/sllidar_ros2/lib/pkgconfig/sllidar_ros2.pc'
[0.415s] Level 1:colcon.colcon_core.environment:checking '/home/noa/Documents/SLAM/ros2_ws/install/sllidar_ros2/lib/python3.8/site-packages'
[0.415s] Level 1:colcon.colcon_core.environment:checking '/home/noa/Documents/SLAM/ros2_ws/install/sllidar_ros2/bin'
[0.416s] INFO:colcon.colcon_core.shell:Creating package script '/home/noa/Documents/SLAM/ros2_ws/install/sllidar_ros2/share/sllidar_ros2/package.ps1'
[0.416s] INFO:colcon.colcon_core.shell:Creating package descriptor '/home/noa/Documents/SLAM/ros2_ws/install/sllidar_ros2/share/sllidar_ros2/package.dsv'
[0.416s] INFO:colcon.colcon_core.shell:Creating package script '/home/noa/Documents/SLAM/ros2_ws/install/sllidar_ros2/share/sllidar_ros2/package.sh'
[0.417s] INFO:colcon.colcon_core.shell:Creating package script '/home/noa/Documents/SLAM/ros2_ws/install/sllidar_ros2/share/sllidar_ros2/package.bash'
[0.417s] INFO:colcon.colcon_core.shell:Creating package script '/home/noa/Documents/SLAM/ros2_ws/install/sllidar_ros2/share/sllidar_ros2/package.zsh'
[0.417s] Level 1:colcon.colcon_core.environment:create_file_with_runtime_dependencies(/home/noa/Documents/SLAM/ros2_ws/install/sllidar_ros2/share/colcon-core/packages/sllidar_ros2)
[0.440s] DEBUG:colcon.colcon_core.event_handler.log_command:Invoked command in '/home/noa/Documents/SLAM/ros2_ws/build/tutorial_interfaces' returned '0': CMAKE_PREFIX_PATH=${CMAKE_PREFIX_PATH}:/opt/ros/foxy PS1=\u@\h \[\033[32m\]\w\[\033[33m\]$(parse_git_branch)\[\033[00m\] $ /usr/bin/cmake --build /home/noa/Documents/SLAM/ros2_ws/build/tutorial_interfaces -- -j8 -l8
[0.449s] Level 1:colcon.colcon_core.environment:create_environment_scripts_only(sllidar_ros2)
[0.450s] Level 1:colcon.colcon_core.environment:checking '/home/noa/Documents/SLAM/ros2_ws/install/sllidar_ros2' for CMake module files
[0.451s] Level 1:colcon.colcon_core.environment:checking '/home/noa/Documents/SLAM/ros2_ws/install/sllidar_ros2' for CMake config files
[0.451s] Level 1:colcon.colcon_core.shell:create_environment_hook('sllidar_ros2', 'cmake_prefix_path')
[0.451s] INFO:colcon.colcon_core.shell:Creating environment hook '/home/noa/Documents/SLAM/ros2_ws/install/sllidar_ros2/share/sllidar_ros2/hook/cmake_prefix_path.ps1'
[0.452s] INFO:colcon.colcon_core.shell:Creating environment descriptor '/home/noa/Documents/SLAM/ros2_ws/install/sllidar_ros2/share/sllidar_ros2/hook/cmake_prefix_path.dsv'
[0.452s] INFO:colcon.colcon_core.shell:Creating environment hook '/home/noa/Documents/SLAM/ros2_ws/install/sllidar_ros2/share/sllidar_ros2/hook/cmake_prefix_path.sh'
[0.453s] Level 1:colcon.colcon_core.environment:checking '/home/noa/Documents/SLAM/ros2_ws/install/sllidar_ros2/lib'
[0.453s] Level 1:colcon.colcon_core.environment:checking '/home/noa/Documents/SLAM/ros2_ws/install/sllidar_ros2/bin'
[0.453s] Level 1:colcon.colcon_core.environment:checking '/home/noa/Documents/SLAM/ros2_ws/install/sllidar_ros2/lib/pkgconfig/sllidar_ros2.pc'
[0.453s] Level 1:colcon.colcon_core.environment:checking '/home/noa/Documents/SLAM/ros2_ws/install/sllidar_ros2/lib/python3.8/site-packages'
[0.454s] Level 1:colcon.colcon_core.environment:checking '/home/noa/Documents/SLAM/ros2_ws/install/sllidar_ros2/bin'
[0.454s] INFO:colcon.colcon_core.shell:Creating package script '/home/noa/Documents/SLAM/ros2_ws/install/sllidar_ros2/share/sllidar_ros2/package.ps1'
[0.455s] INFO:colcon.colcon_core.shell:Creating package descriptor '/home/noa/Documents/SLAM/ros2_ws/install/sllidar_ros2/share/sllidar_ros2/package.dsv'
[0.455s] INFO:colcon.colcon_core.shell:Creating package script '/home/noa/Documents/SLAM/ros2_ws/install/sllidar_ros2/share/sllidar_ros2/package.sh'
[0.455s] INFO:colcon.colcon_core.shell:Creating package script '/home/noa/Documents/SLAM/ros2_ws/install/sllidar_ros2/share/sllidar_ros2/package.bash'
[0.456s] INFO:colcon.colcon_core.shell:Creating package script '/home/noa/Documents/SLAM/ros2_ws/install/sllidar_ros2/share/sllidar_ros2/package.zsh'
[0.456s] Level 1:colcon.colcon_core.environment:create_file_with_runtime_dependencies(/home/noa/Documents/SLAM/ros2_ws/install/sllidar_ros2/share/colcon-core/packages/sllidar_ros2)
[0.487s] DEBUG:colcon.colcon_core.event_handler.log_command:Invoking command in '/home/noa/Documents/SLAM/ros2_ws/build/tutorial_interfaces': CMAKE_PREFIX_PATH=${CMAKE_PREFIX_PATH}:/opt/ros/foxy PS1=\u@\h \[\033[32m\]\w\[\033[33m\]$(parse_git_branch)\[\033[00m\] $ /usr/bin/cmake --install /home/noa/Documents/SLAM/ros2_ws/build/tutorial_interfaces
[0.529s] Level 1:colcon.colcon_core.environment:create_environment_scripts_only(tutorial_interfaces)
[0.530s] Level 1:colcon.colcon_core.environment:checking '/home/noa/Documents/SLAM/ros2_ws/install/tutorial_interfaces' for CMake module files
[0.530s] DEBUG:colcon.colcon_core.event_handler.log_command:Invoked command in '/home/noa/Documents/SLAM/ros2_ws/build/tutorial_interfaces' returned '0': CMAKE_PREFIX_PATH=${CMAKE_PREFIX_PATH}:/opt/ros/foxy PS1=\u@\h \[\033[32m\]\w\[\033[33m\]$(parse_git_branch)\[\033[00m\] $ /usr/bin/cmake --install /home/noa/Documents/SLAM/ros2_ws/build/tutorial_interfaces
[0.530s] Level 1:colcon.colcon_core.environment:checking '/home/noa/Documents/SLAM/ros2_ws/install/tutorial_interfaces' for CMake config files
[0.531s] Level 1:colcon.colcon_core.shell:create_environment_hook('tutorial_interfaces', 'cmake_prefix_path')
[0.531s] INFO:colcon.colcon_core.shell:Creating environment hook '/home/noa/Documents/SLAM/ros2_ws/install/tutorial_interfaces/share/tutorial_interfaces/hook/cmake_prefix_path.ps1'
[0.532s] INFO:colcon.colcon_core.shell:Creating environment descriptor '/home/noa/Documents/SLAM/ros2_ws/install/tutorial_interfaces/share/tutorial_interfaces/hook/cmake_prefix_path.dsv'
[0.532s] INFO:colcon.colcon_core.shell:Creating environment hook '/home/noa/Documents/SLAM/ros2_ws/install/tutorial_interfaces/share/tutorial_interfaces/hook/cmake_prefix_path.sh'
[0.533s] Level 1:colcon.colcon_core.environment:checking '/home/noa/Documents/SLAM/ros2_ws/install/tutorial_interfaces/lib'
[0.533s] Level 1:colcon.colcon_core.shell:create_environment_hook('tutorial_interfaces', 'ld_library_path_lib')
[0.533s] INFO:colcon.colcon_core.shell:Creating environment hook '/home/noa/Documents/SLAM/ros2_ws/install/tutorial_interfaces/share/tutorial_interfaces/hook/ld_library_path_lib.ps1'
[0.533s] INFO:colcon.colcon_core.shell:Creating environment descriptor '/home/noa/Documents/SLAM/ros2_ws/install/tutorial_interfaces/share/tutorial_interfaces/hook/ld_library_path_lib.dsv'
[0.533s] INFO:colcon.colcon_core.shell:Creating environment hook '/home/noa/Documents/SLAM/ros2_ws/install/tutorial_interfaces/share/tutorial_interfaces/hook/ld_library_path_lib.sh'
[0.534s] Level 1:colcon.colcon_core.environment:checking '/home/noa/Documents/SLAM/ros2_ws/install/tutorial_interfaces/bin'
[0.534s] Level 1:colcon.colcon_core.environment:checking '/home/noa/Documents/SLAM/ros2_ws/install/tutorial_interfaces/lib/pkgconfig/tutorial_interfaces.pc'
[0.534s] Level 1:colcon.colcon_core.environment:checking '/home/noa/Documents/SLAM/ros2_ws/install/tutorial_interfaces/lib/python3.8/site-packages'
[0.534s] Level 1:colcon.colcon_core.shell:create_environment_hook('tutorial_interfaces', 'pythonpath')
[0.534s] INFO:colcon.colcon_core.shell:Creating environment hook '/home/noa/Documents/SLAM/ros2_ws/install/tutorial_interfaces/share/tutorial_interfaces/hook/pythonpath.ps1'
[0.535s] INFO:colcon.colcon_core.shell:Creating environment descriptor '/home/noa/Documents/SLAM/ros2_ws/install/tutorial_interfaces/share/tutorial_interfaces/hook/pythonpath.dsv'
[0.535s] INFO:colcon.colcon_core.shell:Creating environment hook '/home/noa/Documents/SLAM/ros2_ws/install/tutorial_interfaces/share/tutorial_interfaces/hook/pythonpath.sh'
[0.535s] Level 1:colcon.colcon_core.environment:checking '/home/noa/Documents/SLAM/ros2_ws/install/tutorial_interfaces/bin'
[0.536s] INFO:colcon.colcon_core.shell:Creating package script '/home/noa/Documents/SLAM/ros2_ws/install/tutorial_interfaces/share/tutorial_interfaces/package.ps1'
[0.536s] INFO:colcon.colcon_core.shell:Creating package descriptor '/home/noa/Documents/SLAM/ros2_ws/install/tutorial_interfaces/share/tutorial_interfaces/package.dsv'
[0.536s] INFO:colcon.colcon_core.shell:Creating package script '/home/noa/Documents/SLAM/ros2_ws/install/tutorial_interfaces/share/tutorial_interfaces/package.sh'
[0.537s] INFO:colcon.colcon_core.shell:Creating package script '/home/noa/Documents/SLAM/ros2_ws/install/tutorial_interfaces/share/tutorial_interfaces/package.bash'
[0.537s] INFO:colcon.colcon_core.shell:Creating package script '/home/noa/Documents/SLAM/ros2_ws/install/tutorial_interfaces/share/tutorial_interfaces/package.zsh'
[0.537s] Level 1:colcon.colcon_core.environment:create_file_with_runtime_dependencies(/home/noa/Documents/SLAM/ros2_ws/install/tutorial_interfaces/share/colcon-core/packages/tutorial_interfaces)
[0.581s] Level 1:colcon.colcon_core.environment:create_environment_scripts_only(tutorial_interfaces)
[0.582s] Level 1:colcon.colcon_core.environment:checking '/home/noa/Documents/SLAM/ros2_ws/install/tutorial_interfaces' for CMake module files
[0.582s] Level 1:colcon.colcon_core.environment:checking '/home/noa/Documents/SLAM/ros2_ws/install/tutorial_interfaces' for CMake config files
[0.583s] Level 1:colcon.colcon_core.shell:create_environment_hook('tutorial_interfaces', 'cmake_prefix_path')
[0.583s] INFO:colcon.colcon_core.shell:Creating environment hook '/home/noa/Documents/SLAM/ros2_ws/install/tutorial_interfaces/share/tutorial_interfaces/hook/cmake_prefix_path.ps1'
[0.584s] INFO:colcon.colcon_core.shell:Creating environment descriptor '/home/noa/Documents/SLAM/ros2_ws/install/tutorial_interfaces/share/tutorial_interfaces/hook/cmake_prefix_path.dsv'
[0.584s] INFO:colcon.colcon_core.shell:Creating environment hook '/home/noa/Documents/SLAM/ros2_ws/install/tutorial_interfaces/share/tutorial_interfaces/hook/cmake_prefix_path.sh'
[0.584s] Level 1:colcon.colcon_core.environment:checking '/home/noa/Documents/SLAM/ros2_ws/install/tutorial_interfaces/lib'
[0.584s] Level 1:colcon.colcon_core.shell:create_environment_hook('tutorial_interfaces', 'ld_library_path_lib')
[0.585s] INFO:colcon.colcon_core.shell:Creating environment hook '/home/noa/Documents/SLAM/ros2_ws/install/tutorial_interfaces/share/tutorial_interfaces/hook/ld_library_path_lib.ps1'
[0.585s] INFO:colcon.colcon_core.shell:Creating environment descriptor '/home/noa/Documents/SLAM/ros2_ws/install/tutorial_interfaces/share/tutorial_interfaces/hook/ld_library_path_lib.dsv'
[0.585s] INFO:colcon.colcon_core.shell:Creating environment hook '/home/noa/Documents/SLAM/ros2_ws/install/tutorial_interfaces/share/tutorial_interfaces/hook/ld_library_path_lib.sh'
[0.585s] Level 1:colcon.colcon_core.environment:checking '/home/noa/Documents/SLAM/ros2_ws/install/tutorial_interfaces/bin'
[0.585s] Level 1:colcon.colcon_core.environment:checking '/home/noa/Documents/SLAM/ros2_ws/install/tutorial_interfaces/lib/pkgconfig/tutorial_interfaces.pc'
[0.586s] Level 1:colcon.colcon_core.environment:checking '/home/noa/Documents/SLAM/ros2_ws/install/tutorial_interfaces/lib/python3.8/site-packages'
[0.586s] Level 1:colcon.colcon_core.shell:create_environment_hook('tutorial_interfaces', 'pythonpath')
[0.586s] INFO:colcon.colcon_core.shell:Creating environment hook '/home/noa/Documents/SLAM/ros2_ws/install/tutorial_interfaces/share/tutorial_interfaces/hook/pythonpath.ps1'
[0.586s] INFO:colcon.colcon_core.shell:Creating environment descriptor '/home/noa/Documents/SLAM/ros2_ws/install/tutorial_interfaces/share/tutorial_interfaces/hook/pythonpath.dsv'
[0.587s] INFO:colcon.colcon_core.shell:Creating environment hook '/home/noa/Documents/SLAM/ros2_ws/install/tutorial_interfaces/share/tutorial_interfaces/hook/pythonpath.sh'
[0.587s] Level 1:colcon.colcon_core.environment:checking '/home/noa/Documents/SLAM/ros2_ws/install/tutorial_interfaces/bin'
[0.587s] INFO:colcon.colcon_core.shell:Creating package script '/home/noa/Documents/SLAM/ros2_ws/install/tutorial_interfaces/share/tutorial_interfaces/package.ps1'
[0.588s] INFO:colcon.colcon_core.shell:Creating package descriptor '/home/noa/Documents/SLAM/ros2_ws/install/tutorial_interfaces/share/tutorial_interfaces/package.dsv'
[0.588s] INFO:colcon.colcon_core.shell:Creating package script '/home/noa/Documents/SLAM/ros2_ws/install/tutorial_interfaces/share/tutorial_interfaces/package.sh'
[0.588s] INFO:colcon.colcon_core.shell:Creating package script '/home/noa/Documents/SLAM/ros2_ws/install/tutorial_interfaces/share/tutorial_interfaces/package.bash'
[0.589s] INFO:colcon.colcon_core.shell:Creating package script '/home/noa/Documents/SLAM/ros2_ws/install/tutorial_interfaces/share/tutorial_interfaces/package.zsh'
[0.589s] Level 1:colcon.colcon_core.environment:create_file_with_runtime_dependencies(/home/noa/Documents/SLAM/ros2_ws/install/tutorial_interfaces/share/colcon-core/packages/tutorial_interfaces)
[0.589s] INFO:colcon.colcon_ros.task.ament_cmake.build:Building ROS package in '/home/noa/Documents/SLAM/ros2_ws/src/cpp_pubsub_tutorial_interfaces' with build type 'ament_cmake'
[0.590s] INFO:colcon.colcon_cmake.task.cmake.build:Building CMake package in '/home/noa/Documents/SLAM/ros2_ws/src/cpp_pubsub_tutorial_interfaces'
[0.590s] INFO:colcon.colcon_core.shell:Skip shell extension 'powershell' for command environment: Not usable outside of PowerShell
[0.590s] DEBUG:colcon.colcon_core.shell:Skip shell extension 'dsv' for command environment
[0.600s] DEBUG:colcon.colcon_core.event_handler.log_command:Invoking command in '/home/noa/Documents/SLAM/ros2_ws/build/cpp_pubsub_tutorial_interfaces': CMAKE_PREFIX_PATH=/home/noa/Documents/SLAM/ros2_ws/install/tutorial_interfaces:/home/noa/Documents/SLAM/ros2_ws/install/lidar_listener:/home/noa/Documents/SLAM/ros2_ws/install/cpp_pubsub_tutorial_interfaces:/home/noa/Documents/SLAM/ros2_ws/install/sllidar_ros2:/home/noa/Documents/SLAM/ros2_ws/install/cpp_pubsub:/opt/ros/foxy PS1=\u@\h \[\033[32m\]\w\[\033[33m\]$(parse_git_branch)\[\033[00m\] $ /usr/bin/cmake --build /home/noa/Documents/SLAM/ros2_ws/build/cpp_pubsub_tutorial_interfaces -- -j8 -l8
[0.655s] DEBUG:colcon.colcon_core.event_handler.log_command:Invoked command in '/home/noa/Documents/SLAM/ros2_ws/build/cpp_pubsub_tutorial_interfaces' returned '0': CMAKE_PREFIX_PATH=/home/noa/Documents/SLAM/ros2_ws/install/tutorial_interfaces:/home/noa/Documents/SLAM/ros2_ws/install/lidar_listener:/home/noa/Documents/SLAM/ros2_ws/install/cpp_pubsub_tutorial_interfaces:/home/noa/Documents/SLAM/ros2_ws/install/sllidar_ros2:/home/noa/Documents/SLAM/ros2_ws/install/cpp_pubsub:/opt/ros/foxy PS1=\u@\h \[\033[32m\]\w\[\033[33m\]$(parse_git_branch)\[\033[00m\] $ /usr/bin/cmake --build /home/noa/Documents/SLAM/ros2_ws/build/cpp_pubsub_tutorial_interfaces -- -j8 -l8
[0.675s] DEBUG:colcon.colcon_core.event_handler.log_command:Invoking command in '/home/noa/Documents/SLAM/ros2_ws/build/cpp_pubsub_tutorial_interfaces': CMAKE_PREFIX_PATH=/home/noa/Documents/SLAM/ros2_ws/install/tutorial_interfaces:/home/noa/Documents/SLAM/ros2_ws/install/lidar_listener:/home/noa/Documents/SLAM/ros2_ws/install/cpp_pubsub_tutorial_interfaces:/home/noa/Documents/SLAM/ros2_ws/install/sllidar_ros2:/home/noa/Documents/SLAM/ros2_ws/install/cpp_pubsub:/opt/ros/foxy PS1=\u@\h \[\033[32m\]\w\[\033[33m\]$(parse_git_branch)\[\033[00m\] $ /usr/bin/cmake --install /home/noa/Documents/SLAM/ros2_ws/build/cpp_pubsub_tutorial_interfaces
[0.685s] Level 1:colcon.colcon_core.environment:create_environment_scripts_only(cpp_pubsub_tutorial_interfaces)
[0.686s] Level 1:colcon.colcon_core.environment:checking '/home/noa/Documents/SLAM/ros2_ws/install/cpp_pubsub_tutorial_interfaces' for CMake module files
[0.686s] DEBUG:colcon.colcon_core.event_handler.log_command:Invoked command in '/home/noa/Documents/SLAM/ros2_ws/build/cpp_pubsub_tutorial_interfaces' returned '0': CMAKE_PREFIX_PATH=/home/noa/Documents/SLAM/ros2_ws/install/tutorial_interfaces:/home/noa/Documents/SLAM/ros2_ws/install/lidar_listener:/home/noa/Documents/SLAM/ros2_ws/install/cpp_pubsub_tutorial_interfaces:/home/noa/Documents/SLAM/ros2_ws/install/sllidar_ros2:/home/noa/Documents/SLAM/ros2_ws/install/cpp_pubsub:/opt/ros/foxy PS1=\u@\h \[\033[32m\]\w\[\033[33m\]$(parse_git_branch)\[\033[00m\] $ /usr/bin/cmake --install /home/noa/Documents/SLAM/ros2_ws/build/cpp_pubsub_tutorial_interfaces
[0.687s] Level 1:colcon.colcon_core.environment:checking '/home/noa/Documents/SLAM/ros2_ws/install/cpp_pubsub_tutorial_interfaces' for CMake config files
[0.687s] Level 1:colcon.colcon_core.shell:create_environment_hook('cpp_pubsub_tutorial_interfaces', 'cmake_prefix_path')
[0.687s] INFO:colcon.colcon_core.shell:Creating environment hook '/home/noa/Documents/SLAM/ros2_ws/install/cpp_pubsub_tutorial_interfaces/share/cpp_pubsub_tutorial_interfaces/hook/cmake_prefix_path.ps1'
[0.688s] INFO:colcon.colcon_core.shell:Creating environment descriptor '/home/noa/Documents/SLAM/ros2_ws/install/cpp_pubsub_tutorial_interfaces/share/cpp_pubsub_tutorial_interfaces/hook/cmake_prefix_path.dsv'
[0.688s] INFO:colcon.colcon_core.shell:Creating environment hook '/home/noa/Documents/SLAM/ros2_ws/install/cpp_pubsub_tutorial_interfaces/share/cpp_pubsub_tutorial_interfaces/hook/cmake_prefix_path.sh'
[0.688s] Level 1:colcon.colcon_core.environment:checking '/home/noa/Documents/SLAM/ros2_ws/install/cpp_pubsub_tutorial_interfaces/lib'
[0.688s] Level 1:colcon.colcon_core.environment:checking '/home/noa/Documents/SLAM/ros2_ws/install/cpp_pubsub_tutorial_interfaces/bin'
[0.688s] Level 1:colcon.colcon_core.environment:checking '/home/noa/Documents/SLAM/ros2_ws/install/cpp_pubsub_tutorial_interfaces/lib/pkgconfig/cpp_pubsub_tutorial_interfaces.pc'
[0.689s] Level 1:colcon.colcon_core.environment:checking '/home/noa/Documents/SLAM/ros2_ws/install/cpp_pubsub_tutorial_interfaces/lib/python3.8/site-packages'
[0.689s] Level 1:colcon.colcon_core.environment:checking '/home/noa/Documents/SLAM/ros2_ws/install/cpp_pubsub_tutorial_interfaces/bin'
[0.689s] INFO:colcon.colcon_core.shell:Creating package script '/home/noa/Documents/SLAM/ros2_ws/install/cpp_pubsub_tutorial_interfaces/share/cpp_pubsub_tutorial_interfaces/package.ps1'
[0.690s] INFO:colcon.colcon_core.shell:Creating package descriptor '/home/noa/Documents/SLAM/ros2_ws/install/cpp_pubsub_tutorial_interfaces/share/cpp_pubsub_tutorial_interfaces/package.dsv'
[0.690s] INFO:colcon.colcon_core.shell:Creating package script '/home/noa/Documents/SLAM/ros2_ws/install/cpp_pubsub_tutorial_interfaces/share/cpp_pubsub_tutorial_interfaces/package.sh'
[0.690s] INFO:colcon.colcon_core.shell:Creating package script '/home/noa/Documents/SLAM/ros2_ws/install/cpp_pubsub_tutorial_interfaces/share/cpp_pubsub_tutorial_interfaces/package.bash'
[0.690s] INFO:colcon.colcon_core.shell:Creating package script '/home/noa/Documents/SLAM/ros2_ws/install/cpp_pubsub_tutorial_interfaces/share/cpp_pubsub_tutorial_interfaces/package.zsh'
[0.691s] Level 1:colcon.colcon_core.environment:create_file_with_runtime_dependencies(/home/noa/Documents/SLAM/ros2_ws/install/cpp_pubsub_tutorial_interfaces/share/colcon-core/packages/cpp_pubsub_tutorial_interfaces)
[0.712s] Level 1:colcon.colcon_core.environment:create_environment_scripts_only(cpp_pubsub_tutorial_interfaces)
[0.713s] Level 1:colcon.colcon_core.environment:checking '/home/noa/Documents/SLAM/ros2_ws/install/cpp_pubsub_tutorial_interfaces' for CMake module files
[0.713s] Level 1:colcon.colcon_core.environment:checking '/home/noa/Documents/SLAM/ros2_ws/install/cpp_pubsub_tutorial_interfaces' for CMake config files
[0.713s] Level 1:colcon.colcon_core.shell:create_environment_hook('cpp_pubsub_tutorial_interfaces', 'cmake_prefix_path')
[0.714s] INFO:colcon.colcon_core.shell:Creating environment hook '/home/noa/Documents/SLAM/ros2_ws/install/cpp_pubsub_tutorial_interfaces/share/cpp_pubsub_tutorial_interfaces/hook/cmake_prefix_path.ps1'
[0.714s] INFO:colcon.colcon_core.shell:Creating environment descriptor '/home/noa/Documents/SLAM/ros2_ws/install/cpp_pubsub_tutorial_interfaces/share/cpp_pubsub_tutorial_interfaces/hook/cmake_prefix_path.dsv'
[0.714s] INFO:colcon.colcon_core.shell:Creating environment hook '/home/noa/Documents/SLAM/ros2_ws/install/cpp_pubsub_tutorial_interfaces/share/cpp_pubsub_tutorial_interfaces/hook/cmake_prefix_path.sh'
[0.715s] Level 1:colcon.colcon_core.environment:checking '/home/noa/Documents/SLAM/ros2_ws/install/cpp_pubsub_tutorial_interfaces/lib'
[0.715s] Level 1:colcon.colcon_core.environment:checking '/home/noa/Documents/SLAM/ros2_ws/install/cpp_pubsub_tutorial_interfaces/bin'
[0.715s] Level 1:colcon.colcon_core.environment:checking '/home/noa/Documents/SLAM/ros2_ws/install/cpp_pubsub_tutorial_interfaces/lib/pkgconfig/cpp_pubsub_tutorial_interfaces.pc'
[0.715s] Level 1:colcon.colcon_core.environment:checking '/home/noa/Documents/SLAM/ros2_ws/install/cpp_pubsub_tutorial_interfaces/lib/python3.8/site-packages'
[0.715s] Level 1:colcon.colcon_core.environment:checking '/home/noa/Documents/SLAM/ros2_ws/install/cpp_pubsub_tutorial_interfaces/bin'
[0.716s] INFO:colcon.colcon_core.shell:Creating package script '/home/noa/Documents/SLAM/ros2_ws/install/cpp_pubsub_tutorial_interfaces/share/cpp_pubsub_tutorial_interfaces/package.ps1'
[0.717s] INFO:colcon.colcon_core.shell:Creating package descriptor '/home/noa/Documents/SLAM/ros2_ws/install/cpp_pubsub_tutorial_interfaces/share/cpp_pubsub_tutorial_interfaces/package.dsv'
[0.717s] INFO:colcon.colcon_core.shell:Creating package script '/home/noa/Documents/SLAM/ros2_ws/install/cpp_pubsub_tutorial_interfaces/share/cpp_pubsub_tutorial_interfaces/package.sh'
[0.717s] INFO:colcon.colcon_core.shell:Creating package script '/home/noa/Documents/SLAM/ros2_ws/install/cpp_pubsub_tutorial_interfaces/share/cpp_pubsub_tutorial_interfaces/package.bash'
[0.718s] INFO:colcon.colcon_core.shell:Creating package script '/home/noa/Documents/SLAM/ros2_ws/install/cpp_pubsub_tutorial_interfaces/share/cpp_pubsub_tutorial_interfaces/package.zsh'
[0.718s] Level 1:colcon.colcon_core.environment:create_file_with_runtime_dependencies(/home/noa/Documents/SLAM/ros2_ws/install/cpp_pubsub_tutorial_interfaces/share/colcon-core/packages/cpp_pubsub_tutorial_interfaces)
[0.718s] DEBUG:colcon.colcon_parallel_executor.executor.parallel:closing loop
[0.720s] DEBUG:colcon.colcon_parallel_executor.executor.parallel:loop closed
[0.720s] DEBUG:colcon.colcon_parallel_executor.executor.parallel:run_until_complete finished with '0'
[0.721s] DEBUG:colcon.colcon_core.event_reactor:joining thread
[0.727s] INFO:colcon.colcon_core.plugin_system:Skipping extension 'colcon_notification.desktop_notification.terminal_notifier': Not used on non-Darwin systems
[0.727s] INFO:colcon.colcon_core.plugin_system:Skipping extension 'colcon_notification.desktop_notification.win32': Not used on non-Windows systems
[0.728s] INFO:colcon.colcon_notification.desktop_notification:Sending desktop notification using 'notify2'
[0.743s] DEBUG:colcon.colcon_core.event_reactor:joined thread
[0.744s] INFO:colcon.colcon_core.shell:Creating prefix script '/home/noa/Documents/SLAM/ros2_ws/install/local_setup.ps1'
[0.745s] INFO:colcon.colcon_core.shell:Creating prefix util module '/home/noa/Documents/SLAM/ros2_ws/install/_local_setup_util_ps1.py'
[0.746s] INFO:colcon.colcon_core.shell:Creating prefix chain script '/home/noa/Documents/SLAM/ros2_ws/install/setup.ps1'
[0.748s] INFO:colcon.colcon_core.shell:Creating prefix script '/home/noa/Documents/SLAM/ros2_ws/install/local_setup.sh'
[0.749s] INFO:colcon.colcon_core.shell:Creating prefix util module '/home/noa/Documents/SLAM/ros2_ws/install/_local_setup_util_sh.py'
[0.749s] INFO:colcon.colcon_core.shell:Creating prefix chain script '/home/noa/Documents/SLAM/ros2_ws/install/setup.sh'
[0.751s] INFO:colcon.colcon_core.shell:Creating prefix script '/home/noa/Documents/SLAM/ros2_ws/install/local_setup.bash'
[0.751s] INFO:colcon.colcon_core.shell:Creating prefix chain script '/home/noa/Documents/SLAM/ros2_ws/install/setup.bash'
[0.752s] INFO:colcon.colcon_core.shell:Creating prefix script '/home/noa/Documents/SLAM/ros2_ws/install/local_setup.zsh'
[0.753s] INFO:colcon.colcon_core.shell:Creating prefix chain script '/home/noa/Documents/SLAM/ros2_ws/install/setup.zsh'
